-- Found ament_cmake: 1.3.8 (/opt/ros/humble/share/ament_cmake/cmake)
-- Found rclcpp: 16.0.8 (/opt/ros/humble/share/rclcpp/cmake)
-- Found rosidl_generator_c: 3.1.5 (/opt/ros/humble/share/rosidl_generator_c/cmake)
-- Found rosidl_adapter: 3.1.5 (/opt/ros/humble/share/rosidl_adapter/cmake)
-- Found rosidl_generator_cpp: 3.1.5 (/opt/ros/humble/share/rosidl_generator_cpp/cmake)
-- Using all available rosidl_typesupport_c: rosidl_typesupport_fastrtps_c;rosidl_typesupport_introspection_c
-- Using all available rosidl_typesupport_cpp: rosidl_typesupport_fastrtps_cpp;rosidl_typesupport_introspection_cpp
-- Found rmw_implementation_cmake: 6.1.1 (/opt/ros/humble/share/rmw_implementation_cmake/cmake)
-- Found rmw_fastrtps_cpp: 6.2.6 (/opt/ros/humble/share/rmw_fastrtps_cpp/cmake)
-- Using RMW implementation 'rmw_fastrtps_cpp' as default
-- Found ament_lint_auto: 0.12.10 (/opt/ros/humble/share/ament_lint_auto/cmake)
-- Added test 'cppcheck' to perform static code analysis on C / C++ code
-- Configured cppcheck include dirs: $<BUILD_INTERFACE:/home/fourdds/ros2_ws/src/logging/include>
-- Configured cppcheck exclude dirs and/or files: 
-- Added test 'lint_cmake' to check CMake code style
-- Added test 'uncrustify' to check C / C++ code style
-- Configured uncrustify additional arguments: 
-- Added test 'xmllint' to check XML markup files
-- Configuring done
-- Generating done
-- Build files have been written to: /home/fourdds/ros2_ws/build/logging
[35m[1mConsolidate compiler generated dependencies of target Logger[0m
[ 50%] [32mBuilding CXX object CMakeFiles/Logger.dir/src/Logger.cpp.o[0m
In file included from [01m[K/home/fourdds/ros2_ws/src/logging/src/Logger.cpp:3[m[K:
[01m[K/home/fourdds/ros2_ws/src/logging/include/logging/Logger.hpp:35:38:[m[K [01;31m[Kerror: [m[Kâ€˜[01m[Kstd_msgs[m[Kâ€™ was not declared in this scope
   35 |     std::vector<rclcpp::Subscription<[01;31m[Kstd_msgs[m[K::msg::String>::SharedPtr> subscriptions;
      |                                      [01;31m[K^~~~~~~~[m[K
[01m[K/home/fourdds/ros2_ws/src/logging/include/logging/Logger.hpp:35:59:[m[K [01;31m[Kerror: [m[Ktemplate argument 1 is invalid
   35 |     std::vector<rclcpp::Subscription<std_msgs::msg::String[01;31m[K>[m[K::SharedPtr> subscriptions;
      |                                                           [01;31m[K^[m[K
[01m[K/home/fourdds/ros2_ws/src/logging/include/logging/Logger.hpp:35:59:[m[K [01;31m[Kerror: [m[Ktemplate argument 3 is invalid
[01m[K/home/fourdds/ros2_ws/src/logging/include/logging/Logger.hpp:35:59:[m[K [01;31m[Kerror: [m[Ktemplate argument 4 is invalid
[01m[K/home/fourdds/ros2_ws/src/logging/include/logging/Logger.hpp:35:59:[m[K [01;31m[Kerror: [m[Ktemplate argument 5 is invalid
[01m[K/home/fourdds/ros2_ws/src/logging/include/logging/Logger.hpp:35:71:[m[K [01;31m[Kerror: [m[Ktemplate argument 1 is invalid
   35 |     std::vector<rclcpp::Subscription<std_msgs::msg::String>::SharedPtr[01;31m[K>[m[K subscriptions;
      |                                                                       [01;31m[K^[m[K
[01m[K/home/fourdds/ros2_ws/src/logging/include/logging/Logger.hpp:35:71:[m[K [01;31m[Kerror: [m[Ktemplate argument 2 is invalid
[01m[K/home/fourdds/ros2_ws/src/logging/include/logging/Logger.hpp:[m[K In constructor â€˜[01m[KLogger::Logger()[m[Kâ€™:
[01m[K/home/fourdds/ros2_ws/src/logging/include/logging/Logger.hpp:14:59:[m[K [01;31m[Kerror: [m[Kâ€˜[01m[Kstd_msgs[m[Kâ€™ was not declared in this scope
   14 |             auto subscription = this->create_subscription<[01;31m[Kstd_msgs[m[K::msg::String>(
      |                                                           [01;31m[K^~~~~~~~[m[K
[01m[K/home/fourdds/ros2_ws/src/logging/include/logging/Logger.hpp:14:39:[m[K [01;31m[Kerror: [m[Kparse error in template argument list
   14 |             auto subscription = this->[01;31m[Kcreate_subscription<std_msgs::msg::String>[m[K(
      |                                       [01;31m[K^~~~~~~~~~~~~~~~~~~~~~~~~~~~~~~~~~~~~~~~~~[m[K
[01m[K/home/fourdds/ros2_ws/src/logging/include/logging/Logger.hpp:15:17:[m[K [01;31m[Kerror: [m[Kâ€˜[01m[Ktopic[m[Kâ€™ was not declared in this scope
   15 |                 [01;31m[Ktopic[m[K, 10,
      |                 [01;31m[K^~~~~[m[K
[01m[K/home/fourdds/ros2_ws/src/logging/include/logging/Logger.hpp:16:36:[m[K [01;31m[Kerror: [m[Kâ€˜[01m[Ktopic_callback[m[Kâ€™ is not a member of â€˜[01m[KLogger[m[Kâ€™
   16 |                 std::bind(&Logger::[01;31m[Ktopic_callback[m[K, this, std::placeholders::_1));
      |                                    [01;31m[K^~~~~~~~~~~~~~[m[K
[01m[K/home/fourdds/ros2_ws/src/logging/include/logging/Logger.hpp:17:13:[m[K [01;31m[Kerror: [m[Kâ€˜[01m[Ksubscriptions_[m[Kâ€™ was not declared in this scope; did you mean â€˜[01m[Ksubscriptions[m[Kâ€™?
   17 |             [01;31m[Ksubscriptions_[m[K.push_back(subscription);
      |             [01;31m[K^~~~~~~~~~~~~~[m[K
      |             [32m[Ksubscriptions[m[K
[01m[K/home/fourdds/ros2_ws/src/logging/include/logging/Logger.hpp:21:9:[m[K [01;31m[Kerror: [m[Kâ€˜[01m[Kbinary_file_[m[Kâ€™ was not declared in this scope; did you mean â€˜[01m[Kbinary_file[m[Kâ€™?
   21 |         [01;31m[Kbinary_file_[m[K.open("log.bin", std::ios::out | std::ios::binary);
      |         [01;31m[K^~~~~~~~~~~~[m[K
      |         [32m[Kbinary_file[m[K
[01m[K/home/fourdds/ros2_ws/src/logging/include/logging/Logger.hpp:[m[K In destructor â€˜[01m[Kvirtual Logger::~Logger()[m[Kâ€™:
[01m[K/home/fourdds/ros2_ws/src/logging/include/logging/Logger.hpp:29:13:[m[K [01;31m[Kerror: [m[Kâ€˜[01m[Kbinary_file_[m[Kâ€™ was not declared in this scope; did you mean â€˜[01m[Kbinary_file[m[Kâ€™?
   29 |         if ([01;31m[Kbinary_file_[m[K.is_open()) {
      |             [01;31m[K^~~~~~~~~~~~[m[K
      |             [32m[Kbinary_file[m[K
gmake[2]: *** [CMakeFiles/Logger.dir/build.make:76: CMakeFiles/Logger.dir/src/Logger.cpp.o] Error 1
gmake[1]: *** [CMakeFiles/Makefile2:137: CMakeFiles/Logger.dir/all] Error 2
gmake: *** [Makefile:146: all] Error 2
