[01m[K/home/fourdds/ros2_ws/src/logging/src/Logger.cpp:2:10:[m[K [01;31m[Kfatal error: [m[KLogger.hpp: No such file or directory
    2 | #include [01;31m[K"Logger.hpp"[m[K
      |          [01;31m[K^~~~~~~~~~~~[m[K
compilation terminated.
gmake[2]: *** [CMakeFiles/Logger.dir/build.make:76: CMakeFiles/Logger.dir/src/Logger.cpp.o] Error 1
gmake[1]: *** [CMakeFiles/Makefile2:137: CMakeFiles/Logger.dir/all] Error 2
gmake: *** [Makefile:146: all] Error 2
