[0.222s] Invoking command in '/home/fourdds/ros2_ws/build/drone': CMAKE_PREFIX_PATH=/opt/ros/humble /usr/bin/cmake /home/fourdds/ros2_ws/src/drone -DAMENT_CMAKE_SYMLINK_INSTALL=1 -DCMAKE_INSTALL_PREFIX=/home/fourdds/ros2_ws/install/drone
[0.252s] -- Found ament_cmake: 1.3.10 (/opt/ros/humble/share/ament_cmake/cmake)
[0.414s] -- Override CMake install command with custom implementation using symlinks instead of copying resources
[0.440s] -- Found builtin_interfaces: 1.2.1 (/opt/ros/humble/share/builtin_interfaces/cmake)
[0.455s] -- Found rosidl_generator_c: 3.1.5 (/opt/ros/humble/share/rosidl_generator_c/cmake)
[0.455s] -- Found rosidl_adapter: 3.1.5 (/opt/ros/humble/share/rosidl_adapter/cmake)
[0.460s] -- Found rosidl_generator_cpp: 3.1.5 (/opt/ros/humble/share/rosidl_generator_cpp/cmake)
[0.470s] -- Using all available rosidl_typesupport_c: rosidl_typesupport_fastrtps_c;rosidl_typesupport_introspection_c
[0.483s] -- Using all available rosidl_typesupport_cpp: rosidl_typesupport_fastrtps_cpp;rosidl_typesupport_introspection_cpp
[0.496s] -- Found eigen3_cmake_module: 0.1.1 (/opt/ros/humble/share/eigen3_cmake_module/cmake)
[0.497s] -- Found px4_msgs: 2.0.1 (/home/fourdds/ros2_ws/install/px4_msgs/share/px4_msgs/cmake)
[0.514s] -- Found rclcpp: 16.0.10 (/opt/ros/humble/share/rclcpp/cmake)
[0.539s] -- Found rmw_implementation_cmake: 6.1.2 (/opt/ros/humble/share/rmw_implementation_cmake/cmake)
[0.542s] -- Found rmw_fastrtps_cpp: 6.2.7 (/opt/ros/humble/share/rmw_fastrtps_cpp/cmake)
[0.718s] -- Using RMW implementation 'rmw_fastrtps_cpp' as default
[0.762s] -- Found sensor_msgs: 4.2.4 (/opt/ros/humble/share/sensor_msgs/cmake)
[0.793s] -- Found obstacle_avoidance: 0.0.0 (/home/fourdds/ros2_ws/install/obstacle_avoidance/share/obstacle_avoidance/cmake)
[0.795s] -- Found target_detection: 0.0.0 (/home/fourdds/ros2_ws/install/target_detection/share/target_detection/cmake)
[0.796s] -- Found parameters: 0.0.0 (/home/fourdds/ros2_ws/install/parameters/share/parameters/cmake)
[0.797s] -- Found fdds_messages: 0.0.0 (/home/fourdds/ros2_ws/install/fdds_messages/share/fdds_messages/cmake)
[0.809s] -- Found ament_lint_auto: 0.12.11 (/opt/ros/humble/share/ament_lint_auto/cmake)
[0.877s] -- Added test 'cppcheck' to perform static code analysis on C / C++ code
[0.877s] -- Configured cppcheck include dirs: $<BUILD_INTERFACE:/home/fourdds/ros2_ws/src/drone/include>
[0.878s] -- Configured cppcheck exclude dirs and/or files: 
[0.878s] -- Added test 'lint_cmake' to check CMake code style
[0.879s] -- Added test 'uncrustify' to check C / C++ code style
[0.879s] -- Configured uncrustify additional arguments: 
[0.880s] -- Added test 'xmllint' to check XML markup files
[0.881s] -- Configuring done
[0.899s] -- Generating done
[0.903s] -- Build files have been written to: /home/fourdds/ros2_ws/build/drone
[0.915s] Invoked command in '/home/fourdds/ros2_ws/build/drone' returned '0': CMAKE_PREFIX_PATH=/opt/ros/humble /usr/bin/cmake /home/fourdds/ros2_ws/src/drone -DAMENT_CMAKE_SYMLINK_INSTALL=1 -DCMAKE_INSTALL_PREFIX=/home/fourdds/ros2_ws/install/drone
[0.917s] Invoking command in '/home/fourdds/ros2_ws/build/drone': CMAKE_PREFIX_PATH=/opt/ros/humble /usr/bin/cmake --build /home/fourdds/ros2_ws/build/drone -- -j16 -l16
[0.954s] [35m[1mConsolidate compiler generated dependencies of target Drone[0m
[0.980s] [ 33%] [32mBuilding CXX object CMakeFiles/Drone.dir/src/Drone.cpp.o[0m
[5.944s] [01m[K/home/fourdds/ros2_ws/src/drone/src/Drone.cpp:[m[K In member function â€˜[01m[Kvoid fdds::Drone::flockingLogic()[m[Kâ€™:
[5.944s] [01m[K/home/fourdds/ros2_ws/src/drone/src/Drone.cpp:339:9:[m[K [01;31m[Kerror: [m[Kâ€˜[01m[KsendVelocityDepth[m[Kâ€™ was not declared in this scope; did you mean â€˜[01m[KsendVelocity[m[Kâ€™?
[5.944s]   339 |         [01;31m[KsendVelocityDepth[m[K(currentSpeed);
[5.944s]       |         [01;31m[K^~~~~~~~~~~~~~~~~[m[K
[5.944s]       |         [32m[KsendVelocity[m[K
[5.949s] [01m[K/home/fourdds/ros2_ws/src/drone/src/Drone.cpp:[m[K At global scope:
[5.949s] [01m[K/home/fourdds/ros2_ws/src/drone/src/Drone.cpp:423:6:[m[K [01;31m[Kerror: [m[Kno declaration matches â€˜[01m[Kvoid fdds::Drone::sendVelocityDepth(const Vector2d&)[m[Kâ€™
[5.949s]   423 | void [01;31m[Kfdds[m[K::Drone::sendVelocityDepth(const Eigen::Vector2d& velocity)
[5.949s]       |      [01;31m[K^~~~[m[K
[5.949s] [01m[K/home/fourdds/ros2_ws/src/drone/src/Drone.cpp:423:6:[m[K [01;36m[Knote: [m[Kno functions named â€˜[01m[Kvoid fdds::Drone::sendVelocityDepth(const Vector2d&)[m[Kâ€™
[5.949s] In file included from [01m[K/home/fourdds/ros2_ws/src/drone/src/Drone.cpp:1[m[K:
[5.950s] [01m[K/home/fourdds/ros2_ws/src/drone/include/drone/Drone.hpp:34:11:[m[K [01;36m[Knote: [m[Kâ€˜[01m[Kclass fdds::Drone[m[Kâ€™ defined here
[5.950s]    34 |     class [01;36m[KDrone[m[K : public rclcpp::Node
[5.950s]       |           [01;36m[K^~~~~[m[K
[14.839s] gmake[2]: *** [CMakeFiles/Drone.dir/build.make:76: CMakeFiles/Drone.dir/src/Drone.cpp.o] Error 1
[14.839s] gmake[1]: *** [CMakeFiles/Makefile2:137: CMakeFiles/Drone.dir/all] Error 2
[14.840s] gmake: *** [Makefile:146: all] Error 2
[14.845s] Invoked command in '/home/fourdds/ros2_ws/build/drone' returned '2': CMAKE_PREFIX_PATH=/opt/ros/humble /usr/bin/cmake --build /home/fourdds/ros2_ws/build/drone -- -j16 -l16
