[  1%] [32mBuilding CXX object CMakeFiles/gazebo_ros_gps_sensor.dir/src/gazebo_ros_gps_sensor.cpp.o[0m
[  5%] Built target gazebo_ros_joint_state_publisher
[  5%] Built target gazebo_ros_force
[  8%] Built target gazebo_ros_ft_sensor
[ 10%] Built target multi_camera_plugin
[ 12%] Built target gazebo_ros_bumper
[ 15%] Built target gazebo_ros_imu_sensor
[ 17%] Built target gazebo_ros_template
[ 22%] Built target gazebo_ros_tricycle_drive
[ 22%] Built target gazebo_ros_diff_drive
[ 23%] [32mBuilding CXX object CMakeFiles/gazebo_ros_ackermann_drive.dir/src/gazebo_ros_ackermann_drive.cpp.o[0m
[ 26%] [32mBuilding CXX object CMakeFiles/gazebo_ros_ray_sensor.dir/src/gazebo_ros_ray_sensor.cpp.o[0m
[ 26%] Built target gazebo_ros_hand_of_god
[ 27%] [32mBuilding CXX object CMakeFiles/gazebo_ros_harness.dir/src/gazebo_ros_harness.cpp.o[0m
[ 30%] Built target gazebo_ros_p3d
[ 31%] [32mBuilding CXX object CMakeFiles/gazebo_ros_video.dir/src/gazebo_ros_video.cpp.o[0m
[35m[1mConsolidate compiler generated dependencies of target gazebo_ros_elevator[0m
[ 33%] Built target gtest_main
[ 36%] Built target gtest
[ 38%] Built target gazebo_ros_vacuum_gripper
[ 40%] [32mBuilding CXX object CMakeFiles/gazebo_ros_joint_pose_trajectory.dir/src/gazebo_ros_joint_pose_trajectory.cpp.o[0m
[ 41%] Built target gazebo_ros_planar_move
[ 43%] [32mBuilding CXX object CMakeFiles/gazebo_ros_wheel_slip.dir/src/gazebo_ros_wheel_slip.cpp.o[0m
[ 45%] Built target gazebo_ros_projector
[ 47%] Built target gazebo_ros_elevator
[35m[1mConsolidate compiler generated dependencies of target test_gazebo_ros_bumper[0m
[ 48%] [32mBuilding CXX object CMakeFiles/gazebo_ros_camera.dir/src/gazebo_ros_camera.cpp.o[0m
[35m[1mConsolidate compiler generated dependencies of target test_gazebo_ros_elevator[0m
[35m[1mConsolidate compiler generated dependencies of target test_gazebo_ros_diff_drive[0m
[ 51%] Built target test_gazebo_ros_ackermann_drive
[ 52%] [32mBuilding CXX object test/CMakeFiles/test_gazebo_ros_ft_sensor.dir/test_gazebo_ros_ft_sensor.cpp.o[0m
[ 53%] [32mBuilding CXX object test/CMakeFiles/test_gazebo_ros_force.dir/test_gazebo_ros_force.cpp.o[0m
[ 54%] [32mBuilding CXX object test/CMakeFiles/test_gazebo_ros_hand_of_god.dir/test_gazebo_ros_hand_of_god.cpp.o[0m
[35m[1mConsolidate compiler generated dependencies of target test_gazebo_ros_imu_sensor[0m
[35m[1mConsolidate compiler generated dependencies of target test_gazebo_ros_harness[0m
[ 56%] Built target test_gazebo_ros_bumper
[ 59%] Built target test_gazebo_ros_elevator
[ 61%] Built target test_gazebo_ros_diff_drive
[35m[1mConsolidate compiler generated dependencies of target test_gazebo_ros_gps_sensor[0m
[35m[1mConsolidate compiler generated dependencies of target test_gazebo_ros_joint_pose_trajectory[0m
[35m[1mConsolidate compiler generated dependencies of target test_gazebo_ros_joint_state_publisher[0m
[ 63%] Built target test_gazebo_ros_harness
[ 65%] [32mBuilding CXX object test/CMakeFiles/test_gazebo_ros_imu_sensor.dir/test_gazebo_ros_imu_sensor.cpp.o[0m
[35m[1mConsolidate compiler generated dependencies of target test_gazebo_ros_p3d[0m
[ 66%] [32mBuilding CXX object test/CMakeFiles/test_gazebo_ros_joint_pose_trajectory.dir/test_gazebo_ros_joint_pose_trajectory.cpp.o[0m
[ 68%] [32mBuilding CXX object test/CMakeFiles/test_gazebo_ros_joint_state_publisher.dir/test_gazebo_ros_joint_state_publisher.cpp.o[0m
[ 68%] [32mBuilding CXX object test/CMakeFiles/test_gazebo_ros_gps_sensor.dir/test_gazebo_ros_gps_sensor.cpp.o[0m
[ 69%] [32mBuilding CXX object test/CMakeFiles/test_gazebo_ros_p3d.dir/test_gazebo_ros_p3d.cpp.o[0m
[01m[Kc++:[m[K [01;31m[Kfatal error: [m[KKilled signal terminated program cc1plus
compilation terminated.
gmake[2]: *** [CMakeFiles/gazebo_ros_gps_sensor.dir/build.make:76: CMakeFiles/gazebo_ros_gps_sensor.dir/src/gazebo_ros_gps_sensor.cpp.o] Error 1
gmake[1]: *** [CMakeFiles/Makefile2:432: CMakeFiles/gazebo_ros_gps_sensor.dir/all] Error 2
gmake[1]: *** Waiting for unfinished jobs....
[01m[Kc++:[m[K [01;31m[Kfatal error: [m[KKilled signal terminated program cc1plus
compilation terminated.
gmake[2]: *** [CMakeFiles/gazebo_ros_joint_pose_trajectory.dir/build.make:76: CMakeFiles/gazebo_ros_joint_pose_trajectory.dir/src/gazebo_ros_joint_pose_trajectory.cpp.o] Error 1
gmake[1]: *** [CMakeFiles/Makefile2:744: CMakeFiles/gazebo_ros_joint_pose_trajectory.dir/all] Error 2
[01m[Kc++:[m[K [01;31m[Kfatal error: [m[KKilled signal terminated program cc1plus
compilation terminated.
gmake[2]: *** [CMakeFiles/gazebo_ros_harness.dir/build.make:76: CMakeFiles/gazebo_ros_harness.dir/src/gazebo_ros_harness.cpp.o] Error 1
gmake[1]: *** [CMakeFiles/Makefile2:614: CMakeFiles/gazebo_ros_harness.dir/all] Error 2
[01m[Kc++:[m[K [01;31m[Kfatal error: [m[KKilled signal terminated program cc1plus
compilation terminated.
gmake[2]: *** [CMakeFiles/gazebo_ros_wheel_slip.dir/build.make:76: CMakeFiles/gazebo_ros_wheel_slip.dir/src/gazebo_ros_wheel_slip.cpp.o] Error 1
gmake[1]: *** [CMakeFiles/Makefile2:822: CMakeFiles/gazebo_ros_wheel_slip.dir/all] Error 2
[01m[Kc++:[m[K [01;31m[Kfatal error: [m[KKilled signal terminated program cc1plus
compilation terminated.
gmake[2]: *** [CMakeFiles/gazebo_ros_ray_sensor.dir/build.make:76: CMakeFiles/gazebo_ros_ray_sensor.dir/src/gazebo_ros_ray_sensor.cpp.o] Error 1
gmake[1]: *** [CMakeFiles/Makefile2:458: CMakeFiles/gazebo_ros_ray_sensor.dir/all] Error 2
[01m[Kc++:[m[K [01;31m[Kfatal error: [m[KKilled signal terminated program cc1plus
compilation terminated.
gmake[2]: *** [test/CMakeFiles/test_gazebo_ros_gps_sensor.dir/build.make:76: test/CMakeFiles/test_gazebo_ros_gps_sensor.dir/test_gazebo_ros_gps_sensor.cpp.o] Error 1
gmake[1]: *** [CMakeFiles/Makefile2:1092: test/CMakeFiles/test_gazebo_ros_gps_sensor.dir/all] Error 2
[01m[Kc++:[m[K [01;31m[Kfatal error: [m[KKilled signal terminated program cc1plus
compilation terminated.
gmake[2]: *** [CMakeFiles/gazebo_ros_video.dir/build.make:76: CMakeFiles/gazebo_ros_video.dir/src/gazebo_ros_video.cpp.o] Error 1
gmake[1]: *** [CMakeFiles/Makefile2:536: CMakeFiles/gazebo_ros_video.dir/all] Error 2
[01m[Kc++:[m[K [01;31m[Kfatal error: [m[KKilled signal terminated program cc1plus
compilation terminated.
gmake[2]: *** [CMakeFiles/gazebo_ros_camera.dir/build.make:76: CMakeFiles/gazebo_ros_camera.dir/src/gazebo_ros_camera.cpp.o] Error 1
gmake[1]: *** [CMakeFiles/Makefile2:380: CMakeFiles/gazebo_ros_camera.dir/all] Error 2
[01m[Kc++:[m[K [01;31m[Kfatal error: [m[KKilled signal terminated program cc1plus
compilation terminated.
gmake[2]: *** [test/CMakeFiles/test_gazebo_ros_joint_pose_trajectory.dir/build.make:76: test/CMakeFiles/test_gazebo_ros_joint_pose_trajectory.dir/test_gazebo_ros_joint_pose_trajectory.cpp.o] Error 1
gmake[1]: *** [CMakeFiles/Makefile2:1119: test/CMakeFiles/test_gazebo_ros_joint_pose_trajectory.dir/all] Error 2
[01m[Kc++:[m[K [01;31m[Kfatal error: [m[KKilled signal terminated program cc1plus
compilation terminated.
gmake[2]: *** [test/CMakeFiles/test_gazebo_ros_ft_sensor.dir/build.make:76: test/CMakeFiles/test_gazebo_ros_ft_sensor.dir/test_gazebo_ros_ft_sensor.cpp.o] Error 1
gmake[1]: *** [CMakeFiles/Makefile2:984: test/CMakeFiles/test_gazebo_ros_ft_sensor.dir/all] Error 2
[01m[Kc++:[m[K [01;31m[Kfatal error: [m[KKilled signal terminated program cc1plus
compilation terminated.
gmake[2]: *** [CMakeFiles/gazebo_ros_ackermann_drive.dir/build.make:76: CMakeFiles/gazebo_ros_ackermann_drive.dir/src/gazebo_ros_ackermann_drive.cpp.o] Error 1
gmake[1]: *** [CMakeFiles/Makefile2:666: CMakeFiles/gazebo_ros_ackermann_drive.dir/all] Error 2
[01m[Kc++:[m[K [01;31m[Kfatal error: [m[KKilled signal terminated program cc1plus
compilation terminated.
gmake[2]: *** [test/CMakeFiles/test_gazebo_ros_joint_state_publisher.dir/build.make:76: test/CMakeFiles/test_gazebo_ros_joint_state_publisher.dir/test_gazebo_ros_joint_state_publisher.cpp.o] Error 1
gmake[1]: *** [CMakeFiles/Makefile2:1146: test/CMakeFiles/test_gazebo_ros_joint_state_publisher.dir/all] Error 2
[ 70%] [32m[1mLinking CXX executable test_gazebo_ros_hand_of_god[0m
[ 72%] [32m[1mLinking CXX executable test_gazebo_ros_force[0m
[ 72%] Built target test_gazebo_ros_hand_of_god
[ 72%] Built target test_gazebo_ros_force
[ 73%] [32m[1mLinking CXX executable test_gazebo_ros_p3d[0m
[ 73%] Built target test_gazebo_ros_p3d
[ 74%] [32m[1mLinking CXX executable test_gazebo_ros_imu_sensor[0m
[ 74%] Built target test_gazebo_ros_imu_sensor
gmake: *** [Makefile:146: all] Error 2
