[0.032s] Invoking command in '/home/fourdds/ws/build/gazebo_plugins': AMENT_PREFIX_PATH=/home/fourdds/ws/install/gazebo_ros:/home/fourdds/ws/install/gazebo_msgs:/home/fourdds/ws/install/gazebo_dev:/home/fourdds/ws/install/cv_bridge:${AMENT_PREFIX_PATH} CMAKE_PREFIX_PATH=/home/fourdds/ws/install/gazebo_ros:/home/fourdds/ws/install/gazebo_msgs:/home/fourdds/ws/install/gazebo_dev:/home/fourdds/ws/install/cv_bridge:/opt/ros/humble LD_LIBRARY_PATH=/home/fourdds/ws/install/gazebo_ros/lib:/home/fourdds/ws/install/gazebo_msgs/lib:/home/fourdds/ws/install/cv_bridge/lib:${LD_LIBRARY_PATH} PYTHONPATH=/home/fourdds/ws/install/gazebo_ros/local/lib/python3.10/dist-packages:/home/fourdds/ws/install/gazebo_msgs/local/lib/python3.10/dist-packages:/home/fourdds/ws/install/cv_bridge/local/lib/python3.10/dist-packages:${PYTHONPATH} /usr/bin/cmake --build /home/fourdds/ws/build/gazebo_plugins -- -j16 -l16
[0.167s] [  1%] [32mBuilding CXX object CMakeFiles/gazebo_ros_gps_sensor.dir/src/gazebo_ros_gps_sensor.cpp.o[0m
[0.167s] [  5%] Built target gazebo_ros_joint_state_publisher
[0.167s] [  5%] Built target gazebo_ros_force
[0.169s] [  8%] Built target gazebo_ros_ft_sensor
[0.172s] [ 10%] Built target multi_camera_plugin
[0.172s] [ 12%] Built target gazebo_ros_bumper
[0.173s] [ 15%] Built target gazebo_ros_imu_sensor
[0.174s] [ 17%] Built target gazebo_ros_template
[0.179s] [ 22%] Built target gazebo_ros_tricycle_drive
[0.179s] [ 22%] Built target gazebo_ros_diff_drive
[0.185s] [ 23%] [32mBuilding CXX object CMakeFiles/gazebo_ros_ackermann_drive.dir/src/gazebo_ros_ackermann_drive.cpp.o[0m
[0.191s] [ 26%] [32mBuilding CXX object CMakeFiles/gazebo_ros_ray_sensor.dir/src/gazebo_ros_ray_sensor.cpp.o[0m
[0.191s] [ 26%] Built target gazebo_ros_hand_of_god
[0.192s] [ 27%] [32mBuilding CXX object CMakeFiles/gazebo_ros_harness.dir/src/gazebo_ros_harness.cpp.o[0m
[0.194s] [ 30%] Built target gazebo_ros_p3d
[0.201s] [ 31%] [32mBuilding CXX object CMakeFiles/gazebo_ros_video.dir/src/gazebo_ros_video.cpp.o[0m
[0.208s] [35m[1mConsolidate compiler generated dependencies of target gazebo_ros_elevator[0m
[0.222s] [ 33%] Built target gtest_main
[0.227s] [ 36%] Built target gtest
[0.241s] [ 38%] Built target gazebo_ros_vacuum_gripper
[0.246s] [ 40%] [32mBuilding CXX object CMakeFiles/gazebo_ros_joint_pose_trajectory.dir/src/gazebo_ros_joint_pose_trajectory.cpp.o[0m
[0.247s] [ 41%] Built target gazebo_ros_planar_move
[0.259s] [ 43%] [32mBuilding CXX object CMakeFiles/gazebo_ros_wheel_slip.dir/src/gazebo_ros_wheel_slip.cpp.o[0m
[0.260s] [ 45%] Built target gazebo_ros_projector
[0.270s] [ 47%] Built target gazebo_ros_elevator
[0.274s] [35m[1mConsolidate compiler generated dependencies of target test_gazebo_ros_bumper[0m
[0.275s] [ 48%] [32mBuilding CXX object CMakeFiles/gazebo_ros_camera.dir/src/gazebo_ros_camera.cpp.o[0m
[0.276s] [35m[1mConsolidate compiler generated dependencies of target test_gazebo_ros_elevator[0m
[0.277s] [35m[1mConsolidate compiler generated dependencies of target test_gazebo_ros_diff_drive[0m
[0.310s] [ 51%] Built target test_gazebo_ros_ackermann_drive
[0.337s] [ 52%] [32mBuilding CXX object test/CMakeFiles/test_gazebo_ros_ft_sensor.dir/test_gazebo_ros_ft_sensor.cpp.o[0m
[0.339s] [ 53%] [32mBuilding CXX object test/CMakeFiles/test_gazebo_ros_force.dir/test_gazebo_ros_force.cpp.o[0m
[0.350s] [ 54%] [32mBuilding CXX object test/CMakeFiles/test_gazebo_ros_hand_of_god.dir/test_gazebo_ros_hand_of_god.cpp.o[0m
[0.350s] [35m[1mConsolidate compiler generated dependencies of target test_gazebo_ros_imu_sensor[0m
[0.357s] [35m[1mConsolidate compiler generated dependencies of target test_gazebo_ros_harness[0m
[0.368s] [ 56%] Built target test_gazebo_ros_bumper
[0.370s] [ 59%] Built target test_gazebo_ros_elevator
[0.372s] [ 61%] Built target test_gazebo_ros_diff_drive
[0.413s] [35m[1mConsolidate compiler generated dependencies of target test_gazebo_ros_gps_sensor[0m
[0.414s] [35m[1mConsolidate compiler generated dependencies of target test_gazebo_ros_joint_pose_trajectory[0m
[0.428s] [35m[1mConsolidate compiler generated dependencies of target test_gazebo_ros_joint_state_publisher[0m
[0.448s] [ 63%] Built target test_gazebo_ros_harness
[0.453s] [ 65%] [32mBuilding CXX object test/CMakeFiles/test_gazebo_ros_imu_sensor.dir/test_gazebo_ros_imu_sensor.cpp.o[0m
[0.507s] [35m[1mConsolidate compiler generated dependencies of target test_gazebo_ros_p3d[0m
[0.524s] [ 66%] [32mBuilding CXX object test/CMakeFiles/test_gazebo_ros_joint_pose_trajectory.dir/test_gazebo_ros_joint_pose_trajectory.cpp.o[0m
[0.537s] [ 68%] [32mBuilding CXX object test/CMakeFiles/test_gazebo_ros_joint_state_publisher.dir/test_gazebo_ros_joint_state_publisher.cpp.o[0m
[0.538s] [ 68%] [32mBuilding CXX object test/CMakeFiles/test_gazebo_ros_gps_sensor.dir/test_gazebo_ros_gps_sensor.cpp.o[0m
[0.612s] [ 69%] [32mBuilding CXX object test/CMakeFiles/test_gazebo_ros_p3d.dir/test_gazebo_ros_p3d.cpp.o[0m
[13.000s] [01m[Kc++:[m[K [01;31m[Kfatal error: [m[KKilled signal terminated program cc1plus
[13.015s] compilation terminated.
[13.017s] gmake[2]: *** [CMakeFiles/gazebo_ros_gps_sensor.dir/build.make:76: CMakeFiles/gazebo_ros_gps_sensor.dir/src/gazebo_ros_gps_sensor.cpp.o] Error 1
[13.017s] gmake[1]: *** [CMakeFiles/Makefile2:432: CMakeFiles/gazebo_ros_gps_sensor.dir/all] Error 2
[13.017s] gmake[1]: *** Waiting for unfinished jobs....
[23.942s] [01m[Kc++:[m[K [01;31m[Kfatal error: [m[KKilled signal terminated program cc1plus
[23.944s] compilation terminated.
[23.966s] gmake[2]: *** [CMakeFiles/gazebo_ros_joint_pose_trajectory.dir/build.make:76: CMakeFiles/gazebo_ros_joint_pose_trajectory.dir/src/gazebo_ros_joint_pose_trajectory.cpp.o] Error 1
[24.011s] gmake[1]: *** [CMakeFiles/Makefile2:744: CMakeFiles/gazebo_ros_joint_pose_trajectory.dir/all] Error 2
[35.547s] [01m[Kc++:[m[K [01;31m[Kfatal error: [m[KKilled signal terminated program cc1plus
[35.554s] compilation terminated.
[35.554s] gmake[2]: *** [CMakeFiles/gazebo_ros_harness.dir/build.make:76: CMakeFiles/gazebo_ros_harness.dir/src/gazebo_ros_harness.cpp.o] Error 1
[35.571s] gmake[1]: *** [CMakeFiles/Makefile2:614: CMakeFiles/gazebo_ros_harness.dir/all] Error 2
[38.572s] [01m[Kc++:[m[K [01;31m[Kfatal error: [m[KKilled signal terminated program cc1plus
[38.574s] compilation terminated.
[38.594s] gmake[2]: *** [CMakeFiles/gazebo_ros_wheel_slip.dir/build.make:76: CMakeFiles/gazebo_ros_wheel_slip.dir/src/gazebo_ros_wheel_slip.cpp.o] Error 1
[38.661s] gmake[1]: *** [CMakeFiles/Makefile2:822: CMakeFiles/gazebo_ros_wheel_slip.dir/all] Error 2
[45.695s] [01m[Kc++:[m[K [01;31m[Kfatal error: [m[KKilled signal terminated program cc1plus
[45.697s] compilation terminated.
[45.712s] gmake[2]: *** [CMakeFiles/gazebo_ros_ray_sensor.dir/build.make:76: CMakeFiles/gazebo_ros_ray_sensor.dir/src/gazebo_ros_ray_sensor.cpp.o] Error 1
[45.778s] gmake[1]: *** [CMakeFiles/Makefile2:458: CMakeFiles/gazebo_ros_ray_sensor.dir/all] Error 2
[58.080s] [01m[Kc++:[m[K [01;31m[Kfatal error: [m[KKilled signal terminated program cc1plus
[58.081s] compilation terminated.
[58.101s] gmake[2]: *** [test/CMakeFiles/test_gazebo_ros_gps_sensor.dir/build.make:76: test/CMakeFiles/test_gazebo_ros_gps_sensor.dir/test_gazebo_ros_gps_sensor.cpp.o] Error 1
[58.167s] gmake[1]: *** [CMakeFiles/Makefile2:1092: test/CMakeFiles/test_gazebo_ros_gps_sensor.dir/all] Error 2
[76.493s] [01m[Kc++:[m[K [01;31m[Kfatal error: [m[KKilled signal terminated program cc1plus
[76.495s] compilation terminated.
[76.504s] gmake[2]: *** [CMakeFiles/gazebo_ros_video.dir/build.make:76: CMakeFiles/gazebo_ros_video.dir/src/gazebo_ros_video.cpp.o] Error 1
[76.557s] gmake[1]: *** [CMakeFiles/Makefile2:536: CMakeFiles/gazebo_ros_video.dir/all] Error 2
[91.607s] [01m[Kc++:[m[K [01;31m[Kfatal error: [m[KKilled signal terminated program cc1plus
[91.610s] compilation terminated.
[91.631s] gmake[2]: *** [CMakeFiles/gazebo_ros_camera.dir/build.make:76: CMakeFiles/gazebo_ros_camera.dir/src/gazebo_ros_camera.cpp.o] Error 1
[91.715s] gmake[1]: *** [CMakeFiles/Makefile2:380: CMakeFiles/gazebo_ros_camera.dir/all] Error 2
[116.952s] [01m[Kc++:[m[K [01;31m[Kfatal error: [m[KKilled signal terminated program cc1plus
[116.954s] compilation terminated.
[116.988s] gmake[2]: *** [test/CMakeFiles/test_gazebo_ros_joint_pose_trajectory.dir/build.make:76: test/CMakeFiles/test_gazebo_ros_joint_pose_trajectory.dir/test_gazebo_ros_joint_pose_trajectory.cpp.o] Error 1
[117.071s] gmake[1]: *** [CMakeFiles/Makefile2:1119: test/CMakeFiles/test_gazebo_ros_joint_pose_trajectory.dir/all] Error 2
[156.115s] [01m[Kc++:[m[K [01;31m[Kfatal error: [m[KKilled signal terminated program cc1plus
[156.116s] compilation terminated.
[156.121s] gmake[2]: *** [test/CMakeFiles/test_gazebo_ros_ft_sensor.dir/build.make:76: test/CMakeFiles/test_gazebo_ros_ft_sensor.dir/test_gazebo_ros_ft_sensor.cpp.o] Error 1
[156.180s] gmake[1]: *** [CMakeFiles/Makefile2:984: test/CMakeFiles/test_gazebo_ros_ft_sensor.dir/all] Error 2
[198.073s] [01m[Kc++:[m[K [01;31m[Kfatal error: [m[KKilled signal terminated program cc1plus
[198.074s] compilation terminated.
[198.088s] gmake[2]: *** [CMakeFiles/gazebo_ros_ackermann_drive.dir/build.make:76: CMakeFiles/gazebo_ros_ackermann_drive.dir/src/gazebo_ros_ackermann_drive.cpp.o] Error 1
[198.130s] gmake[1]: *** [CMakeFiles/Makefile2:666: CMakeFiles/gazebo_ros_ackermann_drive.dir/all] Error 2
[227.279s] [01m[Kc++:[m[K [01;31m[Kfatal error: [m[KKilled signal terminated program cc1plus
[227.280s] compilation terminated.
[227.294s] gmake[2]: *** [test/CMakeFiles/test_gazebo_ros_joint_state_publisher.dir/build.make:76: test/CMakeFiles/test_gazebo_ros_joint_state_publisher.dir/test_gazebo_ros_joint_state_publisher.cpp.o] Error 1
[227.332s] gmake[1]: *** [CMakeFiles/Makefile2:1146: test/CMakeFiles/test_gazebo_ros_joint_state_publisher.dir/all] Error 2
[260.849s] [ 70%] [32m[1mLinking CXX executable test_gazebo_ros_hand_of_god[0m
[262.846s] [ 72%] [32m[1mLinking CXX executable test_gazebo_ros_force[0m
[265.086s] [ 72%] Built target test_gazebo_ros_hand_of_god
[265.818s] [ 72%] Built target test_gazebo_ros_force
[267.216s] [ 73%] [32m[1mLinking CXX executable test_gazebo_ros_p3d[0m
[269.923s] [ 73%] Built target test_gazebo_ros_p3d
[270.446s] [ 74%] [32m[1mLinking CXX executable test_gazebo_ros_imu_sensor[0m
[272.982s] [ 74%] Built target test_gazebo_ros_imu_sensor
[273.009s] gmake: *** [Makefile:146: all] Error 2
[273.204s] Invoked command in '/home/fourdds/ws/build/gazebo_plugins' returned '2': AMENT_PREFIX_PATH=/home/fourdds/ws/install/gazebo_ros:/home/fourdds/ws/install/gazebo_msgs:/home/fourdds/ws/install/gazebo_dev:/home/fourdds/ws/install/cv_bridge:${AMENT_PREFIX_PATH} CMAKE_PREFIX_PATH=/home/fourdds/ws/install/gazebo_ros:/home/fourdds/ws/install/gazebo_msgs:/home/fourdds/ws/install/gazebo_dev:/home/fourdds/ws/install/cv_bridge:/opt/ros/humble LD_LIBRARY_PATH=/home/fourdds/ws/install/gazebo_ros/lib:/home/fourdds/ws/install/gazebo_msgs/lib:/home/fourdds/ws/install/cv_bridge/lib:${LD_LIBRARY_PATH} PYTHONPATH=/home/fourdds/ws/install/gazebo_ros/local/lib/python3.10/dist-packages:/home/fourdds/ws/install/gazebo_msgs/local/lib/python3.10/dist-packages:/home/fourdds/ws/install/cv_bridge/local/lib/python3.10/dist-packages:${PYTHONPATH} /usr/bin/cmake --build /home/fourdds/ws/build/gazebo_plugins -- -j16 -l16
