[35m[1mConsolidate compiler generated dependencies of target boids__rosidl_generator_c[0m
[35m[1mConsolidate compiler generated dependencies of target swarm_spawner[0m
[  1%] Built target boids__cpp
[ 11%] Built target boids__rosidl_generator_c
[ 14%] Built target frame_transforms
[ 14%] Built target ament_cmake_python_copy_boids
[35m[1mConsolidate compiler generated dependencies of target boids__rosidl_typesupport_cpp[0m
[35m[1mConsolidate compiler generated dependencies of target boids__rosidl_typesupport_introspection_cpp[0m
[35m[1mConsolidate compiler generated dependencies of target boids__rosidl_typesupport_fastrtps_cpp[0m
[35m[1mConsolidate compiler generated dependencies of target boids__rosidl_typesupport_fastrtps_c[0m
[ 16%] [32mBuilding CXX object CMakeFiles/swarm_spawner.dir/src/base_station.cpp.o[0m
[35m[1mConsolidate compiler generated dependencies of target boids__rosidl_typesupport_introspection_c[0m
[ 17%] [32mBuilding CXX object CMakeFiles/swarm_spawner.dir/src/main.cpp.o[0m
[35m[1mConsolidate compiler generated dependencies of target boids__rosidl_typesupport_c[0m
[ 37%] Built target boids__rosidl_typesupport_cpp
[ 37%] Built target boids__rosidl_typesupport_introspection_cpp
[ 46%] Built target boids__rosidl_typesupport_fastrtps_cpp
[ 56%] Built target boids__rosidl_typesupport_fastrtps_c
[ 66%] Built target boids__rosidl_typesupport_c
[ 75%] Built target boids__rosidl_typesupport_introspection_c
[ 75%] Built target boids
[ 77%] Built target boids__py
[35m[1mConsolidate compiler generated dependencies of target boids__rosidl_generator_py[0m
[ 85%] Built target boids__rosidl_generator_py
[35m[1mConsolidate compiler generated dependencies of target boids__rosidl_typesupport_c__pyext[0m
[35m[1mConsolidate compiler generated dependencies of target boids__rosidl_typesupport_introspection_c__pyext[0m
[35m[1mConsolidate compiler generated dependencies of target boids__rosidl_typesupport_fastrtps_c__pyext[0m
[ 91%] Built target boids__rosidl_typesupport_c__pyext
[ 91%] Built target boids__rosidl_typesupport_introspection_c__pyext
[ 95%] Built target boids__rosidl_typesupport_fastrtps_c__pyext
running egg_info
writing boids.egg-info/PKG-INFO
writing dependency_links to boids.egg-info/dependency_links.txt
writing top-level names to boids.egg-info/top_level.txt
reading manifest file 'boids.egg-info/SOURCES.txt'
writing manifest file 'boids.egg-info/SOURCES.txt'
[ 95%] Built target ament_cmake_python_build_boids_egg
In file included from [01m[K/home/fourdds/ros2_ws/src/boids/src/base_station.cpp:1[m[K:
[01m[K/home/fourdds/ros2_ws/src/boids/src/base_station.hpp:51:38:[m[K [01;31m[Kerror: [m[Kâ€˜[01m[KSwarmOptions[m[Kâ€™ is not a member of â€˜[01m[Kboids::msg[m[Kâ€™
   51 |     rclcpp::Subscription<boids::msg::[01;31m[KSwarmOptions[m[K>::SharedPtr swarmOptionsSubscription;
      |                                      [01;31m[K^~~~~~~~~~~~[m[K
[01m[K/home/fourdds/ros2_ws/src/boids/src/base_station.hpp:51:50:[m[K [01;31m[Kerror: [m[Ktemplate argument 1 is invalid
   51 |     rclcpp::Subscription<boids::msg::SwarmOptions[01;31m[K>[m[K::SharedPtr swarmOptionsSubscription;
      |                                                  [01;31m[K^[m[K
[01m[K/home/fourdds/ros2_ws/src/boids/src/base_station.hpp:51:50:[m[K [01;31m[Kerror: [m[Ktemplate argument 3 is invalid
[01m[K/home/fourdds/ros2_ws/src/boids/src/base_station.hpp:51:50:[m[K [01;31m[Kerror: [m[Ktemplate argument 4 is invalid
[01m[K/home/fourdds/ros2_ws/src/boids/src/base_station.hpp:51:50:[m[K [01;31m[Kerror: [m[Ktemplate argument 5 is invalid
[01m[K/home/fourdds/ros2_ws/src/boids/src/base_station.hpp:51:53:[m[K [01;31m[Kerror: [m[Kexpected â€˜[01m[K;[m[Kâ€™ at end of member declaration
   51 |     rclcpp::Subscription<boids::msg::SwarmOptions>::[01;31m[KSharedPtr[m[K swarmOptionsSubscription;
      |                                                     [01;31m[K^~~~~~~~~[m[K
      |                                                              [32m[K;[m[K
[01m[K/home/fourdds/ros2_ws/src/boids/src/base_station.hpp:51:63:[m[K [01;31m[Kerror: [m[Kâ€˜[01m[KswarmOptionsSubscription[m[Kâ€™ does not name a type
   51 |     rclcpp::Subscription<boids::msg::SwarmOptions>::SharedPtr [01;31m[KswarmOptionsSubscription[m[K;
      |                                                               [01;31m[K^~~~~~~~~~~~~~~~~~~~~~~~[m[K
In file included from [01m[K/home/fourdds/ros2_ws/src/boids/src/main.cpp:2[m[K:
[01m[K/home/fourdds/ros2_ws/src/boids/src/base_station.hpp:51:38:[m[K [01;31m[Kerror: [m[Kâ€˜[01m[KSwarmOptions[m[Kâ€™ is not a member of â€˜[01m[Kboids::msg[m[Kâ€™
   51 |     rclcpp::Subscription<boids::msg::[01;31m[KSwarmOptions[m[K>::SharedPtr swarmOptionsSubscription;
      |                                      [01;31m[K^~~~~~~~~~~~[m[K
[01m[K/home/fourdds/ros2_ws/src/boids/src/base_station.hpp:51:50:[m[K [01;31m[Kerror: [m[Ktemplate argument 1 is invalid
   51 |     rclcpp::Subscription<boids::msg::SwarmOptions[01;31m[K>[m[K::SharedPtr swarmOptionsSubscription;
      |                                                  [01;31m[K^[m[K
[01m[K/home/fourdds/ros2_ws/src/boids/src/base_station.hpp:51:50:[m[K [01;31m[Kerror: [m[Ktemplate argument 3 is invalid
[01m[K/home/fourdds/ros2_ws/src/boids/src/base_station.hpp:51:50:[m[K [01;31m[Kerror: [m[Ktemplate argument 4 is invalid
[01m[K/home/fourdds/ros2_ws/src/boids/src/base_station.hpp:51:50:[m[K [01;31m[Kerror: [m[Ktemplate argument 5 is invalid
[01m[K/home/fourdds/ros2_ws/src/boids/src/base_station.hpp:51:53:[m[K [01;31m[Kerror: [m[Kexpected â€˜[01m[K;[m[Kâ€™ at end of member declaration
   51 |     rclcpp::Subscription<boids::msg::SwarmOptions>::[01;31m[KSharedPtr[m[K swarmOptionsSubscription;
      |                                                     [01;31m[K^~~~~~~~~[m[K
      |                                                              [32m[K;[m[K
[01m[K/home/fourdds/ros2_ws/src/boids/src/base_station.hpp:51:63:[m[K [01;31m[Kerror: [m[Kâ€˜[01m[KswarmOptionsSubscription[m[Kâ€™ does not name a type
   51 |     rclcpp::Subscription<boids::msg::SwarmOptions>::SharedPtr [01;31m[KswarmOptionsSubscription[m[K;
      |                                                               [01;31m[K^~~~~~~~~~~~~~~~~~~~~~~~[m[K
gmake[2]: *** [CMakeFiles/swarm_spawner.dir/build.make:104: CMakeFiles/swarm_spawner.dir/src/main.cpp.o] Error 1
gmake[2]: *** Waiting for unfinished jobs....
gmake[2]: *** [CMakeFiles/swarm_spawner.dir/build.make:90: CMakeFiles/swarm_spawner.dir/src/base_station.cpp.o] Error 1
gmake[1]: *** [CMakeFiles/Makefile2:620: CMakeFiles/swarm_spawner.dir/all] Error 2
gmake: *** [Makefile:146: all] Error 2
