[0.009s] Invoking command in '/home/fourdds/ros2_ws/build/boids': CMAKE_PREFIX_PATH=/home/fourdds/ros2_ws/install/px4_msgs:/home/fourdds/ros2_ws/install/px4_ros_com:/home/fourdds/ros2_ws/install/boids:/opt/ros/humble LD_LIBRARY_PATH=/home/fourdds/ros2_ws/install/px4_msgs/lib:/home/fourdds/ros2_ws/install/px4_ros_com/lib:/home/fourdds/ros2_ws/install/boids/lib:/usr/lib/x86_64-linux-gnu/gazebo-11/plugins:/opt/ros/humble/opt/rviz_ogre_vendor/lib:/opt/ros/humble/lib/x86_64-linux-gnu:/opt/ros/humble/lib /usr/bin/cmake --build /home/fourdds/ros2_ws/build/boids -- -j24 -l24
[0.037s] [35m[1mConsolidate compiler generated dependencies of target boids__rosidl_generator_c[0m
[0.042s] [35m[1mConsolidate compiler generated dependencies of target swarm_spawner[0m
[0.043s] [  1%] Built target boids__cpp
[0.044s] [ 11%] Built target boids__rosidl_generator_c
[0.048s] [ 14%] Built target frame_transforms
[0.052s] [ 14%] Built target ament_cmake_python_copy_boids
[0.053s] [35m[1mConsolidate compiler generated dependencies of target boids__rosidl_typesupport_cpp[0m
[0.053s] [35m[1mConsolidate compiler generated dependencies of target boids__rosidl_typesupport_introspection_cpp[0m
[0.053s] [35m[1mConsolidate compiler generated dependencies of target boids__rosidl_typesupport_fastrtps_cpp[0m
[0.054s] [35m[1mConsolidate compiler generated dependencies of target boids__rosidl_typesupport_fastrtps_c[0m
[0.060s] [ 16%] [32mBuilding CXX object CMakeFiles/swarm_spawner.dir/src/base_station.cpp.o[0m
[0.060s] [35m[1mConsolidate compiler generated dependencies of target boids__rosidl_typesupport_introspection_c[0m
[0.060s] [ 17%] [32mBuilding CXX object CMakeFiles/swarm_spawner.dir/src/main.cpp.o[0m
[0.061s] [35m[1mConsolidate compiler generated dependencies of target boids__rosidl_typesupport_c[0m
[0.064s] [ 37%] Built target boids__rosidl_typesupport_cpp
[0.064s] [ 37%] Built target boids__rosidl_typesupport_introspection_cpp
[0.066s] [ 46%] Built target boids__rosidl_typesupport_fastrtps_cpp
[0.067s] [ 56%] Built target boids__rosidl_typesupport_fastrtps_c
[0.071s] [ 66%] Built target boids__rosidl_typesupport_c
[0.071s] [ 75%] Built target boids__rosidl_typesupport_introspection_c
[0.083s] [ 75%] Built target boids
[0.099s] [ 77%] Built target boids__py
[0.109s] [35m[1mConsolidate compiler generated dependencies of target boids__rosidl_generator_py[0m
[0.123s] [ 85%] Built target boids__rosidl_generator_py
[0.131s] [35m[1mConsolidate compiler generated dependencies of target boids__rosidl_typesupport_c__pyext[0m
[0.131s] [35m[1mConsolidate compiler generated dependencies of target boids__rosidl_typesupport_introspection_c__pyext[0m
[0.132s] [35m[1mConsolidate compiler generated dependencies of target boids__rosidl_typesupport_fastrtps_c__pyext[0m
[0.143s] [ 91%] Built target boids__rosidl_typesupport_c__pyext
[0.143s] [ 91%] Built target boids__rosidl_typesupport_introspection_c__pyext
[0.143s] [ 95%] Built target boids__rosidl_typesupport_fastrtps_c__pyext
[0.195s] running egg_info
[0.206s] writing boids.egg-info/PKG-INFO
[0.207s] writing dependency_links to boids.egg-info/dependency_links.txt
[0.207s] writing top-level names to boids.egg-info/top_level.txt
[0.238s] reading manifest file 'boids.egg-info/SOURCES.txt'
[0.239s] writing manifest file 'boids.egg-info/SOURCES.txt'
[0.268s] [ 95%] Built target ament_cmake_python_build_boids_egg
[2.167s] In file included from [01m[K/home/fourdds/ros2_ws/src/boids/src/base_station.cpp:1[m[K:
[2.167s] [01m[K/home/fourdds/ros2_ws/src/boids/src/base_station.hpp:51:38:[m[K [01;31m[Kerror: [m[Kâ€˜[01m[KSwarmOptions[m[Kâ€™ is not a member of â€˜[01m[Kboids::msg[m[Kâ€™
[2.167s]    51 |     rclcpp::Subscription<boids::msg::[01;31m[KSwarmOptions[m[K>::SharedPtr swarmOptionsSubscription;
[2.167s]       |                                      [01;31m[K^~~~~~~~~~~~[m[K
[2.167s] [01m[K/home/fourdds/ros2_ws/src/boids/src/base_station.hpp:51:50:[m[K [01;31m[Kerror: [m[Ktemplate argument 1 is invalid
[2.167s]    51 |     rclcpp::Subscription<boids::msg::SwarmOptions[01;31m[K>[m[K::SharedPtr swarmOptionsSubscription;
[2.167s]       |                                                  [01;31m[K^[m[K
[2.167s] [01m[K/home/fourdds/ros2_ws/src/boids/src/base_station.hpp:51:50:[m[K [01;31m[Kerror: [m[Ktemplate argument 3 is invalid
[2.167s] [01m[K/home/fourdds/ros2_ws/src/boids/src/base_station.hpp:51:50:[m[K [01;31m[Kerror: [m[Ktemplate argument 4 is invalid
[2.167s] [01m[K/home/fourdds/ros2_ws/src/boids/src/base_station.hpp:51:50:[m[K [01;31m[Kerror: [m[Ktemplate argument 5 is invalid
[2.167s] [01m[K/home/fourdds/ros2_ws/src/boids/src/base_station.hpp:51:53:[m[K [01;31m[Kerror: [m[Kexpected â€˜[01m[K;[m[Kâ€™ at end of member declaration
[2.167s]    51 |     rclcpp::Subscription<boids::msg::SwarmOptions>::[01;31m[KSharedPtr[m[K swarmOptionsSubscription;
[2.167s]       |                                                     [01;31m[K^~~~~~~~~[m[K
[2.167s]       |                                                              [32m[K;[m[K
[2.170s] [01m[K/home/fourdds/ros2_ws/src/boids/src/base_station.hpp:51:63:[m[K [01;31m[Kerror: [m[Kâ€˜[01m[KswarmOptionsSubscription[m[Kâ€™ does not name a type
[2.170s]    51 |     rclcpp::Subscription<boids::msg::SwarmOptions>::SharedPtr [01;31m[KswarmOptionsSubscription[m[K;
[2.170s]       |                                                               [01;31m[K^~~~~~~~~~~~~~~~~~~~~~~~[m[K
[2.505s] In file included from [01m[K/home/fourdds/ros2_ws/src/boids/src/main.cpp:2[m[K:
[2.505s] [01m[K/home/fourdds/ros2_ws/src/boids/src/base_station.hpp:51:38:[m[K [01;31m[Kerror: [m[Kâ€˜[01m[KSwarmOptions[m[Kâ€™ is not a member of â€˜[01m[Kboids::msg[m[Kâ€™
[2.505s]    51 |     rclcpp::Subscription<boids::msg::[01;31m[KSwarmOptions[m[K>::SharedPtr swarmOptionsSubscription;
[2.505s]       |                                      [01;31m[K^~~~~~~~~~~~[m[K
[2.505s] [01m[K/home/fourdds/ros2_ws/src/boids/src/base_station.hpp:51:50:[m[K [01;31m[Kerror: [m[Ktemplate argument 1 is invalid
[2.505s]    51 |     rclcpp::Subscription<boids::msg::SwarmOptions[01;31m[K>[m[K::SharedPtr swarmOptionsSubscription;
[2.505s]       |                                                  [01;31m[K^[m[K
[2.505s] [01m[K/home/fourdds/ros2_ws/src/boids/src/base_station.hpp:51:50:[m[K [01;31m[Kerror: [m[Ktemplate argument 3 is invalid
[2.505s] [01m[K/home/fourdds/ros2_ws/src/boids/src/base_station.hpp:51:50:[m[K [01;31m[Kerror: [m[Ktemplate argument 4 is invalid
[2.505s] [01m[K/home/fourdds/ros2_ws/src/boids/src/base_station.hpp:51:50:[m[K [01;31m[Kerror: [m[Ktemplate argument 5 is invalid
[2.505s] [01m[K/home/fourdds/ros2_ws/src/boids/src/base_station.hpp:51:53:[m[K [01;31m[Kerror: [m[Kexpected â€˜[01m[K;[m[Kâ€™ at end of member declaration
[2.505s]    51 |     rclcpp::Subscription<boids::msg::SwarmOptions>::[01;31m[KSharedPtr[m[K swarmOptionsSubscription;
[2.505s]       |                                                     [01;31m[K^~~~~~~~~[m[K
[2.506s]       |                                                              [32m[K;[m[K
[2.508s] [01m[K/home/fourdds/ros2_ws/src/boids/src/base_station.hpp:51:63:[m[K [01;31m[Kerror: [m[Kâ€˜[01m[KswarmOptionsSubscription[m[Kâ€™ does not name a type
[2.508s]    51 |     rclcpp::Subscription<boids::msg::SwarmOptions>::SharedPtr [01;31m[KswarmOptionsSubscription[m[K;
[2.508s]       |                                                               [01;31m[K^~~~~~~~~~~~~~~~~~~~~~~~[m[K
[2.993s] gmake[2]: *** [CMakeFiles/swarm_spawner.dir/build.make:104: CMakeFiles/swarm_spawner.dir/src/main.cpp.o] Error 1
[2.993s] gmake[2]: *** Waiting for unfinished jobs....
[4.436s] gmake[2]: *** [CMakeFiles/swarm_spawner.dir/build.make:90: CMakeFiles/swarm_spawner.dir/src/base_station.cpp.o] Error 1
[4.437s] gmake[1]: *** [CMakeFiles/Makefile2:620: CMakeFiles/swarm_spawner.dir/all] Error 2
[4.437s] gmake: *** [Makefile:146: all] Error 2
[4.439s] Invoked command in '/home/fourdds/ros2_ws/build/boids' returned '2': CMAKE_PREFIX_PATH=/home/fourdds/ros2_ws/install/px4_msgs:/home/fourdds/ros2_ws/install/px4_ros_com:/home/fourdds/ros2_ws/install/boids:/opt/ros/humble LD_LIBRARY_PATH=/home/fourdds/ros2_ws/install/px4_msgs/lib:/home/fourdds/ros2_ws/install/px4_ros_com/lib:/home/fourdds/ros2_ws/install/boids/lib:/usr/lib/x86_64-linux-gnu/gazebo-11/plugins:/opt/ros/humble/opt/rviz_ogre_vendor/lib:/opt/ros/humble/lib/x86_64-linux-gnu:/opt/ros/humble/lib /usr/bin/cmake --build /home/fourdds/ros2_ws/build/boids -- -j24 -l24
