[35m[1mConsolidate compiler generated dependencies of target gazebo_ros_gps_sensor[0m
[35m[1mConsolidate compiler generated dependencies of target gazebo_ros_video[0m
[  2%] Built target gazebo_ros_force
[  4%] Built target gazebo_ros_joint_state_publisher
[  6%] Built target multi_camera_plugin
[  9%] Built target gazebo_ros_template
[ 13%] Built target gazebo_ros_imu_sensor
[ 13%] Built target gazebo_ros_ft_sensor
[ 16%] [32mBuilding CXX object CMakeFiles/gazebo_ros_harness.dir/src/gazebo_ros_harness.cpp.o[0m
[ 16%] [32mBuilding CXX object CMakeFiles/gazebo_ros_ray_sensor.dir/src/gazebo_ros_ray_sensor.cpp.o[0m
[ 18%] Built target gazebo_ros_bumper
[ 22%] Built target gazebo_ros_diff_drive
[ 22%] [32mBuilding CXX object CMakeFiles/gazebo_ros_ackermann_drive.dir/src/gazebo_ros_ackermann_drive.cpp.o[0m
[ 24%] Built target gazebo_ros_p3d
[ 27%] Built target gazebo_ros_tricycle_drive
[ 29%] Built target gazebo_ros_hand_of_god
[ 31%] Built target gazebo_ros_gps_sensor
[35m[1mConsolidate compiler generated dependencies of target gazebo_ros_joint_pose_trajectory[0m
[ 33%] Built target gtest_main
[ 36%] Built target gazebo_ros_elevator
[ 38%] Built target gazebo_ros_video
[ 40%] Built target gtest
[ 43%] Built target gazebo_ros_vacuum_gripper
[ 45%] Built target gazebo_ros_planar_move
[ 47%] Built target gazebo_ros_projector
[ 48%] [32mBuilding CXX object CMakeFiles/gazebo_ros_wheel_slip.dir/src/gazebo_ros_wheel_slip.cpp.o[0m
[ 50%] [32mBuilding CXX object CMakeFiles/gazebo_ros_camera.dir/src/gazebo_ros_camera.cpp.o[0m
[ 52%] Built target gazebo_ros_joint_pose_trajectory
[35m[1mConsolidate compiler generated dependencies of target test_gazebo_ros_ft_sensor[0m
[35m[1mConsolidate compiler generated dependencies of target test_gazebo_ros_gps_sensor[0m
[ 55%] Built target test_gazebo_ros_elevator
[ 56%] Built target test_gazebo_ros_ackermann_drive
[ 59%] Built target test_gazebo_ros_harness
[ 61%] Built target test_gazebo_ros_bumper
[ 63%] Built target test_gazebo_ros_diff_drive
[ 66%] Built target test_gazebo_ros_hand_of_god
[ 68%] Built target test_gazebo_ros_force
[ 70%] Built target test_gazebo_ros_imu_sensor
[35m[1mConsolidate compiler generated dependencies of target test_gazebo_ros_wheelslip[0m
[ 73%] Built target test_gazebo_ros_joint_pose_trajectory
[ 75%] Built target test_gazebo_ros_ft_sensor
[ 77%] Built target test_gazebo_ros_gps_sensor
[ 83%] [32mBuilding CXX object test/CMakeFiles/test_gazebo_ros_joint_state_publisher.dir/test_gazebo_ros_joint_state_publisher.cpp.o[0m
[ 83%] [32mBuilding CXX object test/CMakeFiles/test_gazebo_ros_ray_sensor.dir/test_gazebo_ros_ray_sensor.cpp.o[0m
[ 84%] Built target test_gazebo_ros_vacuum_gripper
[ 84%] Built target test_gazebo_ros_p3d
[ 87%] Built target test_gazebo_ros_planar_move
[ 89%] Built target test_gazebo_ros_tricycle_drive
[ 91%] Built target test_gazebo_ros_wheelslip
[01m[Kc++:[m[K [01;31m[Kfatal error: [m[KKilled signal terminated program cc1plus
compilation terminated.
gmake[2]: *** [CMakeFiles/gazebo_ros_ackermann_drive.dir/build.make:76: CMakeFiles/gazebo_ros_ackermann_drive.dir/src/gazebo_ros_ackermann_drive.cpp.o] Error 1
gmake[1]: *** [CMakeFiles/Makefile2:666: CMakeFiles/gazebo_ros_ackermann_drive.dir/all] Error 2
gmake[1]: *** Waiting for unfinished jobs....
[ 93%] [32m[1mLinking CXX shared library libgazebo_ros_ray_sensor.so[0m
[ 93%] Built target gazebo_ros_ray_sensor
[ 94%] [32m[1mLinking CXX shared library libgazebo_ros_harness.so[0m
[ 94%] Built target gazebo_ros_harness
[ 95%] [32m[1mLinking CXX shared library libgazebo_ros_wheel_slip.so[0m
[ 95%] Built target gazebo_ros_wheel_slip
[ 96%] [32m[1mLinking CXX executable test_gazebo_ros_joint_state_publisher[0m
[ 96%] Built target test_gazebo_ros_joint_state_publisher
[ 97%] [32m[1mLinking CXX shared library libgazebo_ros_camera.so[0m
[ 97%] Built target gazebo_ros_camera
[ 98%] [32m[1mLinking CXX executable test_gazebo_ros_ray_sensor[0m
[ 98%] Built target test_gazebo_ros_ray_sensor
gmake: *** [Makefile:146: all] Error 2
