In file included from [01m[K/home/fourdds/ros2_ws/src/obstacle_avoidance/src/ObstacleAvoidance.cpp:1[m[K:
[01m[K/home/fourdds/ros2_ws/src/obstacle_avoidance/include/obstacle_avoidance/ObstacleAvoidance.hpp:7:10:[m[K [01;31m[Kfatal error: [m[KEigen/Dense: No such file or directory
    7 | #include [01;31m[K<Eigen/Dense>[m[K
      |          [01;31m[K^~~~~~~~~~~~~[m[K
compilation terminated.
gmake[2]: *** [CMakeFiles/ObstacleAvoidance.dir/build.make:76: CMakeFiles/ObstacleAvoidance.dir/src/ObstacleAvoidance.cpp.o] Error 1
gmake[1]: *** [CMakeFiles/Makefile2:137: CMakeFiles/ObstacleAvoidance.dir/all] Error 2
gmake: *** [Makefile:146: all] Error 2
