[0.007s] Invoking command in '/home/fourdds/ros2_ws/build/obstacle_avoidance': CMAKE_PREFIX_PATH=${CMAKE_PREFIX_PATH}:/opt/ros/humble /usr/bin/cmake --build /home/fourdds/ros2_ws/build/obstacle_avoidance -- -j24 -l24
[0.018s] -- Found ament_cmake: 1.3.8 (/opt/ros/humble/share/ament_cmake/cmake)
[0.084s] -- Found sensor_msgs: 4.2.3 (/opt/ros/humble/share/sensor_msgs/cmake)
[0.095s] -- Found rosidl_generator_c: 3.1.5 (/opt/ros/humble/share/rosidl_generator_c/cmake)
[0.097s] -- Found rosidl_adapter: 3.1.5 (/opt/ros/humble/share/rosidl_adapter/cmake)
[0.100s] -- Found rosidl_generator_cpp: 3.1.5 (/opt/ros/humble/share/rosidl_generator_cpp/cmake)
[0.105s] -- Using all available rosidl_typesupport_c: rosidl_typesupport_fastrtps_c;rosidl_typesupport_introspection_c
[0.113s] -- Using all available rosidl_typesupport_cpp: rosidl_typesupport_fastrtps_cpp;rosidl_typesupport_introspection_cpp
[0.219s] -- Found parameters: 0.0.0 (/home/fourdds/ros2_ws/install/parameters/share/parameters/cmake)
[0.219s] -- Found rclcpp: 16.0.8 (/opt/ros/humble/share/rclcpp/cmake)
[0.252s] -- Found rmw_implementation_cmake: 6.1.1 (/opt/ros/humble/share/rmw_implementation_cmake/cmake)
[0.252s] -- Found rmw_fastrtps_cpp: 6.2.6 (/opt/ros/humble/share/rmw_fastrtps_cpp/cmake)
[0.304s] -- Using RMW implementation 'rmw_fastrtps_cpp' as default
[0.370s] -- Found ament_lint_auto: 0.12.10 (/opt/ros/humble/share/ament_lint_auto/cmake)
[0.406s] -- Added test 'cppcheck' to perform static code analysis on C / C++ code
[0.406s] -- Configured cppcheck include dirs: $<BUILD_INTERFACE:/home/fourdds/ros2_ws/src/obstacle_avoidance/include>
[0.406s] -- Configured cppcheck exclude dirs and/or files: 
[0.406s] -- Added test 'lint_cmake' to check CMake code style
[0.406s] -- Added test 'uncrustify' to check C / C++ code style
[0.406s] -- Configured uncrustify additional arguments: 
[0.406s] -- Added test 'xmllint' to check XML markup files
[0.407s] -- Configuring done
[0.412s] -- Generating done
[0.412s] -- Build files have been written to: /home/fourdds/ros2_ws/build/obstacle_avoidance
[0.424s] [35m[1mConsolidate compiler generated dependencies of target ObstacleAvoidance[0m
[0.432s] [ 50%] [32mBuilding CXX object CMakeFiles/ObstacleAvoidance.dir/src/ObstacleAvoidance.cpp.o[0m
[0.517s] In file included from [01m[K/home/fourdds/ros2_ws/src/obstacle_avoidance/src/ObstacleAvoidance.cpp:1[m[K:
[0.517s] [01m[K/home/fourdds/ros2_ws/src/obstacle_avoidance/include/obstacle_avoidance/ObstacleAvoidance.hpp:7:10:[m[K [01;31m[Kfatal error: [m[KEigen/Dense: No such file or directory
[0.517s]     7 | #include [01;31m[K<Eigen/Dense>[m[K
[0.517s]       |          [01;31m[K^~~~~~~~~~~~~[m[K
[0.517s] compilation terminated.
[0.520s] gmake[2]: *** [CMakeFiles/ObstacleAvoidance.dir/build.make:76: CMakeFiles/ObstacleAvoidance.dir/src/ObstacleAvoidance.cpp.o] Error 1
[0.521s] gmake[1]: *** [CMakeFiles/Makefile2:137: CMakeFiles/ObstacleAvoidance.dir/all] Error 2
[0.521s] gmake: *** [Makefile:146: all] Error 2
[0.522s] Invoked command in '/home/fourdds/ros2_ws/build/obstacle_avoidance' returned '2': CMAKE_PREFIX_PATH=${CMAKE_PREFIX_PATH}:/opt/ros/humble /usr/bin/cmake --build /home/fourdds/ros2_ws/build/obstacle_avoidance -- -j24 -l24
