[01m[K/home/fourdds/ros2_ws/src/drone/src/main.cpp:[m[K In function â€˜[01m[Kint main(int, char**)[m[Kâ€™:
[01m[K/home/fourdds/ros2_ws/src/drone/src/main.cpp:14:40:[m[K [01;31m[Kerror: [m[Ktoo few arguments to function â€˜[01m[Kfdds::Parameters fdds::loadOptions(bool)[m[Kâ€™
   14 |     auto parameters = [01;31m[Kfdds::loadOptions()[m[K;
      |                       [01;31m[K~~~~~~~~~~~~~~~~~^~[m[K
In file included from [01m[K/home/fourdds/ros2_ws/src/drone/include/drone/Drone.hpp:10[m[K,
                 from [01m[K/home/fourdds/ros2_ws/src/drone/src/main.cpp:1[m[K:
[01m[K/home/fourdds/ros2_ws/install/parameters/include/parameters/Parameters.hpp:41:23:[m[K [01;36m[Knote: [m[Kdeclared here
   41 |     inline Parameters [01;36m[KloadOptions[m[K(bool verbose)
      |                       [01;36m[K^~~~~~~~~~~[m[K
[01m[K/home/fourdds/ros2_ws/src/drone/src/main.cpp:27:52:[m[K [01;31m[Kerror: [m[Kâ€˜[01m[KSwarm[m[Kâ€™ was not declared in this scope
   27 |                 const auto node = std::make_shared<[01;31m[KSwarm[m[K::UavNode>(node_id, options);
      |                                                    [01;31m[K^~~~~[m[K
[01m[K/home/fourdds/ros2_ws/src/drone/src/main.cpp:27:40:[m[K [01;31m[Kerror: [m[Kparse error in template argument list
   27 |                 const auto node = std::[01;31m[Kmake_shared<Swarm::UavNode>[m[K(node_id, options);
      |                                        [01;31m[K^~~~~~~~~~~~~~~~~~~~~~~~~~~[m[K
[01m[K/home/fourdds/ros2_ws/src/drone/src/main.cpp:27:77:[m[K [01;31m[Kerror: [m[Kâ€˜[01m[Koptions[m[Kâ€™ was not declared in this scope; did you mean â€˜[01m[KOptions[m[Kâ€™?
   27 |                 const auto node = std::make_shared<Swarm::UavNode>(node_id, [01;31m[Koptions[m[K);
      |                                                                             [01;31m[K^~~~~~~[m[K
      |                                                                             [32m[KOptions[m[K
[01m[K/home/fourdds/ros2_ws/src/drone/src/Drone.cpp:[m[K In member function â€˜[01m[Kvoid fdds::Drone::flockingLogic()[m[Kâ€™:
[01m[K/home/fourdds/ros2_ws/src/drone/src/Drone.cpp:181:40:[m[K [01;35m[Kwarning: [m[Knarrowing conversion of â€˜[01m[K((fdds::Drone*)this)->fdds::Drone::yawRadians[m[Kâ€™ from â€˜[01m[Kdouble[m[Kâ€™ to â€˜[01m[KEigen::Rotation2D<float>::Scalar[m[Kâ€™ {aka â€˜[01m[Kfloat[m[Kâ€™} [[01;35m[K]8;;https://gcc.gnu.org/onlinedocs/gcc/Warning-Options.html#index-Wnarrowing-Wnarrowing]8;;[m[K]
  181 |     Eigen::Rotation2Df rotation_matrix{[01;35m[KyawRadians[m[K};
      |                                        [01;35m[K^~~~~~~~~~[m[K
gmake[2]: *** [CMakeFiles/Drone.dir/build.make:90: CMakeFiles/Drone.dir/src/main.cpp.o] Error 1
gmake[2]: *** Waiting for unfinished jobs....
gmake[1]: *** [CMakeFiles/Makefile2:137: CMakeFiles/Drone.dir/all] Error 2
gmake: *** [Makefile:146: all] Error 2
