[0.007s] Invoking command in '/home/fourdds/ros2_ws/build/drone': CMAKE_PREFIX_PATH=${CMAKE_PREFIX_PATH}:/home/fourdds/ws/install/opencv_tests:/opt/ros/humble /usr/bin/cmake --build /home/fourdds/ros2_ws/build/drone -- -j24 -l24
[0.020s] -- Found ament_cmake: 1.3.8 (/opt/ros/humble/share/ament_cmake/cmake)
[0.089s] -- Found builtin_interfaces: 1.2.1 (/opt/ros/humble/share/builtin_interfaces/cmake)
[0.102s] -- Found rosidl_generator_c: 3.1.5 (/opt/ros/humble/share/rosidl_generator_c/cmake)
[0.103s] -- Found rosidl_adapter: 3.1.5 (/opt/ros/humble/share/rosidl_adapter/cmake)
[0.106s] -- Found rosidl_generator_cpp: 3.1.5 (/opt/ros/humble/share/rosidl_generator_cpp/cmake)
[0.112s] -- Using all available rosidl_typesupport_c: rosidl_typesupport_fastrtps_c;rosidl_typesupport_introspection_c
[0.120s] -- Using all available rosidl_typesupport_cpp: rosidl_typesupport_fastrtps_cpp;rosidl_typesupport_introspection_cpp
[0.128s] -- Found eigen3_cmake_module: 0.1.1 (/opt/ros/humble/share/eigen3_cmake_module/cmake)
[0.129s] -- Found px4_msgs: 2.0.1 (/home/fourdds/ros2_ws/install/px4_msgs/share/px4_msgs/cmake)
[0.145s] -- Found rclcpp: 16.0.8 (/opt/ros/humble/share/rclcpp/cmake)
[0.168s] -- Found rmw_implementation_cmake: 6.1.1 (/opt/ros/humble/share/rmw_implementation_cmake/cmake)
[0.169s] -- Found rmw_fastrtps_cpp: 6.2.6 (/opt/ros/humble/share/rmw_fastrtps_cpp/cmake)
[0.229s] -- Using RMW implementation 'rmw_fastrtps_cpp' as default
[0.308s] -- Found sensor_msgs: 4.2.3 (/opt/ros/humble/share/sensor_msgs/cmake)
[0.376s] -- Found obstacle_avoidance: 0.0.0 (/home/fourdds/ros2_ws/install/obstacle_avoidance/share/obstacle_avoidance/cmake)
[0.376s] -- Found target_detection: 0.0.0 (/home/fourdds/ros2_ws/install/target_detection/share/target_detection/cmake)
[0.377s] -- Found parameters: 0.0.0 (/home/fourdds/ros2_ws/install/parameters/share/parameters/cmake)
[0.377s] -- Found fdds_messages: 0.0.0 (/home/fourdds/ros2_ws/install/fdds_messages/share/fdds_messages/cmake)
[0.387s] -- Found ament_lint_auto: 0.12.10 (/opt/ros/humble/share/ament_lint_auto/cmake)
[0.426s] -- Added test 'cppcheck' to perform static code analysis on C / C++ code
[0.426s] -- Configured cppcheck include dirs: $<BUILD_INTERFACE:/home/fourdds/ros2_ws/src/drone/include>
[0.426s] -- Configured cppcheck exclude dirs and/or files: 
[0.426s] -- Added test 'lint_cmake' to check CMake code style
[0.427s] -- Added test 'uncrustify' to check C / C++ code style
[0.427s] -- Configured uncrustify additional arguments: 
[0.427s] -- Added test 'xmllint' to check XML markup files
[0.427s] -- Configuring done
[0.434s] -- Generating done
[0.435s] -- Build files have been written to: /home/fourdds/ros2_ws/build/drone
[0.449s] [35m[1mConsolidate compiler generated dependencies of target Drone[0m
[0.458s] [ 33%] [32mBuilding CXX object CMakeFiles/Drone.dir/src/Drone.cpp.o[0m
[0.459s] [ 66%] [32mBuilding CXX object CMakeFiles/Drone.dir/src/main.cpp.o[0m
[2.620s] [01m[K/home/fourdds/ros2_ws/src/drone/src/main.cpp:[m[K In function â€˜[01m[Kint main(int, char**)[m[Kâ€™:
[2.620s] [01m[K/home/fourdds/ros2_ws/src/drone/src/main.cpp:14:40:[m[K [01;31m[Kerror: [m[Ktoo few arguments to function â€˜[01m[Kfdds::Parameters fdds::loadOptions(bool)[m[Kâ€™
[2.620s]    14 |     auto parameters = [01;31m[Kfdds::loadOptions()[m[K;
[2.620s]       |                       [01;31m[K~~~~~~~~~~~~~~~~~^~[m[K
[2.620s] In file included from [01m[K/home/fourdds/ros2_ws/src/drone/include/drone/Drone.hpp:10[m[K,
[2.620s]                  from [01m[K/home/fourdds/ros2_ws/src/drone/src/main.cpp:1[m[K:
[2.620s] [01m[K/home/fourdds/ros2_ws/install/parameters/include/parameters/Parameters.hpp:41:23:[m[K [01;36m[Knote: [m[Kdeclared here
[2.620s]    41 |     inline Parameters [01;36m[KloadOptions[m[K(bool verbose)
[2.620s]       |                       [01;36m[K^~~~~~~~~~~[m[K
[2.625s] [01m[K/home/fourdds/ros2_ws/src/drone/src/main.cpp:27:52:[m[K [01;31m[Kerror: [m[Kâ€˜[01m[KSwarm[m[Kâ€™ was not declared in this scope
[2.625s]    27 |                 const auto node = std::make_shared<[01;31m[KSwarm[m[K::UavNode>(node_id, options);
[2.625s]       |                                                    [01;31m[K^~~~~[m[K
[2.625s] [01m[K/home/fourdds/ros2_ws/src/drone/src/main.cpp:27:40:[m[K [01;31m[Kerror: [m[Kparse error in template argument list
[2.625s]    27 |                 const auto node = std::[01;31m[Kmake_shared<Swarm::UavNode>[m[K(node_id, options);
[2.625s]       |                                        [01;31m[K^~~~~~~~~~~~~~~~~~~~~~~~~~~[m[K
[2.628s] [01m[K/home/fourdds/ros2_ws/src/drone/src/main.cpp:27:77:[m[K [01;31m[Kerror: [m[Kâ€˜[01m[Koptions[m[Kâ€™ was not declared in this scope; did you mean â€˜[01m[KOptions[m[Kâ€™?
[2.628s]    27 |                 const auto node = std::make_shared<Swarm::UavNode>(node_id, [01;31m[Koptions[m[K);
[2.628s]       |                                                                             [01;31m[K^~~~~~~[m[K
[2.628s]       |                                                                             [32m[KOptions[m[K
[2.642s] [01m[K/home/fourdds/ros2_ws/src/drone/src/Drone.cpp:[m[K In member function â€˜[01m[Kvoid fdds::Drone::flockingLogic()[m[Kâ€™:
[2.642s] [01m[K/home/fourdds/ros2_ws/src/drone/src/Drone.cpp:181:40:[m[K [01;35m[Kwarning: [m[Knarrowing conversion of â€˜[01m[K((fdds::Drone*)this)->fdds::Drone::yawRadians[m[Kâ€™ from â€˜[01m[Kdouble[m[Kâ€™ to â€˜[01m[KEigen::Rotation2D<float>::Scalar[m[Kâ€™ {aka â€˜[01m[Kfloat[m[Kâ€™} [[01;35m[K]8;;https://gcc.gnu.org/onlinedocs/gcc/Warning-Options.html#index-Wnarrowing-Wnarrowing]8;;[m[K]
[2.642s]   181 |     Eigen::Rotation2Df rotation_matrix{[01;35m[KyawRadians[m[K};
[2.642s]       |                                        [01;35m[K^~~~~~~~~~[m[K
[4.605s] gmake[2]: *** [CMakeFiles/Drone.dir/build.make:90: CMakeFiles/Drone.dir/src/main.cpp.o] Error 1
[4.605s] gmake[2]: *** Waiting for unfinished jobs....
[13.199s] gmake[1]: *** [CMakeFiles/Makefile2:137: CMakeFiles/Drone.dir/all] Error 2
[13.200s] gmake: *** [Makefile:146: all] Error 2
[13.201s] Invoked command in '/home/fourdds/ros2_ws/build/drone' returned '2': CMAKE_PREFIX_PATH=${CMAKE_PREFIX_PATH}:/home/fourdds/ws/install/opencv_tests:/opt/ros/humble /usr/bin/cmake --build /home/fourdds/ros2_ws/build/drone -- -j24 -l24
