[0.007s] Invoking command in '/home/fourdds/ros2_ws/build/boids': CMAKE_PREFIX_PATH=/home/fourdds/ros2_ws/install/px4_msgs:/home/fourdds/ros2_ws/install/px4_ros_com:/home/fourdds/ros2_ws/install/boids:/opt/ros/humble LD_LIBRARY_PATH=/home/fourdds/ros2_ws/install/px4_msgs/lib:/home/fourdds/ros2_ws/install/px4_ros_com/lib:/home/fourdds/ros2_ws/install/boids/lib:/usr/lib/x86_64-linux-gnu/gazebo-11/plugins:/opt/ros/humble/opt/rviz_ogre_vendor/lib:/opt/ros/humble/lib/x86_64-linux-gnu:/opt/ros/humble/lib /usr/bin/cmake --build /home/fourdds/ros2_ws/build/boids -- -j24 -l24
[0.018s] -- Found ament_cmake: 1.3.8 (/opt/ros/humble/share/ament_cmake/cmake)
[0.080s] -- Found builtin_interfaces: 1.2.1 (/opt/ros/humble/share/builtin_interfaces/cmake)
[0.092s] -- Found rosidl_generator_c: 3.1.5 (/opt/ros/humble/share/rosidl_generator_c/cmake)
[0.093s] -- Found rosidl_adapter: 3.1.5 (/opt/ros/humble/share/rosidl_adapter/cmake)
[0.096s] -- Found rosidl_generator_cpp: 3.1.5 (/opt/ros/humble/share/rosidl_generator_cpp/cmake)
[0.102s] -- Using all available rosidl_typesupport_c: rosidl_typesupport_fastrtps_c;rosidl_typesupport_introspection_c
[0.110s] -- Using all available rosidl_typesupport_cpp: rosidl_typesupport_fastrtps_cpp;rosidl_typesupport_introspection_cpp
[0.117s] -- Found eigen3_cmake_module: 0.1.1 (/opt/ros/humble/share/eigen3_cmake_module/cmake)
[0.117s] -- Found geometry_msgs: 4.2.3 (/opt/ros/humble/share/geometry_msgs/cmake)
[0.164s] -- Found px4_msgs: 2.0.1 (/home/fourdds/ros2_ws/install/px4_msgs/share/px4_msgs/cmake)
[0.180s] -- Found rclcpp: 16.0.8 (/opt/ros/humble/share/rclcpp/cmake)
[0.205s] -- Found rmw_implementation_cmake: 6.1.1 (/opt/ros/humble/share/rmw_implementation_cmake/cmake)
[0.206s] -- Found rmw_fastrtps_cpp: 6.2.6 (/opt/ros/humble/share/rmw_fastrtps_cpp/cmake)
[0.260s] -- Using RMW implementation 'rmw_fastrtps_cpp' as default
[0.323s] -- Found sensor_msgs: 4.2.3 (/opt/ros/humble/share/sensor_msgs/cmake)
[0.367s] -- Found rclpy: 3.3.12 (/opt/ros/humble/share/rclpy/cmake)
[0.367s] -- Found boids: 0.0.0 (/home/fourdds/ros2_ws/install/boids/share/boids/cmake)
[0.392s] -- Found rosidl_default_generators: 1.2.0 (/opt/ros/humble/share/rosidl_default_generators/cmake)
[0.518s] -- Found ament_cmake_ros: 0.10.0 (/opt/ros/humble/share/ament_cmake_ros/cmake)
[0.687s] -- Using all available rosidl_typesupport_c: rosidl_typesupport_fastrtps_c;rosidl_typesupport_introspection_c
[0.745s] -- Using all available rosidl_typesupport_cpp: rosidl_typesupport_fastrtps_cpp;rosidl_typesupport_introspection_cpp
[0.756s] -- Found python_cmake_module: 0.10.0 (/opt/ros/humble/share/python_cmake_module/cmake)
[0.768s] -- Using PYTHON_EXECUTABLE: /usr/bin/python3
[0.768s] -- Using PYTHON_INCLUDE_DIRS: /usr/include/python3.10
[0.768s] -- Using PYTHON_LIBRARIES: /usr/lib/x86_64-linux-gnu/libpython3.10.so
[0.775s] -- Found ament_lint_auto: 0.12.10 (/opt/ros/humble/share/ament_lint_auto/cmake)
[0.780s] -- Added test 'copyright' to check source files copyright and LICENSE
[0.780s] -- Added test 'cppcheck' to perform static code analysis on C / C++ code
[0.780s] -- Configured cppcheck include dirs: /home/fourdds/ros2_ws/src/boids/include;$<BUILD_INTERFACE:/home/fourdds/ros2_ws/src/boids/include/boids>
[0.780s] -- Configured cppcheck exclude dirs and/or files: 
[0.781s] -- Added test 'cpplint' to check C / C++ code against the Google style
[0.781s] -- Configured cpplint exclude dirs and/or files: 
[0.782s] -- Added test 'flake8' to check Python code syntax and style conventions
[0.782s] -- Added test 'lint_cmake' to check CMake code style
[0.782s] -- Added test 'pep257' to check Python code against some of the docstring style conventions in PEP 257
[0.783s] -- Added test 'uncrustify' to check C / C++ code style
[0.783s] -- Configured uncrustify additional arguments: 
[0.784s] -- Added test 'xmllint' to check XML markup files
[0.784s] -- Configuring done
[0.801s] -- Generating done
[0.803s] -- Build files have been written to: /home/fourdds/ros2_ws/build/boids
[0.817s] [35m[1mConsolidate compiler generated dependencies of target boids__rosidl_generator_c[0m
[0.817s] [35m[1mConsolidate compiler generated dependencies of target frame_transforms[0m
[0.818s] [35m[1mConsolidate compiler generated dependencies of target swarm_spawner[0m
[0.820s] [  2%] Built target boids__cpp
[0.821s] [ 10%] Built target boids__rosidl_generator_c
[0.824s] [ 13%] [32mBuilding CXX object CMakeFiles/frame_transforms.dir/src/lib/frame_transforms.cpp.o[0m
[0.825s] [ 13%] Built target ament_cmake_python_copy_boids
[0.825s] [35m[1mConsolidate compiler generated dependencies of target boids__rosidl_typesupport_cpp[0m
[0.826s] [35m[1mConsolidate compiler generated dependencies of target boids__rosidl_typesupport_fastrtps_cpp[0m
[0.826s] [35m[1mConsolidate compiler generated dependencies of target boids__rosidl_typesupport_introspection_cpp[0m
[0.826s] [01m[Kc++:[m[K [01;31m[Kerror: [m[Kunrecognized command-line option â€˜[01m[K-Wno-catch-value=[m[Kâ€™; did you mean â€˜[01m[K-Wno-catch-value[m[Kâ€™?
[0.827s] gmake[2]: *** [CMakeFiles/frame_transforms.dir/build.make:76: CMakeFiles/frame_transforms.dir/src/lib/frame_transforms.cpp.o] Error 1
[0.827s] gmake[1]: *** [CMakeFiles/Makefile2:594: CMakeFiles/frame_transforms.dir/all] Error 2
[0.828s] gmake[1]: *** Waiting for unfinished jobs....
[0.829s] [ 15%] [32mBuilding CXX object CMakeFiles/swarm_spawner.dir/src/uav_node.cpp.o[0m
[0.830s] [35m[1mConsolidate compiler generated dependencies of target boids__rosidl_typesupport_introspection_c[0m
[0.830s] [35m[1mConsolidate compiler generated dependencies of target boids__rosidl_typesupport_fastrtps_c[0m
[0.830s] [ 17%] [32mBuilding CXX object CMakeFiles/swarm_spawner.dir/src/base_station.cpp.o[0m
[0.830s] [35m[1mConsolidate compiler generated dependencies of target boids__rosidl_typesupport_c[0m
[0.832s] [ 21%] [32mBuilding CXX object CMakeFiles/swarm_spawner.dir/src/main.cpp.o[0m
[0.832s] [ 21%] [32mBuilding CXX object CMakeFiles/boids__rosidl_typesupport_cpp.dir/rosidl_typesupport_cpp/boids/msg/geo_ping__type_support.cpp.o[0m
[0.833s] [ 23%] [32mBuilding CXX object CMakeFiles/boids__rosidl_typesupport_fastrtps_cpp.dir/rosidl_typesupport_fastrtps_cpp/boids/msg/detail/dds_fastrtps/geo_ping__type_support.cpp.o[0m
[0.834s] [01m[Kc++:[m[K [01;31m[Kerror: [m[Kunrecognized command-line option â€˜[01m[K-Wno-catch-value=[m[Kâ€™; did you mean â€˜[01m[K-Wno-catch-value[m[Kâ€™?
[0.834s] gmake[2]: *** [CMakeFiles/swarm_spawner.dir/build.make:76: CMakeFiles/swarm_spawner.dir/src/uav_node.cpp.o] Error 1
[0.834s] gmake[2]: *** Waiting for unfinished jobs....
[0.834s] [ 26%] [32mBuilding CXX object CMakeFiles/swarm_spawner.dir/src/yaml.cpp.o[0m
[0.834s] [ 28%] [32mBuilding CXX object CMakeFiles/boids__rosidl_typesupport_fastrtps_cpp.dir/rosidl_typesupport_fastrtps_cpp/boids/msg/detail/dds_fastrtps/flock_center_of_mass__type_support.cpp.o[0m
[0.834s] [ 30%] [32mBuilding CXX object CMakeFiles/boids__rosidl_typesupport_cpp.dir/rosidl_typesupport_cpp/boids/msg/flock_center_of_mass__type_support.cpp.o[0m
[0.835s] [01m[Kc++:[m[K [01;31m[Kerror: [m[Kunrecognized command-line option â€˜[01m[K-Wno-catch-value=[m[Kâ€™; did you mean â€˜[01m[K-Wno-catch-value[m[Kâ€™?
[0.835s] gmake[2]: *** [CMakeFiles/swarm_spawner.dir/build.make:90: CMakeFiles/swarm_spawner.dir/src/base_station.cpp.o] Error 1
[0.835s] [01m[Kc++:[m[K [01;31m[Kerror: [m[Kunrecognized command-line option â€˜[01m[K-Wno-catch-value=[m[Kâ€™; did you mean â€˜[01m[K-Wno-catch-value[m[Kâ€™?
[0.835s] gmake[2]: *** [CMakeFiles/swarm_spawner.dir/build.make:104: CMakeFiles/swarm_spawner.dir/src/main.cpp.o] Error 1
[0.835s] [ 39%] Built target boids__rosidl_typesupport_introspection_c
[0.836s] [ 47%] Built target boids__rosidl_typesupport_c
[0.836s] [ 50%] [32mBuilding CXX object CMakeFiles/boids__rosidl_typesupport_introspection_cpp.dir/rosidl_typesupport_introspection_cpp/boids/msg/detail/geo_ping__type_support.cpp.o[0m
[0.836s] [ 52%] [32mBuilding CXX object CMakeFiles/boids__rosidl_typesupport_introspection_cpp.dir/rosidl_typesupport_introspection_cpp/boids/msg/detail/flock_center_of_mass__type_support.cpp.o[0m
[0.836s] [01m[Kc++:[m[K [01;31m[Kerror: [m[Kunrecognized command-line option â€˜[01m[K-Wno-catch-value=[m[Kâ€™; did you mean â€˜[01m[K-Wno-catch-value[m[Kâ€™?
[0.837s] [01m[Kc++:[m[K [01;31m[Kerror: [m[Kunrecognized command-line option â€˜[01m[K-Wno-catch-value=[m[Kâ€™; did you mean â€˜[01m[K-Wno-catch-value[m[Kâ€™?
[0.837s] gmake[2]: *** [CMakeFiles/boids__rosidl_typesupport_cpp.dir/build.make:90: CMakeFiles/boids__rosidl_typesupport_cpp.dir/rosidl_typesupport_cpp/boids/msg/geo_ping__type_support.cpp.o] Error 1
[0.837s] gmake[2]: *** [CMakeFiles/boids__rosidl_typesupport_fastrtps_cpp.dir/build.make:112: CMakeFiles/boids__rosidl_typesupport_fastrtps_cpp.dir/rosidl_typesupport_fastrtps_cpp/boids/msg/detail/dds_fastrtps/flock_center_of_mass__type_support.cpp.o] Error 1
[0.837s] gmake[2]: *** Waiting for unfinished jobs....
[0.837s] gmake[2]: *** Waiting for unfinished jobs....
[0.837s] [ 54%] [32mBuilding CXX object CMakeFiles/boids__rosidl_typesupport_fastrtps_c.dir/rosidl_typesupport_fastrtps_c/boids/msg/detail/geo_ping__type_support_c.cpp.o[0m
[0.837s] [01m[Kc++:[m[K [01;31m[Kerror: [m[Kunrecognized command-line option â€˜[01m[K-Wno-catch-value=[m[Kâ€™; did you mean â€˜[01m[K-Wno-catch-value[m[Kâ€™?
[0.837s] gmake[2]: *** [CMakeFiles/boids__rosidl_typesupport_fastrtps_cpp.dir/build.make:98: CMakeFiles/boids__rosidl_typesupport_fastrtps_cpp.dir/rosidl_typesupport_fastrtps_cpp/boids/msg/detail/dds_fastrtps/geo_ping__type_support.cpp.o] Error 1
[0.837s] [01m[Kc++:[m[K [01;31m[Kerror: [m[Kunrecognized command-line option â€˜[01m[K-Wno-catch-value=[m[Kâ€™; did you mean â€˜[01m[K-Wno-catch-value[m[Kâ€™?
[0.838s] gmake[1]: *** [CMakeFiles/Makefile2:295: CMakeFiles/boids__rosidl_typesupport_fastrtps_cpp.dir/all] Error 2
[0.838s] [ 56%] [32mBuilding CXX object CMakeFiles/boids__rosidl_typesupport_fastrtps_c.dir/rosidl_typesupport_fastrtps_c/boids/msg/detail/flock_center_of_mass__type_support_c.cpp.o[0m
[0.838s] gmake[2]: *** [CMakeFiles/boids__rosidl_typesupport_cpp.dir/build.make:104: CMakeFiles/boids__rosidl_typesupport_cpp.dir/rosidl_typesupport_cpp/boids/msg/flock_center_of_mass__type_support.cpp.o] Error 1
[0.838s] gmake[1]: *** [CMakeFiles/Makefile2:399: CMakeFiles/boids__rosidl_typesupport_cpp.dir/all] Error 2
[0.838s] [01m[Kc++:[m[K [01;31m[Kerror: [m[Kunrecognized command-line option â€˜[01m[K-Wno-catch-value=[m[Kâ€™; did you mean â€˜[01m[K-Wno-catch-value[m[Kâ€™?
[0.838s] gmake[2]: *** [CMakeFiles/swarm_spawner.dir/build.make:118: CMakeFiles/swarm_spawner.dir/src/yaml.cpp.o] Error 1
[0.838s] [01m[Kc++:[m[K [01;31m[Kerror: [m[Kunrecognized command-line option â€˜[01m[K-Wno-catch-value=[m[Kâ€™; did you mean â€˜[01m[K-Wno-catch-value[m[Kâ€™?
[0.838s] gmake[1]: *** [CMakeFiles/Makefile2:620: CMakeFiles/swarm_spawner.dir/all] Error 2
[0.838s] gmake[2]: *** [CMakeFiles/boids__rosidl_typesupport_introspection_cpp.dir/build.make:98: CMakeFiles/boids__rosidl_typesupport_introspection_cpp.dir/rosidl_typesupport_introspection_cpp/boids/msg/detail/geo_ping__type_support.cpp.o] Error 1
[0.839s] gmake[2]: *** Waiting for unfinished jobs....
[0.839s] [01m[Kc++:[m[K [01;31m[Kerror: [m[Kunrecognized command-line option â€˜[01m[K-Wno-catch-value=[m[Kâ€™; did you mean â€˜[01m[K-Wno-catch-value[m[Kâ€™?
[0.839s] gmake[2]: *** [CMakeFiles/boids__rosidl_typesupport_introspection_cpp.dir/build.make:112: CMakeFiles/boids__rosidl_typesupport_introspection_cpp.dir/rosidl_typesupport_introspection_cpp/boids/msg/detail/flock_center_of_mass__type_support.cpp.o] Error 1
[0.839s] gmake[1]: *** [CMakeFiles/Makefile2:373: CMakeFiles/boids__rosidl_typesupport_introspection_cpp.dir/all] Error 2
[0.839s] [01m[Kc++:[m[K [01;31m[Kerror: [m[Kunrecognized command-line option â€˜[01m[K-Wno-catch-value=[m[Kâ€™; did you mean â€˜[01m[K-Wno-catch-value[m[Kâ€™?
[0.839s] gmake[2]: *** [CMakeFiles/boids__rosidl_typesupport_fastrtps_c.dir/build.make:98: CMakeFiles/boids__rosidl_typesupport_fastrtps_c.dir/rosidl_typesupport_fastrtps_c/boids/msg/detail/geo_ping__type_support_c.cpp.o] Error 1
[0.839s] gmake[2]: *** Waiting for unfinished jobs....
[0.840s] [01m[Kc++:[m[K [01;31m[Kerror: [m[Kunrecognized command-line option â€˜[01m[K-Wno-catch-value=[m[Kâ€™; did you mean â€˜[01m[K-Wno-catch-value[m[Kâ€™?
[0.840s] gmake[2]: *** [CMakeFiles/boids__rosidl_typesupport_fastrtps_c.dir/build.make:112: CMakeFiles/boids__rosidl_typesupport_fastrtps_c.dir/rosidl_typesupport_fastrtps_c/boids/msg/detail/flock_center_of_mass__type_support_c.cpp.o] Error 1
[0.841s] gmake[1]: *** [CMakeFiles/Makefile2:243: CMakeFiles/boids__rosidl_typesupport_fastrtps_c.dir/all] Error 2
[0.922s] running egg_info
[0.928s] writing boids.egg-info/PKG-INFO
[0.929s] writing dependency_links to boids.egg-info/dependency_links.txt
[0.929s] writing top-level names to boids.egg-info/top_level.txt
[0.946s] reading manifest file 'boids.egg-info/SOURCES.txt'
[0.947s] writing manifest file 'boids.egg-info/SOURCES.txt'
[0.962s] [ 56%] Built target ament_cmake_python_build_boids_egg
[0.963s] gmake: *** [Makefile:146: all] Error 2
[0.964s] Invoked command in '/home/fourdds/ros2_ws/build/boids' returned '2': CMAKE_PREFIX_PATH=/home/fourdds/ros2_ws/install/px4_msgs:/home/fourdds/ros2_ws/install/px4_ros_com:/home/fourdds/ros2_ws/install/boids:/opt/ros/humble LD_LIBRARY_PATH=/home/fourdds/ros2_ws/install/px4_msgs/lib:/home/fourdds/ros2_ws/install/px4_ros_com/lib:/home/fourdds/ros2_ws/install/boids/lib:/usr/lib/x86_64-linux-gnu/gazebo-11/plugins:/opt/ros/humble/opt/rviz_ogre_vendor/lib:/opt/ros/humble/lib/x86_64-linux-gnu:/opt/ros/humble/lib /usr/bin/cmake --build /home/fourdds/ros2_ws/build/boids -- -j24 -l24
