[  2%] Built target boids__cpp
[ 11%] Built target boids__rosidl_generator_c
[ 11%] Built target ament_cmake_python_copy_boids
[ 16%] Built target frame_transforms
[ 19%] [32mBuilding CXX object CMakeFiles/uavs_spawner.dir/src/uav_node.cpp.o[0m
[ 22%] [32mBuilding CXX object CMakeFiles/uavs_spawner.dir/src/main.cpp.o[0m
[ 30%] Built target boids__rosidl_typesupport_cpp
[ 38%] Built target boids__rosidl_typesupport_introspection_c
[ 55%] Built target boids__rosidl_typesupport_fastrtps_c
[ 55%] Built target boids__rosidl_typesupport_introspection_cpp
[ 63%] Built target boids__rosidl_typesupport_c
[ 72%] Built target boids__rosidl_typesupport_fastrtps_cpp
[ 72%] Built target boids
[ 75%] Built target boids__py
[ 80%] Built target boids__rosidl_generator_py
[ 97%] Built target boids__rosidl_typesupport_fastrtps_c__pyext
[ 97%] Built target boids__rosidl_typesupport_introspection_c__pyext
[ 97%] Built target boids__rosidl_typesupport_c__pyext
running egg_info
In file included from [01m[K/home/fourdds/ros2_ws/src/boids/src/main.cpp:1[m[K:
[01m[K/home/fourdds/ros2_ws/src/boids/src/uav_node.hpp:14:10:[m[K [01;31m[Kfatal error: [m[Kboids/srv/get_neighbors.hpp: No such file or directory
   14 | #include [01;31m[K<boids/srv/get_neighbors.hpp>[m[K
      |          [01;31m[K^~~~~~~~~~~~~~~~~~~~~~~~~~~~~[m[K
compilation terminated.
gmake[2]: *** [CMakeFiles/uavs_spawner.dir/build.make:90: CMakeFiles/uavs_spawner.dir/src/main.cpp.o] Error 1
gmake[2]: *** Waiting for unfinished jobs....
writing boids.egg-info/PKG-INFO
writing dependency_links to boids.egg-info/dependency_links.txt
writing top-level names to boids.egg-info/top_level.txt
In file included from [01m[K/home/fourdds/ros2_ws/src/boids/src/uav_node.cpp:2[m[K:
[01m[K/home/fourdds/ros2_ws/src/boids/src/uav_node.hpp:14:10:[m[K [01;31m[Kfatal error: [m[Kboids/srv/get_neighbors.hpp: No such file or directory
   14 | #include [01;31m[K<boids/srv/get_neighbors.hpp>[m[K
      |          [01;31m[K^~~~~~~~~~~~~~~~~~~~~~~~~~~~~[m[K
compilation terminated.
reading manifest file 'boids.egg-info/SOURCES.txt'
gmake[2]: *** [CMakeFiles/uavs_spawner.dir/build.make:76: CMakeFiles/uavs_spawner.dir/src/uav_node.cpp.o] Error 1
writing manifest file 'boids.egg-info/SOURCES.txt'
gmake[1]: *** [CMakeFiles/Makefile2:620: CMakeFiles/uavs_spawner.dir/all] Error 2
gmake[1]: *** Waiting for unfinished jobs....
[ 97%] Built target ament_cmake_python_build_boids_egg
gmake: *** [Makefile:146: all] Error 2
