[0.007s] Invoking command in '/home/fourdds/ros2_ws/build/boids': CMAKE_PREFIX_PATH=/home/fourdds/ros2_ws/install/px4_msgs:/home/fourdds/ros2_ws/install/px4_ros_com:/home/fourdds/ros2_ws/install/boids:/opt/ros/humble LD_LIBRARY_PATH=/home/fourdds/ros2_ws/install/px4_msgs/lib:/home/fourdds/ros2_ws/install/px4_ros_com/lib:/home/fourdds/ros2_ws/install/boids/lib:/usr/lib/x86_64-linux-gnu/gazebo-11/plugins:/opt/ros/humble/opt/rviz_ogre_vendor/lib:/opt/ros/humble/lib/x86_64-linux-gnu:/opt/ros/humble/lib /usr/bin/cmake --build /home/fourdds/ros2_ws/build/boids -- -j24 -l24
[0.030s] [  2%] Built target boids__cpp
[0.032s] [ 11%] Built target boids__rosidl_generator_c
[0.033s] [ 11%] Built target ament_cmake_python_copy_boids
[0.036s] [ 16%] Built target frame_transforms
[0.038s] [ 19%] [32mBuilding CXX object CMakeFiles/uavs_spawner.dir/src/uav_node.cpp.o[0m
[0.039s] [ 22%] [32mBuilding CXX object CMakeFiles/uavs_spawner.dir/src/main.cpp.o[0m
[0.043s] [ 30%] Built target boids__rosidl_typesupport_cpp
[0.044s] [ 38%] Built target boids__rosidl_typesupport_introspection_c
[0.045s] [ 55%] Built target boids__rosidl_typesupport_fastrtps_c
[0.046s] [ 55%] Built target boids__rosidl_typesupport_introspection_cpp
[0.046s] [ 63%] Built target boids__rosidl_typesupport_c
[0.047s] [ 72%] Built target boids__rosidl_typesupport_fastrtps_cpp
[0.056s] [ 72%] Built target boids
[0.067s] [ 75%] Built target boids__py
[0.077s] [ 80%] Built target boids__rosidl_generator_py
[0.088s] [ 97%] Built target boids__rosidl_typesupport_fastrtps_c__pyext
[0.088s] [ 97%] Built target boids__rosidl_typesupport_introspection_c__pyext
[0.088s] [ 97%] Built target boids__rosidl_typesupport_c__pyext
[0.138s] running egg_info
[0.143s] In file included from [01m[K/home/fourdds/ros2_ws/src/boids/src/main.cpp:1[m[K:
[0.143s] [01m[K/home/fourdds/ros2_ws/src/boids/src/uav_node.hpp:14:10:[m[K [01;31m[Kfatal error: [m[Kboids/srv/get_neighbors.hpp: No such file or directory
[0.143s]    14 | #include [01;31m[K<boids/srv/get_neighbors.hpp>[m[K
[0.143s]       |          [01;31m[K^~~~~~~~~~~~~~~~~~~~~~~~~~~~~[m[K
[0.143s] compilation terminated.
[0.144s] gmake[2]: *** [CMakeFiles/uavs_spawner.dir/build.make:90: CMakeFiles/uavs_spawner.dir/src/main.cpp.o] Error 1
[0.144s] gmake[2]: *** Waiting for unfinished jobs....
[0.145s] writing boids.egg-info/PKG-INFO
[0.145s] writing dependency_links to boids.egg-info/dependency_links.txt
[0.145s] writing top-level names to boids.egg-info/top_level.txt
[0.163s] In file included from [01m[K/home/fourdds/ros2_ws/src/boids/src/uav_node.cpp:2[m[K:
[0.163s] [01m[K/home/fourdds/ros2_ws/src/boids/src/uav_node.hpp:14:10:[m[K [01;31m[Kfatal error: [m[Kboids/srv/get_neighbors.hpp: No such file or directory
[0.163s]    14 | #include [01;31m[K<boids/srv/get_neighbors.hpp>[m[K
[0.163s]       |          [01;31m[K^~~~~~~~~~~~~~~~~~~~~~~~~~~~~[m[K
[0.163s] compilation terminated.
[0.164s] reading manifest file 'boids.egg-info/SOURCES.txt'
[0.164s] gmake[2]: *** [CMakeFiles/uavs_spawner.dir/build.make:76: CMakeFiles/uavs_spawner.dir/src/uav_node.cpp.o] Error 1
[0.164s] writing manifest file 'boids.egg-info/SOURCES.txt'
[0.164s] gmake[1]: *** [CMakeFiles/Makefile2:620: CMakeFiles/uavs_spawner.dir/all] Error 2
[0.164s] gmake[1]: *** Waiting for unfinished jobs....
[0.178s] [ 97%] Built target ament_cmake_python_build_boids_egg
[0.178s] gmake: *** [Makefile:146: all] Error 2
[0.180s] Invoked command in '/home/fourdds/ros2_ws/build/boids' returned '2': CMAKE_PREFIX_PATH=/home/fourdds/ros2_ws/install/px4_msgs:/home/fourdds/ros2_ws/install/px4_ros_com:/home/fourdds/ros2_ws/install/boids:/opt/ros/humble LD_LIBRARY_PATH=/home/fourdds/ros2_ws/install/px4_msgs/lib:/home/fourdds/ros2_ws/install/px4_ros_com/lib:/home/fourdds/ros2_ws/install/boids/lib:/usr/lib/x86_64-linux-gnu/gazebo-11/plugins:/opt/ros/humble/opt/rviz_ogre_vendor/lib:/opt/ros/humble/lib/x86_64-linux-gnu:/opt/ros/humble/lib /usr/bin/cmake --build /home/fourdds/ros2_ws/build/boids -- -j24 -l24
