[01m[K/home/fourdds/ros2_ws/src/target_detection/src/TargetDetection.cpp:[m[K In member function â€˜[01m[Kint fdds::TargetDetection::tick()[m[Kâ€™:
[01m[K/home/fourdds/ros2_ws/src/target_detection/src/TargetDetection.cpp:11:9:[m[K [01;31m[Kerror: [m[Kreturn-statement with no value, in function returning â€˜[01m[Kint[m[Kâ€™ [[01;31m[K]8;;https://gcc.gnu.org/onlinedocs/gcc/Warning-Options.html#index-fpermissive-fpermissive]8;;[m[K]
   11 |         [01;31m[Kreturn[m[K;
      |         [01;31m[K^~~~~~[m[K
gmake[2]: *** [CMakeFiles/TargetDetection.dir/build.make:76: CMakeFiles/TargetDetection.dir/src/TargetDetection.cpp.o] Error 1
gmake[1]: *** [CMakeFiles/Makefile2:137: CMakeFiles/TargetDetection.dir/all] Error 2
gmake: *** [Makefile:146: all] Error 2
