[0.011s] Invoking command in '/home/fourdds/ros2_ws/build/target_detection': CMAKE_PREFIX_PATH=${CMAKE_PREFIX_PATH}:/home/fourdds/ws/install/opencv_tests:/opt/ros/humble /usr/bin/cmake --build /home/fourdds/ros2_ws/build/target_detection -- -j24 -l24
[0.038s] [35m[1mConsolidate compiler generated dependencies of target TargetDetection[0m
[0.048s] [ 50%] [32mBuilding CXX object CMakeFiles/TargetDetection.dir/src/TargetDetection.cpp.o[0m
[2.109s] [01m[K/home/fourdds/ros2_ws/src/target_detection/src/TargetDetection.cpp:[m[K In member function â€˜[01m[Kint fdds::TargetDetection::tick()[m[Kâ€™:
[2.109s] [01m[K/home/fourdds/ros2_ws/src/target_detection/src/TargetDetection.cpp:11:9:[m[K [01;31m[Kerror: [m[Kreturn-statement with no value, in function returning â€˜[01m[Kint[m[Kâ€™ [[01;31m[K]8;;https://gcc.gnu.org/onlinedocs/gcc/Warning-Options.html#index-fpermissive-fpermissive]8;;[m[K]
[2.109s]    11 |         [01;31m[Kreturn[m[K;
[2.109s]       |         [01;31m[K^~~~~~[m[K
[4.210s] gmake[2]: *** [CMakeFiles/TargetDetection.dir/build.make:76: CMakeFiles/TargetDetection.dir/src/TargetDetection.cpp.o] Error 1
[4.210s] gmake[1]: *** [CMakeFiles/Makefile2:137: CMakeFiles/TargetDetection.dir/all] Error 2
[4.211s] gmake: *** [Makefile:146: all] Error 2
[4.212s] Invoked command in '/home/fourdds/ros2_ws/build/target_detection' returned '2': CMAKE_PREFIX_PATH=${CMAKE_PREFIX_PATH}:/home/fourdds/ws/install/opencv_tests:/opt/ros/humble /usr/bin/cmake --build /home/fourdds/ros2_ws/build/target_detection -- -j24 -l24
