[0.011s] Invoking command in '/home/fourdds/ros2_ws/build/boids': CMAKE_PREFIX_PATH=/home/fourdds/ros2_ws/install/px4_msgs:/home/fourdds/ros2_ws/install/uuv_boids:/home/fourdds/ros2_ws/install/px4_ros_com:/home/fourdds/ros2_ws/install/iris-logger:/home/fourdds/ros2_ws/install/boids:/opt/ros/humble LD_LIBRARY_PATH=/home/fourdds/ros2_ws/install/px4_msgs/lib:/home/fourdds/ros2_ws/install/uuv_boids/lib:/home/fourdds/ros2_ws/install/px4_ros_com/lib:/home/fourdds/ros2_ws/install/boids/lib:/usr/lib/x86_64-linux-gnu/gazebo-11/plugins:/opt/ros/humble/opt/rviz_ogre_vendor/lib:/opt/ros/humble/lib/x86_64-linux-gnu:/opt/ros/humble/lib /usr/bin/cmake --build /home/fourdds/ros2_ws/build/boids -- -j24 -l24
[0.032s] -- Found ament_cmake: 1.3.8 (/opt/ros/humble/share/ament_cmake/cmake)
[0.149s] -- Found builtin_interfaces: 1.2.1 (/opt/ros/humble/share/builtin_interfaces/cmake)
[0.177s] -- Found rosidl_generator_c: 3.1.5 (/opt/ros/humble/share/rosidl_generator_c/cmake)
[0.180s] -- Found rosidl_adapter: 3.1.5 (/opt/ros/humble/share/rosidl_adapter/cmake)
[0.187s] -- Found rosidl_generator_cpp: 3.1.5 (/opt/ros/humble/share/rosidl_generator_cpp/cmake)
[0.200s] -- Using all available rosidl_typesupport_c: rosidl_typesupport_fastrtps_c;rosidl_typesupport_introspection_c
[0.217s] -- Using all available rosidl_typesupport_cpp: rosidl_typesupport_fastrtps_cpp;rosidl_typesupport_introspection_cpp
[0.230s] -- Found eigen3_cmake_module: 0.1.1 (/opt/ros/humble/share/eigen3_cmake_module/cmake)
[0.233s] -- Found geometry_msgs: 4.2.3 (/opt/ros/humble/share/geometry_msgs/cmake)
[0.304s] -- Found px4_msgs: 2.0.1 (/home/fourdds/ros2_ws/install/px4_msgs/share/px4_msgs/cmake)
[0.328s] -- Found rclcpp: 16.0.8 (/opt/ros/humble/share/rclcpp/cmake)
[0.372s] -- Found rmw_implementation_cmake: 6.1.1 (/opt/ros/humble/share/rmw_implementation_cmake/cmake)
[0.375s] -- Found rmw_fastrtps_cpp: 6.2.6 (/opt/ros/humble/share/rmw_fastrtps_cpp/cmake)
[0.458s] -- Using RMW implementation 'rmw_fastrtps_cpp' as default
[0.550s] -- Found sensor_msgs: 4.2.3 (/opt/ros/humble/share/sensor_msgs/cmake)
[0.608s] -- Found rclpy: 3.3.12 (/opt/ros/humble/share/rclpy/cmake)
[0.608s] -- Found boids: 0.0.0 (/home/fourdds/ros2_ws/install/boids/share/boids/cmake)
[0.642s] -- Found cv_bridge: 3.2.1 (/opt/ros/humble/share/cv_bridge/cmake)
[0.653s] -- Found image_transport: 3.1.8 (/opt/ros/humble/share/image_transport/cmake)
[0.684s] -- Found rosidl_default_generators: 1.2.0 (/opt/ros/humble/share/rosidl_default_generators/cmake)
[0.863s] -- Found ament_cmake_ros: 0.10.0 (/opt/ros/humble/share/ament_cmake_ros/cmake)
[1.077s] -- Using all available rosidl_typesupport_c: rosidl_typesupport_fastrtps_c;rosidl_typesupport_introspection_c
[1.161s] -- Using all available rosidl_typesupport_cpp: rosidl_typesupport_fastrtps_cpp;rosidl_typesupport_introspection_cpp
[1.180s] -- Found python_cmake_module: 0.10.0 (/opt/ros/humble/share/python_cmake_module/cmake)
[1.200s] -- Using PYTHON_EXECUTABLE: /usr/bin/python3
[1.200s] -- Using PYTHON_INCLUDE_DIRS: /usr/include/python3.10
[1.200s] -- Using PYTHON_LIBRARIES: /usr/lib/x86_64-linux-gnu/libpython3.10.so
[1.214s] -- Found ament_lint_auto: 0.12.10 (/opt/ros/humble/share/ament_lint_auto/cmake)
[1.235s] -- Added test 'copyright' to check source files copyright and LICENSE
[1.236s] -- Added test 'cppcheck' to perform static code analysis on C / C++ code
[1.236s] -- Configured cppcheck include dirs: /home/fourdds/ros2_ws/src/boids/include;$<BUILD_INTERFACE:/home/fourdds/ros2_ws/src/boids/include/boids>
[1.236s] -- Configured cppcheck exclude dirs and/or files: 
[1.237s] -- Added test 'cpplint' to check C / C++ code against the Google style
[1.238s] -- Configured cpplint exclude dirs and/or files: 
[1.238s] -- Added test 'flake8' to check Python code syntax and style conventions
[1.238s] -- Added test 'lint_cmake' to check CMake code style
[1.239s] -- Added test 'pep257' to check Python code against some of the docstring style conventions in PEP 257
[1.240s] -- Added test 'uncrustify' to check C / C++ code style
[1.240s] -- Configured uncrustify additional arguments: 
[1.240s] -- Added test 'xmllint' to check XML markup files
[1.244s] -- Configuring done
[1.285s] -- Generating done
[1.287s] -- Build files have been written to: /home/fourdds/ros2_ws/build/boids
[1.309s] [35m[1mConsolidate compiler generated dependencies of target boids__rosidl_generator_c[0m
[1.310s] [35m[1mConsolidate compiler generated dependencies of target frame_transforms[0m
[1.313s] [35m[1mConsolidate compiler generated dependencies of target swarm_spawner[0m
[1.315s] [  8%] Built target boids__rosidl_generator_c
[1.316s] [ 10%] Built target boids__cpp
[1.322s] [ 15%] Built target frame_transforms
[1.323s] [35m[1mConsolidate compiler generated dependencies of target boids__rosidl_typesupport_c[0m
[1.323s] [35m[1mConsolidate compiler generated dependencies of target boids__rosidl_typesupport_introspection_c[0m
[1.323s] [35m[1mConsolidate compiler generated dependencies of target boids__rosidl_typesupport_introspection_cpp[0m
[1.323s] [35m[1mConsolidate compiler generated dependencies of target boids__rosidl_typesupport_fastrtps_c[0m
[1.324s] [ 15%] Built target ament_cmake_python_copy_boids
[1.331s] [ 32%] Built target boids__rosidl_typesupport_c
[1.331s] [ 32%] Built target boids__rosidl_typesupport_introspection_c
[1.331s] [ 34%] [32mBuilding CXX object CMakeFiles/swarm_spawner.dir/src/uav_node.cpp.o[0m
[1.332s] [35m[1mConsolidate compiler generated dependencies of target boids__rosidl_typesupport_cpp[0m
[1.332s] [ 36%] [32mBuilding CXX object CMakeFiles/swarm_spawner.dir/src/main.cpp.o[0m
[1.333s] [35m[1mConsolidate compiler generated dependencies of target boids__rosidl_typesupport_fastrtps_cpp[0m
[1.333s] [ 45%] Built target boids__rosidl_typesupport_introspection_cpp
[1.334s] [ 54%] Built target boids__rosidl_typesupport_fastrtps_c
[1.342s] [ 63%] Built target boids__rosidl_typesupport_fastrtps_cpp
[1.342s] [ 71%] Built target boids__rosidl_typesupport_cpp
[1.354s] [ 71%] Built target boids
[1.371s] [ 73%] Built target boids__py
[1.379s] [35m[1mConsolidate compiler generated dependencies of target boids__rosidl_generator_py[0m
[1.388s] [ 80%] Built target boids__rosidl_generator_py
[1.395s] [35m[1mConsolidate compiler generated dependencies of target boids__rosidl_typesupport_fastrtps_c__pyext[0m
[1.395s] [35m[1mConsolidate compiler generated dependencies of target boids__rosidl_typesupport_c__pyext[0m
[1.395s] [35m[1mConsolidate compiler generated dependencies of target boids__rosidl_typesupport_introspection_c__pyext[0m
[1.405s] [ 89%] Built target boids__rosidl_typesupport_fastrtps_c__pyext
[1.405s] [ 89%] Built target boids__rosidl_typesupport_introspection_c__pyext
[1.405s] [ 93%] Built target boids__rosidl_typesupport_c__pyext
[1.463s] running egg_info
[1.471s] writing boids.egg-info/PKG-INFO
[1.471s] writing dependency_links to boids.egg-info/dependency_links.txt
[1.471s] writing top-level names to boids.egg-info/top_level.txt
[1.497s] reading manifest file 'boids.egg-info/SOURCES.txt'
[1.498s] writing manifest file 'boids.egg-info/SOURCES.txt'
[1.523s] [ 93%] Built target ament_cmake_python_build_boids_egg
[4.149s] [01m[K/home/fourdds/ros2_ws/src/boids/src/uav_node.cpp:[m[K In member function â€˜[01m[Kvoid Swarm::UavNode::cameraSubscriptionCallback(sensor_msgs::msg::CompressedImage_<std::allocator<void> >::ConstSharedPtr)[m[Kâ€™:
[4.149s] [01m[K/home/fourdds/ros2_ws/src/boids/src/uav_node.cpp:302:18:[m[K [01;31m[Kerror: [m[Kâ€˜[01m[Kimg_id[m[Kâ€™ was not declared in this scope
[4.149s]   302 |         int id = [01;31m[Kimg_id[m[K.fetch_add(1);
[4.149s]       |                  [01;31m[K^~~~~~[m[K
[4.150s] [01m[K/home/fourdds/ros2_ws/src/boids/src/uav_node.cpp:304:14:[m[K [01;35m[Kwarning: [m[Kunused variable â€˜[01m[Ksuccess[m[Kâ€™ [[01;35m[K]8;;https://gcc.gnu.org/onlinedocs/gcc/Warning-Options.html#index-Wunused-variable-Wunused-variable]8;;[m[K]
[4.150s]   304 |         bool [01;35m[Ksuccess[m[K = cv::imwrite(path + std::to_string(id) + ".jpg", cv_image);
[4.150s]       |              [01;35m[K^~~~~~~[m[K
[11.475s] gmake[2]: *** [CMakeFiles/swarm_spawner.dir/build.make:76: CMakeFiles/swarm_spawner.dir/src/uav_node.cpp.o] Error 1
[11.475s] gmake[1]: *** [CMakeFiles/Makefile2:620: CMakeFiles/swarm_spawner.dir/all] Error 2
[11.475s] gmake: *** [Makefile:146: all] Error 2
[11.478s] Invoked command in '/home/fourdds/ros2_ws/build/boids' returned '2': CMAKE_PREFIX_PATH=/home/fourdds/ros2_ws/install/px4_msgs:/home/fourdds/ros2_ws/install/uuv_boids:/home/fourdds/ros2_ws/install/px4_ros_com:/home/fourdds/ros2_ws/install/iris-logger:/home/fourdds/ros2_ws/install/boids:/opt/ros/humble LD_LIBRARY_PATH=/home/fourdds/ros2_ws/install/px4_msgs/lib:/home/fourdds/ros2_ws/install/uuv_boids/lib:/home/fourdds/ros2_ws/install/px4_ros_com/lib:/home/fourdds/ros2_ws/install/boids/lib:/usr/lib/x86_64-linux-gnu/gazebo-11/plugins:/opt/ros/humble/opt/rviz_ogre_vendor/lib:/opt/ros/humble/lib/x86_64-linux-gnu:/opt/ros/humble/lib /usr/bin/cmake --build /home/fourdds/ros2_ws/build/boids -- -j24 -l24
