[0.013s] Invoking command in '/home/fourdds/ros2_ws/build/drone': CMAKE_PREFIX_PATH=/opt/ros/humble /usr/bin/cmake /home/fourdds/ros2_ws/src/drone -DCMAKE_INSTALL_PREFIX=/home/fourdds/ros2_ws/install/drone
[0.020s] -- Found ament_cmake: 1.3.10 (/opt/ros/humble/share/ament_cmake/cmake)
[0.117s] -- Override CMake install command with custom implementation using symlinks instead of copying resources
[0.123s] -- Found builtin_interfaces: 1.2.1 (/opt/ros/humble/share/builtin_interfaces/cmake)
[0.144s] -- Found rosidl_generator_c: 3.1.5 (/opt/ros/humble/share/rosidl_generator_c/cmake)
[0.145s] -- Found rosidl_adapter: 3.1.5 (/opt/ros/humble/share/rosidl_adapter/cmake)
[0.150s] -- Found rosidl_generator_cpp: 3.1.5 (/opt/ros/humble/share/rosidl_generator_cpp/cmake)
[0.158s] -- Using all available rosidl_typesupport_c: rosidl_typesupport_fastrtps_c;rosidl_typesupport_introspection_c
[0.168s] -- Using all available rosidl_typesupport_cpp: rosidl_typesupport_fastrtps_cpp;rosidl_typesupport_introspection_cpp
[0.177s] -- Found eigen3_cmake_module: 0.1.1 (/opt/ros/humble/share/eigen3_cmake_module/cmake)
[0.178s] -- Found px4_msgs: 2.0.1 (/home/fourdds/ros2_ws/install/px4_msgs/share/px4_msgs/cmake)
[0.187s] -- Found rclcpp: 16.0.10 (/opt/ros/humble/share/rclcpp/cmake)
[0.207s] -- Found rmw_implementation_cmake: 6.1.2 (/opt/ros/humble/share/rmw_implementation_cmake/cmake)
[0.208s] -- Found rmw_fastrtps_cpp: 6.2.7 (/opt/ros/humble/share/rmw_fastrtps_cpp/cmake)
[0.366s] -- Using RMW implementation 'rmw_fastrtps_cpp' as default
[0.406s] -- Found sensor_msgs: 4.2.4 (/opt/ros/humble/share/sensor_msgs/cmake)
[0.434s] -- Found obstacle_avoidance: 0.0.0 (/home/fourdds/ros2_ws/install/obstacle_avoidance/share/obstacle_avoidance/cmake)
[0.436s] -- Found target_detection: 0.0.0 (/home/fourdds/ros2_ws/install/target_detection/share/target_detection/cmake)
[0.436s] -- Found parameters: 0.0.0 (/home/fourdds/ros2_ws/install/parameters/share/parameters/cmake)
[0.437s] -- Found fdds_messages: 0.0.0 (/home/fourdds/ros2_ws/install/fdds_messages/share/fdds_messages/cmake)
[0.447s] -- Found ament_lint_auto: 0.12.11 (/opt/ros/humble/share/ament_lint_auto/cmake)
[0.504s] -- Added test 'cppcheck' to perform static code analysis on C / C++ code
[0.504s] -- Configured cppcheck include dirs: $<BUILD_INTERFACE:/home/fourdds/ros2_ws/src/drone/include>
[0.504s] -- Configured cppcheck exclude dirs and/or files: 
[0.505s] -- Added test 'lint_cmake' to check CMake code style
[0.505s] -- Added test 'uncrustify' to check C / C++ code style
[0.505s] -- Configured uncrustify additional arguments: 
[0.505s] -- Added test 'xmllint' to check XML markup files
[0.506s] -- Configuring done
[0.521s] -- Generating done
[0.523s] -- Build files have been written to: /home/fourdds/ros2_ws/build/drone
[0.531s] Invoked command in '/home/fourdds/ros2_ws/build/drone' returned '0': CMAKE_PREFIX_PATH=/opt/ros/humble /usr/bin/cmake /home/fourdds/ros2_ws/src/drone -DCMAKE_INSTALL_PREFIX=/home/fourdds/ros2_ws/install/drone
[0.534s] Invoking command in '/home/fourdds/ros2_ws/build/drone': CMAKE_PREFIX_PATH=/opt/ros/humble /usr/bin/cmake --build /home/fourdds/ros2_ws/build/drone -- -j16 -l16
[0.572s] [35m[1mConsolidate compiler generated dependencies of target Drone[0m
[0.596s] [ 33%] [32mBuilding CXX object CMakeFiles/Drone.dir/src/Drone.cpp.o[0m
[4.918s] [01m[K/home/fourdds/ros2_ws/src/drone/src/Drone.cpp:[m[K In member function â€˜[01m[Kvoid fdds::Drone::flockingLogic()[m[Kâ€™:
[4.919s] [01m[K/home/fourdds/ros2_ws/src/drone/src/Drone.cpp:339:9:[m[K [01;31m[Kerror: [m[Kâ€˜[01m[KsendVelocityDepth[m[Kâ€™ was not declared in this scope; did you mean â€˜[01m[KsendVelocity[m[Kâ€™?
[4.919s]   339 |         [01;31m[KsendVelocityDepth[m[K(currentSpeed);
[4.919s]       |         [01;31m[K^~~~~~~~~~~~~~~~~[m[K
[4.919s]       |         [32m[KsendVelocity[m[K
[4.922s] [01m[K/home/fourdds/ros2_ws/src/drone/src/Drone.cpp:[m[K At global scope:
[4.923s] [01m[K/home/fourdds/ros2_ws/src/drone/src/Drone.cpp:423:6:[m[K [01;31m[Kerror: [m[Kno declaration matches â€˜[01m[Kvoid fdds::Drone::sendVelocityDepth(const Vector2d&)[m[Kâ€™
[4.923s]   423 | void [01;31m[Kfdds[m[K::Drone::sendVelocityDepth(const Eigen::Vector2d& velocity)
[4.923s]       |      [01;31m[K^~~~[m[K
[4.923s] [01m[K/home/fourdds/ros2_ws/src/drone/src/Drone.cpp:423:6:[m[K [01;36m[Knote: [m[Kno functions named â€˜[01m[Kvoid fdds::Drone::sendVelocityDepth(const Vector2d&)[m[Kâ€™
[4.923s] In file included from [01m[K/home/fourdds/ros2_ws/src/drone/src/Drone.cpp:1[m[K:
[4.923s] [01m[K/home/fourdds/ros2_ws/src/drone/include/drone/Drone.hpp:34:11:[m[K [01;36m[Knote: [m[Kâ€˜[01m[Kclass fdds::Drone[m[Kâ€™ defined here
[4.923s]    34 |     class [01;36m[KDrone[m[K : public rclcpp::Node
[4.923s]       |           [01;36m[K^~~~~[m[K
[13.598s] gmake[2]: *** [CMakeFiles/Drone.dir/build.make:76: CMakeFiles/Drone.dir/src/Drone.cpp.o] Error 1
[13.599s] gmake[1]: *** [CMakeFiles/Makefile2:137: CMakeFiles/Drone.dir/all] Error 2
[13.599s] gmake: *** [Makefile:146: all] Error 2
[13.604s] Invoked command in '/home/fourdds/ros2_ws/build/drone' returned '2': CMAKE_PREFIX_PATH=/opt/ros/humble /usr/bin/cmake --build /home/fourdds/ros2_ws/build/drone -- -j16 -l16
