[0.009s] Invoking command in '/home/fourdds/ros2_ws/build/drone': CMAKE_PREFIX_PATH=${CMAKE_PREFIX_PATH}:/home/fourdds/ros2_ws/install/analysis:/opt/ros/humble /usr/bin/cmake --build /home/fourdds/ros2_ws/build/drone -- -j24 -l24
[0.032s] -- Found ament_cmake: 1.3.9 (/opt/ros/humble/share/ament_cmake/cmake)
[0.124s] -- Found builtin_interfaces: 1.2.1 (/opt/ros/humble/share/builtin_interfaces/cmake)
[0.233s] -- Found rosidl_generator_c: 3.1.5 (/opt/ros/humble/share/rosidl_generator_c/cmake)
[0.234s] -- Found rosidl_adapter: 3.1.5 (/opt/ros/humble/share/rosidl_adapter/cmake)
[0.238s] -- Found rosidl_generator_cpp: 3.1.5 (/opt/ros/humble/share/rosidl_generator_cpp/cmake)
[0.245s] -- Using all available rosidl_typesupport_c: rosidl_typesupport_fastrtps_c;rosidl_typesupport_introspection_c
[0.255s] -- Using all available rosidl_typesupport_cpp: rosidl_typesupport_fastrtps_cpp;rosidl_typesupport_introspection_cpp
[0.264s] -- Found eigen3_cmake_module: 0.1.1 (/opt/ros/humble/share/eigen3_cmake_module/cmake)
[0.265s] -- Found px4_msgs: 2.0.1 (/home/fourdds/ros2_ws/install/px4_msgs/share/px4_msgs/cmake)
[0.286s] -- Found rclcpp: 16.0.9 (/opt/ros/humble/share/rclcpp/cmake)
[0.317s] -- Found rmw_implementation_cmake: 6.1.2 (/opt/ros/humble/share/rmw_implementation_cmake/cmake)
[0.318s] -- Found rmw_fastrtps_cpp: 6.2.6 (/opt/ros/humble/share/rmw_fastrtps_cpp/cmake)
[3.224s] -- Using RMW implementation 'rmw_fastrtps_cpp' as default
[3.318s] -- Found sensor_msgs: 4.2.4 (/opt/ros/humble/share/sensor_msgs/cmake)
[3.408s] -- Found obstacle_avoidance: 0.0.0 (/home/fourdds/ros2_ws/install/obstacle_avoidance/share/obstacle_avoidance/cmake)
[3.409s] -- Found target_detection: 0.0.0 (/home/fourdds/ros2_ws/install/target_detection/share/target_detection/cmake)
[3.409s] -- Found parameters: 0.0.0 (/home/fourdds/ros2_ws/install/parameters/share/parameters/cmake)
[3.410s] -- Found fdds_messages: 0.0.0 (/home/fourdds/ros2_ws/install/fdds_messages/share/fdds_messages/cmake)
[3.422s] -- Found ament_lint_auto: 0.12.11 (/opt/ros/humble/share/ament_lint_auto/cmake)
[3.470s] -- Added test 'cppcheck' to perform static code analysis on C / C++ code
[3.470s] -- Configured cppcheck include dirs: $<BUILD_INTERFACE:/home/fourdds/ros2_ws/src/drone/include>
[3.470s] -- Configured cppcheck exclude dirs and/or files: 
[3.470s] -- Added test 'lint_cmake' to check CMake code style
[3.470s] -- Added test 'uncrustify' to check C / C++ code style
[3.470s] -- Configured uncrustify additional arguments: 
[3.471s] -- Added test 'xmllint' to check XML markup files
[3.472s] -- Configuring done
[3.485s] -- Generating done
[3.488s] -- Build files have been written to: /home/fourdds/ros2_ws/build/drone
[3.509s] [35m[1mConsolidate compiler generated dependencies of target Drone[0m
[3.526s] [ 33%] [32mBuilding CXX object CMakeFiles/Drone.dir/src/Drone.cpp.o[0m
[3.526s] [ 66%] [32mBuilding CXX object CMakeFiles/Drone.dir/src/main.cpp.o[0m
[3.846s] In file included from [01m[K/home/fourdds/ros2_ws/src/drone/include/drone/Drone.hpp:13[m[K,
[3.846s]                  from [01m[K/home/fourdds/ros2_ws/src/drone/src/main.cpp:1[m[K:
[3.846s] [01m[K/home/fourdds/ros2_ws/install/target_detection/include/target_detection/TargetDetection.hpp:8:10:[m[K [01;31m[Kfatal error: [m[Kcv_bridge/cv_bridge.h: No such file or directory
[3.846s]     8 | #include [01;31m[K<cv_bridge/cv_bridge.h>[m[K
[3.846s]       |          [01;31m[K^~~~~~~~~~~~~~~~~~~~~~~[m[K
[3.846s] In file included from [01m[K/home/fourdds/ros2_ws/src/drone/include/drone/Drone.hpp:13[m[K,
[3.846s]                  from [01m[K/home/fourdds/ros2_ws/src/drone/src/Drone.cpp:1[m[K:
[3.846s] [01m[K/home/fourdds/ros2_ws/install/target_detection/include/target_detection/TargetDetection.hpp:8:10:[m[K [01;31m[Kfatal error: [m[Kcv_bridge/cv_bridge.h: No such file or directory
[3.846s]     8 | #include [01;31m[K<cv_bridge/cv_bridge.h>[m[K
[3.846s]       |          [01;31m[K^~~~~~~~~~~~~~~~~~~~~~~[m[K
[3.846s] compilation terminated.
[3.846s] compilation terminated.
[3.849s] gmake[2]: *** [CMakeFiles/Drone.dir/build.make:76: CMakeFiles/Drone.dir/src/Drone.cpp.o] Error 1
[3.849s] gmake[2]: *** Waiting for unfinished jobs....
[3.849s] gmake[2]: *** [CMakeFiles/Drone.dir/build.make:90: CMakeFiles/Drone.dir/src/main.cpp.o] Error 1
[3.849s] gmake[1]: *** [CMakeFiles/Makefile2:137: CMakeFiles/Drone.dir/all] Error 2
[3.849s] gmake: *** [Makefile:146: all] Error 2
[3.852s] Invoked command in '/home/fourdds/ros2_ws/build/drone' returned '2': CMAKE_PREFIX_PATH=${CMAKE_PREFIX_PATH}:/home/fourdds/ros2_ws/install/analysis:/opt/ros/humble /usr/bin/cmake --build /home/fourdds/ros2_ws/build/drone -- -j24 -l24
