[0.046s] Invoking command in '/home/fourdds/ros2_ws/build/px4_ros_com': AMENT_PREFIX_PATH=/home/fourdds/ros2_ws/install/px4_msgs:${AMENT_PREFIX_PATH} CMAKE_PREFIX_PATH=/home/fourdds/ros2_ws/install/px4_msgs:/opt/ros/humble LD_LIBRARY_PATH=/home/fourdds/ros2_ws/install/px4_msgs/lib:${LD_LIBRARY_PATH} PYTHONPATH=/home/fourdds/ros2_ws/install/px4_msgs/local/lib/python3.10/dist-packages:${PYTHONPATH} /usr/bin/cmake /home/fourdds/ros2_ws/src/px4_ros_com -DAMENT_CMAKE_SYMLINK_INSTALL=1 -DCMAKE_INSTALL_PREFIX=/home/fourdds/ros2_ws/install/px4_ros_com
[0.058s] -- Found ament_cmake: 1.3.10 (/opt/ros/humble/share/ament_cmake/cmake)
[0.201s] -- Override CMake install command with custom implementation using symlinks instead of copying resources
[0.210s] -- Found builtin_interfaces: 1.2.1 (/opt/ros/humble/share/builtin_interfaces/cmake)
[0.234s] -- Found rosidl_generator_c: 3.1.5 (/opt/ros/humble/share/rosidl_generator_c/cmake)
[0.236s] -- Found rosidl_adapter: 3.1.5 (/opt/ros/humble/share/rosidl_adapter/cmake)
[0.244s] -- Found rosidl_generator_cpp: 3.1.5 (/opt/ros/humble/share/rosidl_generator_cpp/cmake)
[0.254s] -- Using all available rosidl_typesupport_c: rosidl_typesupport_fastrtps_c;rosidl_typesupport_introspection_c
[0.265s] -- Using all available rosidl_typesupport_cpp: rosidl_typesupport_fastrtps_cpp;rosidl_typesupport_introspection_cpp
[0.274s] -- Found eigen3_cmake_module: 0.1.1 (/opt/ros/humble/share/eigen3_cmake_module/cmake)
[0.275s] -- Found geometry_msgs: 4.2.4 (/opt/ros/humble/share/geometry_msgs/cmake)
[0.297s] -- Found px4_msgs: 2.0.1 (/home/fourdds/ros2_ws/install/px4_msgs/share/px4_msgs/cmake)
[0.306s] -- Found rclcpp: 16.0.10 (/opt/ros/humble/share/rclcpp/cmake)
[0.329s] -- Found rmw_implementation_cmake: 6.1.2 (/opt/ros/humble/share/rmw_implementation_cmake/cmake)
[0.330s] -- Found rmw_fastrtps_cpp: 6.2.7 (/opt/ros/humble/share/rmw_fastrtps_cpp/cmake)
[0.490s] -- Using RMW implementation 'rmw_fastrtps_cpp' as default
[0.519s] -- Found sensor_msgs: 4.2.4 (/opt/ros/humble/share/sensor_msgs/cmake)
[0.534s] -- Found rclpy: 3.3.14 (/opt/ros/humble/share/rclpy/cmake)
[0.542s] -- Found ament_lint_auto: 0.12.11 (/opt/ros/humble/share/ament_lint_auto/cmake)
[0.618s] -- Added test 'copyright' to check source files copyright and LICENSE
[0.630s] -- Added test 'cppcheck' to perform static code analysis on C / C++ code
[0.630s] -- Configured cppcheck include dirs: /home/fourdds/ros2_ws/src/px4_ros_com/include;$<BUILD_INTERFACE:/home/fourdds/ros2_ws/src/px4_ros_com/include/px4_ros_com>
[0.630s] -- Configured cppcheck exclude dirs and/or files: 
[0.636s] -- Added test 'cpplint' to check C / C++ code against the Google style
[0.636s] -- Configured cpplint exclude dirs and/or files: 
[0.636s] -- Added test 'flake8' to check Python code syntax and style conventions
[0.637s] -- Added test 'lint_cmake' to check CMake code style
[0.638s] -- Added test 'pep257' to check Python code against some of the docstring style conventions in PEP 257
[0.642s] -- Added test 'uncrustify' to check C / C++ code style
[0.642s] -- Configured uncrustify additional arguments: 
[0.643s] -- Added test 'xmllint' to check XML markup files
[0.650s] -- Configuring done
[0.701s] -- Generating done
[0.704s] -- Build files have been written to: /home/fourdds/ros2_ws/build/px4_ros_com
[0.714s] Invoked command in '/home/fourdds/ros2_ws/build/px4_ros_com' returned '0': AMENT_PREFIX_PATH=/home/fourdds/ros2_ws/install/px4_msgs:${AMENT_PREFIX_PATH} CMAKE_PREFIX_PATH=/home/fourdds/ros2_ws/install/px4_msgs:/opt/ros/humble LD_LIBRARY_PATH=/home/fourdds/ros2_ws/install/px4_msgs/lib:${LD_LIBRARY_PATH} PYTHONPATH=/home/fourdds/ros2_ws/install/px4_msgs/local/lib/python3.10/dist-packages:${PYTHONPATH} /usr/bin/cmake /home/fourdds/ros2_ws/src/px4_ros_com -DAMENT_CMAKE_SYMLINK_INSTALL=1 -DCMAKE_INSTALL_PREFIX=/home/fourdds/ros2_ws/install/px4_ros_com
[0.714s] Invoking command in '/home/fourdds/ros2_ws/build/px4_ros_com': AMENT_PREFIX_PATH=/home/fourdds/ros2_ws/install/px4_msgs:${AMENT_PREFIX_PATH} CMAKE_PREFIX_PATH=/home/fourdds/ros2_ws/install/px4_msgs:/opt/ros/humble LD_LIBRARY_PATH=/home/fourdds/ros2_ws/install/px4_msgs/lib:${LD_LIBRARY_PATH} PYTHONPATH=/home/fourdds/ros2_ws/install/px4_msgs/local/lib/python3.10/dist-packages:${PYTHONPATH} /usr/bin/cmake --build /home/fourdds/ros2_ws/build/px4_ros_com -- -j16 -l16
[0.753s] [35m[1mConsolidate compiler generated dependencies of target frame_transforms[0m
[0.753s] [35m[1mConsolidate compiler generated dependencies of target debug_vect_advertiser[0m
[0.753s] [35m[1mConsolidate compiler generated dependencies of target sensor_combined_listener[0m
[0.754s] [35m[1mConsolidate compiler generated dependencies of target vehicle_gps_position_listener[0m
[0.754s] [35m[1mConsolidate compiler generated dependencies of target offboard_control[0m
[0.756s] [35m[1mConsolidate compiler generated dependencies of target offboard_control_srv[0m
[0.765s] failed to create symbolic link '/home/fourdds/ros2_ws/build/px4_ros_com/ament_cmake_python/px4_ros_com/px4_ros_com' because existing path cannot be removed: Is a directory
[0.766s] gmake[2]: *** [CMakeFiles/ament_cmake_python_symlink_px4_ros_com.dir/build.make:70: CMakeFiles/ament_cmake_python_symlink_px4_ros_com] Error 1
[0.766s] gmake[1]: *** [CMakeFiles/Makefile2:306: CMakeFiles/ament_cmake_python_symlink_px4_ros_com.dir/all] Error 2
[0.766s] gmake[1]: *** Waiting for unfinished jobs....
[0.772s] [  8%] [32mBuilding CXX object CMakeFiles/frame_transforms.dir/src/lib/frame_transforms.cpp.o[0m
[0.775s] [ 33%] [32mBuilding CXX object CMakeFiles/vehicle_gps_position_listener.dir/src/examples/listeners/vehicle_gps_position_listener.cpp.o[0m
[0.775s] [ 33%] [32mBuilding CXX object CMakeFiles/sensor_combined_listener.dir/src/examples/listeners/sensor_combined_listener.cpp.o[0m
[0.775s] [ 33%] [32mBuilding CXX object CMakeFiles/debug_vect_advertiser.dir/src/examples/advertisers/debug_vect_advertiser.cpp.o[0m
[0.775s] [ 41%] [32mBuilding CXX object CMakeFiles/offboard_control.dir/src/examples/offboard/offboard_control.cpp.o[0m
[0.779s] [ 50%] [32mBuilding CXX object CMakeFiles/offboard_control_srv.dir/src/examples/offboard/offboard_control_srv.cpp.o[0m
[6.685s] [ 58%] [32m[1mLinking CXX executable debug_vect_advertiser[0m
[7.011s] [ 58%] Built target debug_vect_advertiser
[7.425s] [ 66%] [32m[1mLinking CXX executable offboard_control[0m
[7.738s] [ 66%] Built target offboard_control
[8.455s] [ 75%] [32m[1mLinking CXX executable offboard_control_srv[0m
[8.744s] [ 75%] Built target offboard_control_srv
[9.708s] [ 83%] [32m[1mLinking CXX shared library libframe_transforms.so[0m
[10.055s] [ 83%] Built target frame_transforms
[10.580s] [ 91%] [32m[1mLinking CXX executable vehicle_gps_position_listener[0m
[10.936s] [100%] [32m[1mLinking CXX executable sensor_combined_listener[0m
[10.982s] [100%] Built target vehicle_gps_position_listener
[11.377s] [100%] Built target sensor_combined_listener
[11.379s] gmake: *** [Makefile:146: all] Error 2
[11.383s] Invoked command in '/home/fourdds/ros2_ws/build/px4_ros_com' returned '2': AMENT_PREFIX_PATH=/home/fourdds/ros2_ws/install/px4_msgs:${AMENT_PREFIX_PATH} CMAKE_PREFIX_PATH=/home/fourdds/ros2_ws/install/px4_msgs:/opt/ros/humble LD_LIBRARY_PATH=/home/fourdds/ros2_ws/install/px4_msgs/lib:${LD_LIBRARY_PATH} PYTHONPATH=/home/fourdds/ros2_ws/install/px4_msgs/local/lib/python3.10/dist-packages:${PYTHONPATH} /usr/bin/cmake --build /home/fourdds/ros2_ws/build/px4_ros_com -- -j16 -l16
