[0.027s] Invoking command in '/home/fourdds/ros2_ws/build/drone': CMAKE_PREFIX_PATH=/opt/ros/humble /usr/bin/cmake --build /home/fourdds/ros2_ws/build/drone -- -j16 -l16
[0.097s] [35m[1mConsolidate compiler generated dependencies of target Drone[0m
[0.150s] [ 66%] [32mBuilding CXX object CMakeFiles/Drone.dir/src/main.cpp.o[0m
[0.150s] [ 66%] [32mBuilding CXX object CMakeFiles/Drone.dir/src/Drone.cpp.o[0m
[8.631s] [01m[K/home/fourdds/ros2_ws/src/drone/src/Drone.cpp:[m[K In member function â€˜[01m[Kvoid fdds::Drone::flockingLogic()[m[Kâ€™:
[8.631s] [01m[K/home/fourdds/ros2_ws/src/drone/src/Drone.cpp:303:18:[m[K [01;31m[Kerror: [m[Kâ€˜[01m[Kcoour[m[Kâ€™ is not a member of â€˜[01m[Kstd[m[Kâ€™
[8.631s]   303 |             std::[01;31m[Kcoour[m[K<<"ERRORE\n";
[8.631s]       |                  [01;31m[K^~~~~[m[K
[8.642s] [01m[K/home/fourdds/ros2_ws/src/drone/src/Drone.cpp:305:13:[m[K [01;31m[Kerror: [m[Kâ€˜[01m[KrequestDive[m[Kâ€™ was not declared in this scope
[8.642s]   305 |             [01;31m[KrequestDive[m[K();
[8.642s]       |             [01;31m[K^~~~~~~~~~~[m[K
[8.667s] [01m[K/home/fourdds/ros2_ws/src/drone/src/Drone.cpp:[m[K At global scope:
[8.667s] [01m[K/home/fourdds/ros2_ws/src/drone/src/Drone.cpp:471:6:[m[K [01;31m[Kerror: [m[Kno declaration matches â€˜[01m[Kvoid fdds::Drone::requestDive()[m[Kâ€™
[8.668s]   471 | void [01;31m[Kfdds[m[K::Drone::requestDive()
[8.668s]       |      [01;31m[K^~~~[m[K
[8.668s] [01m[K/home/fourdds/ros2_ws/src/drone/src/Drone.cpp:471:6:[m[K [01;36m[Knote: [m[Kno functions named â€˜[01m[Kvoid fdds::Drone::requestDive()[m[Kâ€™
[8.668s] In file included from [01m[K/home/fourdds/ros2_ws/src/drone/src/Drone.cpp:1[m[K:
[8.668s] [01m[K/home/fourdds/ros2_ws/src/drone/include/drone/Drone.hpp:34:11:[m[K [01;36m[Knote: [m[Kâ€˜[01m[Kclass fdds::Drone[m[Kâ€™ defined here
[8.668s]    34 |     class [01;36m[KDrone[m[K : public rclcpp::Node
[8.669s]       |           [01;36m[K^~~~~[m[K
[21.660s] gmake[2]: *** [CMakeFiles/Drone.dir/build.make:76: CMakeFiles/Drone.dir/src/Drone.cpp.o] Error 1
[21.660s] gmake[2]: *** Waiting for unfinished jobs....
[23.562s] gmake[1]: *** [CMakeFiles/Makefile2:137: CMakeFiles/Drone.dir/all] Error 2
[23.563s] gmake: *** [Makefile:146: all] Error 2
[23.567s] Invoked command in '/home/fourdds/ros2_ws/build/drone' returned '2': CMAKE_PREFIX_PATH=/opt/ros/humble /usr/bin/cmake --build /home/fourdds/ros2_ws/build/drone -- -j16 -l16
