[ 20%] [32mBuilding CXX object CMakeFiles/uavs_spawner.dir/src/uav_node.cpp.o[0m
[ 40%] [32mBuilding CXX object CMakeFiles/uavs_spawner.dir/src/main.cpp.o[0m
[ 80%] Built target frame_transforms
In file included from [01m[K/home/fourdds/ros2_ws/src/boids/src/main.cpp:1[m[K:
[01m[K/home/fourdds/ros2_ws/src/boids/src/uav_node.hpp:9:24:[m[K [01;31m[Kerror: [m[Kmissing terminating > character
    9 | #include <px4_msgs/msg/
      |                        [01;31m[K^[m[K
In file included from [01m[K/home/fourdds/ros2_ws/src/boids/src/uav_node.cpp:1[m[K:
[01m[K/home/fourdds/ros2_ws/src/boids/src/uav_node.hpp:9:24:[m[K [01;31m[Kerror: [m[Kmissing terminating > character
    9 | #include <px4_msgs/msg/
      |                        [01;31m[K^[m[K
[01m[K/home/fourdds/ros2_ws/src/boids/src/uav_node.hpp:9:10:[m[K [01;31m[Kfatal error: [m[Kpx4_msgs/msg/: No such file or directory
    9 | #include [01;31m[K<[m[Kpx4_msgs/msg/
      |          [01;31m[K^[m[K
compilation terminated.
[01m[K/home/fourdds/ros2_ws/src/boids/src/uav_node.hpp:9:10:[m[K [01;31m[Kfatal error: [m[Kpx4_msgs/msg/: No such file or directory
    9 | #include [01;31m[K<[m[Kpx4_msgs/msg/
      |          [01;31m[K^[m[K
compilation terminated.
gmake[2]: *** [CMakeFiles/uavs_spawner.dir/build.make:76: CMakeFiles/uavs_spawner.dir/src/uav_node.cpp.o] Error 1
gmake[2]: *** Waiting for unfinished jobs....
gmake[2]: *** [CMakeFiles/uavs_spawner.dir/build.make:90: CMakeFiles/uavs_spawner.dir/src/main.cpp.o] Error 1
gmake[1]: *** [CMakeFiles/Makefile2:165: CMakeFiles/uavs_spawner.dir/all] Error 2
gmake: *** [Makefile:146: all] Error 2
