[0.009s] Invoking command in '/home/fourdds/ros2_ws/build/boids': CMAKE_PREFIX_PATH=/home/fourdds/ros2_ws/install/px4_msgs:/home/fourdds/ws/install/vision_opencv:/home/fourdds/ws/install/image_geometry:/home/fourdds/ws/install/gazebo_ros_pkgs:/home/fourdds/ws/install/gazebo_plugins:/home/fourdds/ws/install/gazebo_ros:/home/fourdds/ws/install/gazebo_msgs:/home/fourdds/ws/install/gazebo_dev:/home/fourdds/ws/install/cv_bridge:/home/fourdds/ros2_ws/install/px4_ros_com:/home/fourdds/ros2_ws/install/boids:/home/fourdds/ws/install/opencv_tests:/opt/ros/humble LD_LIBRARY_PATH=/home/fourdds/ros2_ws/install/px4_msgs/lib:/home/fourdds/ws/install/image_geometry/lib:/home/fourdds/ws/install/gazebo_plugins/lib:/home/fourdds/ws/install/gazebo_ros/lib:/home/fourdds/ws/install/gazebo_msgs/lib:/home/fourdds/ws/install/cv_bridge/lib:/home/fourdds/ros2_ws/install/px4_ros_com/lib:/home/fourdds/ros2_ws/install/boids/lib:/usr/lib/x86_64-linux-gnu/gazebo-11/plugins:/opt/ros/humble/opt/rviz_ogre_vendor/lib:/opt/ros/humble/lib/x86_64-linux-gnu:/opt/ros/humble/lib /usr/bin/cmake --build /home/fourdds/ros2_ws/build/boids -- -j24 -l24
[0.047s] [ 20%] [32mBuilding CXX object CMakeFiles/uavs_spawner.dir/src/uav_node.cpp.o[0m
[0.049s] [ 40%] [32mBuilding CXX object CMakeFiles/uavs_spawner.dir/src/main.cpp.o[0m
[0.049s] [ 80%] Built target frame_transforms
[0.178s] In file included from [01m[K/home/fourdds/ros2_ws/src/boids/src/main.cpp:1[m[K:
[0.178s] [01m[K/home/fourdds/ros2_ws/src/boids/src/uav_node.hpp:9:24:[m[K [01;31m[Kerror: [m[Kmissing terminating > character
[0.178s]     9 | #include <px4_msgs/msg/
[0.178s]       |                        [01;31m[K^[m[K
[0.178s] In file included from [01m[K/home/fourdds/ros2_ws/src/boids/src/uav_node.cpp:1[m[K:
[0.178s] [01m[K/home/fourdds/ros2_ws/src/boids/src/uav_node.hpp:9:24:[m[K [01;31m[Kerror: [m[Kmissing terminating > character
[0.179s]     9 | #include <px4_msgs/msg/
[0.179s]       |                        [01;31m[K^[m[K
[0.179s] [01m[K/home/fourdds/ros2_ws/src/boids/src/uav_node.hpp:9:10:[m[K [01;31m[Kfatal error: [m[Kpx4_msgs/msg/: No such file or directory
[0.179s]     9 | #include [01;31m[K<[m[Kpx4_msgs/msg/
[0.179s]       |          [01;31m[K^[m[K
[0.179s] compilation terminated.
[0.179s] [01m[K/home/fourdds/ros2_ws/src/boids/src/uav_node.hpp:9:10:[m[K [01;31m[Kfatal error: [m[Kpx4_msgs/msg/: No such file or directory
[0.179s]     9 | #include [01;31m[K<[m[Kpx4_msgs/msg/
[0.179s]       |          [01;31m[K^[m[K
[0.179s] compilation terminated.
[0.180s] gmake[2]: *** [CMakeFiles/uavs_spawner.dir/build.make:76: CMakeFiles/uavs_spawner.dir/src/uav_node.cpp.o] Error 1
[0.180s] gmake[2]: *** Waiting for unfinished jobs....
[0.180s] gmake[2]: *** [CMakeFiles/uavs_spawner.dir/build.make:90: CMakeFiles/uavs_spawner.dir/src/main.cpp.o] Error 1
[0.180s] gmake[1]: *** [CMakeFiles/Makefile2:165: CMakeFiles/uavs_spawner.dir/all] Error 2
[0.180s] gmake: *** [Makefile:146: all] Error 2
[0.183s] Invoked command in '/home/fourdds/ros2_ws/build/boids' returned '2': CMAKE_PREFIX_PATH=/home/fourdds/ros2_ws/install/px4_msgs:/home/fourdds/ws/install/vision_opencv:/home/fourdds/ws/install/image_geometry:/home/fourdds/ws/install/gazebo_ros_pkgs:/home/fourdds/ws/install/gazebo_plugins:/home/fourdds/ws/install/gazebo_ros:/home/fourdds/ws/install/gazebo_msgs:/home/fourdds/ws/install/gazebo_dev:/home/fourdds/ws/install/cv_bridge:/home/fourdds/ros2_ws/install/px4_ros_com:/home/fourdds/ros2_ws/install/boids:/home/fourdds/ws/install/opencv_tests:/opt/ros/humble LD_LIBRARY_PATH=/home/fourdds/ros2_ws/install/px4_msgs/lib:/home/fourdds/ws/install/image_geometry/lib:/home/fourdds/ws/install/gazebo_plugins/lib:/home/fourdds/ws/install/gazebo_ros/lib:/home/fourdds/ws/install/gazebo_msgs/lib:/home/fourdds/ws/install/cv_bridge/lib:/home/fourdds/ros2_ws/install/px4_ros_com/lib:/home/fourdds/ros2_ws/install/boids/lib:/usr/lib/x86_64-linux-gnu/gazebo-11/plugins:/opt/ros/humble/opt/rviz_ogre_vendor/lib:/opt/ros/humble/lib/x86_64-linux-gnu:/opt/ros/humble/lib /usr/bin/cmake --build /home/fourdds/ros2_ws/build/boids -- -j24 -l24
