[35m[1mConsolidate compiler generated dependencies of target fdds_messages__rosidl_generator_c[0m
failed to create symbolic link '/home/fourdds/ros2_ws/build/fdds_messages/ament_cmake_python/fdds_messages/fdds_messages' because existing path cannot be removed: Is a directory
[  2%] Built target fdds_messages__cpp
gmake[2]: *** [CMakeFiles/ament_cmake_python_symlink_fdds_messages.dir/build.make:70: CMakeFiles/ament_cmake_python_symlink_fdds_messages] Error 1
gmake[1]: *** [CMakeFiles/Makefile2:421: CMakeFiles/ament_cmake_python_symlink_fdds_messages.dir/all] Error 2
gmake[1]: *** Waiting for unfinished jobs....
[ 12%] Built target fdds_messages__rosidl_generator_c
[35m[1mConsolidate compiler generated dependencies of target fdds_messages__rosidl_typesupport_fastrtps_cpp[0m
[ 23%] Built target fdds_messages__rosidl_typesupport_fastrtps_cpp
gmake: *** [Makefile:146: all] Error 2
