[0.215s] Invoking command in '/home/fourdds/ros2_ws/build/fdds_messages': CMAKE_PREFIX_PATH=/opt/ros/humble /usr/bin/cmake --build /home/fourdds/ros2_ws/build/fdds_messages -- -j16 -l16
[0.257s] [35m[1mConsolidate compiler generated dependencies of target fdds_messages__rosidl_generator_c[0m
[0.268s] failed to create symbolic link '/home/fourdds/ros2_ws/build/fdds_messages/ament_cmake_python/fdds_messages/fdds_messages' because existing path cannot be removed: Is a directory
[0.269s] [  2%] Built target fdds_messages__cpp
[0.270s] gmake[2]: *** [CMakeFiles/ament_cmake_python_symlink_fdds_messages.dir/build.make:70: CMakeFiles/ament_cmake_python_symlink_fdds_messages] Error 1
[0.271s] gmake[1]: *** [CMakeFiles/Makefile2:421: CMakeFiles/ament_cmake_python_symlink_fdds_messages.dir/all] Error 2
[0.271s] gmake[1]: *** Waiting for unfinished jobs....
[0.275s] [ 12%] Built target fdds_messages__rosidl_generator_c
[0.282s] [35m[1mConsolidate compiler generated dependencies of target fdds_messages__rosidl_typesupport_fastrtps_cpp[0m
[0.298s] [ 23%] Built target fdds_messages__rosidl_typesupport_fastrtps_cpp
[0.299s] gmake: *** [Makefile:146: all] Error 2
[0.312s] Invoked command in '/home/fourdds/ros2_ws/build/fdds_messages' returned '2': CMAKE_PREFIX_PATH=/opt/ros/humble /usr/bin/cmake --build /home/fourdds/ros2_ws/build/fdds_messages -- -j16 -l16
