[01m[K/home/fourdds/ros2_ws/src/boids/src/uav_node.cpp:[m[K In member function â€˜[01m[Kvoid uav_node::request_goto(float, float)[m[Kâ€™:
[01m[K/home/fourdds/ros2_ws/src/boids/src/uav_node.cpp:156:91:[m[K [01;35m[Kwarning: [m[Knarrowing conversion of â€˜[01m[Kgeo::rad2deg(((double)((uav_node*)this)->uav_node::yaw_rad_))[m[Kâ€™ from â€˜[01m[Kdouble[m[Kâ€™ to â€˜[01m[Kfloat[m[Kâ€™ [[01;35m[K]8;;https://gcc.gnu.org/onlinedocs/gcc/Warning-Options.html#index-Wnarrowing-Wnarrowing]8;;[m[K]
  156 |     static const std::array<float, COMMAND_PARAMS_SIZE> params{1.0, NAN, 0.0, [01;35m[Kgeo::rad2deg(yaw_rad_)[m[K, lat_deg, lon_deg, desired_abs_altitude_m};
      |                                                                               [01;35m[K~~~~~~~~~~~~^~~~~~~~~~[m[K
[01m[K/home/fourdds/ros2_ws/src/boids/src/uav_node.cpp:[m[K In member function â€˜[01m[Kvoid uav_node::request_command(uint32_t, const std::array<float, 7>&, bool)[m[Kâ€™:
[01m[K/home/fourdds/ros2_ws/src/boids/src/uav_node.cpp:239:5:[m[K [01;31m[Kerror: [m[Kâ€˜[01m[Kusing element_type = class rclcpp::Client<px4_msgs::srv::VehicleCommand>[m[Kâ€™ {aka â€˜[01m[Kclass rclcpp::Client<px4_msgs::srv::VehicleCommand>[m[Kâ€™} has no member named â€˜[01m[Kservice_done_[m[Kâ€™
  239 |     [01;31m[Kservice_done_[m[K = false;
      |     [01;31m[K^~~~~~~~~~~~~[m[K
gmake[2]: *** [CMakeFiles/uavs_spawner.dir/build.make:76: CMakeFiles/uavs_spawner.dir/src/uav_node.cpp.o] Error 1
gmake[1]: *** [CMakeFiles/Makefile2:165: CMakeFiles/uavs_spawner.dir/all] Error 2
gmake: *** [Makefile:146: all] Error 2
