[0.008s] Invoking command in '/home/fourdds/ros2_ws/build/boids': CMAKE_PREFIX_PATH=/home/fourdds/ros2_ws/install/px4_msgs:/home/fourdds/ros2_ws/install/px4_ros_com:/home/fourdds/ros2_ws/install/boids:/opt/ros/humble LD_LIBRARY_PATH=/home/fourdds/ros2_ws/install/px4_msgs/lib:/home/fourdds/ros2_ws/install/px4_ros_com/lib:/home/fourdds/ros2_ws/install/boids/lib:/usr/lib/x86_64-linux-gnu/gazebo-11/plugins:/opt/ros/humble/opt/rviz_ogre_vendor/lib:/opt/ros/humble/lib/x86_64-linux-gnu:/opt/ros/humble/lib /usr/bin/cmake --build /home/fourdds/ros2_ws/build/boids -- -j24 -l24
[0.032s] [35m[1mConsolidate compiler generated dependencies of target uavs_spawner[0m
[0.040s] [ 40%] Built target frame_transforms
[0.044s] [ 60%] [32mBuilding CXX object CMakeFiles/uavs_spawner.dir/src/uav_node.cpp.o[0m
[0.045s] [ 80%] [32mBuilding CXX object CMakeFiles/uavs_spawner.dir/src/main.cpp.o[0m
[2.187s] [01m[K/home/fourdds/ros2_ws/src/boids/src/uav_node.cpp:[m[K In member function â€˜[01m[Kvoid uav_node::request_goto(float, float)[m[Kâ€™:
[2.187s] [01m[K/home/fourdds/ros2_ws/src/boids/src/uav_node.cpp:156:91:[m[K [01;35m[Kwarning: [m[Knarrowing conversion of â€˜[01m[Kgeo::rad2deg(((double)((uav_node*)this)->uav_node::yaw_rad_))[m[Kâ€™ from â€˜[01m[Kdouble[m[Kâ€™ to â€˜[01m[Kfloat[m[Kâ€™ [[01;35m[K]8;;https://gcc.gnu.org/onlinedocs/gcc/Warning-Options.html#index-Wnarrowing-Wnarrowing]8;;[m[K]
[2.187s]   156 |     static const std::array<float, COMMAND_PARAMS_SIZE> params{1.0, NAN, 0.0, [01;35m[Kgeo::rad2deg(yaw_rad_)[m[K, lat_deg, lon_deg, desired_abs_altitude_m};
[2.187s]       |                                                                               [01;35m[K~~~~~~~~~~~~^~~~~~~~~~[m[K
[2.195s] [01m[K/home/fourdds/ros2_ws/src/boids/src/uav_node.cpp:[m[K In member function â€˜[01m[Kvoid uav_node::request_command(uint32_t, const std::array<float, 7>&, bool)[m[Kâ€™:
[2.195s] [01m[K/home/fourdds/ros2_ws/src/boids/src/uav_node.cpp:239:5:[m[K [01;31m[Kerror: [m[Kâ€˜[01m[Kusing element_type = class rclcpp::Client<px4_msgs::srv::VehicleCommand>[m[Kâ€™ {aka â€˜[01m[Kclass rclcpp::Client<px4_msgs::srv::VehicleCommand>[m[Kâ€™} has no member named â€˜[01m[Kservice_done_[m[Kâ€™
[2.195s]   239 |     [01;31m[Kservice_done_[m[K = false;
[2.195s]       |     [01;31m[K^~~~~~~~~~~~~[m[K
[5.722s] gmake[2]: *** [CMakeFiles/uavs_spawner.dir/build.make:76: CMakeFiles/uavs_spawner.dir/src/uav_node.cpp.o] Error 1
[5.723s] gmake[1]: *** [CMakeFiles/Makefile2:165: CMakeFiles/uavs_spawner.dir/all] Error 2
[5.723s] gmake: *** [Makefile:146: all] Error 2
[5.725s] Invoked command in '/home/fourdds/ros2_ws/build/boids' returned '2': CMAKE_PREFIX_PATH=/home/fourdds/ros2_ws/install/px4_msgs:/home/fourdds/ros2_ws/install/px4_ros_com:/home/fourdds/ros2_ws/install/boids:/opt/ros/humble LD_LIBRARY_PATH=/home/fourdds/ros2_ws/install/px4_msgs/lib:/home/fourdds/ros2_ws/install/px4_ros_com/lib:/home/fourdds/ros2_ws/install/boids/lib:/usr/lib/x86_64-linux-gnu/gazebo-11/plugins:/opt/ros/humble/opt/rviz_ogre_vendor/lib:/opt/ros/humble/lib/x86_64-linux-gnu:/opt/ros/humble/lib /usr/bin/cmake --build /home/fourdds/ros2_ws/build/boids -- -j24 -l24
