[01m[K/home/fourdds/ros2_ws/src/boids/src/uav_node.cpp:[m[K In member function â€˜[01m[Kvoid Swarm::UavNode::initialize()[m[Kâ€™:
[01m[K/home/fourdds/ros2_ws/src/boids/src/uav_node.cpp:13:18:[m[K [01;31m[Kerror: [m[Kâ€˜[01m[KtargetImage[m[Kâ€™ was not declared in this scope
   13 |     cv::cvtColor([01;31m[KtargetImage[m[K, grayImage, cv::COLOR_BGR2GRAY);
      |                  [01;31m[K^~~~~~~~~~~[m[K
[01m[K/home/fourdds/ros2_ws/src/boids/src/uav_node.cpp:14:5:[m[K [01;31m[Kerror: [m[Kâ€˜[01m[Korb[m[Kâ€™ was not declared in this scope
   14 |     [01;31m[Korb[m[K->detectAndCompute(grayImage, cv::noArray(), kp1, des1);
      |     [01;31m[K^~~[m[K
[01m[K/home/fourdds/ros2_ws/src/boids/src/uav_node.cpp:14:53:[m[K [01;31m[Kerror: [m[Kâ€˜[01m[Kkp1[m[Kâ€™ was not declared in this scope
   14 |     orb->detectAndCompute(grayImage, cv::noArray(), [01;31m[Kkp1[m[K, des1);
      |                                                     [01;31m[K^~~[m[K
[01m[K/home/fourdds/ros2_ws/src/boids/src/uav_node.cpp:14:58:[m[K [01;31m[Kerror: [m[Kâ€˜[01m[Kdes1[m[Kâ€™ was not declared in this scope
   14 |     orb->detectAndCompute(grayImage, cv::noArray(), kp1, [01;31m[Kdes1[m[K);
      |                                                          [01;31m[K^~~~[m[K
[01m[K/home/fourdds/ros2_ws/src/boids/src/uav_node.cpp:[m[K In member function â€˜[01m[Kvoid Swarm::UavNode::cameraSubscriptionCallback(sensor_msgs::msg::CompressedImage_<std::allocator<void> >::ConstSharedPtr)[m[Kâ€™:
[01m[K/home/fourdds/ros2_ws/src/boids/src/uav_node.cpp:309:14:[m[K [01;35m[Kwarning: [m[Kunused variable â€˜[01m[Ksuccess[m[Kâ€™ [[01;35m[K]8;;https://gcc.gnu.org/onlinedocs/gcc/Warning-Options.html#index-Wunused-variable-Wunused-variable]8;;[m[K]
  309 |         bool [01;35m[Ksuccess[m[K = cv::imwrite(path + std::to_string(img_id++), cv_image);
      |              [01;35m[K^~~~~~~[m[K
gmake[2]: *** [CMakeFiles/swarm_spawner.dir/build.make:76: CMakeFiles/swarm_spawner.dir/src/uav_node.cpp.o] Error 1
gmake[1]: *** [CMakeFiles/Makefile2:620: CMakeFiles/swarm_spawner.dir/all] Error 2
gmake: *** [Makefile:146: all] Error 2
