[0.012s] Invoking command in '/home/fourdds/ros2_ws/build/boids': CMAKE_PREFIX_PATH=/home/fourdds/ros2_ws/install/px4_msgs:/home/fourdds/ros2_ws/install/uuv_boids:/home/fourdds/ros2_ws/install/px4_ros_com:/home/fourdds/ros2_ws/install/iris-logger:/home/fourdds/ros2_ws/install/boids:/opt/ros/humble LD_LIBRARY_PATH=/home/fourdds/ros2_ws/install/px4_msgs/lib:/home/fourdds/ros2_ws/install/uuv_boids/lib:/home/fourdds/ros2_ws/install/px4_ros_com/lib:/home/fourdds/ros2_ws/install/boids/lib:/usr/lib/x86_64-linux-gnu/gazebo-11/plugins:/opt/ros/humble/opt/rviz_ogre_vendor/lib:/opt/ros/humble/lib/x86_64-linux-gnu:/opt/ros/humble/lib /usr/bin/cmake --build /home/fourdds/ros2_ws/build/boids -- -j24 -l24
[0.073s] [  2%] Built target boids__cpp
[0.078s] [35m[1mConsolidate compiler generated dependencies of target swarm_spawner[0m
[0.083s] [ 10%] Built target boids__rosidl_generator_c
[0.085s] [ 10%] Built target ament_cmake_python_copy_boids
[0.092s] [ 28%] Built target boids__rosidl_typesupport_cpp
[0.092s] [ 28%] Built target boids__rosidl_typesupport_fastrtps_cpp
[0.094s] [ 32%] Built target frame_transforms
[0.096s] [ 41%] Built target boids__rosidl_typesupport_introspection_c
[0.096s] [ 50%] Built target boids__rosidl_typesupport_c
[0.096s] [ 58%] Built target boids__rosidl_typesupport_fastrtps_c
[0.097s] [ 67%] Built target boids__rosidl_typesupport_introspection_cpp
[0.105s] [ 69%] [32mBuilding CXX object CMakeFiles/swarm_spawner.dir/src/uav_node.cpp.o[0m
[0.106s] [ 71%] Built target boids
[0.106s] [ 71%] [32mBuilding CXX object CMakeFiles/swarm_spawner.dir/src/main.cpp.o[0m
[0.115s] [ 73%] Built target boids__py
[0.126s] [ 80%] Built target boids__rosidl_generator_py
[0.137s] [ 93%] Built target boids__rosidl_typesupport_fastrtps_c__pyext
[0.137s] [ 93%] Built target boids__rosidl_typesupport_introspection_c__pyext
[0.137s] [ 93%] Built target boids__rosidl_typesupport_c__pyext
[0.186s] running egg_info
[0.193s] writing boids.egg-info/PKG-INFO
[0.193s] writing dependency_links to boids.egg-info/dependency_links.txt
[0.193s] writing top-level names to boids.egg-info/top_level.txt
[0.213s] reading manifest file 'boids.egg-info/SOURCES.txt'
[0.213s] writing manifest file 'boids.egg-info/SOURCES.txt'
[0.227s] [ 93%] Built target ament_cmake_python_build_boids_egg
[2.041s] [01m[K/home/fourdds/ros2_ws/src/boids/src/uav_node.cpp:[m[K In member function â€˜[01m[Kvoid Swarm::UavNode::initialize()[m[Kâ€™:
[2.041s] [01m[K/home/fourdds/ros2_ws/src/boids/src/uav_node.cpp:13:18:[m[K [01;31m[Kerror: [m[Kâ€˜[01m[KtargetImage[m[Kâ€™ was not declared in this scope
[2.041s]    13 |     cv::cvtColor([01;31m[KtargetImage[m[K, grayImage, cv::COLOR_BGR2GRAY);
[2.041s]       |                  [01;31m[K^~~~~~~~~~~[m[K
[2.044s] [01m[K/home/fourdds/ros2_ws/src/boids/src/uav_node.cpp:14:5:[m[K [01;31m[Kerror: [m[Kâ€˜[01m[Korb[m[Kâ€™ was not declared in this scope
[2.044s]    14 |     [01;31m[Korb[m[K->detectAndCompute(grayImage, cv::noArray(), kp1, des1);
[2.044s]       |     [01;31m[K^~~[m[K
[2.047s] [01m[K/home/fourdds/ros2_ws/src/boids/src/uav_node.cpp:14:53:[m[K [01;31m[Kerror: [m[Kâ€˜[01m[Kkp1[m[Kâ€™ was not declared in this scope
[2.047s]    14 |     orb->detectAndCompute(grayImage, cv::noArray(), [01;31m[Kkp1[m[K, des1);
[2.047s]       |                                                     [01;31m[K^~~[m[K
[2.050s] [01m[K/home/fourdds/ros2_ws/src/boids/src/uav_node.cpp:14:58:[m[K [01;31m[Kerror: [m[Kâ€˜[01m[Kdes1[m[Kâ€™ was not declared in this scope
[2.050s]    14 |     orb->detectAndCompute(grayImage, cv::noArray(), kp1, [01;31m[Kdes1[m[K);
[2.050s]       |                                                          [01;31m[K^~~~[m[K
[2.072s] [01m[K/home/fourdds/ros2_ws/src/boids/src/uav_node.cpp:[m[K In member function â€˜[01m[Kvoid Swarm::UavNode::cameraSubscriptionCallback(sensor_msgs::msg::CompressedImage_<std::allocator<void> >::ConstSharedPtr)[m[Kâ€™:
[2.072s] [01m[K/home/fourdds/ros2_ws/src/boids/src/uav_node.cpp:309:14:[m[K [01;35m[Kwarning: [m[Kunused variable â€˜[01m[Ksuccess[m[Kâ€™ [[01;35m[K]8;;https://gcc.gnu.org/onlinedocs/gcc/Warning-Options.html#index-Wunused-variable-Wunused-variable]8;;[m[K]
[2.072s]   309 |         bool [01;35m[Ksuccess[m[K = cv::imwrite(path + std::to_string(img_id++), cv_image);
[2.072s]       |              [01;35m[K^~~~~~~[m[K
[6.210s] gmake[2]: *** [CMakeFiles/swarm_spawner.dir/build.make:76: CMakeFiles/swarm_spawner.dir/src/uav_node.cpp.o] Error 1
[6.210s] gmake[1]: *** [CMakeFiles/Makefile2:620: CMakeFiles/swarm_spawner.dir/all] Error 2
[6.211s] gmake: *** [Makefile:146: all] Error 2
[6.212s] Invoked command in '/home/fourdds/ros2_ws/build/boids' returned '2': CMAKE_PREFIX_PATH=/home/fourdds/ros2_ws/install/px4_msgs:/home/fourdds/ros2_ws/install/uuv_boids:/home/fourdds/ros2_ws/install/px4_ros_com:/home/fourdds/ros2_ws/install/iris-logger:/home/fourdds/ros2_ws/install/boids:/opt/ros/humble LD_LIBRARY_PATH=/home/fourdds/ros2_ws/install/px4_msgs/lib:/home/fourdds/ros2_ws/install/uuv_boids/lib:/home/fourdds/ros2_ws/install/px4_ros_com/lib:/home/fourdds/ros2_ws/install/boids/lib:/usr/lib/x86_64-linux-gnu/gazebo-11/plugins:/opt/ros/humble/opt/rviz_ogre_vendor/lib:/opt/ros/humble/lib/x86_64-linux-gnu:/opt/ros/humble/lib /usr/bin/cmake --build /home/fourdds/ros2_ws/build/boids -- -j24 -l24
