In file included from [01m[K/home/fourdds/ros2_ws/src/boids/src/boids_node.cpp:1[m[K:
[01m[K/home/fourdds/ros2_ws/src/boids/src/boids_node.hpp:3:10:[m[K [01;31m[Kfatal error: [m[Katomic_double.h: No such file or directory
    3 | #include [01;31m[K"atomic_double.h"[m[K
      |          [01;31m[K^~~~~~~~~~~~~~~~~[m[K
In file included from [01m[K/home/fourdds/ros2_ws/src/boids/src/main.cpp:1[m[K:
[01m[K/home/fourdds/ros2_ws/src/boids/src/boids_node.hpp:3:10:[m[K [01;31m[Kfatal error: [m[Katomic_double.h: No such file or directory
    3 | #include [01;31m[K"atomic_double.h"[m[K
      |          [01;31m[K^~~~~~~~~~~~~~~~~[m[K
compilation terminated.
compilation terminated.
gmake[2]: *** [CMakeFiles/boids_node.dir/build.make:90: CMakeFiles/boids_node.dir/src/main.cpp.o] Error 1
gmake[2]: *** Waiting for unfinished jobs....
gmake[2]: *** [CMakeFiles/boids_node.dir/build.make:76: CMakeFiles/boids_node.dir/src/boids_node.cpp.o] Error 1
gmake[1]: *** [CMakeFiles/Makefile2:165: CMakeFiles/boids_node.dir/all] Error 2
gmake[1]: *** Waiting for unfinished jobs....
gmake: *** [Makefile:146: all] Error 2
