[0.008s] Invoking command in '/home/fourdds/ros2_ws/build/boids': CMAKE_PREFIX_PATH=/home/fourdds/ros2_ws/install/px4_msgs:/home/fourdds/ros2_ws/install/px4_ros_com:/home/fourdds/ros2_ws/install/boids:/opt/ros/humble LD_LIBRARY_PATH=/home/fourdds/ros2_ws/install/px4_msgs/lib:/home/fourdds/ros2_ws/install/px4_ros_com/lib:/home/fourdds/ros2_ws/install/boids/lib:/usr/lib/x86_64-linux-gnu/gazebo-11/plugins:/opt/ros/humble/opt/rviz_ogre_vendor/lib:/opt/ros/humble/lib/x86_64-linux-gnu:/opt/ros/humble/lib /usr/bin/cmake --build /home/fourdds/ros2_ws/build/boids -- -j24 -l24
[0.031s] [35m[1mConsolidate compiler generated dependencies of target uavs_spawner[0m
[0.035s] [ 40%] Built target frame_transforms
[0.042s] [ 60%] [32mBuilding CXX object CMakeFiles/uavs_spawner.dir/src/uav_node.cpp.o[0m
[1.370s] [01m[K/home/fourdds/ros2_ws/src/boids/src/uav_node.cpp:[m[K In member function â€˜[01m[Kvoid uav_node::init()[m[Kâ€™:
[1.370s] [01m[K/home/fourdds/ros2_ws/src/boids/src/uav_node.cpp:12:51:[m[K [01;31m[Kerror: [m[Kinvalid use of non-static member function â€˜[01m[Kvoid uav_node::gps_subscription_callback(std::shared_ptr<const px4_msgs::msg::SensorGps_<std::allocator<void> > >)[m[Kâ€™
[1.370s]    12 |     const auto gps_callback = std::bind([01;31m[Kuav_node::gps_subscription_callback[m[K, this, std::placeholders::_1);
[1.370s]       |                                         [01;31m[K~~~~~~~~~~^~~~~~~~~~~~~~~~~~~~~~~~~[m[K
[1.370s] In file included from [01m[K/home/fourdds/ros2_ws/src/boids/src/uav_node.cpp:1[m[K:
[1.370s] [01m[K/home/fourdds/ros2_ws/src/boids/src/uav_node.hpp:57:10:[m[K [01;36m[Knote: [m[Kdeclared here
[1.370s]    57 |     void [01;36m[Kgps_subscription_callback[m[K(const std::shared_ptr<const SensorGps> msg) noexcept;
[1.370s]       |          [01;36m[K^~~~~~~~~~~~~~~~~~~~~~~~~[m[K
[1.370s] [01m[K/home/fourdds/ros2_ws/src/boids/src/uav_node.cpp:17:56:[m[K [01;31m[Kerror: [m[Kinvalid use of non-static member function â€˜[01m[Kvoid uav_node::timesync_subscription_callback(std::shared_ptr<const px4_msgs::msg::TimesyncStatus_<std::allocator<void> > >)[m[Kâ€™
[1.370s]    17 |     const auto timesync_callback = std::bind([01;31m[Kuav_node::timesync_subscription_callback[m[K, this, std::placeholders::_1);
[1.370s]       |                                              [01;31m[K~~~~~~~~~~^~~~~~~~~~~~~~~~~~~~~~~~~~~~~~[m[K
[1.370s] In file included from [01m[K/home/fourdds/ros2_ws/src/boids/src/uav_node.cpp:1[m[K:
[1.370s] [01m[K/home/fourdds/ros2_ws/src/boids/src/uav_node.hpp:58:10:[m[K [01;36m[Knote: [m[Kdeclared here
[1.370s]    58 |     void [01;36m[Ktimesync_subscription_callback[m[K(const std::shared_ptr<const TimesyncStatus> msg) noexcept;
[1.371s]       |          [01;36m[K^~~~~~~~~~~~~~~~~~~~~~~~~~~~~~[m[K
[1.371s] [01m[K/home/fourdds/ros2_ws/src/boids/src/uav_node.cpp:22:54:[m[K [01;31m[Kerror: [m[Kinvalid use of non-static member function â€˜[01m[Kvoid uav_node::status_callback(std::shared_ptr<const px4_msgs::msg::VehicleStatus_<std::allocator<void> > >)[m[Kâ€™
[1.371s]    22 |     const auto status_callback = std::bind([01;31m[Kuav_node::status_callback[m[K, this, std::placeholders::_1);
[1.371s]       |                                            [01;31m[K~~~~~~~~~~^~~~~~~~~~~~~~~[m[K
[1.371s] In file included from [01m[K/home/fourdds/ros2_ws/src/boids/src/uav_node.cpp:1[m[K:
[1.371s] [01m[K/home/fourdds/ros2_ws/src/boids/src/uav_node.hpp:59:10:[m[K [01;36m[Knote: [m[Kdeclared here
[1.371s]    59 |     void [01;36m[Kstatus_callback[m[K(const std::shared_ptr<const VehicleStatus> msg) noexcept;
[1.371s]       |          [01;36m[K^~~~~~~~~~~~~~~[m[K
[1.846s] gmake[2]: *** [CMakeFiles/uavs_spawner.dir/build.make:76: CMakeFiles/uavs_spawner.dir/src/uav_node.cpp.o] Error 1
[1.847s] gmake[1]: *** [CMakeFiles/Makefile2:165: CMakeFiles/uavs_spawner.dir/all] Error 2
[1.847s] gmake: *** [Makefile:146: all] Error 2
[1.848s] Invoked command in '/home/fourdds/ros2_ws/build/boids' returned '2': CMAKE_PREFIX_PATH=/home/fourdds/ros2_ws/install/px4_msgs:/home/fourdds/ros2_ws/install/px4_ros_com:/home/fourdds/ros2_ws/install/boids:/opt/ros/humble LD_LIBRARY_PATH=/home/fourdds/ros2_ws/install/px4_msgs/lib:/home/fourdds/ros2_ws/install/px4_ros_com/lib:/home/fourdds/ros2_ws/install/boids/lib:/usr/lib/x86_64-linux-gnu/gazebo-11/plugins:/opt/ros/humble/opt/rviz_ogre_vendor/lib:/opt/ros/humble/lib/x86_64-linux-gnu:/opt/ros/humble/lib /usr/bin/cmake --build /home/fourdds/ros2_ws/build/boids -- -j24 -l24
