[01m[K/home/fourdds/ros2_ws/src/parameters/src/yaml.cpp:26:10:[m[K [01;31m[Kfatal error: [m[Kyaml.hpp: No such file or directory
   26 | #include [01;31m[K"yaml.hpp"[m[K
      |          [01;31m[K^~~~~~~~~~[m[K
compilation terminated.
gmake[2]: *** [CMakeFiles/Parameters.dir/build.make:90: CMakeFiles/Parameters.dir/src/yaml.cpp.o] Error 1
gmake[2]: *** Waiting for unfinished jobs....
gmake[1]: *** [CMakeFiles/Makefile2:137: CMakeFiles/Parameters.dir/all] Error 2
gmake: *** [Makefile:146: all] Error 2
