[0.006s] Invoking command in '/home/fourdds/ros2_ws/build/boids': CMAKE_PREFIX_PATH=/home/fourdds/ros2_ws/install/px4_msgs:/home/fourdds/ros2_ws/install/px4_ros_com:/home/fourdds/ros2_ws/install/boids:/opt/ros/humble LD_LIBRARY_PATH=/home/fourdds/ros2_ws/install/px4_msgs/lib:/home/fourdds/ros2_ws/install/px4_ros_com/lib:/home/fourdds/ros2_ws/install/boids/lib:/usr/lib/x86_64-linux-gnu/gazebo-11/plugins:/opt/ros/humble/opt/rviz_ogre_vendor/lib:/opt/ros/humble/lib/x86_64-linux-gnu:/opt/ros/humble/lib /usr/bin/cmake --build /home/fourdds/ros2_ws/build/boids -- -j24 -l24
[0.023s] [35m[1mConsolidate compiler generated dependencies of target boids__rosidl_generator_c[0m
[0.027s] [35m[1mConsolidate compiler generated dependencies of target uavs_spawner[0m
[0.027s] [35m[1mConsolidate compiler generated dependencies of target frame_transforms[0m
[0.030s] [  8%] Built target boids__rosidl_generator_c
[0.032s] [ 11%] Built target boids__cpp
[0.034s] [ 11%] Built target ament_cmake_python_copy_boids
[0.036s] [35m[1mConsolidate compiler generated dependencies of target boids__rosidl_typesupport_fastrtps_c[0m
[0.037s] [35m[1mConsolidate compiler generated dependencies of target boids__rosidl_typesupport_introspection_c[0m
[0.037s] [ 16%] Built target frame_transforms
[0.037s] [35m[1mConsolidate compiler generated dependencies of target boids__rosidl_typesupport_c[0m
[0.038s] [35m[1mConsolidate compiler generated dependencies of target boids__rosidl_typesupport_introspection_cpp[0m
[0.039s] [35m[1mConsolidate compiler generated dependencies of target boids__rosidl_typesupport_cpp[0m
[0.039s] [ 19%] [32mBuilding CXX object CMakeFiles/uavs_spawner.dir/src/uav_node.cpp.o[0m
[0.039s] [35m[1mConsolidate compiler generated dependencies of target boids__rosidl_typesupport_fastrtps_cpp[0m
[0.040s] [ 22%] [32mBuilding CXX object CMakeFiles/uavs_spawner.dir/src/main.cpp.o[0m
[0.043s] [ 30%] Built target boids__rosidl_typesupport_introspection_c
[0.044s] [ 38%] Built target boids__rosidl_typesupport_c
[0.044s] [ 47%] Built target boids__rosidl_typesupport_fastrtps_c
[0.045s] [ 55%] Built target boids__rosidl_typesupport_introspection_cpp
[0.046s] [ 63%] Built target boids__rosidl_typesupport_cpp
[0.048s] [ 72%] Built target boids__rosidl_typesupport_fastrtps_cpp
[0.060s] [ 72%] Built target boids
[0.070s] [ 75%] Built target boids__py
[0.075s] [35m[1mConsolidate compiler generated dependencies of target boids__rosidl_generator_py[0m
[0.082s] [ 80%] Built target boids__rosidl_generator_py
[0.087s] [35m[1mConsolidate compiler generated dependencies of target boids__rosidl_typesupport_fastrtps_c__pyext[0m
[0.088s] [35m[1mConsolidate compiler generated dependencies of target boids__rosidl_typesupport_c__pyext[0m
[0.089s] [35m[1mConsolidate compiler generated dependencies of target boids__rosidl_typesupport_introspection_c__pyext[0m
[0.095s] [ 86%] Built target boids__rosidl_typesupport_fastrtps_c__pyext
[0.095s] [ 91%] Built target boids__rosidl_typesupport_introspection_c__pyext
[0.095s] [ 97%] Built target boids__rosidl_typesupport_c__pyext
[0.141s] running egg_info
[0.142s] In file included from [01m[K/home/fourdds/ros2_ws/src/boids/src/main.cpp:1[m[K:
[0.142s] [01m[K/home/fourdds/ros2_ws/src/boids/src/uav_node.hpp:14:10:[m[K [01;31m[Kfatal error: [m[Kboids/srv/GetNeighbors.hpp: No such file or directory
[0.142s]    14 | #include [01;31m[K<boids/srv/GetNeighbors.hpp>[m[K
[0.142s]       |          [01;31m[K^~~~~~~~~~~~~~~~~~~~~~~~~~~~[m[K
[0.142s] compilation terminated.
[0.143s] gmake[2]: *** [CMakeFiles/uavs_spawner.dir/build.make:90: CMakeFiles/uavs_spawner.dir/src/main.cpp.o] Error 1
[0.143s] gmake[2]: *** Waiting for unfinished jobs....
[0.147s] writing boids.egg-info/PKG-INFO
[0.148s] writing dependency_links to boids.egg-info/dependency_links.txt
[0.148s] writing top-level names to boids.egg-info/top_level.txt
[0.164s] In file included from [01m[K/home/fourdds/ros2_ws/src/boids/src/uav_node.cpp:2[m[K:
[0.164s] [01m[K/home/fourdds/ros2_ws/src/boids/src/uav_node.hpp:14:10:[m[K [01;31m[Kfatal error: [m[Kboids/srv/GetNeighbors.hpp: No such file or directory
[0.164s]    14 | #include [01;31m[K<boids/srv/GetNeighbors.hpp>[m[K
[0.164s]       |          [01;31m[K^~~~~~~~~~~~~~~~~~~~~~~~~~~~[m[K
[0.164s] compilation terminated.
[0.165s] gmake[2]: *** [CMakeFiles/uavs_spawner.dir/build.make:76: CMakeFiles/uavs_spawner.dir/src/uav_node.cpp.o] Error 1
[0.165s] gmake[1]: *** [CMakeFiles/Makefile2:620: CMakeFiles/uavs_spawner.dir/all] Error 2
[0.165s] gmake[1]: *** Waiting for unfinished jobs....
[0.167s] reading manifest file 'boids.egg-info/SOURCES.txt'
[0.167s] writing manifest file 'boids.egg-info/SOURCES.txt'
[0.181s] [ 97%] Built target ament_cmake_python_build_boids_egg
[0.182s] gmake: *** [Makefile:146: all] Error 2
[0.183s] Invoked command in '/home/fourdds/ros2_ws/build/boids' returned '2': CMAKE_PREFIX_PATH=/home/fourdds/ros2_ws/install/px4_msgs:/home/fourdds/ros2_ws/install/px4_ros_com:/home/fourdds/ros2_ws/install/boids:/opt/ros/humble LD_LIBRARY_PATH=/home/fourdds/ros2_ws/install/px4_msgs/lib:/home/fourdds/ros2_ws/install/px4_ros_com/lib:/home/fourdds/ros2_ws/install/boids/lib:/usr/lib/x86_64-linux-gnu/gazebo-11/plugins:/opt/ros/humble/opt/rviz_ogre_vendor/lib:/opt/ros/humble/lib/x86_64-linux-gnu:/opt/ros/humble/lib /usr/bin/cmake --build /home/fourdds/ros2_ws/build/boids -- -j24 -l24
