[01m[Kcc1plus:[m[K [01;31m[Kfatal error: [m[K/home/fourdds/ros2_ws/src/boids/src/swarm_master.cpp: No such file or directory
compilation terminated.
gmake[2]: *** [CMakeFiles/uavs_spawner.dir/build.make:90: CMakeFiles/uavs_spawner.dir/src/swarm_master.cpp.o] Error 1
gmake[2]: *** Waiting for unfinished jobs....
gmake[1]: *** [CMakeFiles/Makefile2:620: CMakeFiles/uavs_spawner.dir/all] Error 2
gmake: *** [Makefile:146: all] Error 2
