[35m[1mConsolidate compiler generated dependencies of target uavs_spawner[0m
[  2%] Built target boids__cpp
[ 11%] Built target boids__rosidl_generator_c
[ 15%] Built target frame_transforms
[ 15%] Built target ament_cmake_python_copy_boids
[ 20%] [32mBuilding CXX object CMakeFiles/uavs_spawner.dir/src/main.cpp.o[0m
[ 20%] [32mBuilding CXX object CMakeFiles/uavs_spawner.dir/src/swarm_master.cpp.o[0m
[ 28%] Built target boids__rosidl_typesupport_fastrtps_cpp
[ 37%] Built target boids__rosidl_typesupport_cpp
[ 46%] Built target boids__rosidl_typesupport_c
[ 55%] Built target boids__rosidl_typesupport_introspection_c
[ 64%] Built target boids__rosidl_typesupport_fastrtps_c
[01m[Kcc1plus:[m[K [01;31m[Kfatal error: [m[K/home/fourdds/ros2_ws/src/boids/src/swarm_master.cpp: No such file or directory
compilation terminated.
gmake[2]: *** [CMakeFiles/uavs_spawner.dir/build.make:90: CMakeFiles/uavs_spawner.dir/src/swarm_master.cpp.o] Error 1
gmake[2]: *** Waiting for unfinished jobs....
[ 73%] Built target boids__rosidl_typesupport_introspection_cpp
[ 73%] Built target boids
[ 75%] Built target boids__py
[ 82%] Built target boids__rosidl_generator_py
[ 91%] Built target boids__rosidl_typesupport_introspection_c__pyext
[ 91%] Built target boids__rosidl_typesupport_c__pyext
[ 95%] Built target boids__rosidl_typesupport_fastrtps_c__pyext
running egg_info
writing boids.egg-info/PKG-INFO
writing dependency_links to boids.egg-info/dependency_links.txt
writing top-level names to boids.egg-info/top_level.txt
reading manifest file 'boids.egg-info/SOURCES.txt'
writing manifest file 'boids.egg-info/SOURCES.txt'
[ 95%] Built target ament_cmake_python_build_boids_egg
gmake[1]: *** [CMakeFiles/Makefile2:620: CMakeFiles/uavs_spawner.dir/all] Error 2
gmake: *** [Makefile:146: all] Error 2
