[0.009s] Invoking command in '/home/fourdds/ros2_ws/build/boids': CMAKE_PREFIX_PATH=/home/fourdds/ros2_ws/install/px4_msgs:/home/fourdds/ros2_ws/install/px4_ros_com:/home/fourdds/ros2_ws/install/boids:/opt/ros/humble LD_LIBRARY_PATH=/home/fourdds/ros2_ws/install/px4_msgs/lib:/home/fourdds/ros2_ws/install/px4_ros_com/lib:/home/fourdds/ros2_ws/install/boids/lib:/usr/lib/x86_64-linux-gnu/gazebo-11/plugins:/opt/ros/humble/opt/rviz_ogre_vendor/lib:/opt/ros/humble/lib/x86_64-linux-gnu:/opt/ros/humble/lib /usr/bin/cmake --build /home/fourdds/ros2_ws/build/boids -- -j24 -l24
[0.035s] [35m[1mConsolidate compiler generated dependencies of target uavs_spawner[0m
[0.038s] [  2%] Built target boids__cpp
[0.038s] [ 11%] Built target boids__rosidl_generator_c
[0.040s] [ 15%] Built target frame_transforms
[0.044s] [ 15%] Built target ament_cmake_python_copy_boids
[0.049s] [ 20%] [32mBuilding CXX object CMakeFiles/uavs_spawner.dir/src/main.cpp.o[0m
[0.049s] [ 20%] [32mBuilding CXX object CMakeFiles/uavs_spawner.dir/src/swarm_master.cpp.o[0m
[0.050s] [ 28%] Built target boids__rosidl_typesupport_fastrtps_cpp
[0.050s] [ 37%] Built target boids__rosidl_typesupport_cpp
[0.052s] [ 46%] Built target boids__rosidl_typesupport_c
[0.053s] [ 55%] Built target boids__rosidl_typesupport_introspection_c
[0.053s] [ 64%] Built target boids__rosidl_typesupport_fastrtps_c
[0.053s] [01m[Kcc1plus:[m[K [01;31m[Kfatal error: [m[K/home/fourdds/ros2_ws/src/boids/src/swarm_master.cpp: No such file or directory
[0.053s] compilation terminated.
[0.053s] gmake[2]: *** [CMakeFiles/uavs_spawner.dir/build.make:90: CMakeFiles/uavs_spawner.dir/src/swarm_master.cpp.o] Error 1
[0.053s] gmake[2]: *** Waiting for unfinished jobs....
[0.055s] [ 73%] Built target boids__rosidl_typesupport_introspection_cpp
[0.065s] [ 73%] Built target boids
[0.078s] [ 75%] Built target boids__py
[0.091s] [ 82%] Built target boids__rosidl_generator_py
[0.106s] [ 91%] Built target boids__rosidl_typesupport_introspection_c__pyext
[0.106s] [ 91%] Built target boids__rosidl_typesupport_c__pyext
[0.107s] [ 95%] Built target boids__rosidl_typesupport_fastrtps_c__pyext
[0.166s] running egg_info
[0.174s] writing boids.egg-info/PKG-INFO
[0.174s] writing dependency_links to boids.egg-info/dependency_links.txt
[0.174s] writing top-level names to boids.egg-info/top_level.txt
[0.196s] reading manifest file 'boids.egg-info/SOURCES.txt'
[0.196s] writing manifest file 'boids.egg-info/SOURCES.txt'
[0.216s] [ 95%] Built target ament_cmake_python_build_boids_egg
[3.026s] gmake[1]: *** [CMakeFiles/Makefile2:620: CMakeFiles/uavs_spawner.dir/all] Error 2
[3.026s] gmake: *** [Makefile:146: all] Error 2
[3.027s] Invoked command in '/home/fourdds/ros2_ws/build/boids' returned '2': CMAKE_PREFIX_PATH=/home/fourdds/ros2_ws/install/px4_msgs:/home/fourdds/ros2_ws/install/px4_ros_com:/home/fourdds/ros2_ws/install/boids:/opt/ros/humble LD_LIBRARY_PATH=/home/fourdds/ros2_ws/install/px4_msgs/lib:/home/fourdds/ros2_ws/install/px4_ros_com/lib:/home/fourdds/ros2_ws/install/boids/lib:/usr/lib/x86_64-linux-gnu/gazebo-11/plugins:/opt/ros/humble/opt/rviz_ogre_vendor/lib:/opt/ros/humble/lib/x86_64-linux-gnu:/opt/ros/humble/lib /usr/bin/cmake --build /home/fourdds/ros2_ws/build/boids -- -j24 -l24
