[0.273s] Invoking command in '/home/fourdds/ros2_ws/build/drone': CMAKE_PREFIX_PATH=/opt/ros/humble /usr/bin/cmake --build /home/fourdds/ros2_ws/build/drone -- -j16 -l16
[0.417s] [35m[1mConsolidate compiler generated dependencies of target Drone[0m
[0.420s] [ 33%] [32mBuilding CXX object CMakeFiles/Drone.dir/src/Drone.cpp.o[0m
[6.339s] [01m[K/home/fourdds/ros2_ws/src/drone/src/Drone.cpp:[m[K In member function â€˜[01m[Kvoid fdds::Drone::flockingLogic()[m[Kâ€™:
[6.339s] [01m[K/home/fourdds/ros2_ws/src/drone/src/Drone.cpp:337:31:[m[K [01;31m[Kerror: [m[Kexpected â€˜[01m[K;[m[Kâ€™ before â€˜[01m[KcurrentSpeed[m[Kâ€™
[6.339s]   337 |         currentSpeed[0] += 0.5
[6.340s]       |                               [01;31m[K^[m[K
[6.340s]       |                               [32m[K;[m[K
[6.340s]   338 |         [32m[KcurrentSpeed[m[K[1] += 0.5
[6.341s]       |         [32m[K~~~~~~~~~~~~[m[K           
[16.279s] gmake[2]: *** [CMakeFiles/Drone.dir/build.make:76: CMakeFiles/Drone.dir/src/Drone.cpp.o] Error 1
[16.280s] gmake[1]: *** [CMakeFiles/Makefile2:137: CMakeFiles/Drone.dir/all] Error 2
[16.281s] gmake: *** [Makefile:146: all] Error 2
[16.286s] Invoked command in '/home/fourdds/ros2_ws/build/drone' returned '2': CMAKE_PREFIX_PATH=/opt/ros/humble /usr/bin/cmake --build /home/fourdds/ros2_ws/build/drone -- -j16 -l16
