[01m[K/home/fourdds/ros2_ws/src/drone/src/main.cpp:[m[K In function â€˜[01m[Kint main(int, char**)[m[Kâ€™:
[01m[K/home/fourdds/ros2_ws/src/drone/src/main.cpp:30:60:[m[K [01;31m[Kerror: [m[Kinvalid operands of types â€˜[01m[Kchar*[m[Kâ€™ and â€˜[01m[Kconst char [2][m[Kâ€™ to binary â€˜[01m[Koperator<<[m[Kâ€™
   30 |                 std::cout<< "Tipo del veicolo: %s", [32m[Kargv[2][m[K[01;31m[K<<[m[K[34m[K"\n"[m[K;
      |                                                     [32m[K~~~~~~~[m[K[01;31m[K^~[m[K[34m[K~~~~[m[K
      |                                                           [32m[K|[m[K  [34m[K|[m[K
      |                                                           [32m[K|[m[K  [34m[Kconst char [2][m[K
      |                                                           [32m[Kchar*[m[K
[01m[K/home/fourdds/ros2_ws/src/drone/src/main.cpp:31:22:[m[K [01;31m[Kerror: [m[Kâ€˜[01m[Kconst class std::shared_ptr<fdds::Drone>[m[Kâ€™ has no member named â€˜[01m[KvehicleType[m[Kâ€™
   31 |                 node.[01;31m[KvehicleType[m[K = argv[2]; //Setto il tipo del veicolo
      |                      [01;31m[K^~~~~~~~~~~[m[K
gmake[2]: *** [CMakeFiles/Drone.dir/build.make:90: CMakeFiles/Drone.dir/src/main.cpp.o] Error 1
gmake[1]: *** [CMakeFiles/Makefile2:137: CMakeFiles/Drone.dir/all] Error 2
gmake: *** [Makefile:146: all] Error 2
