[35m[1mConsolidate compiler generated dependencies of target uavs_spawner[0m
[  2%] Built target boids__cpp
[  8%] Built target frame_transforms
[ 15%] Built target boids__rosidl_generator_c
[ 15%] Built target ament_cmake_python_copy_boids
[ 17%] [32mBuilding CXX object CMakeFiles/uavs_spawner.dir/src/swarm_master.cpp.o[0m
[ 26%] Built target boids__rosidl_typesupport_cpp
[ 35%] Built target boids__rosidl_typesupport_introspection_cpp
[ 44%] Built target boids__rosidl_typesupport_fastrtps_cpp
[01m[Kcc1plus:[m[K [01;31m[Kfatal error: [m[K/home/fourdds/ros2_ws/src/boids/src/swarm_master.cpp: No such file or directory
compilation terminated.
gmake[2]: *** [CMakeFiles/uavs_spawner.dir/build.make:90: CMakeFiles/uavs_spawner.dir/src/swarm_master.cpp.o] Error 1
gmake[1]: *** [CMakeFiles/Makefile2:620: CMakeFiles/uavs_spawner.dir/all] Error 2
gmake[1]: *** Waiting for unfinished jobs....
[ 71%] Built target boids__rosidl_typesupport_c
[ 71%] Built target boids__rosidl_typesupport_introspection_c
[ 71%] Built target boids__rosidl_typesupport_fastrtps_c
running egg_info
writing boids.egg-info/PKG-INFO
writing dependency_links to boids.egg-info/dependency_links.txt
writing top-level names to boids.egg-info/top_level.txt
reading manifest file 'boids.egg-info/SOURCES.txt'
writing manifest file 'boids.egg-info/SOURCES.txt'
[ 71%] Built target ament_cmake_python_build_boids_egg
gmake: *** [Makefile:146: all] Error 2
