[35m[1mConsolidate compiler generated dependencies of target stigmergy_map[0m
[  8%] Built target stigmergy__rosidl_generator_c
[ 11%] Built target stigmergy__cpp
[ 11%] Built target ament_cmake_python_copy_stigmergy
[ 14%] [32mBuilding CXX object CMakeFiles/stigmergy_map.dir/src/StigmergyMap.cpp.o[0m
[ 17%] [32mBuilding CXX object CMakeFiles/stigmergy_map.dir/src/main.cpp.o[0m
[ 25%] Built target stigmergy__rosidl_typesupport_fastrtps_c
[ 34%] Built target stigmergy__rosidl_typesupport_introspection_c
[ 42%] Built target stigmergy__rosidl_typesupport_c
[ 51%] Built target stigmergy__rosidl_typesupport_fastrtps_cpp
[ 68%] Built target stigmergy__rosidl_typesupport_introspection_cpp
[ 68%] Built target stigmergy__rosidl_typesupport_cpp
[ 68%] Built target stigmergy
[ 71%] Built target stigmergy__py
[ 77%] Built target stigmergy__rosidl_generator_py
[ 94%] Built target stigmergy__rosidl_typesupport_introspection_c__pyext
[ 94%] Built target stigmergy__rosidl_typesupport_c__pyext
[ 94%] Built target stigmergy__rosidl_typesupport_fastrtps_c__pyext
running egg_info
writing stigmergy.egg-info/PKG-INFO
writing dependency_links to stigmergy.egg-info/dependency_links.txt
writing top-level names to stigmergy.egg-info/top_level.txt
reading manifest file 'stigmergy.egg-info/SOURCES.txt'
writing manifest file 'stigmergy.egg-info/SOURCES.txt'
In file included from [01m[K/home/fourdds/ros2_ws/src/stigmergy/src/main.cpp:1[m[K:
[01m[K/home/fourdds/ros2_ws/src/stigmergy/src/StigmergyMap.hpp:6:10:[m[K [01;31m[Kfatal error: [m[KStigmergyOptions.hpp: No such file or directory
    6 | #include [01;31m[K"StigmergyOptions.hpp"[m[K
      |          [01;31m[K^~~~~~~~~~~~~~~~~~~~~~[m[K
compilation terminated.
In file included from [01m[K/home/fourdds/ros2_ws/src/stigmergy/src/StigmergyMap.cpp:1[m[K:
[01m[K/home/fourdds/ros2_ws/src/stigmergy/src/StigmergyMap.hpp:6:10:[m[K [01;31m[Kfatal error: [m[KStigmergyOptions.hpp: No such file or directory
    6 | #include [01;31m[K"StigmergyOptions.hpp"[m[K
      |          [01;31m[K^~~~~~~~~~~~~~~~~~~~~~[m[K
compilation terminated.
gmake[2]: *** [CMakeFiles/stigmergy_map.dir/build.make:104: CMakeFiles/stigmergy_map.dir/src/main.cpp.o] Error 1
gmake[2]: *** Waiting for unfinished jobs....
gmake[2]: *** [CMakeFiles/stigmergy_map.dir/build.make:76: CMakeFiles/stigmergy_map.dir/src/StigmergyMap.cpp.o] Error 1
gmake[1]: *** [CMakeFiles/Makefile2:592: CMakeFiles/stigmergy_map.dir/all] Error 2
gmake[1]: *** Waiting for unfinished jobs....
[ 94%] Built target ament_cmake_python_build_stigmergy_egg
gmake: *** [Makefile:146: all] Error 2
