[0.006s] Invoking command in '/home/fourdds/ros2_ws/build/stigmergy': CMAKE_PREFIX_PATH=${CMAKE_PREFIX_PATH}:/opt/ros/humble /usr/bin/cmake --build /home/fourdds/ros2_ws/build/stigmergy -- -j24 -l24
[0.032s] [35m[1mConsolidate compiler generated dependencies of target stigmergy_map[0m
[0.032s] [  8%] Built target stigmergy__rosidl_generator_c
[0.035s] [ 11%] Built target stigmergy__cpp
[0.035s] [ 11%] Built target ament_cmake_python_copy_stigmergy
[0.039s] [ 14%] [32mBuilding CXX object CMakeFiles/stigmergy_map.dir/src/StigmergyMap.cpp.o[0m
[0.040s] [ 17%] [32mBuilding CXX object CMakeFiles/stigmergy_map.dir/src/main.cpp.o[0m
[0.042s] [ 25%] Built target stigmergy__rosidl_typesupport_fastrtps_c
[0.043s] [ 34%] Built target stigmergy__rosidl_typesupport_introspection_c
[0.043s] [ 42%] Built target stigmergy__rosidl_typesupport_c
[0.045s] [ 51%] Built target stigmergy__rosidl_typesupport_fastrtps_cpp
[0.046s] [ 68%] Built target stigmergy__rosidl_typesupport_introspection_cpp
[0.046s] [ 68%] Built target stigmergy__rosidl_typesupport_cpp
[0.055s] [ 68%] Built target stigmergy
[0.064s] [ 71%] Built target stigmergy__py
[0.074s] [ 77%] Built target stigmergy__rosidl_generator_py
[0.084s] [ 94%] Built target stigmergy__rosidl_typesupport_introspection_c__pyext
[0.085s] [ 94%] Built target stigmergy__rosidl_typesupport_c__pyext
[0.085s] [ 94%] Built target stigmergy__rosidl_typesupport_fastrtps_c__pyext
[0.135s] running egg_info
[0.141s] writing stigmergy.egg-info/PKG-INFO
[0.142s] writing dependency_links to stigmergy.egg-info/dependency_links.txt
[0.142s] writing top-level names to stigmergy.egg-info/top_level.txt
[0.164s] reading manifest file 'stigmergy.egg-info/SOURCES.txt'
[0.164s] writing manifest file 'stigmergy.egg-info/SOURCES.txt'
[0.175s] In file included from [01m[K/home/fourdds/ros2_ws/src/stigmergy/src/main.cpp:1[m[K:
[0.175s] [01m[K/home/fourdds/ros2_ws/src/stigmergy/src/StigmergyMap.hpp:6:10:[m[K [01;31m[Kfatal error: [m[KStigmergyOptions.hpp: No such file or directory
[0.175s]     6 | #include [01;31m[K"StigmergyOptions.hpp"[m[K
[0.175s]       |          [01;31m[K^~~~~~~~~~~~~~~~~~~~~~[m[K
[0.175s] compilation terminated.
[0.176s] In file included from [01m[K/home/fourdds/ros2_ws/src/stigmergy/src/StigmergyMap.cpp:1[m[K:
[0.176s] [01m[K/home/fourdds/ros2_ws/src/stigmergy/src/StigmergyMap.hpp:6:10:[m[K [01;31m[Kfatal error: [m[KStigmergyOptions.hpp: No such file or directory
[0.176s]     6 | #include [01;31m[K"StigmergyOptions.hpp"[m[K
[0.176s]       |          [01;31m[K^~~~~~~~~~~~~~~~~~~~~~[m[K
[0.176s] compilation terminated.
[0.176s] gmake[2]: *** [CMakeFiles/stigmergy_map.dir/build.make:104: CMakeFiles/stigmergy_map.dir/src/main.cpp.o] Error 1
[0.176s] gmake[2]: *** Waiting for unfinished jobs....
[0.177s] gmake[2]: *** [CMakeFiles/stigmergy_map.dir/build.make:76: CMakeFiles/stigmergy_map.dir/src/StigmergyMap.cpp.o] Error 1
[0.177s] gmake[1]: *** [CMakeFiles/Makefile2:592: CMakeFiles/stigmergy_map.dir/all] Error 2
[0.177s] gmake[1]: *** Waiting for unfinished jobs....
[0.178s] [ 94%] Built target ament_cmake_python_build_stigmergy_egg
[0.179s] gmake: *** [Makefile:146: all] Error 2
[0.180s] Invoked command in '/home/fourdds/ros2_ws/build/stigmergy' returned '2': CMAKE_PREFIX_PATH=${CMAKE_PREFIX_PATH}:/opt/ros/humble /usr/bin/cmake --build /home/fourdds/ros2_ws/build/stigmergy -- -j24 -l24
