[0.032s] Invoking command in '/home/fourdds/ws/build/gazebo_plugins': AMENT_PREFIX_PATH=/home/fourdds/ws/install/gazebo_ros:/home/fourdds/ws/install/gazebo_msgs:/home/fourdds/ws/install/gazebo_dev:/home/fourdds/ws/install/cv_bridge:${AMENT_PREFIX_PATH} CMAKE_PREFIX_PATH=/home/fourdds/ws/install/gazebo_ros:/home/fourdds/ws/install/gazebo_msgs:/home/fourdds/ws/install/gazebo_dev:/home/fourdds/ws/install/cv_bridge:/opt/ros/humble LD_LIBRARY_PATH=/home/fourdds/ws/install/gazebo_ros/lib:/home/fourdds/ws/install/gazebo_msgs/lib:/home/fourdds/ws/install/cv_bridge/lib:${LD_LIBRARY_PATH} PYTHONPATH=/home/fourdds/ws/install/gazebo_ros/local/lib/python3.10/dist-packages:/home/fourdds/ws/install/gazebo_msgs/local/lib/python3.10/dist-packages:/home/fourdds/ws/install/cv_bridge/local/lib/python3.10/dist-packages:${PYTHONPATH} /usr/bin/cmake /home/fourdds/ws/src/gazebo_ros_pkgs/gazebo_plugins -DCMAKE_INSTALL_PREFIX=/home/fourdds/ws/install/gazebo_plugins
[0.044s] -- Found ament_cmake: 1.3.10 (/opt/ros/humble/share/ament_cmake/cmake)
[0.150s] -- Override CMake install command with custom implementation using symlinks instead of copying resources
[0.160s] -- Found camera_info_manager: 3.1.9 (/opt/ros/humble/share/camera_info_manager/cmake)
[0.191s] -- Found rosidl_generator_c: 3.1.5 (/opt/ros/humble/share/rosidl_generator_c/cmake)
[0.193s] -- Found rosidl_adapter: 3.1.5 (/opt/ros/humble/share/rosidl_adapter/cmake)
[0.198s] -- Found rosidl_generator_cpp: 3.1.5 (/opt/ros/humble/share/rosidl_generator_cpp/cmake)
[0.208s] -- Using all available rosidl_typesupport_c: rosidl_typesupport_fastrtps_c;rosidl_typesupport_introspection_c
[0.218s] -- Using all available rosidl_typesupport_cpp: rosidl_typesupport_fastrtps_cpp;rosidl_typesupport_introspection_cpp
[0.244s] -- Found rmw_implementation_cmake: 6.1.2 (/opt/ros/humble/share/rmw_implementation_cmake/cmake)
[0.246s] -- Found rmw_fastrtps_cpp: 6.2.7 (/opt/ros/humble/share/rmw_fastrtps_cpp/cmake)
[0.399s] -- Using RMW implementation 'rmw_fastrtps_cpp' as default
[0.475s] -- Found gazebo_dev: 3.7.0 (/home/fourdds/ws/install/gazebo_dev/share/gazebo_dev/cmake)
[0.502s] -- Found DART: /usr/include (Required is at least version "6.6") found components: dart 
[0.528s] -- Found Protobuf: /usr/lib/x86_64-linux-gnu/libprotobuf.so (found version "3.12.4") 
[0.529s] -- Looking for ignition-math6 -- found version 6.15.1
[0.533s] -- Searching for dependencies of ignition-math6
[0.535s] -- Looking for OGRE...
[0.542s] -- Found Ogre Ghadamon (1.9.0)
[0.542s] -- Found OGRE: optimized;/usr/lib/x86_64-linux-gnu/libOgreMain.so;debug;/usr/lib/x86_64-linux-gnu/libOgreMain.so
[0.552s] -- Looking for OGRE_Paging...
[0.552s] -- Found OGRE_Paging: optimized;/usr/lib/x86_64-linux-gnu/libOgrePaging.so;debug;/usr/lib/x86_64-linux-gnu/libOgrePaging.so
[0.552s] -- Looking for OGRE_Terrain...
[0.552s] -- Found OGRE_Terrain: optimized;/usr/lib/x86_64-linux-gnu/libOgreTerrain.so;debug;/usr/lib/x86_64-linux-gnu/libOgreTerrain.so
[0.552s] -- Looking for OGRE_Property...
[0.552s] -- Found OGRE_Property: optimized;/usr/lib/x86_64-linux-gnu/libOgreProperty.so;debug;/usr/lib/x86_64-linux-gnu/libOgreProperty.so
[0.552s] -- Looking for OGRE_RTShaderSystem...
[0.553s] -- Found OGRE_RTShaderSystem: optimized;/usr/lib/x86_64-linux-gnu/libOgreRTShaderSystem.so;debug;/usr/lib/x86_64-linux-gnu/libOgreRTShaderSystem.so
[0.553s] -- Looking for OGRE_Volume...
[0.553s] -- Found OGRE_Volume: optimized;/usr/lib/x86_64-linux-gnu/libOgreVolume.so;debug;/usr/lib/x86_64-linux-gnu/libOgreVolume.so
[0.553s] -- Looking for OGRE_Overlay...
[0.553s] -- Found OGRE_Overlay: optimized;/usr/lib/x86_64-linux-gnu/libOgreOverlay.so;debug;/usr/lib/x86_64-linux-gnu/libOgreOverlay.so
[1.133s] -- Looking for ignition-math6 -- found version 6.15.1
[1.133s] -- Looking for ignition-transport8 -- found version 8.2.1
[1.133s] -- Searching for dependencies of ignition-transport8
[1.164s] -- Found Protobuf: /usr/lib/x86_64-linux-gnu/libprotobuf.so (found suitable version "3.12.4", minimum required is "3") 
[1.185s] -- Config-file not installed for ZeroMQ -- checking for pkg-config
[1.192s] -- Checking for module 'libzmq >= 4'
[1.210s] --   Found libzmq , version 4.3.4
[1.266s] -- Checking for module 'uuid'
[1.287s] --   Found uuid, version 2.37.2
[1.336s] -- Looking for ignition-msgs5 -- found version 5.8.1
[1.336s] -- Searching for dependencies of ignition-msgs5
[1.370s] -- Looking for ignition-math6 -- found version 6.15.1
[1.375s] -- Checking for module 'tinyxml2'
[1.394s] --   Found tinyxml2, version 9.0.0
[1.437s] -- Looking for ignition-msgs5 -- found version 5.8.1
[1.437s] -- Looking for ignition-common3 -- found version 3.14.0
[1.437s] -- Searching for dependencies of ignition-common3
[1.437s] -- Looking for dlfcn.h - found
[1.437s] -- Looking for libdl - found
[1.452s] -- Searching for <ignition-common3> component [graphics]
[1.453s] -- Looking for ignition-common3-graphics -- found version 3.14.0
[1.453s] -- Searching for dependencies of ignition-common3-graphics
[1.453s] -- Looking for ignition-math6 -- found version 6.15.1
[1.454s] -- Looking for ignition-fuel_tools4 -- found version 4.4.0
[1.454s] -- Searching for dependencies of ignition-fuel_tools4
[1.516s] -- Checking for module 'jsoncpp'
[1.535s] --   Found jsoncpp, version 1.9.5
[1.586s] -- Checking for module 'libzip'
[1.605s] --   Found libzip, version 1.7.3
[1.649s] -- Looking for ignition-common3 -- found version 3.14.0
[1.649s] -- Looking for ignition-math6 -- found version 6.15.1
[1.650s] -- Looking for ignition-msgs5 -- found version 5.8.1
[1.651s] -- Gazebo version: 11.10
[1.651s] -- Found gazebo_msgs: 3.7.0 (/home/fourdds/ws/install/gazebo_msgs/share/gazebo_msgs/cmake)
[1.681s] -- Found gazebo_ros: 3.7.0 (/home/fourdds/ws/install/gazebo_ros/share/gazebo_ros/cmake)
[1.686s] -- Found image_transport: 3.1.9 (/opt/ros/humble/share/image_transport/cmake)
[1.747s] -- Found cv_bridge: 3.2.1 (/home/fourdds/ws/install/cv_bridge/share/cv_bridge/cmake)
[1.757s] -- Found nav_msgs: 4.2.4 (/opt/ros/humble/share/nav_msgs/cmake)
[1.786s] -- Found std_srvs: 4.2.4 (/opt/ros/humble/share/std_srvs/cmake)
[1.795s] -- Found tf2: 0.25.8 (/opt/ros/humble/share/tf2/cmake)
[1.804s] -- Found tf2_geometry_msgs: 0.25.8 (/opt/ros/humble/share/tf2_geometry_msgs/cmake)
[1.812s] -- Found eigen3_cmake_module: 0.1.1 (/opt/ros/humble/share/eigen3_cmake_module/cmake)
[1.816s] -- Ensuring Eigen3 include directory is part of orocos-kdl CMake target
[2.060s] -- Found ament_cmake_gtest: 1.3.10 (/opt/ros/humble/share/ament_cmake_gtest/cmake)
[2.091s] -- Found gtest sources under '/opt/ros/humble/src/gtest_vendor': C++ tests using 'Google Test' will be built
[2.242s] -- Found ament_lint_auto: 0.12.11 (/opt/ros/humble/share/ament_lint_auto/cmake)
[2.316s] -- Added test 'copyright' to check source files copyright and LICENSE
[2.323s] -- Added test 'cppcheck' to perform static code analysis on C / C++ code
[2.326s] -- Configured cppcheck include dirs: /home/fourdds/ws/src/gazebo_ros_pkgs/gazebo_plugins/include
[2.327s] -- Configured cppcheck exclude dirs and/or files: 
[2.327s] -- Added test 'flake8' to check Python code syntax and style conventions
[2.328s] -- Added test 'lint_cmake' to check CMake code style
[2.329s] -- Added test 'pep257' to check Python code against some of the docstring style conventions in PEP 257
[2.334s] -- Added test 'uncrustify' to check C / C++ code style
[2.335s] -- Configured uncrustify additional arguments: 
[2.335s] -- Added test 'xmllint' to check XML markup files
[2.342s] -- Configuring done
[3.070s] -- Generating done
[3.078s] -- Build files have been written to: /home/fourdds/ws/build/gazebo_plugins
[3.104s] Invoked command in '/home/fourdds/ws/build/gazebo_plugins' returned '0': AMENT_PREFIX_PATH=/home/fourdds/ws/install/gazebo_ros:/home/fourdds/ws/install/gazebo_msgs:/home/fourdds/ws/install/gazebo_dev:/home/fourdds/ws/install/cv_bridge:${AMENT_PREFIX_PATH} CMAKE_PREFIX_PATH=/home/fourdds/ws/install/gazebo_ros:/home/fourdds/ws/install/gazebo_msgs:/home/fourdds/ws/install/gazebo_dev:/home/fourdds/ws/install/cv_bridge:/opt/ros/humble LD_LIBRARY_PATH=/home/fourdds/ws/install/gazebo_ros/lib:/home/fourdds/ws/install/gazebo_msgs/lib:/home/fourdds/ws/install/cv_bridge/lib:${LD_LIBRARY_PATH} PYTHONPATH=/home/fourdds/ws/install/gazebo_ros/local/lib/python3.10/dist-packages:/home/fourdds/ws/install/gazebo_msgs/local/lib/python3.10/dist-packages:/home/fourdds/ws/install/cv_bridge/local/lib/python3.10/dist-packages:${PYTHONPATH} /usr/bin/cmake /home/fourdds/ws/src/gazebo_ros_pkgs/gazebo_plugins -DCMAKE_INSTALL_PREFIX=/home/fourdds/ws/install/gazebo_plugins
[3.108s] Invoking command in '/home/fourdds/ws/build/gazebo_plugins': AMENT_PREFIX_PATH=/home/fourdds/ws/install/gazebo_ros:/home/fourdds/ws/install/gazebo_msgs:/home/fourdds/ws/install/gazebo_dev:/home/fourdds/ws/install/cv_bridge:${AMENT_PREFIX_PATH} CMAKE_PREFIX_PATH=/home/fourdds/ws/install/gazebo_ros:/home/fourdds/ws/install/gazebo_msgs:/home/fourdds/ws/install/gazebo_dev:/home/fourdds/ws/install/cv_bridge:/opt/ros/humble LD_LIBRARY_PATH=/home/fourdds/ws/install/gazebo_ros/lib:/home/fourdds/ws/install/gazebo_msgs/lib:/home/fourdds/ws/install/cv_bridge/lib:${LD_LIBRARY_PATH} PYTHONPATH=/home/fourdds/ws/install/gazebo_ros/local/lib/python3.10/dist-packages:/home/fourdds/ws/install/gazebo_msgs/local/lib/python3.10/dist-packages:/home/fourdds/ws/install/cv_bridge/local/lib/python3.10/dist-packages:${PYTHONPATH} /usr/bin/cmake --build /home/fourdds/ws/build/gazebo_plugins -- -j16 -l16
[3.163s] [35m[1mConsolidate compiler generated dependencies of target gazebo_ros_diff_drive[0m
[3.164s] [35m[1mConsolidate compiler generated dependencies of target gazebo_ros_joint_state_publisher[0m
[3.166s] [35m[1mConsolidate compiler generated dependencies of target gazebo_ros_imu_sensor[0m
[3.166s] [35m[1mConsolidate compiler generated dependencies of target multi_camera_plugin[0m
[3.166s] [35m[1mConsolidate compiler generated dependencies of target gazebo_ros_template[0m
[3.167s] [35m[1mConsolidate compiler generated dependencies of target gazebo_ros_p3d[0m
[3.167s] [35m[1mConsolidate compiler generated dependencies of target gazebo_ros_ray_sensor[0m
[3.168s] [35m[1mConsolidate compiler generated dependencies of target gazebo_ros_video[0m
[3.170s] [35m[1mConsolidate compiler generated dependencies of target gazebo_ros_harness[0m
[3.170s] [35m[1mConsolidate compiler generated dependencies of target gazebo_ros_force[0m
[3.170s] [35m[1mConsolidate compiler generated dependencies of target gazebo_ros_bumper[0m
[3.172s] [35m[1mConsolidate compiler generated dependencies of target gazebo_ros_ft_sensor[0m
[3.173s] [35m[1mConsolidate compiler generated dependencies of target gazebo_ros_hand_of_god[0m
[3.174s] [35m[1mConsolidate compiler generated dependencies of target gazebo_ros_tricycle_drive[0m
[3.176s] [35m[1mConsolidate compiler generated dependencies of target gazebo_ros_ackermann_drive[0m
[3.187s] [35m[1mConsolidate compiler generated dependencies of target gazebo_ros_gps_sensor[0m
[3.232s] [  4%] Built target gazebo_ros_template
[3.232s] [  4%] Built target gazebo_ros_joint_state_publisher
[3.233s] [  9%] Built target gazebo_ros_ft_sensor
[3.233s] [  9%] [32mBuilding CXX object CMakeFiles/gazebo_ros_harness.dir/src/gazebo_ros_harness.cpp.o[0m
[3.233s] [ 10%] Built target gazebo_ros_imu_sensor
[3.238s] [ 12%] Built target gazebo_ros_diff_drive
[3.239s] [ 15%] Built target gazebo_ros_force
[3.241s] [ 17%] Built target gazebo_ros_bumper
[3.242s] [ 19%] Built target gazebo_ros_p3d
[3.248s] [ 22%] Built target multi_camera_plugin
[3.250s] [ 26%] Built target gazebo_ros_hand_of_god
[3.250s] [ 26%] Built target gazebo_ros_tricycle_drive
[3.256s] [ 27%] [32mBuilding CXX object CMakeFiles/gazebo_ros_gps_sensor.dir/src/gazebo_ros_gps_sensor.cpp.o[0m
[3.256s] [ 29%] [32mBuilding CXX object CMakeFiles/gazebo_ros_ackermann_drive.dir/src/gazebo_ros_ackermann_drive.cpp.o[0m
[3.257s] [35m[1mConsolidate compiler generated dependencies of target gazebo_ros_elevator[0m
[3.262s] [35m[1mConsolidate compiler generated dependencies of target gazebo_ros_vacuum_gripper[0m
[3.262s] [35m[1mConsolidate compiler generated dependencies of target gazebo_ros_joint_pose_trajectory[0m
[3.264s] [35m[1mConsolidate compiler generated dependencies of target gazebo_ros_planar_move[0m
[3.265s] [35m[1mConsolidate compiler generated dependencies of target gtest_main[0m
[3.266s] [35m[1mConsolidate compiler generated dependencies of target gtest[0m
[3.268s] [35m[1mConsolidate compiler generated dependencies of target gazebo_ros_projector[0m
[3.270s] [ 30%] [32mBuilding CXX object CMakeFiles/gazebo_ros_video.dir/src/gazebo_ros_video.cpp.o[0m
[3.271s] [35m[1mConsolidate compiler generated dependencies of target gazebo_ros_wheel_slip[0m
[3.275s] [35m[1mConsolidate compiler generated dependencies of target gazebo_ros_camera[0m
[3.279s] [ 31%] [32mBuilding CXX object CMakeFiles/gazebo_ros_ray_sensor.dir/src/gazebo_ros_ray_sensor.cpp.o[0m
[3.288s] [ 33%] Built target gtest_main
[3.292s] [ 36%] Built target gtest
[3.313s] [ 38%] Built target gazebo_ros_elevator
[3.315s] [35m[1mConsolidate compiler generated dependencies of target test_gazebo_ros_ackermann_drive[0m
[3.316s] [35m[1mConsolidate compiler generated dependencies of target test_gazebo_ros_diff_drive[0m
[3.322s] [35m[1mConsolidate compiler generated dependencies of target test_gazebo_ros_bumper[0m
[3.325s] [35m[1mConsolidate compiler generated dependencies of target test_gazebo_ros_elevator[0m
[3.329s] [ 41%] [32mBuilding CXX object CMakeFiles/gazebo_ros_joint_pose_trajectory.dir/src/gazebo_ros_joint_pose_trajectory.cpp.o[0m
[3.329s] [ 41%] Built target gazebo_ros_vacuum_gripper
[3.335s] [ 44%] Built target gazebo_ros_planar_move
[3.338s] [35m[1mConsolidate compiler generated dependencies of target test_gazebo_ros_force[0m
[3.349s] [ 46%] [32mBuilding CXX object CMakeFiles/gazebo_ros_wheel_slip.dir/src/gazebo_ros_wheel_slip.cpp.o[0m
[3.349s] [ 47%] Built target gazebo_ros_projector
[3.357s] [35m[1mConsolidate compiler generated dependencies of target test_gazebo_ros_ft_sensor[0m
[3.380s] [ 48%] [32mBuilding CXX object CMakeFiles/gazebo_ros_camera.dir/src/gazebo_ros_camera.cpp.o[0m
[3.380s] [35m[1mConsolidate compiler generated dependencies of target test_gazebo_ros_hand_of_god[0m
[3.386s] [35m[1mConsolidate compiler generated dependencies of target test_gazebo_ros_harness[0m
[3.411s] [ 53%] Built target test_gazebo_ros_ackermann_drive
[3.411s] [ 53%] Built target test_gazebo_ros_diff_drive
[3.414s] [ 55%] Built target test_gazebo_ros_bumper
[3.425s] [ 58%] Built target test_gazebo_ros_elevator
[3.434s] [ 60%] Built target test_gazebo_ros_force
[3.435s] [35m[1mConsolidate compiler generated dependencies of target test_gazebo_ros_imu_sensor[0m
[3.440s] [35m[1mConsolidate compiler generated dependencies of target test_gazebo_ros_gps_sensor[0m
[3.457s] [ 61%] [32mBuilding CXX object test/CMakeFiles/test_gazebo_ros_ft_sensor.dir/test_gazebo_ros_ft_sensor.cpp.o[0m
[3.464s] [35m[1mConsolidate compiler generated dependencies of target test_gazebo_ros_joint_pose_trajectory[0m
[3.485s] [35m[1mConsolidate compiler generated dependencies of target test_gazebo_ros_p3d[0m
[3.486s] [35m[1mConsolidate compiler generated dependencies of target test_gazebo_ros_joint_state_publisher[0m
[3.505s] [ 63%] Built target test_gazebo_ros_hand_of_god
[3.511s] [ 66%] Built target test_gazebo_ros_harness
[3.536s] [ 67%] [32mBuilding CXX object test/CMakeFiles/test_gazebo_ros_gps_sensor.dir/test_gazebo_ros_gps_sensor.cpp.o[0m
[3.537s] [35m[1mConsolidate compiler generated dependencies of target test_gazebo_ros_ray_sensor[0m
[3.539s] [35m[1mConsolidate compiler generated dependencies of target test_gazebo_ros_planar_move[0m
[3.542s] [ 69%] Built target test_gazebo_ros_imu_sensor
[3.569s] [35m[1mConsolidate compiler generated dependencies of target test_gazebo_ros_tricycle_drive[0m
[3.575s] [ 70%] [32mBuilding CXX object test/CMakeFiles/test_gazebo_ros_joint_pose_trajectory.dir/test_gazebo_ros_joint_pose_trajectory.cpp.o[0m
[3.581s] [ 72%] [32mBuilding CXX object test/CMakeFiles/test_gazebo_ros_joint_state_publisher.dir/test_gazebo_ros_joint_state_publisher.cpp.o[0m
[3.584s] [ 74%] Built target test_gazebo_ros_p3d
[3.622s] [35m[1mConsolidate compiler generated dependencies of target test_gazebo_ros_vacuum_gripper[0m
[3.632s] [ 75%] [32mBuilding CXX object test/CMakeFiles/test_gazebo_ros_planar_move.dir/test_gazebo_ros_planar_move.cpp.o[0m
[3.652s] [ 76%] [32mBuilding CXX object test/CMakeFiles/test_gazebo_ros_ray_sensor.dir/test_gazebo_ros_ray_sensor.cpp.o[0m
[3.665s] [ 77%] [32mBuilding CXX object test/CMakeFiles/test_gazebo_ros_tricycle_drive.dir/test_gazebo_ros_tricycle_drive.cpp.o[0m
[3.742s] [ 79%] [32mBuilding CXX object test/CMakeFiles/test_gazebo_ros_vacuum_gripper.dir/test_gazebo_ros_vacuum_gripper.cpp.o[0m
[16.656s] [01m[Kc++:[m[K [01;31m[Kfatal error: [m[KKilled signal terminated program cc1plus
[16.676s] compilation terminated.
[16.678s] gmake[2]: *** [CMakeFiles/gazebo_ros_joint_pose_trajectory.dir/build.make:76: CMakeFiles/gazebo_ros_joint_pose_trajectory.dir/src/gazebo_ros_joint_pose_trajectory.cpp.o] Error 1
[16.762s] gmake[1]: *** [CMakeFiles/Makefile2:744: CMakeFiles/gazebo_ros_joint_pose_trajectory.dir/all] Error 2
[16.763s] gmake[1]: *** Waiting for unfinished jobs....
[24.275s] [01m[Kc++:[m[K [01;31m[Kfatal error: [m[KKilled signal terminated program cc1plus
[24.277s] compilation terminated.
[24.293s] gmake[2]: *** [CMakeFiles/gazebo_ros_ackermann_drive.dir/build.make:76: CMakeFiles/gazebo_ros_ackermann_drive.dir/src/gazebo_ros_ackermann_drive.cpp.o] Error 1
[24.336s] gmake[1]: *** [CMakeFiles/Makefile2:666: CMakeFiles/gazebo_ros_ackermann_drive.dir/all] Error 2
[36.077s] [01m[Kc++:[m[K [01;31m[Kfatal error: [m[KKilled signal terminated program cc1plus
[36.084s] compilation terminated.
[36.098s] gmake[2]: *** [CMakeFiles/gazebo_ros_harness.dir/build.make:76: CMakeFiles/gazebo_ros_harness.dir/src/gazebo_ros_harness.cpp.o] Error 1
[36.159s] gmake[1]: *** [CMakeFiles/Makefile2:614: CMakeFiles/gazebo_ros_harness.dir/all] Error 2
[40.388s] [01m[Kc++:[m[K [01;31m[Kfatal error: [m[KKilled signal terminated program cc1plus
[40.400s] compilation terminated.
[40.400s] gmake[2]: *** [CMakeFiles/gazebo_ros_wheel_slip.dir/build.make:76: CMakeFiles/gazebo_ros_wheel_slip.dir/src/gazebo_ros_wheel_slip.cpp.o] Error 1
[40.463s] gmake[1]: *** [CMakeFiles/Makefile2:822: CMakeFiles/gazebo_ros_wheel_slip.dir/all] Error 2
[47.231s] [01m[Kc++:[m[K [01;31m[Kfatal error: [m[KKilled signal terminated program cc1plus
[47.232s] compilation terminated.
[47.246s] gmake[2]: *** [CMakeFiles/gazebo_ros_ray_sensor.dir/build.make:76: CMakeFiles/gazebo_ros_ray_sensor.dir/src/gazebo_ros_ray_sensor.cpp.o] Error 1
[47.298s] gmake[1]: *** [CMakeFiles/Makefile2:458: CMakeFiles/gazebo_ros_ray_sensor.dir/all] Error 2
[57.584s] [01m[Kc++:[m[K [01;31m[Kfatal error: [m[KKilled signal terminated program cc1plus
[57.596s] compilation terminated.
[57.599s] gmake[2]: *** [CMakeFiles/gazebo_ros_gps_sensor.dir/build.make:76: CMakeFiles/gazebo_ros_gps_sensor.dir/src/gazebo_ros_gps_sensor.cpp.o] Error 1
[57.600s] gmake[1]: *** [CMakeFiles/Makefile2:432: CMakeFiles/gazebo_ros_gps_sensor.dir/all] Error 2
[78.171s] [01m[Kc++:[m[K [01;31m[Kfatal error: [m[KKilled signal terminated program cc1plus
[78.178s] compilation terminated.
[78.179s] gmake[2]: *** [CMakeFiles/gazebo_ros_camera.dir/build.make:76: CMakeFiles/gazebo_ros_camera.dir/src/gazebo_ros_camera.cpp.o] Error 1
[78.203s] gmake[1]: *** [CMakeFiles/Makefile2:380: CMakeFiles/gazebo_ros_camera.dir/all] Error 2
[85.315s] [01m[Kc++:[m[K [01;31m[Kfatal error: [m[KKilled signal terminated program cc1plus
[85.316s] compilation terminated.
[85.327s] gmake[2]: *** [CMakeFiles/gazebo_ros_video.dir/build.make:76: CMakeFiles/gazebo_ros_video.dir/src/gazebo_ros_video.cpp.o] Error 1
[85.386s] gmake[1]: *** [CMakeFiles/Makefile2:536: CMakeFiles/gazebo_ros_video.dir/all] Error 2
[94.691s] [01m[Kc++:[m[K [01;31m[Kfatal error: [m[KKilled signal terminated program cc1plus
[94.692s] compilation terminated.
[94.711s] gmake[2]: *** [test/CMakeFiles/test_gazebo_ros_ray_sensor.dir/build.make:76: test/CMakeFiles/test_gazebo_ros_ray_sensor.dir/test_gazebo_ros_ray_sensor.cpp.o] Error 1
[94.765s] gmake[1]: *** [CMakeFiles/Makefile2:1227: test/CMakeFiles/test_gazebo_ros_ray_sensor.dir/all] Error 2
[134.610s] [01m[Kc++:[m[K [01;31m[Kfatal error: [m[KKilled signal terminated program cc1plus
[134.611s] compilation terminated.
[134.626s] gmake[2]: *** [test/CMakeFiles/test_gazebo_ros_ft_sensor.dir/build.make:76: test/CMakeFiles/test_gazebo_ros_ft_sensor.dir/test_gazebo_ros_ft_sensor.cpp.o] Error 1
[134.679s] gmake[1]: *** [CMakeFiles/Makefile2:984: test/CMakeFiles/test_gazebo_ros_ft_sensor.dir/all] Error 2
[164.899s] [01m[Kc++:[m[K [01;31m[Kfatal error: [m[KKilled signal terminated program cc1plus
[164.900s] compilation terminated.
[164.916s] gmake[2]: *** [test/CMakeFiles/test_gazebo_ros_joint_state_publisher.dir/build.make:76: test/CMakeFiles/test_gazebo_ros_joint_state_publisher.dir/test_gazebo_ros_joint_state_publisher.cpp.o] Error 1
[164.962s] gmake[1]: *** [CMakeFiles/Makefile2:1146: test/CMakeFiles/test_gazebo_ros_joint_state_publisher.dir/all] Error 2
[222.208s] [01m[Kc++:[m[K [01;31m[Kfatal error: [m[KKilled signal terminated program cc1plus
[222.209s] compilation terminated.
[222.223s] gmake[2]: *** [test/CMakeFiles/test_gazebo_ros_gps_sensor.dir/build.make:76: test/CMakeFiles/test_gazebo_ros_gps_sensor.dir/test_gazebo_ros_gps_sensor.cpp.o] Error 1
[222.264s] gmake[1]: *** [CMakeFiles/Makefile2:1092: test/CMakeFiles/test_gazebo_ros_gps_sensor.dir/all] Error 2
[245.104s] [ 80%] [32m[1mLinking CXX executable test_gazebo_ros_joint_pose_trajectory[0m
[248.795s] [ 80%] Built target test_gazebo_ros_joint_pose_trajectory
[252.759s] [ 81%] [32m[1mLinking CXX executable test_gazebo_ros_vacuum_gripper[0m
[255.099s] [ 81%] Built target test_gazebo_ros_vacuum_gripper
[258.980s] [ 82%] [32m[1mLinking CXX executable test_gazebo_ros_planar_move[0m
[260.678s] [ 83%] [32m[1mLinking CXX executable test_gazebo_ros_tricycle_drive[0m
[261.977s] [ 83%] Built target test_gazebo_ros_planar_move
[263.583s] [ 83%] Built target test_gazebo_ros_tricycle_drive
[263.603s] gmake: *** [Makefile:146: all] Error 2
[263.816s] Invoked command in '/home/fourdds/ws/build/gazebo_plugins' returned '2': AMENT_PREFIX_PATH=/home/fourdds/ws/install/gazebo_ros:/home/fourdds/ws/install/gazebo_msgs:/home/fourdds/ws/install/gazebo_dev:/home/fourdds/ws/install/cv_bridge:${AMENT_PREFIX_PATH} CMAKE_PREFIX_PATH=/home/fourdds/ws/install/gazebo_ros:/home/fourdds/ws/install/gazebo_msgs:/home/fourdds/ws/install/gazebo_dev:/home/fourdds/ws/install/cv_bridge:/opt/ros/humble LD_LIBRARY_PATH=/home/fourdds/ws/install/gazebo_ros/lib:/home/fourdds/ws/install/gazebo_msgs/lib:/home/fourdds/ws/install/cv_bridge/lib:${LD_LIBRARY_PATH} PYTHONPATH=/home/fourdds/ws/install/gazebo_ros/local/lib/python3.10/dist-packages:/home/fourdds/ws/install/gazebo_msgs/local/lib/python3.10/dist-packages:/home/fourdds/ws/install/cv_bridge/local/lib/python3.10/dist-packages:${PYTHONPATH} /usr/bin/cmake --build /home/fourdds/ws/build/gazebo_plugins -- -j16 -l16
