[01m[K/home/fourdds/ros2_ws/src/drone/src/Drone.cpp:[m[K In member function â€˜[01m[Kvoid fdds::Drone::flockingLogic()[m[Kâ€™:
[01m[K/home/fourdds/ros2_ws/src/drone/src/Drone.cpp:304:43:[m[K [01;31m[Kerror: [m[Kâ€˜[01m[Kconst struct fdds::Parameters[m[Kâ€™ has no member named â€˜[01m[KdesiredRelativeDepth[m[Kâ€™; did you mean â€˜[01m[KdesiredRelativeAltitude[m[Kâ€™?
  304 |         if (odometryZDownMetres > options.[01;31m[KdesiredRelativeDepth[m[K - 0.5) {
      |                                           [01;31m[K^~~~~~~~~~~~~~~~~~~~[m[K
      |                                           [32m[KdesiredRelativeAltitude[m[K
gmake[2]: *** [CMakeFiles/Drone.dir/build.make:76: CMakeFiles/Drone.dir/src/Drone.cpp.o] Error 1
gmake[1]: *** [CMakeFiles/Makefile2:137: CMakeFiles/Drone.dir/all] Error 2
gmake: *** [Makefile:146: all] Error 2
