In file included from [01m[K/home/fourdds/ros2_ws/src/boids/src/base_station.hpp:7[m[K,
                 from [01m[K/home/fourdds/ros2_ws/src/boids/src/base_station.cpp:1[m[K:
[01m[K/home/fourdds/ros2_ws/build/boids/rosidl_generator_cpp/boids/msg/flock_center_of_mass.hpp:7:10:[m[K [01;31m[Kfatal error: [m[Kboids/msg/detail/flock_center_of_mass__struct.hpp: No such file or directory
    7 | #include [01;31m[K"boids/msg/detail/flock_center_of_mass__struct.hpp"[m[K
      |          [01;31m[K^~~~~~~~~~~~~~~~~~~~~~~~~~~~~~~~~~~~~~~~~~~~~~~~~~~[m[K
compilation terminated.
In file included from [01m[K/home/fourdds/ros2_ws/src/boids/src/uav_node.hpp:14[m[K,
                 from [01m[K/home/fourdds/ros2_ws/src/boids/src/main.cpp:1[m[K:
[01m[K/home/fourdds/ros2_ws/build/boids/rosidl_generator_cpp/boids/msg/flock_center_of_mass.hpp:7:10:[m[K [01;31m[Kfatal error: [m[Kboids/msg/detail/flock_center_of_mass__struct.hpp: No such file or directory
    7 | #include [01;31m[K"boids/msg/detail/flock_center_of_mass__struct.hpp"[m[K
      |          [01;31m[K^~~~~~~~~~~~~~~~~~~~~~~~~~~~~~~~~~~~~~~~~~~~~~~~~~~[m[K
compilation terminated.
gmake[2]: *** [CMakeFiles/uavs_spawner.dir/build.make:90: CMakeFiles/uavs_spawner.dir/src/base_station.cpp.o] Error 1
gmake[2]: *** Waiting for unfinished jobs....
gmake[2]: *** [CMakeFiles/uavs_spawner.dir/build.make:104: CMakeFiles/uavs_spawner.dir/src/main.cpp.o] Error 1
In file included from [01m[K/home/fourdds/ros2_ws/src/boids/src/uav_node.hpp:14[m[K,
                 from [01m[K/home/fourdds/ros2_ws/src/boids/src/uav_node.cpp:1[m[K:
[01m[K/home/fourdds/ros2_ws/build/boids/rosidl_generator_cpp/boids/msg/flock_center_of_mass.hpp:9:10:[m[K [01;31m[Kfatal error: [m[Kboids/msg/detail/flock_center_of_mass__traits.hpp: No such file or directory
    9 | #include [01;31m[K"boids/msg/detail/flock_center_of_mass__traits.hpp"[m[K
      |          [01;31m[K^~~~~~~~~~~~~~~~~~~~~~~~~~~~~~~~~~~~~~~~~~~~~~~~~~~[m[K
compilation terminated.
gmake[2]: *** [CMakeFiles/uavs_spawner.dir/build.make:76: CMakeFiles/uavs_spawner.dir/src/uav_node.cpp.o] Error 1
gmake[1]: *** [CMakeFiles/Makefile2:620: CMakeFiles/uavs_spawner.dir/all] Error 2
gmake[1]: *** Waiting for unfinished jobs....
gmake: *** [Makefile:146: all] Error 2
