[0.010s] Invoking command in '/home/fourdds/ros2_ws/build/boids': CMAKE_PREFIX_PATH=/home/fourdds/ros2_ws/install/px4_msgs:/home/fourdds/ros2_ws/install/px4_ros_com:/home/fourdds/ros2_ws/install/boids:/opt/ros/humble LD_LIBRARY_PATH=/home/fourdds/ros2_ws/install/px4_msgs/lib:/home/fourdds/ros2_ws/install/px4_ros_com/lib:/home/fourdds/ros2_ws/install/boids/lib:/usr/lib/x86_64-linux-gnu/gazebo-11/plugins:/opt/ros/humble/opt/rviz_ogre_vendor/lib:/opt/ros/humble/lib/x86_64-linux-gnu:/opt/ros/humble/lib /usr/bin/cmake --build /home/fourdds/ros2_ws/build/boids -- -j24 -l24
[0.021s] -- Found ament_cmake: 1.3.8 (/opt/ros/humble/share/ament_cmake/cmake)
[0.101s] -- Found builtin_interfaces: 1.2.1 (/opt/ros/humble/share/builtin_interfaces/cmake)
[0.115s] -- Found rosidl_generator_c: 3.1.5 (/opt/ros/humble/share/rosidl_generator_c/cmake)
[0.116s] -- Found rosidl_adapter: 3.1.5 (/opt/ros/humble/share/rosidl_adapter/cmake)
[0.120s] -- Found rosidl_generator_cpp: 3.1.5 (/opt/ros/humble/share/rosidl_generator_cpp/cmake)
[0.126s] -- Using all available rosidl_typesupport_c: rosidl_typesupport_fastrtps_c;rosidl_typesupport_introspection_c
[0.135s] -- Using all available rosidl_typesupport_cpp: rosidl_typesupport_fastrtps_cpp;rosidl_typesupport_introspection_cpp
[0.144s] -- Found eigen3_cmake_module: 0.1.1 (/opt/ros/humble/share/eigen3_cmake_module/cmake)
[0.145s] -- Found geometry_msgs: 4.2.3 (/opt/ros/humble/share/geometry_msgs/cmake)
[0.200s] -- Found px4_msgs: 2.0.1 (/home/fourdds/ros2_ws/install/px4_msgs/share/px4_msgs/cmake)
[0.220s] -- Found rclcpp: 16.0.8 (/opt/ros/humble/share/rclcpp/cmake)
[0.248s] -- Found rmw_implementation_cmake: 6.1.1 (/opt/ros/humble/share/rmw_implementation_cmake/cmake)
[0.249s] -- Found rmw_fastrtps_cpp: 6.2.6 (/opt/ros/humble/share/rmw_fastrtps_cpp/cmake)
[0.317s] -- Using RMW implementation 'rmw_fastrtps_cpp' as default
[0.395s] -- Found sensor_msgs: 4.2.3 (/opt/ros/humble/share/sensor_msgs/cmake)
[0.444s] -- Found rclpy: 3.3.12 (/opt/ros/humble/share/rclpy/cmake)
[0.444s] -- Found boids: 0.0.0 (/home/fourdds/ros2_ws/install/boids/share/boids/cmake)
[0.475s] -- Found rosidl_default_generators: 1.2.0 (/opt/ros/humble/share/rosidl_default_generators/cmake)
[0.635s] -- Found ament_cmake_ros: 0.10.0 (/opt/ros/humble/share/ament_cmake_ros/cmake)
[0.833s] -- Using all available rosidl_typesupport_c: rosidl_typesupport_fastrtps_c;rosidl_typesupport_introspection_c
[0.910s] -- Using all available rosidl_typesupport_cpp: rosidl_typesupport_fastrtps_cpp;rosidl_typesupport_introspection_cpp
[0.927s] -- Found python_cmake_module: 0.10.0 (/opt/ros/humble/share/python_cmake_module/cmake)
[0.943s] -- Using PYTHON_EXECUTABLE: /usr/bin/python3
[0.943s] -- Using PYTHON_INCLUDE_DIRS: /usr/include/python3.10
[0.943s] -- Using PYTHON_LIBRARIES: /usr/lib/x86_64-linux-gnu/libpython3.10.so
[0.952s] -- Found ament_lint_auto: 0.12.10 (/opt/ros/humble/share/ament_lint_auto/cmake)
[0.957s] -- Added test 'copyright' to check source files copyright and LICENSE
[0.958s] -- Added test 'cppcheck' to perform static code analysis on C / C++ code
[0.959s] -- Configured cppcheck include dirs: /home/fourdds/ros2_ws/src/boids/include;$<BUILD_INTERFACE:/home/fourdds/ros2_ws/src/boids/include/boids>
[0.959s] -- Configured cppcheck exclude dirs and/or files: 
[0.959s] -- Added test 'cpplint' to check C / C++ code against the Google style
[0.959s] -- Configured cpplint exclude dirs and/or files: 
[0.959s] -- Added test 'flake8' to check Python code syntax and style conventions
[0.960s] -- Added test 'lint_cmake' to check CMake code style
[0.960s] -- Added test 'pep257' to check Python code against some of the docstring style conventions in PEP 257
[0.961s] -- Added test 'uncrustify' to check C / C++ code style
[0.961s] -- Configured uncrustify additional arguments: 
[0.961s] -- Added test 'xmllint' to check XML markup files
[0.963s] -- Configuring done
[0.990s] -- Generating done
[0.992s] -- Build files have been written to: /home/fourdds/ros2_ws/build/boids
[1.011s] [  2%] [34m[1mGenerating C code for ROS interfaces[0m
[1.011s] [35m[1mConsolidate compiler generated dependencies of target frame_transforms[0m
[1.012s] [35m[1mConsolidate compiler generated dependencies of target uavs_spawner[0m
[1.016s] [  4%] [34m[1mGenerating C++ code for ROS interfaces[0m
[1.022s] [  4%] Built target ament_cmake_python_copy_boids
[1.022s] [  8%] Built target frame_transforms
[1.026s] [ 11%] [32mBuilding CXX object CMakeFiles/uavs_spawner.dir/src/base_station.cpp.o[0m
[1.027s] [ 13%] [32mBuilding CXX object CMakeFiles/uavs_spawner.dir/src/main.cpp.o[0m
[1.027s] [ 15%] [32mBuilding CXX object CMakeFiles/uavs_spawner.dir/src/uav_node.cpp.o[0m
[1.152s] running egg_info
[1.162s] writing boids.egg-info/PKG-INFO
[1.163s] writing dependency_links to boids.egg-info/dependency_links.txt
[1.163s] writing top-level names to boids.egg-info/top_level.txt
[1.168s] In file included from [01m[K/home/fourdds/ros2_ws/src/boids/src/base_station.hpp:7[m[K,
[1.168s]                  from [01m[K/home/fourdds/ros2_ws/src/boids/src/base_station.cpp:1[m[K:
[1.168s] [01m[K/home/fourdds/ros2_ws/build/boids/rosidl_generator_cpp/boids/msg/flock_center_of_mass.hpp:7:10:[m[K [01;31m[Kfatal error: [m[Kboids/msg/detail/flock_center_of_mass__struct.hpp: No such file or directory
[1.168s]     7 | #include [01;31m[K"boids/msg/detail/flock_center_of_mass__struct.hpp"[m[K
[1.168s]       |          [01;31m[K^~~~~~~~~~~~~~~~~~~~~~~~~~~~~~~~~~~~~~~~~~~~~~~~~~~[m[K
[1.168s] compilation terminated.
[1.170s] In file included from [01m[K/home/fourdds/ros2_ws/src/boids/src/uav_node.hpp:14[m[K,
[1.170s]                  from [01m[K/home/fourdds/ros2_ws/src/boids/src/main.cpp:1[m[K:
[1.170s] [01m[K/home/fourdds/ros2_ws/build/boids/rosidl_generator_cpp/boids/msg/flock_center_of_mass.hpp:7:10:[m[K [01;31m[Kfatal error: [m[Kboids/msg/detail/flock_center_of_mass__struct.hpp: No such file or directory
[1.170s]     7 | #include [01;31m[K"boids/msg/detail/flock_center_of_mass__struct.hpp"[m[K
[1.170s]       |          [01;31m[K^~~~~~~~~~~~~~~~~~~~~~~~~~~~~~~~~~~~~~~~~~~~~~~~~~~[m[K
[1.170s] compilation terminated.
[1.170s] gmake[2]: *** [CMakeFiles/uavs_spawner.dir/build.make:90: CMakeFiles/uavs_spawner.dir/src/base_station.cpp.o] Error 1
[1.170s] gmake[2]: *** Waiting for unfinished jobs....
[1.171s] gmake[2]: *** [CMakeFiles/uavs_spawner.dir/build.make:104: CMakeFiles/uavs_spawner.dir/src/main.cpp.o] Error 1
[1.179s] In file included from [01m[K/home/fourdds/ros2_ws/src/boids/src/uav_node.hpp:14[m[K,
[1.179s]                  from [01m[K/home/fourdds/ros2_ws/src/boids/src/uav_node.cpp:1[m[K:
[1.179s] [01m[K/home/fourdds/ros2_ws/build/boids/rosidl_generator_cpp/boids/msg/flock_center_of_mass.hpp:9:10:[m[K [01;31m[Kfatal error: [m[Kboids/msg/detail/flock_center_of_mass__traits.hpp: No such file or directory
[1.179s]     9 | #include [01;31m[K"boids/msg/detail/flock_center_of_mass__traits.hpp"[m[K
[1.179s]       |          [01;31m[K^~~~~~~~~~~~~~~~~~~~~~~~~~~~~~~~~~~~~~~~~~~~~~~~~~~[m[K
[1.179s] compilation terminated.
[1.180s] gmake[2]: *** [CMakeFiles/uavs_spawner.dir/build.make:76: CMakeFiles/uavs_spawner.dir/src/uav_node.cpp.o] Error 1
[1.180s] gmake[1]: *** [CMakeFiles/Makefile2:620: CMakeFiles/uavs_spawner.dir/all] Error 2
[1.180s] gmake[1]: *** Waiting for unfinished jobs....
[1.186s] reading manifest file 'boids.egg-info/SOURCES.txt'
[1.187s] writing manifest file 'boids.egg-info/SOURCES.txt'
[1.199s] [35m[1mConsolidate compiler generated dependencies of target boids__rosidl_generator_c[0m
[1.205s] [ 20%] [32mBuilding C object CMakeFiles/boids__rosidl_generator_c.dir/rosidl_generator_c/boids/msg/detail/flock_center_of_mass__functions.c.o[0m
[1.205s] [ 20%] [32mBuilding C object CMakeFiles/boids__rosidl_generator_c.dir/rosidl_generator_c/boids/msg/detail/geo_ping__functions.c.o[0m
[1.205s] [ 20%] Built target boids__cpp
[1.218s] [ 20%] Built target ament_cmake_python_build_boids_egg
[1.232s] [ 22%] [32m[1mLinking C shared library libboids__rosidl_generator_c.so[0m
[1.252s] [ 22%] Built target boids__rosidl_generator_c
[1.252s] gmake: *** [Makefile:146: all] Error 2
[1.254s] Invoked command in '/home/fourdds/ros2_ws/build/boids' returned '2': CMAKE_PREFIX_PATH=/home/fourdds/ros2_ws/install/px4_msgs:/home/fourdds/ros2_ws/install/px4_ros_com:/home/fourdds/ros2_ws/install/boids:/opt/ros/humble LD_LIBRARY_PATH=/home/fourdds/ros2_ws/install/px4_msgs/lib:/home/fourdds/ros2_ws/install/px4_ros_com/lib:/home/fourdds/ros2_ws/install/boids/lib:/usr/lib/x86_64-linux-gnu/gazebo-11/plugins:/opt/ros/humble/opt/rviz_ogre_vendor/lib:/opt/ros/humble/lib/x86_64-linux-gnu:/opt/ros/humble/lib /usr/bin/cmake --build /home/fourdds/ros2_ws/build/boids -- -j24 -l24
