-- Found ament_cmake: 1.3.10 (/opt/ros/humble/share/ament_cmake/cmake)
-- Override CMake install command with custom implementation using symlinks instead of copying resources
-- Found builtin_interfaces: 1.2.1 (/opt/ros/humble/share/builtin_interfaces/cmake)
-- Found rosidl_generator_c: 3.1.5 (/opt/ros/humble/share/rosidl_generator_c/cmake)
-- Found rosidl_adapter: 3.1.5 (/opt/ros/humble/share/rosidl_adapter/cmake)
-- Found rosidl_generator_cpp: 3.1.5 (/opt/ros/humble/share/rosidl_generator_cpp/cmake)
-- Using all available rosidl_typesupport_c: rosidl_typesupport_fastrtps_c;rosidl_typesupport_introspection_c
-- Using all available rosidl_typesupport_cpp: rosidl_typesupport_fastrtps_cpp;rosidl_typesupport_introspection_cpp
-- Found gazebo_dev: 3.7.0 (/home/fourdds/ws/install/gazebo_dev/share/gazebo_dev/cmake)
-- Found DART: /usr/include (Required is at least version "6.6") found components: dart 
-- Found Protobuf: /usr/lib/x86_64-linux-gnu/libprotobuf.so (found version "3.12.4") 
-- Looking for ignition-math6 -- found version 6.15.1
-- Searching for dependencies of ignition-math6
-- Looking for OGRE...
-- Found Ogre Ghadamon (1.9.0)
-- Found OGRE: optimized;/usr/lib/x86_64-linux-gnu/libOgreMain.so;debug;/usr/lib/x86_64-linux-gnu/libOgreMain.so
-- Looking for OGRE_Paging...
-- Found OGRE_Paging: optimized;/usr/lib/x86_64-linux-gnu/libOgrePaging.so;debug;/usr/lib/x86_64-linux-gnu/libOgrePaging.so
-- Looking for OGRE_Terrain...
-- Found OGRE_Terrain: optimized;/usr/lib/x86_64-linux-gnu/libOgreTerrain.so;debug;/usr/lib/x86_64-linux-gnu/libOgreTerrain.so
-- Looking for OGRE_Property...
-- Found OGRE_Property: optimized;/usr/lib/x86_64-linux-gnu/libOgreProperty.so;debug;/usr/lib/x86_64-linux-gnu/libOgreProperty.so
-- Looking for OGRE_RTShaderSystem...
-- Found OGRE_RTShaderSystem: optimized;/usr/lib/x86_64-linux-gnu/libOgreRTShaderSystem.so;debug;/usr/lib/x86_64-linux-gnu/libOgreRTShaderSystem.so
-- Looking for OGRE_Volume...
-- Found OGRE_Volume: optimized;/usr/lib/x86_64-linux-gnu/libOgreVolume.so;debug;/usr/lib/x86_64-linux-gnu/libOgreVolume.so
-- Looking for OGRE_Overlay...
-- Found OGRE_Overlay: optimized;/usr/lib/x86_64-linux-gnu/libOgreOverlay.so;debug;/usr/lib/x86_64-linux-gnu/libOgreOverlay.so
-- Looking for ignition-math6 -- found version 6.15.1
-- Looking for ignition-transport8 -- found version 8.2.1
-- Searching for dependencies of ignition-transport8
-- Found Protobuf: /usr/lib/x86_64-linux-gnu/libprotobuf.so (found suitable version "3.12.4", minimum required is "3") 
-- Config-file not installed for ZeroMQ -- checking for pkg-config
-- Checking for module 'libzmq >= 4'
--   Found libzmq , version 4.3.4
-- Checking for module 'uuid'
--   Found uuid, version 2.37.2
-- Looking for ignition-msgs5 -- found version 5.8.1
-- Searching for dependencies of ignition-msgs5
-- Looking for ignition-math6 -- found version 6.15.1
-- Checking for module 'tinyxml2'
--   Found tinyxml2, version 9.0.0
-- Looking for ignition-msgs5 -- found version 5.8.1
-- Looking for ignition-common3 -- found version 3.14.0
-- Searching for dependencies of ignition-common3
-- Looking for dlfcn.h - found
-- Looking for libdl - found
-- Searching for <ignition-common3> component [graphics]
-- Looking for ignition-common3-graphics -- found version 3.14.0
-- Searching for dependencies of ignition-common3-graphics
-- Looking for ignition-math6 -- found version 6.15.1
-- Looking for ignition-fuel_tools4 -- found version 4.4.0
-- Searching for dependencies of ignition-fuel_tools4
-- Checking for module 'jsoncpp'
--   Found jsoncpp, version 1.9.5
-- Checking for module 'libzip'
--   Found libzip, version 1.7.3
-- Looking for ignition-common3 -- found version 3.14.0
-- Looking for ignition-math6 -- found version 6.15.1
-- Looking for ignition-msgs5 -- found version 5.8.1
-- Gazebo version: 11.10
-- Found gazebo_msgs: 3.7.0 (/home/fourdds/ws/install/gazebo_msgs/share/gazebo_msgs/cmake)
-- Found rcl: 5.3.9 (/opt/ros/humble/share/rcl/cmake)
-- Found rmw_implementation_cmake: 6.1.2 (/opt/ros/humble/share/rmw_implementation_cmake/cmake)
-- Found rmw_fastrtps_cpp: 6.2.7 (/opt/ros/humble/share/rmw_fastrtps_cpp/cmake)
-- Using RMW implementation 'rmw_fastrtps_cpp' as default
-- Found rclcpp: 16.0.10 (/opt/ros/humble/share/rclcpp/cmake)
-- Found std_srvs: 4.2.4 (/opt/ros/humble/share/std_srvs/cmake)
-- Found tinyxml_vendor: 0.8.3 (/opt/ros/humble/share/tinyxml_vendor/cmake)
-- Found ament_cmake_gtest: 1.3.10 (/opt/ros/humble/share/ament_cmake_gtest/cmake)
-- Found launch_testing_ament_cmake: 1.0.6 (/opt/ros/humble/share/launch_testing_ament_cmake/cmake)
-- Found python_cmake_module: 0.10.0 (/opt/ros/humble/share/python_cmake_module/cmake)
-- Using PYTHON_EXECUTABLE: /usr/bin/python3
-- Using PYTHON_INCLUDE_DIRS: /usr/include/python3.10
-- Using PYTHON_LIBRARIES: /usr/lib/x86_64-linux-gnu/libpython3.10.so
-- Found sensor_msgs: 4.2.4 (/opt/ros/humble/share/sensor_msgs/cmake)
-- Found gtest sources under '/opt/ros/humble/src/gtest_vendor': C++ tests using 'Google Test' will be built
-- Found ament_lint_auto: 0.12.11 (/opt/ros/humble/share/ament_lint_auto/cmake)
-- Found python_cmake_module: 0.10.0 (/opt/ros/humble/share/python_cmake_module/cmake)
-- Using PYTHON_EXECUTABLE: /usr/bin/python3
-- Using PYTHON_INCLUDE_DIRS: /usr/include/python3.10
-- Using PYTHON_LIBRARIES: /usr/lib/x86_64-linux-gnu/libpython3.10.so
-- Added test 'copyright' to check source files copyright and LICENSE
-- Added test 'cppcheck' to perform static code analysis on C / C++ code
-- Configured cppcheck include dirs: $<BUILD_INTERFACE:/home/fourdds/ws/src/gazebo_ros_pkgs/gazebo_ros/include>
-- Configured cppcheck exclude dirs and/or files: 
-- Added test 'flake8' to check Python code syntax and style conventions
-- Added test 'lint_cmake' to check CMake code style
-- Added test 'pep257' to check Python code against some of the docstring style conventions in PEP 257
-- Added test 'uncrustify' to check C / C++ code style
-- Configured uncrustify additional arguments: 
-- Added test 'xmllint' to check XML markup files
-- Configuring done
-- Generating done
-- Build files have been written to: /home/fourdds/ws/build/gazebo_ros
[35m[1mConsolidate compiler generated dependencies of target gtest_main[0m
[35m[1mConsolidate compiler generated dependencies of target mock_gazebo_ros_factory[0m
[35m[1mConsolidate compiler generated dependencies of target mock_robot_state_publisher[0m
[35m[1mConsolidate compiler generated dependencies of target gtest[0m
[35m[1mConsolidate compiler generated dependencies of target gazebo_ros_utils[0m
[35m[1mConsolidate compiler generated dependencies of target gazebo_ros_node[0m
[  3%] Built target gtest_main
[  5%] Built target ament_cmake_python_symlink_scripts
[  6%] Built target gtest
[ 10%] Built target mock_gazebo_ros_factory
[ 13%] Built target mock_robot_state_publisher
[ 16%] Built target gazebo_ros_utils
[ 23%] Built target gazebo_ros_node
[35m[1mConsolidate compiler generated dependencies of target gazebo_ros_state[0m
[35m[1mConsolidate compiler generated dependencies of target gazebo_ros_factory[0m
[35m[1mConsolidate compiler generated dependencies of target test_conversions[0m
[35m[1mConsolidate compiler generated dependencies of target gazebo_ros_properties[0m
[35m[1mConsolidate compiler generated dependencies of target gazebo_ros_init[0m
[35m[1mConsolidate compiler generated dependencies of target ros_world_plugin[0m
[35m[1mConsolidate compiler generated dependencies of target args_init[0m
[35m[1mConsolidate compiler generated dependencies of target create_node_without_init[0m
[35m[1mConsolidate compiler generated dependencies of target gazebo_ros_force_system[0m
[35m[1mConsolidate compiler generated dependencies of target sdf_node[0m
[35m[1mConsolidate compiler generated dependencies of target test_gazebo_ros_init[0m
[35m[1mConsolidate compiler generated dependencies of target test_gazebo_ros_link_wrench[0m
[35m[1mConsolidate compiler generated dependencies of target multiple_nodes[0m
[35m[1mConsolidate compiler generated dependencies of target test_gazebo_ros_factory[0m
[35m[1mConsolidate compiler generated dependencies of target test_gazebo_ros_joint_effort[0m
[ 26%] Built target test_conversions
[ 30%] Built target ros_world_plugin
[35m[1mConsolidate compiler generated dependencies of target test_gazebo_ros_properties[0m
[ 36%] Built target create_node_without_init
[ 36%] Built target multiple_nodes
[ 40%] Built target sdf_node
[ 41%] [32mBuilding CXX object CMakeFiles/gazebo_ros_state.dir/src/gazebo_ros_state.cpp.o[0m
[ 48%] Built target gazebo_ros_properties
[ 48%] Built target gazebo_ros_force_system
[ 50%] [32mBuilding CXX object CMakeFiles/gazebo_ros_init.dir/src/gazebo_ros_init.cpp.o[0m
[35m[1mConsolidate compiler generated dependencies of target test_gazebo_ros_state[0m
[ 51%] [32mBuilding CXX object CMakeFiles/gazebo_ros_factory.dir/src/gazebo_ros_factory.cpp.o[0m
[ 55%] Built target args_init
[ 58%] Built target test_gazebo_ros_init
[35m[1mConsolidate compiler generated dependencies of target test_plugins[0m
[35m[1mConsolidate compiler generated dependencies of target test_node[0m
[35m[1mConsolidate compiler generated dependencies of target test_reject_duplicate_nodes[0m
[35m[1mConsolidate compiler generated dependencies of target test_qos[0m
[ 60%] [32mBuilding CXX object test/CMakeFiles/test_gazebo_ros_factory.dir/test_gazebo_ros_factory.cpp.o[0m
[ 61%] [32mBuilding CXX object test/CMakeFiles/test_gazebo_ros_link_wrench.dir/test_gazebo_ros_link_wrench.cpp.o[0m
[35m[1mConsolidate compiler generated dependencies of target test_sim_time[0m
[35m[1mConsolidate compiler generated dependencies of target test_utils[0m
[ 65%] Built target test_gazebo_ros_joint_effort
[ 68%] [32mBuilding CXX object test/CMakeFiles/test_plugins.dir/test_plugins.cpp.o[0m
[ 68%] [32mBuilding CXX object test/CMakeFiles/test_qos.dir/test_qos.cpp.o[0m
[ 70%] [32mBuilding CXX object test/CMakeFiles/test_sim_time.dir/test_sim_time.cpp.o[0m
[ 71%] [32mBuilding CXX object test/CMakeFiles/test_reject_duplicate_nodes.dir/test_reject_duplicate_nodes.cpp.o[0m
[ 73%] [32mBuilding CXX object test/CMakeFiles/test_node.dir/test_node.cpp.o[0m
[ 75%] [32mBuilding CXX object test/CMakeFiles/test_gazebo_ros_properties.dir/test_gazebo_ros_properties.cpp.o[0m
[ 76%] [32mBuilding CXX object test/CMakeFiles/test_utils.dir/test_utils.cpp.o[0m
[ 78%] [32mBuilding CXX object test/CMakeFiles/test_gazebo_ros_state.dir/test_gazebo_ros_state.cpp.o[0m
running egg_info
writing scripts.egg-info/PKG-INFO
writing dependency_links to scripts.egg-info/dependency_links.txt
writing top-level names to scripts.egg-info/top_level.txt
reading manifest file 'scripts.egg-info/SOURCES.txt'
writing manifest file 'scripts.egg-info/SOURCES.txt'
[ 78%] Built target ament_cmake_python_build_scripts_egg
[ 80%] [32m[1mLinking CXX executable test_qos[0m
[ 80%] Built target test_qos
[01m[Kc++:[m[K [01;31m[Kfatal error: [m[KKilled signal terminated program cc1plus
compilation terminated.
gmake[2]: *** [test/CMakeFiles/test_gazebo_ros_properties.dir/build.make:76: test/CMakeFiles/test_gazebo_ros_properties.dir/test_gazebo_ros_properties.cpp.o] Error 1
gmake[1]: *** [CMakeFiles/Makefile2:739: test/CMakeFiles/test_gazebo_ros_properties.dir/all] Error 2
gmake[1]: *** Waiting for unfinished jobs....
[01m[Kc++:[m[K [01;31m[Kfatal error: [m[KKilled signal terminated program cc1plus
compilation terminated.
gmake[2]: *** [CMakeFiles/gazebo_ros_init.dir/build.make:76: CMakeFiles/gazebo_ros_init.dir/src/gazebo_ros_init.cpp.o] Error 1
gmake[1]: *** [CMakeFiles/Makefile2:330: CMakeFiles/gazebo_ros_init.dir/all] Error 2
[ 81%] [32m[1mLinking CXX executable test_sim_time[0m
[ 83%] [32m[1mLinking CXX executable test_node[0m
[ 85%] [32m[1mLinking CXX executable test_plugins[0m
[ 86%] [32m[1mLinking CXX executable test_reject_duplicate_nodes[0m
[ 86%] Built target test_sim_time
[ 86%] Built target test_plugins
[ 88%] [32m[1mLinking CXX executable test_utils[0m
[ 88%] Built target test_reject_duplicate_nodes
[ 88%] Built target test_node
[ 88%] Built target test_utils
[ 90%] [32m[1mLinking CXX shared library libgazebo_ros_factory.so[0m
[ 91%] [32m[1mLinking CXX shared library libgazebo_ros_state.so[0m
[ 91%] Built target gazebo_ros_factory
[ 91%] Built target gazebo_ros_state
[ 93%] [32m[1mLinking CXX executable test_gazebo_ros_link_wrench[0m
[ 95%] [32m[1mLinking CXX executable test_gazebo_ros_factory[0m
[ 95%] Built target test_gazebo_ros_link_wrench
[ 95%] Built target test_gazebo_ros_factory
[ 96%] [32m[1mLinking CXX executable test_gazebo_ros_state[0m
[ 96%] Built target test_gazebo_ros_state
gmake: *** [Makefile:146: all] Error 2
