[0.018s] Invoking command in '/home/fourdds/ws/build/gazebo_ros': AMENT_PREFIX_PATH=/home/fourdds/ws/install/gazebo_msgs:/home/fourdds/ws/install/gazebo_dev:${AMENT_PREFIX_PATH} CMAKE_PREFIX_PATH=/home/fourdds/ws/install/gazebo_msgs:/home/fourdds/ws/install/gazebo_dev:/opt/ros/humble LD_LIBRARY_PATH=/home/fourdds/ws/install/gazebo_msgs/lib:${LD_LIBRARY_PATH} PYTHONPATH=/home/fourdds/ws/install/gazebo_msgs/local/lib/python3.10/dist-packages:${PYTHONPATH} /usr/bin/cmake /home/fourdds/ws/src/gazebo_ros_pkgs/gazebo_ros -DCMAKE_INSTALL_PREFIX=/home/fourdds/ws/install/gazebo_ros
[0.031s] -- Found ament_cmake: 1.3.10 (/opt/ros/humble/share/ament_cmake/cmake)
[0.134s] -- Override CMake install command with custom implementation using symlinks instead of copying resources
[0.142s] -- Found builtin_interfaces: 1.2.1 (/opt/ros/humble/share/builtin_interfaces/cmake)
[0.165s] -- Found rosidl_generator_c: 3.1.5 (/opt/ros/humble/share/rosidl_generator_c/cmake)
[0.167s] -- Found rosidl_adapter: 3.1.5 (/opt/ros/humble/share/rosidl_adapter/cmake)
[0.172s] -- Found rosidl_generator_cpp: 3.1.5 (/opt/ros/humble/share/rosidl_generator_cpp/cmake)
[0.182s] -- Using all available rosidl_typesupport_c: rosidl_typesupport_fastrtps_c;rosidl_typesupport_introspection_c
[0.192s] -- Using all available rosidl_typesupport_cpp: rosidl_typesupport_fastrtps_cpp;rosidl_typesupport_introspection_cpp
[0.202s] -- Found gazebo_dev: 3.7.0 (/home/fourdds/ws/install/gazebo_dev/share/gazebo_dev/cmake)
[0.266s] -- Found DART: /usr/include (Required is at least version "6.6") found components: dart 
[0.334s] -- Found Protobuf: /usr/lib/x86_64-linux-gnu/libprotobuf.so (found version "3.12.4") 
[0.339s] -- Looking for ignition-math6 -- found version 6.15.1
[0.354s] -- Searching for dependencies of ignition-math6
[0.359s] -- Looking for OGRE...
[0.366s] -- Found Ogre Ghadamon (1.9.0)
[0.368s] -- Found OGRE: optimized;/usr/lib/x86_64-linux-gnu/libOgreMain.so;debug;/usr/lib/x86_64-linux-gnu/libOgreMain.so
[0.377s] -- Looking for OGRE_Paging...
[0.377s] -- Found OGRE_Paging: optimized;/usr/lib/x86_64-linux-gnu/libOgrePaging.so;debug;/usr/lib/x86_64-linux-gnu/libOgrePaging.so
[0.377s] -- Looking for OGRE_Terrain...
[0.378s] -- Found OGRE_Terrain: optimized;/usr/lib/x86_64-linux-gnu/libOgreTerrain.so;debug;/usr/lib/x86_64-linux-gnu/libOgreTerrain.so
[0.378s] -- Looking for OGRE_Property...
[0.378s] -- Found OGRE_Property: optimized;/usr/lib/x86_64-linux-gnu/libOgreProperty.so;debug;/usr/lib/x86_64-linux-gnu/libOgreProperty.so
[0.378s] -- Looking for OGRE_RTShaderSystem...
[0.378s] -- Found OGRE_RTShaderSystem: optimized;/usr/lib/x86_64-linux-gnu/libOgreRTShaderSystem.so;debug;/usr/lib/x86_64-linux-gnu/libOgreRTShaderSystem.so
[0.378s] -- Looking for OGRE_Volume...
[0.378s] -- Found OGRE_Volume: optimized;/usr/lib/x86_64-linux-gnu/libOgreVolume.so;debug;/usr/lib/x86_64-linux-gnu/libOgreVolume.so
[0.378s] -- Looking for OGRE_Overlay...
[0.378s] -- Found OGRE_Overlay: optimized;/usr/lib/x86_64-linux-gnu/libOgreOverlay.so;debug;/usr/lib/x86_64-linux-gnu/libOgreOverlay.so
[0.901s] -- Looking for ignition-math6 -- found version 6.15.1
[0.903s] -- Looking for ignition-transport8 -- found version 8.2.1
[0.904s] -- Searching for dependencies of ignition-transport8
[0.941s] -- Found Protobuf: /usr/lib/x86_64-linux-gnu/libprotobuf.so (found suitable version "3.12.4", minimum required is "3") 
[0.968s] -- Config-file not installed for ZeroMQ -- checking for pkg-config
[0.973s] -- Checking for module 'libzmq >= 4'
[0.995s] --   Found libzmq , version 4.3.4
[1.050s] -- Checking for module 'uuid'
[1.068s] --   Found uuid, version 2.37.2
[1.113s] -- Looking for ignition-msgs5 -- found version 5.8.1
[1.113s] -- Searching for dependencies of ignition-msgs5
[1.148s] -- Looking for ignition-math6 -- found version 6.15.1
[1.154s] -- Checking for module 'tinyxml2'
[1.171s] --   Found tinyxml2, version 9.0.0
[1.215s] -- Looking for ignition-msgs5 -- found version 5.8.1
[1.217s] -- Looking for ignition-common3 -- found version 3.14.0
[1.217s] -- Searching for dependencies of ignition-common3
[1.218s] -- Looking for dlfcn.h - found
[1.219s] -- Looking for libdl - found
[1.237s] -- Searching for <ignition-common3> component [graphics]
[1.239s] -- Looking for ignition-common3-graphics -- found version 3.14.0
[1.240s] -- Searching for dependencies of ignition-common3-graphics
[1.240s] -- Looking for ignition-math6 -- found version 6.15.1
[1.244s] -- Looking for ignition-fuel_tools4 -- found version 4.4.0
[1.245s] -- Searching for dependencies of ignition-fuel_tools4
[1.316s] -- Checking for module 'jsoncpp'
[1.334s] --   Found jsoncpp, version 1.9.5
[1.388s] -- Checking for module 'libzip'
[1.407s] --   Found libzip, version 1.7.3
[1.452s] -- Looking for ignition-common3 -- found version 3.14.0
[1.452s] -- Looking for ignition-math6 -- found version 6.15.1
[1.452s] -- Looking for ignition-msgs5 -- found version 5.8.1
[1.458s] -- Gazebo version: 11.10
[1.458s] -- Found gazebo_msgs: 3.7.0 (/home/fourdds/ws/install/gazebo_msgs/share/gazebo_msgs/cmake)
[1.518s] -- Found rcl: 5.3.9 (/opt/ros/humble/share/rcl/cmake)
[1.566s] -- Found rmw_implementation_cmake: 6.1.2 (/opt/ros/humble/share/rmw_implementation_cmake/cmake)
[1.570s] -- Found rmw_fastrtps_cpp: 6.2.7 (/opt/ros/humble/share/rmw_fastrtps_cpp/cmake)
[1.772s] -- Using RMW implementation 'rmw_fastrtps_cpp' as default
[1.800s] -- Found rclcpp: 16.0.10 (/opt/ros/humble/share/rclcpp/cmake)
[1.868s] -- Found std_srvs: 4.2.4 (/opt/ros/humble/share/std_srvs/cmake)
[1.889s] -- Found tinyxml_vendor: 0.8.3 (/opt/ros/humble/share/tinyxml_vendor/cmake)
[1.969s] -- Found ament_cmake_gtest: 1.3.10 (/opt/ros/humble/share/ament_cmake_gtest/cmake)
[1.972s] -- Found launch_testing_ament_cmake: 1.0.6 (/opt/ros/humble/share/launch_testing_ament_cmake/cmake)
[1.973s] -- Found python_cmake_module: 0.10.0 (/opt/ros/humble/share/python_cmake_module/cmake)
[1.992s] -- Using PYTHON_EXECUTABLE: /usr/bin/python3
[1.993s] -- Using PYTHON_INCLUDE_DIRS: /usr/include/python3.10
[1.993s] -- Using PYTHON_LIBRARIES: /usr/lib/x86_64-linux-gnu/libpython3.10.so
[1.995s] -- Found sensor_msgs: 4.2.4 (/opt/ros/humble/share/sensor_msgs/cmake)
[2.021s] -- Found gtest sources under '/opt/ros/humble/src/gtest_vendor': C++ tests using 'Google Test' will be built
[2.096s] -- Found ament_lint_auto: 0.12.11 (/opt/ros/humble/share/ament_lint_auto/cmake)
[2.153s] -- Found python_cmake_module: 0.10.0 (/opt/ros/humble/share/python_cmake_module/cmake)
[2.174s] -- Using PYTHON_EXECUTABLE: /usr/bin/python3
[2.175s] -- Using PYTHON_INCLUDE_DIRS: /usr/include/python3.10
[2.175s] -- Using PYTHON_LIBRARIES: /usr/lib/x86_64-linux-gnu/libpython3.10.so
[2.225s] -- Added test 'copyright' to check source files copyright and LICENSE
[2.232s] -- Added test 'cppcheck' to perform static code analysis on C / C++ code
[2.233s] -- Configured cppcheck include dirs: $<BUILD_INTERFACE:/home/fourdds/ws/src/gazebo_ros_pkgs/gazebo_ros/include>
[2.233s] -- Configured cppcheck exclude dirs and/or files: 
[2.234s] -- Added test 'flake8' to check Python code syntax and style conventions
[2.236s] -- Added test 'lint_cmake' to check CMake code style
[2.237s] -- Added test 'pep257' to check Python code against some of the docstring style conventions in PEP 257
[2.241s] -- Added test 'uncrustify' to check C / C++ code style
[2.241s] -- Configured uncrustify additional arguments: 
[2.243s] -- Added test 'xmllint' to check XML markup files
[2.250s] -- Configuring done
[2.704s] -- Generating done
[2.710s] -- Build files have been written to: /home/fourdds/ws/build/gazebo_ros
[2.728s] Invoked command in '/home/fourdds/ws/build/gazebo_ros' returned '0': AMENT_PREFIX_PATH=/home/fourdds/ws/install/gazebo_msgs:/home/fourdds/ws/install/gazebo_dev:${AMENT_PREFIX_PATH} CMAKE_PREFIX_PATH=/home/fourdds/ws/install/gazebo_msgs:/home/fourdds/ws/install/gazebo_dev:/opt/ros/humble LD_LIBRARY_PATH=/home/fourdds/ws/install/gazebo_msgs/lib:${LD_LIBRARY_PATH} PYTHONPATH=/home/fourdds/ws/install/gazebo_msgs/local/lib/python3.10/dist-packages:${PYTHONPATH} /usr/bin/cmake /home/fourdds/ws/src/gazebo_ros_pkgs/gazebo_ros -DCMAKE_INSTALL_PREFIX=/home/fourdds/ws/install/gazebo_ros
[2.731s] Invoking command in '/home/fourdds/ws/build/gazebo_ros': AMENT_PREFIX_PATH=/home/fourdds/ws/install/gazebo_msgs:/home/fourdds/ws/install/gazebo_dev:${AMENT_PREFIX_PATH} CMAKE_PREFIX_PATH=/home/fourdds/ws/install/gazebo_msgs:/home/fourdds/ws/install/gazebo_dev:/opt/ros/humble LD_LIBRARY_PATH=/home/fourdds/ws/install/gazebo_msgs/lib:${LD_LIBRARY_PATH} PYTHONPATH=/home/fourdds/ws/install/gazebo_msgs/local/lib/python3.10/dist-packages:${PYTHONPATH} /usr/bin/cmake --build /home/fourdds/ws/build/gazebo_ros -- -j16 -l16
[2.776s] [35m[1mConsolidate compiler generated dependencies of target gtest_main[0m
[2.776s] [35m[1mConsolidate compiler generated dependencies of target mock_gazebo_ros_factory[0m
[2.776s] [35m[1mConsolidate compiler generated dependencies of target mock_robot_state_publisher[0m
[2.777s] [35m[1mConsolidate compiler generated dependencies of target gtest[0m
[2.777s] [35m[1mConsolidate compiler generated dependencies of target gazebo_ros_utils[0m
[2.781s] [35m[1mConsolidate compiler generated dependencies of target gazebo_ros_node[0m
[2.792s] [  3%] Built target gtest_main
[2.794s] [  5%] Built target ament_cmake_python_symlink_scripts
[2.794s] [  6%] Built target gtest
[2.798s] [ 10%] Built target mock_gazebo_ros_factory
[2.799s] [ 13%] Built target mock_robot_state_publisher
[2.814s] [ 16%] Built target gazebo_ros_utils
[2.823s] [ 23%] Built target gazebo_ros_node
[2.843s] [35m[1mConsolidate compiler generated dependencies of target gazebo_ros_state[0m
[2.844s] [35m[1mConsolidate compiler generated dependencies of target gazebo_ros_factory[0m
[2.844s] [35m[1mConsolidate compiler generated dependencies of target test_conversions[0m
[2.844s] [35m[1mConsolidate compiler generated dependencies of target gazebo_ros_properties[0m
[2.844s] [35m[1mConsolidate compiler generated dependencies of target gazebo_ros_init[0m
[2.845s] [35m[1mConsolidate compiler generated dependencies of target ros_world_plugin[0m
[2.845s] [35m[1mConsolidate compiler generated dependencies of target args_init[0m
[2.845s] [35m[1mConsolidate compiler generated dependencies of target create_node_without_init[0m
[2.845s] [35m[1mConsolidate compiler generated dependencies of target gazebo_ros_force_system[0m
[2.845s] [35m[1mConsolidate compiler generated dependencies of target sdf_node[0m
[2.846s] [35m[1mConsolidate compiler generated dependencies of target test_gazebo_ros_init[0m
[2.850s] [35m[1mConsolidate compiler generated dependencies of target test_gazebo_ros_link_wrench[0m
[2.850s] [35m[1mConsolidate compiler generated dependencies of target multiple_nodes[0m
[2.851s] [35m[1mConsolidate compiler generated dependencies of target test_gazebo_ros_factory[0m
[2.859s] [35m[1mConsolidate compiler generated dependencies of target test_gazebo_ros_joint_effort[0m
[2.873s] [ 26%] Built target test_conversions
[2.905s] [ 30%] Built target ros_world_plugin
[2.914s] [35m[1mConsolidate compiler generated dependencies of target test_gazebo_ros_properties[0m
[2.919s] [ 36%] Built target create_node_without_init
[2.920s] [ 36%] Built target multiple_nodes
[2.920s] [ 40%] Built target sdf_node
[2.922s] [ 41%] [32mBuilding CXX object CMakeFiles/gazebo_ros_state.dir/src/gazebo_ros_state.cpp.o[0m
[2.924s] [ 48%] Built target gazebo_ros_properties
[2.924s] [ 48%] Built target gazebo_ros_force_system
[2.926s] [ 50%] [32mBuilding CXX object CMakeFiles/gazebo_ros_init.dir/src/gazebo_ros_init.cpp.o[0m
[2.927s] [35m[1mConsolidate compiler generated dependencies of target test_gazebo_ros_state[0m
[2.934s] [ 51%] [32mBuilding CXX object CMakeFiles/gazebo_ros_factory.dir/src/gazebo_ros_factory.cpp.o[0m
[2.937s] [ 55%] Built target args_init
[2.938s] [ 58%] Built target test_gazebo_ros_init
[2.938s] [35m[1mConsolidate compiler generated dependencies of target test_plugins[0m
[2.939s] [35m[1mConsolidate compiler generated dependencies of target test_node[0m
[2.939s] [35m[1mConsolidate compiler generated dependencies of target test_reject_duplicate_nodes[0m
[2.943s] [35m[1mConsolidate compiler generated dependencies of target test_qos[0m
[2.945s] [ 60%] [32mBuilding CXX object test/CMakeFiles/test_gazebo_ros_factory.dir/test_gazebo_ros_factory.cpp.o[0m
[2.945s] [ 61%] [32mBuilding CXX object test/CMakeFiles/test_gazebo_ros_link_wrench.dir/test_gazebo_ros_link_wrench.cpp.o[0m
[2.951s] [35m[1mConsolidate compiler generated dependencies of target test_sim_time[0m
[2.958s] [35m[1mConsolidate compiler generated dependencies of target test_utils[0m
[2.964s] [ 65%] Built target test_gazebo_ros_joint_effort
[2.973s] [ 68%] [32mBuilding CXX object test/CMakeFiles/test_plugins.dir/test_plugins.cpp.o[0m
[2.973s] [ 68%] [32mBuilding CXX object test/CMakeFiles/test_qos.dir/test_qos.cpp.o[0m
[2.986s] [ 70%] [32mBuilding CXX object test/CMakeFiles/test_sim_time.dir/test_sim_time.cpp.o[0m
[2.995s] [ 71%] [32mBuilding CXX object test/CMakeFiles/test_reject_duplicate_nodes.dir/test_reject_duplicate_nodes.cpp.o[0m
[3.000s] [ 73%] [32mBuilding CXX object test/CMakeFiles/test_node.dir/test_node.cpp.o[0m
[3.010s] [ 75%] [32mBuilding CXX object test/CMakeFiles/test_gazebo_ros_properties.dir/test_gazebo_ros_properties.cpp.o[0m
[3.018s] [ 76%] [32mBuilding CXX object test/CMakeFiles/test_utils.dir/test_utils.cpp.o[0m
[3.020s] [ 78%] [32mBuilding CXX object test/CMakeFiles/test_gazebo_ros_state.dir/test_gazebo_ros_state.cpp.o[0m
[3.132s] running egg_info
[3.156s] writing scripts.egg-info/PKG-INFO
[3.158s] writing dependency_links to scripts.egg-info/dependency_links.txt
[3.159s] writing top-level names to scripts.egg-info/top_level.txt
[3.236s] reading manifest file 'scripts.egg-info/SOURCES.txt'
[3.237s] writing manifest file 'scripts.egg-info/SOURCES.txt'
[3.339s] [ 78%] Built target ament_cmake_python_build_scripts_egg
[15.735s] [ 80%] [32m[1mLinking CXX executable test_qos[0m
[20.955s] [ 80%] Built target test_qos
[32.472s] [01m[Kc++:[m[K [01;31m[Kfatal error: [m[KKilled signal terminated program cc1plus
[32.476s] compilation terminated.
[32.496s] gmake[2]: *** [test/CMakeFiles/test_gazebo_ros_properties.dir/build.make:76: test/CMakeFiles/test_gazebo_ros_properties.dir/test_gazebo_ros_properties.cpp.o] Error 1
[32.555s] gmake[1]: *** [CMakeFiles/Makefile2:739: test/CMakeFiles/test_gazebo_ros_properties.dir/all] Error 2
[32.556s] gmake[1]: *** Waiting for unfinished jobs....
[57.166s] [01m[Kc++:[m[K [01;31m[Kfatal error: [m[KKilled signal terminated program cc1plus
[57.168s] compilation terminated.
[57.181s] gmake[2]: *** [CMakeFiles/gazebo_ros_init.dir/build.make:76: CMakeFiles/gazebo_ros_init.dir/src/gazebo_ros_init.cpp.o] Error 1
[57.228s] gmake[1]: *** [CMakeFiles/Makefile2:330: CMakeFiles/gazebo_ros_init.dir/all] Error 2
[61.061s] [ 81%] [32m[1mLinking CXX executable test_sim_time[0m
[61.806s] [ 83%] [32m[1mLinking CXX executable test_node[0m
[62.181s] [ 85%] [32m[1mLinking CXX executable test_plugins[0m
[62.454s] [ 86%] [32m[1mLinking CXX executable test_reject_duplicate_nodes[0m
[63.666s] [ 86%] Built target test_sim_time
[64.554s] [ 86%] Built target test_plugins
[65.143s] [ 88%] [32m[1mLinking CXX executable test_utils[0m
[65.510s] [ 88%] Built target test_reject_duplicate_nodes
[65.698s] [ 88%] Built target test_node
[67.322s] [ 88%] Built target test_utils
[78.429s] [ 90%] [32m[1mLinking CXX shared library libgazebo_ros_factory.so[0m
[78.476s] [ 91%] [32m[1mLinking CXX shared library libgazebo_ros_state.so[0m
[79.938s] [ 91%] Built target gazebo_ros_factory
[79.953s] [ 91%] Built target gazebo_ros_state
[94.748s] [ 93%] [32m[1mLinking CXX executable test_gazebo_ros_link_wrench[0m
[95.394s] [ 95%] [32m[1mLinking CXX executable test_gazebo_ros_factory[0m
[97.407s] [ 95%] Built target test_gazebo_ros_link_wrench
[97.909s] [ 95%] Built target test_gazebo_ros_factory
[103.635s] [ 96%] [32m[1mLinking CXX executable test_gazebo_ros_state[0m
[106.483s] [ 96%] Built target test_gazebo_ros_state
[106.497s] gmake: *** [Makefile:146: all] Error 2
[106.675s] Invoked command in '/home/fourdds/ws/build/gazebo_ros' returned '2': AMENT_PREFIX_PATH=/home/fourdds/ws/install/gazebo_msgs:/home/fourdds/ws/install/gazebo_dev:${AMENT_PREFIX_PATH} CMAKE_PREFIX_PATH=/home/fourdds/ws/install/gazebo_msgs:/home/fourdds/ws/install/gazebo_dev:/opt/ros/humble LD_LIBRARY_PATH=/home/fourdds/ws/install/gazebo_msgs/lib:${LD_LIBRARY_PATH} PYTHONPATH=/home/fourdds/ws/install/gazebo_msgs/local/lib/python3.10/dist-packages:${PYTHONPATH} /usr/bin/cmake --build /home/fourdds/ws/build/gazebo_ros -- -j16 -l16
