[0.007s] Invoking command in '/home/fourdds/ros2_ws/build/base_station': CMAKE_PREFIX_PATH=${CMAKE_PREFIX_PATH}:/opt/ros/humble /usr/bin/cmake /home/fourdds/ros2_ws/src/base_station -DCMAKE_INSTALL_PREFIX=/home/fourdds/ros2_ws/install/base_station
[0.031s] -- The C compiler identification is GNU 11.4.0
[0.057s] -- The CXX compiler identification is GNU 11.4.0
[0.060s] -- Detecting C compiler ABI info
[0.093s] -- Detecting C compiler ABI info - done
[0.096s] -- Check for working C compiler: /usr/bin/cc - skipped
[0.096s] -- Detecting C compile features
[0.097s] -- Detecting C compile features - done
[0.098s] -- Detecting CXX compiler ABI info
[0.138s] -- Detecting CXX compiler ABI info - done
[0.142s] -- Check for working CXX compiler: /usr/bin/c++ - skipped
[0.142s] -- Detecting CXX compile features
[0.142s] -- Detecting CXX compile features - done
[0.144s] -- Found ament_cmake: 1.3.8 (/opt/ros/humble/share/ament_cmake/cmake)
[0.318s] -- Found Python3: /usr/bin/python3 (found version "3.10.12") found components: Interpreter 
[0.370s] -- Found fdds_messages: 0.0.0 (/home/fourdds/ros2_ws/install/fdds_messages/share/fdds_messages/cmake)
[0.388s] -- Found rosidl_generator_c: 3.1.5 (/opt/ros/humble/share/rosidl_generator_c/cmake)
[0.390s] -- Found rosidl_adapter: 3.1.5 (/opt/ros/humble/share/rosidl_adapter/cmake)
[0.396s] -- Found rosidl_generator_cpp: 3.1.5 (/opt/ros/humble/share/rosidl_generator_cpp/cmake)
[0.403s] -- Using all available rosidl_typesupport_c: rosidl_typesupport_fastrtps_c;rosidl_typesupport_introspection_c
[0.414s] -- Using all available rosidl_typesupport_cpp: rosidl_typesupport_fastrtps_cpp;rosidl_typesupport_introspection_cpp
[0.421s] -- Found ament_lint_auto: 0.12.10 (/opt/ros/humble/share/ament_lint_auto/cmake)
[0.465s] -- Added test 'cppcheck' to perform static code analysis on C / C++ code
[0.465s] -- Configured cppcheck include dirs: $<BUILD_INTERFACE:/home/fourdds/ros2_ws/src/base_station/include>
[0.465s] -- Configured cppcheck exclude dirs and/or files: 
[0.466s] -- Added test 'lint_cmake' to check CMake code style
[0.467s] -- Added test 'uncrustify' to check C / C++ code style
[0.467s] -- Configured uncrustify additional arguments: 
[0.467s] -- Added test 'xmllint' to check XML markup files
[0.469s] -- Configuring done
[0.474s] -- Generating done
[0.474s] -- Build files have been written to: /home/fourdds/ros2_ws/build/base_station
[0.475s] Invoked command in '/home/fourdds/ros2_ws/build/base_station' returned '0': CMAKE_PREFIX_PATH=${CMAKE_PREFIX_PATH}:/opt/ros/humble /usr/bin/cmake /home/fourdds/ros2_ws/src/base_station -DCMAKE_INSTALL_PREFIX=/home/fourdds/ros2_ws/install/base_station
[0.477s] Invoking command in '/home/fourdds/ros2_ws/build/base_station': CMAKE_PREFIX_PATH=${CMAKE_PREFIX_PATH}:/opt/ros/humble /usr/bin/cmake --build /home/fourdds/ros2_ws/build/base_station -- -j24 -l24
[0.499s] [ 50%] [32mBuilding CXX object CMakeFiles/BaseStation.dir/src/BaseStation.cpp.o[0m
[0.505s] [01m[K/home/fourdds/ros2_ws/src/base_station/src/BaseStation.cpp:2:10:[m[K [01;31m[Kfatal error: [m[Kfdds_messages/msg/geoping.hpp: No such file or directory
[0.505s]     2 | #include [01;31m[K"fdds_messages/msg/geoping.hpp"[m[K
[0.505s]       |          [01;31m[K^~~~~~~~~~~~~~~~~~~~~~~~~~~~~~~[m[K
[0.505s] compilation terminated.
[0.505s] gmake[2]: *** [CMakeFiles/BaseStation.dir/build.make:76: CMakeFiles/BaseStation.dir/src/BaseStation.cpp.o] Error 1
[0.505s] gmake[1]: *** [CMakeFiles/Makefile2:137: CMakeFiles/BaseStation.dir/all] Error 2
[0.506s] gmake: *** [Makefile:146: all] Error 2
[0.507s] Invoked command in '/home/fourdds/ros2_ws/build/base_station' returned '2': CMAKE_PREFIX_PATH=${CMAKE_PREFIX_PATH}:/opt/ros/humble /usr/bin/cmake --build /home/fourdds/ros2_ws/build/base_station -- -j24 -l24
