[35m[1mConsolidate compiler generated dependencies of target swarm_spawner[0m
[  2%] Built target boids__cpp
[ 10%] Built target boids__rosidl_generator_c
[ 15%] Built target frame_transforms
[ 15%] Built target ament_cmake_python_copy_boids
[ 23%] Built target boids__rosidl_typesupport_cpp
[ 32%] Built target boids__rosidl_typesupport_introspection_cpp
[ 41%] Built target boids__rosidl_typesupport_fastrtps_cpp
[ 43%] [32mBuilding CXX object CMakeFiles/swarm_spawner.dir/src/uav_node.cpp.o[0m
[ 69%] Built target boids__rosidl_typesupport_fastrtps_c
[ 69%] Built target boids__rosidl_typesupport_introspection_c
[ 69%] Built target boids__rosidl_typesupport_c
[ 69%] Built target boids
[ 71%] Built target boids__py
[ 78%] Built target boids__rosidl_generator_py
[ 91%] Built target boids__rosidl_typesupport_introspection_c__pyext
[ 91%] Built target boids__rosidl_typesupport_fastrtps_c__pyext
[ 91%] Built target boids__rosidl_typesupport_c__pyext
running egg_info
writing boids.egg-info/PKG-INFO
writing dependency_links to boids.egg-info/dependency_links.txt
writing top-level names to boids.egg-info/top_level.txt
reading manifest file 'boids.egg-info/SOURCES.txt'
writing manifest file 'boids.egg-info/SOURCES.txt'
[ 91%] Built target ament_cmake_python_build_boids_egg
[01m[K/home/fourdds/ros2_ws/src/boids/src/uav_node.cpp:[m[K In member function â€˜[01m[Kvoid Swarm::UavNode::flockingLogic()[m[Kâ€™:
[01m[K/home/fourdds/ros2_ws/src/boids/src/uav_node.cpp:236:6:[m[K [01;31m[Kerror: [m[Kexpected primary-expression before â€˜[01m[K/[m[Kâ€™ token
  236 |     *[01;31m[K/[m[K
      |      [01;31m[K^[m[K
[01m[K/home/fourdds/ros2_ws/src/boids/src/uav_node.cpp:237:1:[m[K [01;31m[Kerror: [m[Kexpected primary-expression before â€˜[01m[K}[m[Kâ€™ token
  237 | [01;31m[K}[m[K
      | [01;31m[K^[m[K
[01m[K/home/fourdds/ros2_ws/src/boids/src/uav_node.cpp:[m[K In member function â€˜[01m[Kvoid Swarm::UavNode::cameraSubscriptionCallback(sensor_msgs::msg::CompressedImage_<std::allocator<void> >::ConstSharedPtr)[m[Kâ€™:
[01m[K/home/fourdds/ros2_ws/src/boids/src/uav_node.cpp:308:16:[m[K [01;35m[Kwarning: [m[Kunused variable â€˜[01m[Kimg_id[m[Kâ€™ [[01;35m[K]8;;https://gcc.gnu.org/onlinedocs/gcc/Warning-Options.html#index-Wunused-variable-Wunused-variable]8;;[m[K]
  308 |     static int [01;35m[Kimg_id[m[K = 0;
      |                [01;35m[K^~~~~~[m[K
[01m[K/home/fourdds/ros2_ws/src/boids/src/uav_node.cpp:[m[K At global scope:
[01m[K/home/fourdds/ros2_ws/src/boids/src/uav_node.cpp:308:16:[m[K [01;35m[Kwarning: [m[Kâ€˜[01m[Kimg_id[m[Kâ€™ defined but not used [[01;35m[K]8;;https://gcc.gnu.org/onlinedocs/gcc/Warning-Options.html#index-Wunused-variable-Wunused-variable]8;;[m[K]
gmake[2]: *** [CMakeFiles/swarm_spawner.dir/build.make:76: CMakeFiles/swarm_spawner.dir/src/uav_node.cpp.o] Error 1
gmake[1]: *** [CMakeFiles/Makefile2:620: CMakeFiles/swarm_spawner.dir/all] Error 2
gmake: *** [Makefile:146: all] Error 2
