[0.008s] Invoking command in '/home/fourdds/ros2_ws/build/boids': CMAKE_PREFIX_PATH=/home/fourdds/ros2_ws/install/px4_msgs:/home/fourdds/ros2_ws/install/uuv_boids:/home/fourdds/ros2_ws/install/px4_ros_com:/home/fourdds/ros2_ws/install/iris-logger:/home/fourdds/ros2_ws/install/boids:/opt/ros/humble LD_LIBRARY_PATH=/home/fourdds/ros2_ws/install/px4_msgs/lib:/home/fourdds/ros2_ws/install/uuv_boids/lib:/home/fourdds/ros2_ws/install/px4_ros_com/lib:/home/fourdds/ros2_ws/install/boids/lib:/usr/lib/x86_64-linux-gnu/gazebo-11/plugins:/opt/ros/humble/opt/rviz_ogre_vendor/lib:/opt/ros/humble/lib/x86_64-linux-gnu:/opt/ros/humble/lib /usr/bin/cmake --build /home/fourdds/ros2_ws/build/boids -- -j24 -l24
[0.032s] [35m[1mConsolidate compiler generated dependencies of target swarm_spawner[0m
[0.032s] [  2%] Built target boids__cpp
[0.033s] [ 10%] Built target boids__rosidl_generator_c
[0.037s] [ 15%] Built target frame_transforms
[0.037s] [ 15%] Built target ament_cmake_python_copy_boids
[0.043s] [ 23%] Built target boids__rosidl_typesupport_cpp
[0.043s] [ 32%] Built target boids__rosidl_typesupport_introspection_cpp
[0.043s] [ 41%] Built target boids__rosidl_typesupport_fastrtps_cpp
[0.045s] [ 43%] [32mBuilding CXX object CMakeFiles/swarm_spawner.dir/src/uav_node.cpp.o[0m
[0.048s] [ 69%] Built target boids__rosidl_typesupport_fastrtps_c
[0.049s] [ 69%] Built target boids__rosidl_typesupport_introspection_c
[0.049s] [ 69%] Built target boids__rosidl_typesupport_c
[0.058s] [ 69%] Built target boids
[0.068s] [ 71%] Built target boids__py
[0.079s] [ 78%] Built target boids__rosidl_generator_py
[0.090s] [ 91%] Built target boids__rosidl_typesupport_introspection_c__pyext
[0.090s] [ 91%] Built target boids__rosidl_typesupport_fastrtps_c__pyext
[0.091s] [ 91%] Built target boids__rosidl_typesupport_c__pyext
[0.142s] running egg_info
[0.150s] writing boids.egg-info/PKG-INFO
[0.150s] writing dependency_links to boids.egg-info/dependency_links.txt
[0.151s] writing top-level names to boids.egg-info/top_level.txt
[0.173s] reading manifest file 'boids.egg-info/SOURCES.txt'
[0.173s] writing manifest file 'boids.egg-info/SOURCES.txt'
[0.195s] [ 91%] Built target ament_cmake_python_build_boids_egg
[2.564s] [01m[K/home/fourdds/ros2_ws/src/boids/src/uav_node.cpp:[m[K In member function â€˜[01m[Kvoid Swarm::UavNode::flockingLogic()[m[Kâ€™:
[2.564s] [01m[K/home/fourdds/ros2_ws/src/boids/src/uav_node.cpp:236:6:[m[K [01;31m[Kerror: [m[Kexpected primary-expression before â€˜[01m[K/[m[Kâ€™ token
[2.564s]   236 |     *[01;31m[K/[m[K
[2.564s]       |      [01;31m[K^[m[K
[2.564s] [01m[K/home/fourdds/ros2_ws/src/boids/src/uav_node.cpp:237:1:[m[K [01;31m[Kerror: [m[Kexpected primary-expression before â€˜[01m[K}[m[Kâ€™ token
[2.564s]   237 | [01;31m[K}[m[K
[2.564s]       | [01;31m[K^[m[K
[2.568s] [01m[K/home/fourdds/ros2_ws/src/boids/src/uav_node.cpp:[m[K In member function â€˜[01m[Kvoid Swarm::UavNode::cameraSubscriptionCallback(sensor_msgs::msg::CompressedImage_<std::allocator<void> >::ConstSharedPtr)[m[Kâ€™:
[2.568s] [01m[K/home/fourdds/ros2_ws/src/boids/src/uav_node.cpp:308:16:[m[K [01;35m[Kwarning: [m[Kunused variable â€˜[01m[Kimg_id[m[Kâ€™ [[01;35m[K]8;;https://gcc.gnu.org/onlinedocs/gcc/Warning-Options.html#index-Wunused-variable-Wunused-variable]8;;[m[K]
[2.568s]   308 |     static int [01;35m[Kimg_id[m[K = 0;
[2.568s]       |                [01;35m[K^~~~~~[m[K
[7.768s] [01m[K/home/fourdds/ros2_ws/src/boids/src/uav_node.cpp:[m[K At global scope:
[7.768s] [01m[K/home/fourdds/ros2_ws/src/boids/src/uav_node.cpp:308:16:[m[K [01;35m[Kwarning: [m[Kâ€˜[01m[Kimg_id[m[Kâ€™ defined but not used [[01;35m[K]8;;https://gcc.gnu.org/onlinedocs/gcc/Warning-Options.html#index-Wunused-variable-Wunused-variable]8;;[m[K]
[7.801s] gmake[2]: *** [CMakeFiles/swarm_spawner.dir/build.make:76: CMakeFiles/swarm_spawner.dir/src/uav_node.cpp.o] Error 1
[7.802s] gmake[1]: *** [CMakeFiles/Makefile2:620: CMakeFiles/swarm_spawner.dir/all] Error 2
[7.802s] gmake: *** [Makefile:146: all] Error 2
[7.804s] Invoked command in '/home/fourdds/ros2_ws/build/boids' returned '2': CMAKE_PREFIX_PATH=/home/fourdds/ros2_ws/install/px4_msgs:/home/fourdds/ros2_ws/install/uuv_boids:/home/fourdds/ros2_ws/install/px4_ros_com:/home/fourdds/ros2_ws/install/iris-logger:/home/fourdds/ros2_ws/install/boids:/opt/ros/humble LD_LIBRARY_PATH=/home/fourdds/ros2_ws/install/px4_msgs/lib:/home/fourdds/ros2_ws/install/uuv_boids/lib:/home/fourdds/ros2_ws/install/px4_ros_com/lib:/home/fourdds/ros2_ws/install/boids/lib:/usr/lib/x86_64-linux-gnu/gazebo-11/plugins:/opt/ros/humble/opt/rviz_ogre_vendor/lib:/opt/ros/humble/lib/x86_64-linux-gnu:/opt/ros/humble/lib /usr/bin/cmake --build /home/fourdds/ros2_ws/build/boids -- -j24 -l24
