-- Found ament_cmake: 1.3.8 (/opt/ros/humble/share/ament_cmake/cmake)
-- Found builtin_interfaces: 1.2.1 (/opt/ros/humble/share/builtin_interfaces/cmake)
-- Found rosidl_generator_c: 3.1.5 (/opt/ros/humble/share/rosidl_generator_c/cmake)
-- Found rosidl_adapter: 3.1.5 (/opt/ros/humble/share/rosidl_adapter/cmake)
-- Found rosidl_generator_cpp: 3.1.5 (/opt/ros/humble/share/rosidl_generator_cpp/cmake)
-- Using all available rosidl_typesupport_c: rosidl_typesupport_fastrtps_c;rosidl_typesupport_introspection_c
-- Using all available rosidl_typesupport_cpp: rosidl_typesupport_fastrtps_cpp;rosidl_typesupport_introspection_cpp
-- Found eigen3_cmake_module: 0.1.1 (/opt/ros/humble/share/eigen3_cmake_module/cmake)
-- Found geometry_msgs: 4.2.3 (/opt/ros/humble/share/geometry_msgs/cmake)
-- Found px4_msgs: 2.0.1 (/home/fourdds/ros2_ws/install/px4_msgs/share/px4_msgs/cmake)
-- Found rclcpp: 16.0.8 (/opt/ros/humble/share/rclcpp/cmake)
-- Found rmw_implementation_cmake: 6.1.1 (/opt/ros/humble/share/rmw_implementation_cmake/cmake)
-- Found rmw_fastrtps_cpp: 6.2.6 (/opt/ros/humble/share/rmw_fastrtps_cpp/cmake)
-- Using RMW implementation 'rmw_fastrtps_cpp' as default
-- Found sensor_msgs: 4.2.3 (/opt/ros/humble/share/sensor_msgs/cmake)
-- Found rclpy: 3.3.12 (/opt/ros/humble/share/rclpy/cmake)
-- Found ament_lint_auto: 0.12.10 (/opt/ros/humble/share/ament_lint_auto/cmake)
-- Added test 'copyright' to check source files copyright and LICENSE
-- Added test 'cppcheck' to perform static code analysis on C / C++ code
-- Configured cppcheck include dirs: /home/fourdds/ros2_ws/src/boids/include;$<BUILD_INTERFACE:/home/fourdds/ros2_ws/src/boids/include/boids>
-- Configured cppcheck exclude dirs and/or files: 
-- Added test 'cpplint' to check C / C++ code against the Google style
-- Configured cpplint exclude dirs and/or files: 
-- Added test 'flake8' to check Python code syntax and style conventions
-- Added test 'lint_cmake' to check CMake code style
-- Added test 'pep257' to check Python code against some of the docstring style conventions in PEP 257
-- Added test 'uncrustify' to check C / C++ code style
-- Configured uncrustify additional arguments: 
-- Added test 'xmllint' to check XML markup files
-- Configuring done
-- Generating done
-- Build files have been written to: /home/fourdds/ros2_ws/build/boids
[35m[1mConsolidate compiler generated dependencies of target frame_transforms[0m
[35m[1mConsolidate compiler generated dependencies of target uavs_spawner[0m
[ 20%] [32mBuilding CXX object CMakeFiles/frame_transforms.dir/src/lib/frame_transforms.cpp.o[0m
[ 40%] [32mBuilding CXX object CMakeFiles/uavs_spawner.dir/src/uav_node.cpp.o[0m
[ 60%] [32mBuilding CXX object CMakeFiles/uavs_spawner.dir/src/main.cpp.o[0m
In file included from [01m[K/home/fourdds/ros2_ws/src/boids/src/main.cpp:1[m[K:
[01m[K/home/fourdds/ros2_ws/src/boids/src/uav_node.hpp:[m[K In constructor â€˜[01m[Kuav_node::uav_node(uint8_t)[m[Kâ€™:
[01m[K/home/fourdds/ros2_ws/src/boids/src/uav_node.hpp:109:91:[m[K [01;31m[Kerror: [m[Kno matching function for call to â€˜[01m[Kstd::counting_semaphore<1>::counting_semaphore()[m[Kâ€™
  109 |     explicit uav_node(const uint8_t vehicle_id) : Node("uav_node"), vehicle_id_(vehicle_id[01;31m[K)[m[K
      |                                                                                           [01;31m[K^[m[K
In file included from [01m[K/usr/include/c++/11/stop_token:37[m[K,
                 from [01m[K/usr/include/c++/11/condition_variable:47[m[K,
                 from [01m[K/usr/include/c++/11/future:39[m[K,
                 from [01m[K/opt/ros/humble/include/rclcpp/rclcpp/executors.hpp:18[m[K,
                 from [01m[K/opt/ros/humble/include/rclcpp/rclcpp/rclcpp.hpp:155[m[K,
                 from [01m[K/home/fourdds/ros2_ws/src/boids/src/uav_node.hpp:3[m[K,
                 from [01m[K/home/fourdds/ros2_ws/src/boids/src/main.cpp:1[m[K:
[01m[K/usr/include/c++/11/semaphore:53:16:[m[K [01;36m[Knote: [m[Kcandidate: â€˜[01m[Kstd::counting_semaphore<__least_max_value>::counting_semaphore(std::ptrdiff_t) [with long int __least_max_value = 1; std::ptrdiff_t = long int][m[Kâ€™
   53 |       explicit [01;36m[Kcounting_semaphore[m[K(ptrdiff_t __desired) noexcept
      |                [01;36m[K^~~~~~~~~~~~~~~~~~[m[K
[01m[K/usr/include/c++/11/semaphore:53:16:[m[K [01;36m[Knote: [m[K  candidate expects 1 argument, 0 provided
In file included from [01m[K/home/fourdds/ros2_ws/src/boids/src/uav_node.cpp:1[m[K:
[01m[K/home/fourdds/ros2_ws/src/boids/src/uav_node.hpp:[m[K In constructor â€˜[01m[Kuav_node::uav_node(uint8_t)[m[Kâ€™:
[01m[K/home/fourdds/ros2_ws/src/boids/src/uav_node.hpp:109:91:[m[K [01;31m[Kerror: [m[Kno matching function for call to â€˜[01m[Kstd::counting_semaphore<1>::counting_semaphore()[m[Kâ€™
  109 |     explicit uav_node(const uint8_t vehicle_id) : Node("uav_node"), vehicle_id_(vehicle_id[01;31m[K)[m[K
      |                                                                                           [01;31m[K^[m[K
In file included from [01m[K/usr/include/c++/11/stop_token:37[m[K,
                 from [01m[K/usr/include/c++/11/condition_variable:47[m[K,
                 from [01m[K/usr/include/c++/11/future:39[m[K,
                 from [01m[K/opt/ros/humble/include/rclcpp/rclcpp/executors.hpp:18[m[K,
                 from [01m[K/opt/ros/humble/include/rclcpp/rclcpp/rclcpp.hpp:155[m[K,
                 from [01m[K/home/fourdds/ros2_ws/src/boids/src/uav_node.hpp:3[m[K,
                 from [01m[K/home/fourdds/ros2_ws/src/boids/src/uav_node.cpp:1[m[K:
[01m[K/usr/include/c++/11/semaphore:53:16:[m[K [01;36m[Knote: [m[Kcandidate: â€˜[01m[Kstd::counting_semaphore<__least_max_value>::counting_semaphore(std::ptrdiff_t) [with long int __least_max_value = 1; std::ptrdiff_t = long int][m[Kâ€™
   53 |       explicit [01;36m[Kcounting_semaphore[m[K(ptrdiff_t __desired) noexcept
      |                [01;36m[K^~~~~~~~~~~~~~~~~~[m[K
[01m[K/usr/include/c++/11/semaphore:53:16:[m[K [01;36m[Knote: [m[K  candidate expects 1 argument, 0 provided
[01m[K/home/fourdds/ros2_ws/src/boids/src/uav_node.cpp:[m[K In member function â€˜[01m[Kvoid uav_node::startup_logic()[m[Kâ€™:
[01m[K/home/fourdds/ros2_ws/src/boids/src/uav_node.cpp:56:12:[m[K [01;35m[Kwarning: [m[Kenumeration value â€˜[01m[Kready[m[Kâ€™ not handled in switch [[01;35m[K]8;;https://gcc.gnu.org/onlinedocs/gcc/Warning-Options.html#index-Wswitch-Wswitch]8;;[m[K]
   56 |     switch [01;35m[K([m[Kvehicle_state_)
      |            [01;35m[K^[m[K
[01m[K/home/fourdds/ros2_ws/src/boids/src/uav_node.cpp:[m[K In member function â€˜[01m[Kvoid uav_node::request_command_response_callback(std::shared_future<std::shared_ptr<px4_msgs::srv::VehicleCommand_Response_<std::allocator<void> > > >)[m[Kâ€™:
[01m[K/home/fourdds/ros2_ws/src/boids/src/uav_node.cpp:247:36:[m[K [01;35m[Kwarning: [m[Ksuggest parentheses around assignment used as truth value [[01;35m[K]8;;https://gcc.gnu.org/onlinedocs/gcc/Warning-Options.html#index-Wparentheses-Wparentheses]8;;[m[K]
  247 |                 if ([01;35m[Kvehicle_state_ = state::takeoff_requested[m[K)
      |                     [01;35m[K~~~~~~~~~~~~~~~^~~~~~~~~~~~~~~~~~~~~~~~~~[m[K
gmake[2]: *** [CMakeFiles/uavs_spawner.dir/build.make:90: CMakeFiles/uavs_spawner.dir/src/main.cpp.o] Error 1
gmake[2]: *** Waiting for unfinished jobs....
gmake[2]: *** [CMakeFiles/uavs_spawner.dir/build.make:76: CMakeFiles/uavs_spawner.dir/src/uav_node.cpp.o] Error 1
gmake[1]: *** [CMakeFiles/Makefile2:165: CMakeFiles/uavs_spawner.dir/all] Error 2
gmake[1]: *** Waiting for unfinished jobs....
[ 80%] [32m[1mLinking CXX shared library libframe_transforms.so[0m
[ 80%] Built target frame_transforms
gmake: *** [Makefile:146: all] Error 2
