[0.006s] Invoking command in '/home/fourdds/ros2_ws/build/boids': CMAKE_PREFIX_PATH=/home/fourdds/ros2_ws/install/px4_msgs:/home/fourdds/ros2_ws/install/px4_ros_com:/home/fourdds/ros2_ws/install/boids:/opt/ros/humble LD_LIBRARY_PATH=/home/fourdds/ros2_ws/install/px4_msgs/lib:/home/fourdds/ros2_ws/install/px4_ros_com/lib:/home/fourdds/ros2_ws/install/boids/lib:/usr/lib/x86_64-linux-gnu/gazebo-11/plugins:/opt/ros/humble/opt/rviz_ogre_vendor/lib:/opt/ros/humble/lib/x86_64-linux-gnu:/opt/ros/humble/lib /usr/bin/cmake --build /home/fourdds/ros2_ws/build/boids -- -j24 -l24
[0.017s] -- Found ament_cmake: 1.3.8 (/opt/ros/humble/share/ament_cmake/cmake)
[0.089s] -- Found builtin_interfaces: 1.2.1 (/opt/ros/humble/share/builtin_interfaces/cmake)
[0.102s] -- Found rosidl_generator_c: 3.1.5 (/opt/ros/humble/share/rosidl_generator_c/cmake)
[0.103s] -- Found rosidl_adapter: 3.1.5 (/opt/ros/humble/share/rosidl_adapter/cmake)
[0.107s] -- Found rosidl_generator_cpp: 3.1.5 (/opt/ros/humble/share/rosidl_generator_cpp/cmake)
[0.113s] -- Using all available rosidl_typesupport_c: rosidl_typesupport_fastrtps_c;rosidl_typesupport_introspection_c
[0.122s] -- Using all available rosidl_typesupport_cpp: rosidl_typesupport_fastrtps_cpp;rosidl_typesupport_introspection_cpp
[0.130s] -- Found eigen3_cmake_module: 0.1.1 (/opt/ros/humble/share/eigen3_cmake_module/cmake)
[0.131s] -- Found geometry_msgs: 4.2.3 (/opt/ros/humble/share/geometry_msgs/cmake)
[0.184s] -- Found px4_msgs: 2.0.1 (/home/fourdds/ros2_ws/install/px4_msgs/share/px4_msgs/cmake)
[0.202s] -- Found rclcpp: 16.0.8 (/opt/ros/humble/share/rclcpp/cmake)
[0.229s] -- Found rmw_implementation_cmake: 6.1.1 (/opt/ros/humble/share/rmw_implementation_cmake/cmake)
[0.229s] -- Found rmw_fastrtps_cpp: 6.2.6 (/opt/ros/humble/share/rmw_fastrtps_cpp/cmake)
[0.290s] -- Using RMW implementation 'rmw_fastrtps_cpp' as default
[0.361s] -- Found sensor_msgs: 4.2.3 (/opt/ros/humble/share/sensor_msgs/cmake)
[0.406s] -- Found rclpy: 3.3.12 (/opt/ros/humble/share/rclpy/cmake)
[0.408s] -- Found ament_lint_auto: 0.12.10 (/opt/ros/humble/share/ament_lint_auto/cmake)
[0.449s] -- Added test 'copyright' to check source files copyright and LICENSE
[0.450s] -- Added test 'cppcheck' to perform static code analysis on C / C++ code
[0.450s] -- Configured cppcheck include dirs: /home/fourdds/ros2_ws/src/boids/include;$<BUILD_INTERFACE:/home/fourdds/ros2_ws/src/boids/include/boids>
[0.450s] -- Configured cppcheck exclude dirs and/or files: 
[0.450s] -- Added test 'cpplint' to check C / C++ code against the Google style
[0.450s] -- Configured cpplint exclude dirs and/or files: 
[0.451s] -- Added test 'flake8' to check Python code syntax and style conventions
[0.451s] -- Added test 'lint_cmake' to check CMake code style
[0.451s] -- Added test 'pep257' to check Python code against some of the docstring style conventions in PEP 257
[0.452s] -- Added test 'uncrustify' to check C / C++ code style
[0.452s] -- Configured uncrustify additional arguments: 
[0.452s] -- Added test 'xmllint' to check XML markup files
[0.453s] -- Configuring done
[0.459s] -- Generating done
[0.460s] -- Build files have been written to: /home/fourdds/ros2_ws/build/boids
[0.473s] [35m[1mConsolidate compiler generated dependencies of target frame_transforms[0m
[0.474s] [35m[1mConsolidate compiler generated dependencies of target uavs_spawner[0m
[0.481s] [ 20%] [32mBuilding CXX object CMakeFiles/frame_transforms.dir/src/lib/frame_transforms.cpp.o[0m
[0.483s] [ 40%] [32mBuilding CXX object CMakeFiles/uavs_spawner.dir/src/uav_node.cpp.o[0m
[0.483s] [ 60%] [32mBuilding CXX object CMakeFiles/uavs_spawner.dir/src/main.cpp.o[0m
[2.185s] In file included from [01m[K/home/fourdds/ros2_ws/src/boids/src/main.cpp:1[m[K:
[2.185s] [01m[K/home/fourdds/ros2_ws/src/boids/src/uav_node.hpp:[m[K In constructor â€˜[01m[Kuav_node::uav_node(uint8_t)[m[Kâ€™:
[2.185s] [01m[K/home/fourdds/ros2_ws/src/boids/src/uav_node.hpp:109:91:[m[K [01;31m[Kerror: [m[Kno matching function for call to â€˜[01m[Kstd::counting_semaphore<1>::counting_semaphore()[m[Kâ€™
[2.185s]   109 |     explicit uav_node(const uint8_t vehicle_id) : Node("uav_node"), vehicle_id_(vehicle_id[01;31m[K)[m[K
[2.185s]       |                                                                                           [01;31m[K^[m[K
[2.185s] In file included from [01m[K/usr/include/c++/11/stop_token:37[m[K,
[2.185s]                  from [01m[K/usr/include/c++/11/condition_variable:47[m[K,
[2.185s]                  from [01m[K/usr/include/c++/11/future:39[m[K,
[2.185s]                  from [01m[K/opt/ros/humble/include/rclcpp/rclcpp/executors.hpp:18[m[K,
[2.185s]                  from [01m[K/opt/ros/humble/include/rclcpp/rclcpp/rclcpp.hpp:155[m[K,
[2.185s]                  from [01m[K/home/fourdds/ros2_ws/src/boids/src/uav_node.hpp:3[m[K,
[2.185s]                  from [01m[K/home/fourdds/ros2_ws/src/boids/src/main.cpp:1[m[K:
[2.185s] [01m[K/usr/include/c++/11/semaphore:53:16:[m[K [01;36m[Knote: [m[Kcandidate: â€˜[01m[Kstd::counting_semaphore<__least_max_value>::counting_semaphore(std::ptrdiff_t) [with long int __least_max_value = 1; std::ptrdiff_t = long int][m[Kâ€™
[2.185s]    53 |       explicit [01;36m[Kcounting_semaphore[m[K(ptrdiff_t __desired) noexcept
[2.185s]       |                [01;36m[K^~~~~~~~~~~~~~~~~~[m[K
[2.185s] [01m[K/usr/include/c++/11/semaphore:53:16:[m[K [01;36m[Knote: [m[K  candidate expects 1 argument, 0 provided
[2.194s] In file included from [01m[K/home/fourdds/ros2_ws/src/boids/src/uav_node.cpp:1[m[K:
[2.194s] [01m[K/home/fourdds/ros2_ws/src/boids/src/uav_node.hpp:[m[K In constructor â€˜[01m[Kuav_node::uav_node(uint8_t)[m[Kâ€™:
[2.194s] [01m[K/home/fourdds/ros2_ws/src/boids/src/uav_node.hpp:109:91:[m[K [01;31m[Kerror: [m[Kno matching function for call to â€˜[01m[Kstd::counting_semaphore<1>::counting_semaphore()[m[Kâ€™
[2.194s]   109 |     explicit uav_node(const uint8_t vehicle_id) : Node("uav_node"), vehicle_id_(vehicle_id[01;31m[K)[m[K
[2.194s]       |                                                                                           [01;31m[K^[m[K
[2.194s] In file included from [01m[K/usr/include/c++/11/stop_token:37[m[K,
[2.194s]                  from [01m[K/usr/include/c++/11/condition_variable:47[m[K,
[2.194s]                  from [01m[K/usr/include/c++/11/future:39[m[K,
[2.194s]                  from [01m[K/opt/ros/humble/include/rclcpp/rclcpp/executors.hpp:18[m[K,
[2.194s]                  from [01m[K/opt/ros/humble/include/rclcpp/rclcpp/rclcpp.hpp:155[m[K,
[2.194s]                  from [01m[K/home/fourdds/ros2_ws/src/boids/src/uav_node.hpp:3[m[K,
[2.194s]                  from [01m[K/home/fourdds/ros2_ws/src/boids/src/uav_node.cpp:1[m[K:
[2.194s] [01m[K/usr/include/c++/11/semaphore:53:16:[m[K [01;36m[Knote: [m[Kcandidate: â€˜[01m[Kstd::counting_semaphore<__least_max_value>::counting_semaphore(std::ptrdiff_t) [with long int __least_max_value = 1; std::ptrdiff_t = long int][m[Kâ€™
[2.194s]    53 |       explicit [01;36m[Kcounting_semaphore[m[K(ptrdiff_t __desired) noexcept
[2.194s]       |                [01;36m[K^~~~~~~~~~~~~~~~~~[m[K
[2.194s] [01m[K/usr/include/c++/11/semaphore:53:16:[m[K [01;36m[Knote: [m[K  candidate expects 1 argument, 0 provided
[2.297s] [01m[K/home/fourdds/ros2_ws/src/boids/src/uav_node.cpp:[m[K In member function â€˜[01m[Kvoid uav_node::startup_logic()[m[Kâ€™:
[2.297s] [01m[K/home/fourdds/ros2_ws/src/boids/src/uav_node.cpp:56:12:[m[K [01;35m[Kwarning: [m[Kenumeration value â€˜[01m[Kready[m[Kâ€™ not handled in switch [[01;35m[K]8;;https://gcc.gnu.org/onlinedocs/gcc/Warning-Options.html#index-Wswitch-Wswitch]8;;[m[K]
[2.297s]    56 |     switch [01;35m[K([m[Kvehicle_state_)
[2.297s]       |            [01;35m[K^[m[K
[2.306s] [01m[K/home/fourdds/ros2_ws/src/boids/src/uav_node.cpp:[m[K In member function â€˜[01m[Kvoid uav_node::request_command_response_callback(std::shared_future<std::shared_ptr<px4_msgs::srv::VehicleCommand_Response_<std::allocator<void> > > >)[m[Kâ€™:
[2.306s] [01m[K/home/fourdds/ros2_ws/src/boids/src/uav_node.cpp:247:36:[m[K [01;35m[Kwarning: [m[Ksuggest parentheses around assignment used as truth value [[01;35m[K]8;;https://gcc.gnu.org/onlinedocs/gcc/Warning-Options.html#index-Wparentheses-Wparentheses]8;;[m[K]
[2.306s]   247 |                 if ([01;35m[Kvehicle_state_ = state::takeoff_requested[m[K)
[2.306s]       |                     [01;35m[K~~~~~~~~~~~~~~~^~~~~~~~~~~~~~~~~~~~~~~~~~[m[K
[2.529s] gmake[2]: *** [CMakeFiles/uavs_spawner.dir/build.make:90: CMakeFiles/uavs_spawner.dir/src/main.cpp.o] Error 1
[2.529s] gmake[2]: *** Waiting for unfinished jobs....
[4.607s] gmake[2]: *** [CMakeFiles/uavs_spawner.dir/build.make:76: CMakeFiles/uavs_spawner.dir/src/uav_node.cpp.o] Error 1
[4.607s] gmake[1]: *** [CMakeFiles/Makefile2:165: CMakeFiles/uavs_spawner.dir/all] Error 2
[4.607s] gmake[1]: *** Waiting for unfinished jobs....
[5.103s] [ 80%] [32m[1mLinking CXX shared library libframe_transforms.so[0m
[5.231s] [ 80%] Built target frame_transforms
[5.232s] gmake: *** [Makefile:146: all] Error 2
[5.233s] Invoked command in '/home/fourdds/ros2_ws/build/boids' returned '2': CMAKE_PREFIX_PATH=/home/fourdds/ros2_ws/install/px4_msgs:/home/fourdds/ros2_ws/install/px4_ros_com:/home/fourdds/ros2_ws/install/boids:/opt/ros/humble LD_LIBRARY_PATH=/home/fourdds/ros2_ws/install/px4_msgs/lib:/home/fourdds/ros2_ws/install/px4_ros_com/lib:/home/fourdds/ros2_ws/install/boids/lib:/usr/lib/x86_64-linux-gnu/gazebo-11/plugins:/opt/ros/humble/opt/rviz_ogre_vendor/lib:/opt/ros/humble/lib/x86_64-linux-gnu:/opt/ros/humble/lib /usr/bin/cmake --build /home/fourdds/ros2_ws/build/boids -- -j24 -l24
