[0.003s] Invoking command in '/home/fourdds/ros2_ws/build/boids': CMAKE_PREFIX_PATH=/home/fourdds/ros2_ws/install/px4_msgs:/home/fourdds/ros2_ws/install/px4_ros_com:/home/fourdds/ros2_ws/install/boids:/opt/ros/humble LD_LIBRARY_PATH=/home/fourdds/ros2_ws/install/px4_msgs/lib:/home/fourdds/ros2_ws/install/px4_ros_com/lib:/home/fourdds/ros2_ws/install/boids/lib:/usr/lib/x86_64-linux-gnu/gazebo-11/plugins:/opt/ros/humble/opt/rviz_ogre_vendor/lib:/opt/ros/humble/lib/x86_64-linux-gnu:/opt/ros/humble/lib /usr/bin/cmake --build /home/fourdds/ros2_ws/build/boids -- -j24 -l24
[0.023s] [35m[1mConsolidate compiler generated dependencies of target uavs_spawner[0m
[0.030s] [ 40%] Built target frame_transforms
[0.036s] [ 60%] [32mBuilding CXX object CMakeFiles/uavs_spawner.dir/src/uav_node.cpp.o[0m
[0.036s] [ 80%] [32mBuilding CXX object CMakeFiles/uavs_spawner.dir/src/main.cpp.o[0m
[0.135s] In file included from [01m[K/home/fourdds/ros2_ws/src/boids/src/main.cpp:1[m[K:
[0.135s] [01m[K/home/fourdds/ros2_ws/src/boids/src/uav_node.hpp:13:10:[m[K [01;31m[Kfatal error: [m[Ksensor_msgs/msg/laser_scan.hpp: No such file or directory
[0.135s]    13 | #include [01;31m[K<sensor_msgs/msg/laser_scan.hpp>[m[K
[0.135s]       |          [01;31m[K^~~~~~~~~~~~~~~~~~~~~~~~~~~~~~~~[m[K
[0.135s] compilation terminated.
[0.137s] gmake[2]: *** [CMakeFiles/uavs_spawner.dir/build.make:90: CMakeFiles/uavs_spawner.dir/src/main.cpp.o] Error 1
[0.137s] gmake[2]: *** Waiting for unfinished jobs....
[0.153s] In file included from [01m[K/home/fourdds/ros2_ws/src/boids/src/uav_node.cpp:2[m[K:
[0.153s] [01m[K/home/fourdds/ros2_ws/src/boids/src/uav_node.hpp:13:10:[m[K [01;31m[Kfatal error: [m[Ksensor_msgs/msg/laser_scan.hpp: No such file or directory
[0.153s]    13 | #include [01;31m[K<sensor_msgs/msg/laser_scan.hpp>[m[K
[0.153s]       |          [01;31m[K^~~~~~~~~~~~~~~~~~~~~~~~~~~~~~~~[m[K
[0.153s] compilation terminated.
[0.154s] gmake[2]: *** [CMakeFiles/uavs_spawner.dir/build.make:76: CMakeFiles/uavs_spawner.dir/src/uav_node.cpp.o] Error 1
[0.154s] gmake[1]: *** [CMakeFiles/Makefile2:165: CMakeFiles/uavs_spawner.dir/all] Error 2
[0.154s] gmake: *** [Makefile:146: all] Error 2
[0.156s] Invoked command in '/home/fourdds/ros2_ws/build/boids' returned '2': CMAKE_PREFIX_PATH=/home/fourdds/ros2_ws/install/px4_msgs:/home/fourdds/ros2_ws/install/px4_ros_com:/home/fourdds/ros2_ws/install/boids:/opt/ros/humble LD_LIBRARY_PATH=/home/fourdds/ros2_ws/install/px4_msgs/lib:/home/fourdds/ros2_ws/install/px4_ros_com/lib:/home/fourdds/ros2_ws/install/boids/lib:/usr/lib/x86_64-linux-gnu/gazebo-11/plugins:/opt/ros/humble/opt/rviz_ogre_vendor/lib:/opt/ros/humble/lib/x86_64-linux-gnu:/opt/ros/humble/lib /usr/bin/cmake --build /home/fourdds/ros2_ws/build/boids -- -j24 -l24
