[0.008s] Invoking command in '/home/fourdds/ros2_ws/build/iris-logger': CMAKE_PREFIX_PATH=${CMAKE_PREFIX_PATH}:/opt/ros/humble /usr/bin/cmake --build /home/fourdds/ros2_ws/build/iris-logger -- -j24 -l24
[0.028s] [ 50%] [32mBuilding CXX object CMakeFiles/Logger.dir/src/Logger.cpp.o[0m
[0.031s] In file included from [01m[K/home/fourdds/ros2_ws/src/iris-logger/src/Logger.cpp:1[m[K:
[0.031s] [01m[K/home/fourdds/ros2_ws/src/iris-logger/src/LoggingNode.hpp:1:10:[m[K [01;31m[Kfatal error: [m[Krclcpp/rclcpp.hpp: No such file or directory
[0.031s]     1 | #include [01;31m[K<rclcpp/rclcpp.hpp>[m[K
[0.031s]       |          [01;31m[K^~~~~~~~~~~~~~~~~~~[m[K
[0.031s] compilation terminated.
[0.032s] gmake[2]: *** [CMakeFiles/Logger.dir/build.make:76: CMakeFiles/Logger.dir/src/Logger.cpp.o] Error 1
[0.032s] gmake[1]: *** [CMakeFiles/Makefile2:137: CMakeFiles/Logger.dir/all] Error 2
[0.032s] gmake: *** [Makefile:146: all] Error 2
[0.033s] Invoked command in '/home/fourdds/ros2_ws/build/iris-logger' returned '2': CMAKE_PREFIX_PATH=${CMAKE_PREFIX_PATH}:/opt/ros/humble /usr/bin/cmake --build /home/fourdds/ros2_ws/build/iris-logger -- -j24 -l24
