[35m[1mConsolidate compiler generated dependencies of target uavs_spawner[0m
[  8%] Built target boids__cpp
[ 11%] Built target boids__rosidl_generator_c
[ 15%] Built target frame_transforms
[ 15%] Built target ament_cmake_python_copy_boids
[ 24%] Built target boids__rosidl_typesupport_c
[ 51%] [32m[1mLinking CXX executable uavs_spawner[0m
[ 53%] Built target boids__rosidl_typesupport_introspection_c
[ 53%] Built target boids__rosidl_typesupport_fastrtps_cpp
[ 51%] Built target boids__rosidl_typesupport_cpp
[ 62%] Built target boids__rosidl_typesupport_introspection_cpp
[ 71%] Built target boids__rosidl_typesupport_fastrtps_c
[ 71%] Built target boids
[ 73%] Built target boids__py
[ 80%] Built target boids__rosidl_generator_py
[ 93%] Built target boids__rosidl_typesupport_c__pyext
[ 93%] Built target boids__rosidl_typesupport_fastrtps_c__pyext
[ 93%] Built target boids__rosidl_typesupport_introspection_c__pyext
running egg_info
writing boids.egg-info/PKG-INFO
writing dependency_links to boids.egg-info/dependency_links.txt
writing top-level names to boids.egg-info/top_level.txt
reading manifest file 'boids.egg-info/SOURCES.txt'
writing manifest file 'boids.egg-info/SOURCES.txt'
[ 93%] Built target ament_cmake_python_build_boids_egg
/usr/bin/ld: CMakeFiles/uavs_spawner.dir/src/uav_node.cpp.o: in function `Swarm::UavNode::initialize()':
uav_node.cpp:(.text+0x5ee): undefined reference to `Swarm::UavNode::lidarSubscriptionCallback(std::shared_ptr<sensor_msgs::msg::LaserScan_<std::allocator<void> > const>)'
/usr/bin/ld: uav_node.cpp:(.text+0x734): undefined reference to `Swarm::UavNode::neighborsSubscriptionCallback(std::shared_ptr<boids::msg::NeighborsCOM_<std::allocator<void> > const>)'
collect2: error: ld returned 1 exit status
gmake[2]: *** [CMakeFiles/uavs_spawner.dir/build.make:224: uavs_spawner] Error 1
gmake[1]: *** [CMakeFiles/Makefile2:620: CMakeFiles/uavs_spawner.dir/all] Error 2
gmake: *** [Makefile:146: all] Error 2
