[0.008s] Invoking command in '/home/fourdds/ros2_ws/build/boids': CMAKE_PREFIX_PATH=/home/fourdds/ros2_ws/install/px4_msgs:/home/fourdds/ros2_ws/install/px4_ros_com:/home/fourdds/ros2_ws/install/boids:/opt/ros/humble LD_LIBRARY_PATH=/home/fourdds/ros2_ws/install/px4_msgs/lib:/home/fourdds/ros2_ws/install/px4_ros_com/lib:/home/fourdds/ros2_ws/install/boids/lib:/usr/lib/x86_64-linux-gnu/gazebo-11/plugins:/opt/ros/humble/opt/rviz_ogre_vendor/lib:/opt/ros/humble/lib/x86_64-linux-gnu:/opt/ros/humble/lib /usr/bin/cmake --build /home/fourdds/ros2_ws/build/boids -- -j24 -l24
[0.029s] [35m[1mConsolidate compiler generated dependencies of target uavs_spawner[0m
[0.031s] [  8%] Built target boids__cpp
[0.031s] [ 11%] Built target boids__rosidl_generator_c
[0.033s] [ 15%] Built target frame_transforms
[0.034s] [ 15%] Built target ament_cmake_python_copy_boids
[0.042s] [ 24%] Built target boids__rosidl_typesupport_c
[0.042s] [ 51%] [32m[1mLinking CXX executable uavs_spawner[0m
[0.042s] [ 53%] Built target boids__rosidl_typesupport_introspection_c
[0.042s] [ 53%] Built target boids__rosidl_typesupport_fastrtps_cpp
[0.042s] [ 51%] Built target boids__rosidl_typesupport_cpp
[0.043s] [ 62%] Built target boids__rosidl_typesupport_introspection_cpp
[0.044s] [ 71%] Built target boids__rosidl_typesupport_fastrtps_c
[0.053s] [ 71%] Built target boids
[0.063s] [ 73%] Built target boids__py
[0.073s] [ 80%] Built target boids__rosidl_generator_py
[0.084s] [ 93%] Built target boids__rosidl_typesupport_c__pyext
[0.084s] [ 93%] Built target boids__rosidl_typesupport_fastrtps_c__pyext
[0.084s] [ 93%] Built target boids__rosidl_typesupport_introspection_c__pyext
[0.135s] running egg_info
[0.141s] writing boids.egg-info/PKG-INFO
[0.142s] writing dependency_links to boids.egg-info/dependency_links.txt
[0.142s] writing top-level names to boids.egg-info/top_level.txt
[0.161s] reading manifest file 'boids.egg-info/SOURCES.txt'
[0.161s] writing manifest file 'boids.egg-info/SOURCES.txt'
[0.176s] [ 93%] Built target ament_cmake_python_build_boids_egg
[0.730s] /usr/bin/ld: CMakeFiles/uavs_spawner.dir/src/uav_node.cpp.o: in function `Swarm::UavNode::initialize()':
[0.730s] uav_node.cpp:(.text+0x5ee): undefined reference to `Swarm::UavNode::lidarSubscriptionCallback(std::shared_ptr<sensor_msgs::msg::LaserScan_<std::allocator<void> > const>)'
[0.731s] /usr/bin/ld: uav_node.cpp:(.text+0x734): undefined reference to `Swarm::UavNode::neighborsSubscriptionCallback(std::shared_ptr<boids::msg::NeighborsCOM_<std::allocator<void> > const>)'
[0.793s] collect2: error: ld returned 1 exit status
[0.794s] gmake[2]: *** [CMakeFiles/uavs_spawner.dir/build.make:224: uavs_spawner] Error 1
[0.794s] gmake[1]: *** [CMakeFiles/Makefile2:620: CMakeFiles/uavs_spawner.dir/all] Error 2
[0.794s] gmake: *** [Makefile:146: all] Error 2
[0.796s] Invoked command in '/home/fourdds/ros2_ws/build/boids' returned '2': CMAKE_PREFIX_PATH=/home/fourdds/ros2_ws/install/px4_msgs:/home/fourdds/ros2_ws/install/px4_ros_com:/home/fourdds/ros2_ws/install/boids:/opt/ros/humble LD_LIBRARY_PATH=/home/fourdds/ros2_ws/install/px4_msgs/lib:/home/fourdds/ros2_ws/install/px4_ros_com/lib:/home/fourdds/ros2_ws/install/boids/lib:/usr/lib/x86_64-linux-gnu/gazebo-11/plugins:/opt/ros/humble/opt/rviz_ogre_vendor/lib:/opt/ros/humble/lib/x86_64-linux-gnu:/opt/ros/humble/lib /usr/bin/cmake --build /home/fourdds/ros2_ws/build/boids -- -j24 -l24
