[0.008s] Invoking command in '/home/fourdds/ros2_ws/build/boids': CMAKE_PREFIX_PATH=/home/fourdds/ros2_ws/install/px4_msgs:/home/fourdds/ros2_ws/install/px4_ros_com:/home/fourdds/ros2_ws/install/boids:/opt/ros/humble LD_LIBRARY_PATH=/home/fourdds/ros2_ws/install/px4_msgs/lib:/home/fourdds/ros2_ws/install/px4_ros_com/lib:/home/fourdds/ros2_ws/install/boids/lib:/usr/lib/x86_64-linux-gnu/gazebo-11/plugins:/opt/ros/humble/opt/rviz_ogre_vendor/lib:/opt/ros/humble/lib/x86_64-linux-gnu:/opt/ros/humble/lib /usr/bin/cmake --build /home/fourdds/ros2_ws/build/boids -- -j24 -l24
[0.025s] [35m[1mConsolidate compiler generated dependencies of target boids__rosidl_generator_c[0m
[0.029s] [  2%] Built target boids__cpp
[0.030s] [ 11%] Built target boids__rosidl_generator_c
[0.031s] [ 15%] Built target frame_transforms
[0.034s] [ 15%] Built target ament_cmake_python_copy_boids
[0.034s] [35m[1mConsolidate compiler generated dependencies of target boids__rosidl_typesupport_fastrtps_cpp[0m
[0.035s] [35m[1mConsolidate compiler generated dependencies of target boids__rosidl_typesupport_cpp[0m
[0.035s] [35m[1mConsolidate compiler generated dependencies of target boids__rosidl_typesupport_introspection_cpp[0m
[0.036s] [35m[1mConsolidate compiler generated dependencies of target boids__rosidl_typesupport_fastrtps_c[0m
[0.036s] [ 17%] [32mBuilding CXX object CMakeFiles/uavs_spawner.dir/src/uav_node.cpp.o[0m
[0.037s] [ 20%] [32mBuilding CXX object CMakeFiles/uavs_spawner.dir/src/main.cpp.o[0m
[0.037s] [ 22%] [32mBuilding CXX object CMakeFiles/uavs_spawner.dir/src/swarm_master.cpp.o[0m
[0.038s] [35m[1mConsolidate compiler generated dependencies of target boids__rosidl_typesupport_introspection_c[0m
[0.038s] [35m[1mConsolidate compiler generated dependencies of target boids__rosidl_typesupport_c[0m
[0.042s] [ 31%] Built target boids__rosidl_typesupport_fastrtps_cpp
[0.042s] [ 40%] Built target boids__rosidl_typesupport_cpp
[0.044s] [ 48%] Built target boids__rosidl_typesupport_fastrtps_c
[0.044s] [ 57%] Built target boids__rosidl_typesupport_introspection_cpp
[0.044s] [ 66%] Built target boids__rosidl_typesupport_c
[0.046s] [ 75%] Built target boids__rosidl_typesupport_introspection_c
[0.055s] [ 75%] Built target boids
[0.064s] [ 77%] Built target boids__py
[0.070s] [35m[1mConsolidate compiler generated dependencies of target boids__rosidl_generator_py[0m
[0.076s] [ 84%] Built target boids__rosidl_generator_py
[0.081s] [35m[1mConsolidate compiler generated dependencies of target boids__rosidl_typesupport_fastrtps_c__pyext[0m
[0.082s] [35m[1mConsolidate compiler generated dependencies of target boids__rosidl_typesupport_introspection_c__pyext[0m
[0.083s] [35m[1mConsolidate compiler generated dependencies of target boids__rosidl_typesupport_c__pyext[0m
[0.088s] [ 88%] Built target boids__rosidl_typesupport_fastrtps_c__pyext
[0.089s] [ 93%] Built target boids__rosidl_typesupport_introspection_c__pyext
[0.091s] [ 97%] Built target boids__rosidl_typesupport_c__pyext
[0.136s] running egg_info
[0.143s] writing boids.egg-info/PKG-INFO
[0.143s] writing dependency_links to boids.egg-info/dependency_links.txt
[0.143s] writing top-level names to boids.egg-info/top_level.txt
[0.165s] reading manifest file 'boids.egg-info/SOURCES.txt'
[0.165s] writing manifest file 'boids.egg-info/SOURCES.txt'
[0.182s] [ 97%] Built target ament_cmake_python_build_boids_egg
[1.520s] [01m[K/home/fourdds/ros2_ws/src/boids/src/swarm_master.cpp:[m[K In member function â€˜[01m[Kvoid swarm_master::geo_ping_callback(std::shared_ptr<const boids::msg::GeoPing_<std::allocator<void> > >)[m[Kâ€™:
[1.520s] [01m[K/home/fourdds/ros2_ws/src/boids/src/swarm_master.cpp:26:33:[m[K [01;31m[Kerror: [m[Kâ€˜[01m[Kusing element_type = const struct boids::msg::GeoPing_<std::allocator<void> >[m[Kâ€™ {aka â€˜[01m[Kconst struct boids::msg::GeoPing_<std::allocator<void> >[m[Kâ€™} has no member named â€˜[01m[Klatitude_ecef_m[m[Kâ€™; did you mean â€˜[01m[Klatitude_m[m[Kâ€™?
[1.520s]    26 |     point2d drone_position(msg->[01;31m[Klatitude_ecef_m[m[K, msg->longitude_ecef_m);
[1.520s]       |                                 [01;31m[K^~~~~~~~~~~~~~~[m[K
[1.520s]       |                                 [32m[Klatitude_m[m[K
[1.520s] [01m[K/home/fourdds/ros2_ws/src/boids/src/swarm_master.cpp:26:55:[m[K [01;31m[Kerror: [m[Kâ€˜[01m[Kusing element_type = const struct boids::msg::GeoPing_<std::allocator<void> >[m[Kâ€™ {aka â€˜[01m[Kconst struct boids::msg::GeoPing_<std::allocator<void> >[m[Kâ€™} has no member named â€˜[01m[Klongitude_ecef_m[m[Kâ€™; did you mean â€˜[01m[Klongitude_m[m[Kâ€™?
[1.520s]    26 |     point2d drone_position(msg->latitude_ecef_m, msg->[01;31m[Klongitude_ecef_m[m[K);
[1.520s]       |                                                       [01;31m[K^~~~~~~~~~~~~~~~[m[K
[1.520s]       |                                                       [32m[Klongitude_m[m[K
[1.520s] [01m[K/home/fourdds/ros2_ws/src/boids/src/swarm_master.cpp:[m[K In member function â€˜[01m[Kvoid swarm_master::publish_center_of_mass(int, const vector2d&)[m[Kâ€™:
[1.520s] [01m[K/home/fourdds/ros2_ws/src/boids/src/swarm_master.cpp:49:9:[m[K [01;31m[Kerror: [m[Kâ€˜[01m[Kusing NeighborsCOM = struct boids::msg::NeighborsCOM_<std::allocator<void> >[m[Kâ€™ {aka â€˜[01m[Kstruct boids::msg::NeighborsCOM_<std::allocator<void> >[m[Kâ€™} has no member named â€˜[01m[Klatitude_ecef_m[m[Kâ€™; did you mean â€˜[01m[Klatitude_m[m[Kâ€™?
[1.520s]    49 |     msg.[01;31m[Klatitude_ecef_m[m[K = neighbors_com.x_;
[1.520s]       |         [01;31m[K^~~~~~~~~~~~~~~[m[K
[1.520s]       |         [32m[Klatitude_m[m[K
[1.520s] [01m[K/home/fourdds/ros2_ws/src/boids/src/swarm_master.cpp:50:9:[m[K [01;31m[Kerror: [m[Kâ€˜[01m[Kusing NeighborsCOM = struct boids::msg::NeighborsCOM_<std::allocator<void> >[m[Kâ€™ {aka â€˜[01m[Kstruct boids::msg::NeighborsCOM_<std::allocator<void> >[m[Kâ€™} has no member named â€˜[01m[Klongitude_ecef_m[m[Kâ€™; did you mean â€˜[01m[Klongitude_m[m[Kâ€™?
[1.520s]    50 |     msg.[01;31m[Klongitude_ecef_m[m[K = neighbors_com.y_;
[1.520s]       |         [01;31m[K^~~~~~~~~~~~~~~~[m[K
[1.520s]       |         [32m[Klongitude_m[m[K
[3.034s] gmake[2]: *** [CMakeFiles/uavs_spawner.dir/build.make:90: CMakeFiles/uavs_spawner.dir/src/swarm_master.cpp.o] Error 1
[3.034s] gmake[2]: *** Waiting for unfinished jobs....
[11.302s] gmake[1]: *** [CMakeFiles/Makefile2:620: CMakeFiles/uavs_spawner.dir/all] Error 2
[11.302s] gmake: *** [Makefile:146: all] Error 2
[11.304s] Invoked command in '/home/fourdds/ros2_ws/build/boids' returned '2': CMAKE_PREFIX_PATH=/home/fourdds/ros2_ws/install/px4_msgs:/home/fourdds/ros2_ws/install/px4_ros_com:/home/fourdds/ros2_ws/install/boids:/opt/ros/humble LD_LIBRARY_PATH=/home/fourdds/ros2_ws/install/px4_msgs/lib:/home/fourdds/ros2_ws/install/px4_ros_com/lib:/home/fourdds/ros2_ws/install/boids/lib:/usr/lib/x86_64-linux-gnu/gazebo-11/plugins:/opt/ros/humble/opt/rviz_ogre_vendor/lib:/opt/ros/humble/lib/x86_64-linux-gnu:/opt/ros/humble/lib /usr/bin/cmake --build /home/fourdds/ros2_ws/build/boids -- -j24 -l24
