[0.007s] Invoking command in '/home/fourdds/ros2_ws/build/boids': CMAKE_PREFIX_PATH=/home/fourdds/ros2_ws/install/px4_msgs:/home/fourdds/ros2_ws/install/px4_ros_com:/home/fourdds/ros2_ws/install/boids:/opt/ros/humble LD_LIBRARY_PATH=/home/fourdds/ros2_ws/install/px4_msgs/lib:/home/fourdds/ros2_ws/install/px4_ros_com/lib:/home/fourdds/ros2_ws/install/boids/lib:/usr/lib/x86_64-linux-gnu/gazebo-11/plugins:/opt/ros/humble/opt/rviz_ogre_vendor/lib:/opt/ros/humble/lib/x86_64-linux-gnu:/opt/ros/humble/lib /usr/bin/cmake --build /home/fourdds/ros2_ws/build/boids -- -j24 -l24
[0.031s] [  2%] Built target boids__cpp
[0.032s] [35m[1mConsolidate compiler generated dependencies of target swarm_spawner[0m
[0.033s] [  2%] Built target ament_cmake_python_copy_boids
[0.034s] [ 11%] Built target boids__rosidl_generator_c
[0.034s] [ 15%] Built target frame_transforms
[0.041s] [ 33%] Built target boids__rosidl_typesupport_cpp
[0.041s] [ 33%] Built target boids__rosidl_typesupport_fastrtps_cpp
[0.041s] [ 35%] [32mBuilding CXX object CMakeFiles/swarm_spawner.dir/src/uav_node.cpp.o[0m
[0.042s] [ 44%] Built target boids__rosidl_typesupport_introspection_cpp
[0.043s] [ 53%] Built target boids__rosidl_typesupport_introspection_c
[0.043s] [ 62%] Built target boids__rosidl_typesupport_fastrtps_c
[0.044s] [ 71%] Built target boids__rosidl_typesupport_c
[0.052s] [ 71%] Built target boids
[0.060s] [ 73%] Built target boids__py
[0.068s] [ 80%] Built target boids__rosidl_generator_py
[0.078s] [ 88%] Built target boids__rosidl_typesupport_fastrtps_c__pyext
[0.078s] [ 88%] Built target boids__rosidl_typesupport_introspection_c__pyext
[0.078s] [ 93%] Built target boids__rosidl_typesupport_c__pyext
[0.126s] running egg_info
[0.132s] writing boids.egg-info/PKG-INFO
[0.133s] writing dependency_links to boids.egg-info/dependency_links.txt
[0.133s] writing top-level names to boids.egg-info/top_level.txt
[0.151s] reading manifest file 'boids.egg-info/SOURCES.txt'
[0.151s] writing manifest file 'boids.egg-info/SOURCES.txt'
[0.164s] [ 93%] Built target ament_cmake_python_build_boids_egg
[10.851s] gmake[2]: *** [CMakeFiles/swarm_spawner.dir/build.make:76: CMakeFiles/swarm_spawner.dir/src/uav_node.cpp.o] Interrupt
[10.851s] gmake[1]: *** [CMakeFiles/Makefile2:620: CMakeFiles/swarm_spawner.dir/all] Interrupt
[10.851s] gmake: *** [Makefile:146: all] Interrupt
[10.873s] Invoked command in '/home/fourdds/ros2_ws/build/boids' returned '-2': CMAKE_PREFIX_PATH=/home/fourdds/ros2_ws/install/px4_msgs:/home/fourdds/ros2_ws/install/px4_ros_com:/home/fourdds/ros2_ws/install/boids:/opt/ros/humble LD_LIBRARY_PATH=/home/fourdds/ros2_ws/install/px4_msgs/lib:/home/fourdds/ros2_ws/install/px4_ros_com/lib:/home/fourdds/ros2_ws/install/boids/lib:/usr/lib/x86_64-linux-gnu/gazebo-11/plugins:/opt/ros/humble/opt/rviz_ogre_vendor/lib:/opt/ros/humble/lib/x86_64-linux-gnu:/opt/ros/humble/lib /usr/bin/cmake --build /home/fourdds/ros2_ws/build/boids -- -j24 -l24
