[0.000000] (-) TimerEvent: {}
[0.000299] (-) JobUnselected: {'identifier': 'boids'}
[0.000334] (-) JobUnselected: {'identifier': 'drone'}
[0.000344] (-) JobUnselected: {'identifier': 'fdds_messages'}
[0.000352] (-) JobUnselected: {'identifier': 'flocking'}
[0.000358] (-) JobUnselected: {'identifier': 'iris-logger'}
[0.000364] (-) JobUnselected: {'identifier': 'logging'}
[0.000370] (-) JobUnselected: {'identifier': 'obstacle_avoidance'}
[0.000377] (-) JobUnselected: {'identifier': 'parameters'}
[0.000383] (-) JobUnselected: {'identifier': 'px4_msgs'}
[0.000389] (-) JobUnselected: {'identifier': 'px4_ros_com'}
[0.000395] (-) JobUnselected: {'identifier': 'stigmergy'}
[0.000401] (-) JobUnselected: {'identifier': 'stigmergy_map'}
[0.000407] (-) JobUnselected: {'identifier': 'target_detection'}
[0.000415] (base_station) JobQueued: {'identifier': 'base_station', 'dependencies': OrderedDict()}
[0.000827] (base_station) JobStarted: {'identifier': 'base_station'}
[0.005295] (base_station) JobProgress: {'identifier': 'base_station', 'progress': 'cmake'}
[0.006023] (base_station) JobProgress: {'identifier': 'base_station', 'progress': 'build'}
[0.006130] (base_station) Command: {'cmd': ['/usr/bin/cmake', '--build', '/home/fourdds/ros2_ws/build/base_station', '--', '-j24', '-l24'], 'cwd': '/home/fourdds/ros2_ws/build/base_station', 'env': OrderedDict([('LESSOPEN', '| /usr/bin/lesspipe %s'), ('MAIL', '/var/mail/fourdds'), ('USER', 'fourdds'), ('XDG_SESSION_TYPE', 'tty'), ('SHLVL', '2'), ('LD_LIBRARY_PATH', '/home/fourdds/ros2_ws/install/fdds_messages/lib:/home/fourdds/ros2_ws/install/target_detection/lib:/home/fourdds/ros2_ws/install/obstacle_avoidance/lib:/home/fourdds/ros2_ws/install/uuv_boids/lib:/home/fourdds/ros2_ws/install/stigmergy/lib:/home/fourdds/ros2_ws/install/px4_ros_com/lib:/home/fourdds/ros2_ws/install/boids/lib:/home/fourdds/ros2_ws/install/px4_msgs/lib:/home/fourdds/ros2_ws/install/parameters/lib:/usr/lib/x86_64-linux-gnu/gazebo-11/plugins:/opt/ros/humble/opt/rviz_ogre_vendor/lib:/opt/ros/humble/lib/x86_64-linux-gnu:/opt/ros/humble/lib'), ('WT_PROFILE_ID', '{61c54bbd-c2c6-5271-96e7-009a87ff44bf}'), ('MOTD_SHOWN', 'update-motd'), ('HOME', '/home/fourdds'), ('OLDPWD', '/home/fourdds'), ('ROS_PYTHON_VERSION', '3'), ('DBUS_SESSION_BUS_ADDRESS', 'unix:path=/run/user/0/bus'), ('WSL_DISTRO_NAME', '4DDS'), ('DEBUGINFOD_URLS', ''), ('WAYLAND_DISPLAY', 'wayland-0'), ('COLCON_PREFIX_PATH', '/home/fourdds/ros2_ws/install'), ('ROS_DISTRO', 'humble'), ('LOGNAME', 'fourdds'), ('NAME', 'PC-UNIVERSITA'), ('WSL_INTEROP', '/run/WSL/367_interop'), ('PULSE_SERVER', 'unix:/mnt/wslg/PulseServer'), ('_', '/usr/bin/colcon'), ('ROS_VERSION', '2'), ('XDG_SESSION_CLASS', 'user'), ('TERM', 'xterm-256color'), ('XDG_SESSION_ID', 'c1'), ('ROS_LOCALHOST_ONLY', '0'), ('PATH', '/opt/ros/humble/bin:/usr/local/sbin:/usr/local/bin:/usr/sbin:/usr/bin:/sbin:/bin:/usr/games:/usr/local/games:/snap/bin:/opt/nvim-linux64/bin:/home/fourdds/.local/bin:/opt/ros/humble/bin:/usr/local/sbin:/usr/local/bin:/usr/sbin:/usr/bin:/sbin:/bin:/usr/games:/usr/local/games:/snap/bin'), ('COM_OBL_RC_ACT', '1'), ('WT_SESSION', '5772b0da-86a0-4432-b664-bc6696f133f6'), ('XDG_RUNTIME_DIR', '/run/user/1000'), ('DISPLAY', ':0'), ('LANG', 'en_US.UTF-8'), ('LS_COLORS', 'rs=0:di=01;34:ln=01;36:mh=00:pi=40;33:so=01;35:do=01;35:bd=40;33;01:cd=40;33;01:or=40;31;01:mi=00:su=37;41:sg=30;43:ca=30;41:tw=30;42:ow=34;42:st=37;44:ex=01;32:*.tar=01;31:*.tgz=01;31:*.arc=01;31:*.arj=01;31:*.taz=01;31:*.lha=01;31:*.lz4=01;31:*.lzh=01;31:*.lzma=01;31:*.tlz=01;31:*.txz=01;31:*.tzo=01;31:*.t7z=01;31:*.zip=01;31:*.z=01;31:*.dz=01;31:*.gz=01;31:*.lrz=01;31:*.lz=01;31:*.lzo=01;31:*.xz=01;31:*.zst=01;31:*.tzst=01;31:*.bz2=01;31:*.bz=01;31:*.tbz=01;31:*.tbz2=01;31:*.tz=01;31:*.deb=01;31:*.rpm=01;31:*.jar=01;31:*.war=01;31:*.ear=01;31:*.sar=01;31:*.rar=01;31:*.alz=01;31:*.ace=01;31:*.zoo=01;31:*.cpio=01;31:*.7z=01;31:*.rz=01;31:*.cab=01;31:*.wim=01;31:*.swm=01;31:*.dwm=01;31:*.esd=01;31:*.jpg=01;35:*.jpeg=01;35:*.mjpg=01;35:*.mjpeg=01;35:*.gif=01;35:*.bmp=01;35:*.pbm=01;35:*.pgm=01;35:*.ppm=01;35:*.tga=01;35:*.xbm=01;35:*.xpm=01;35:*.tif=01;35:*.tiff=01;35:*.png=01;35:*.svg=01;35:*.svgz=01;35:*.mng=01;35:*.pcx=01;35:*.mov=01;35:*.mpg=01;35:*.mpeg=01;35:*.m2v=01;35:*.mkv=01;35:*.webm=01;35:*.webp=01;35:*.ogm=01;35:*.mp4=01;35:*.m4v=01;35:*.mp4v=01;35:*.vob=01;35:*.qt=01;35:*.nuv=01;35:*.wmv=01;35:*.asf=01;35:*.rm=01;35:*.rmvb=01;35:*.flc=01;35:*.avi=01;35:*.fli=01;35:*.flv=01;35:*.gl=01;35:*.dl=01;35:*.xcf=01;35:*.xwd=01;35:*.yuv=01;35:*.cgm=01;35:*.emf=01;35:*.ogv=01;35:*.ogx=01;35:*.aac=00;36:*.au=00;36:*.flac=00;36:*.m4a=00;36:*.mid=00;36:*.midi=00;36:*.mka=00;36:*.mp3=00;36:*.mpc=00;36:*.ogg=00;36:*.ra=00;36:*.wav=00;36:*.oga=00;36:*.opus=00;36:*.spx=00;36:*.xspf=00;36:'), ('AMENT_PREFIX_PATH', '/home/fourdds/ros2_ws/install/fdds_messages:/home/fourdds/ros2_ws/install/target_detection:/home/fourdds/ros2_ws/install/obstacle_avoidance:/home/fourdds/ros2_ws/install/uuv_boids:/home/fourdds/ros2_ws/install/stigmergy:/home/fourdds/ros2_ws/install/px4_ros_com:/home/fourdds/ros2_ws/install/iris-logger:/home/fourdds/ros2_ws/install/boids:/home/fourdds/ros2_ws/install/px4_msgs:/home/fourdds/ros2_ws/install/logging:/home/fourdds/ros2_ws/install/parameters:/opt/ros/humble'), ('UXRCE_DDS_SYNCT', '0'), ('SHELL', '/bin/bash'), ('LESSCLOSE', '/usr/bin/lesspipe %s %s'), ('PWD', '/home/fourdds/ros2_ws/build/base_station'), ('LC_ALL', 'en_US.UTF-8'), ('XDG_DATA_DIRS', '/usr/local/share:/usr/share:/var/lib/snapd/desktop'), ('PYTHONPATH', '/home/fourdds/ros2_ws/install/fdds_messages/local/lib/python3.10/dist-packages:/home/fourdds/ros2_ws/install/uuv_boids/local/lib/python3.10/dist-packages:/home/fourdds/ros2_ws/install/stigmergy/local/lib/python3.10/dist-packages:/home/fourdds/ros2_ws/install/px4_ros_com/local/lib/python3.10/dist-packages:/home/fourdds/ros2_ws/install/boids/local/lib/python3.10/dist-packages:/home/fourdds/ros2_ws/install/px4_msgs/local/lib/python3.10/dist-packages:/opt/ros/humble/lib/python3.10/site-packages:/opt/ros/humble/local/lib/python3.10/dist-packages'), ('COLCON', '1'), ('WSL2_GUI_APPS_ENABLED', '1'), ('HOSTTYPE', 'x86_64'), ('CMAKE_PREFIX_PATH', '/home/fourdds/ros2_ws/install/fdds_messages:/home/fourdds/ros2_ws/install/target_detection:/home/fourdds/ros2_ws/install/obstacle_avoidance:/home/fourdds/ros2_ws/install/uuv_boids:/home/fourdds/ros2_ws/install/stigmergy:/home/fourdds/ros2_ws/install/px4_ros_com:/home/fourdds/ros2_ws/install/iris-logger:/home/fourdds/ros2_ws/install/boids:/home/fourdds/ros2_ws/install/px4_msgs:/home/fourdds/ros2_ws/install/logging:/home/fourdds/ros2_ws/install/parameters:/opt/ros/humble'), ('WSLENV', 'WT_SESSION:WT_PROFILE_ID:')]), 'shell': False}
[0.017840] (base_station) StdoutLine: {'line': b'-- Found ament_cmake: 1.3.8 (/opt/ros/humble/share/ament_cmake/cmake)\n'}
[0.083807] (base_station) StdoutLine: {'line': b'-- Found fdds_messages: 0.0.0 (/home/fourdds/ros2_ws/install/fdds_messages/share/fdds_messages/cmake)\n'}
[0.095781] (base_station) StdoutLine: {'line': b'-- Found rosidl_generator_c: 3.1.5 (/opt/ros/humble/share/rosidl_generator_c/cmake)\n'}
[0.097159] (base_station) StdoutLine: {'line': b'-- Found rosidl_adapter: 3.1.5 (/opt/ros/humble/share/rosidl_adapter/cmake)\n'}
[0.100035] (base_station) StdoutLine: {'line': b'-- Found rosidl_generator_cpp: 3.1.5 (/opt/ros/humble/share/rosidl_generator_cpp/cmake)\n'}
[0.100098] (-) TimerEvent: {}
[0.105582] (base_station) StdoutLine: {'line': b'-- Using all available rosidl_typesupport_c: rosidl_typesupport_fastrtps_c;rosidl_typesupport_introspection_c\n'}
[0.113342] (base_station) StdoutLine: {'line': b'-- Using all available rosidl_typesupport_cpp: rosidl_typesupport_fastrtps_cpp;rosidl_typesupport_introspection_cpp\n'}
[0.119198] (base_station) StdoutLine: {'line': b'-- Found rclcpp: 16.0.8 (/opt/ros/humble/share/rclcpp/cmake)\n'}
[0.161270] (base_station) StdoutLine: {'line': b'-- Found rmw_implementation_cmake: 6.1.1 (/opt/ros/humble/share/rmw_implementation_cmake/cmake)\n'}
[0.162898] (base_station) StdoutLine: {'line': b'-- Found rmw_fastrtps_cpp: 6.2.6 (/opt/ros/humble/share/rmw_fastrtps_cpp/cmake)\n'}
[0.200182] (-) TimerEvent: {}
[0.206481] (base_station) StdoutLine: {'line': b'-- Found OpenSSL: /usr/lib/x86_64-linux-gnu/libcrypto.so (found version "3.0.2")  \n'}
[0.219607] (base_station) StdoutLine: {'line': b'-- Found FastRTPS: /opt/ros/humble/include  \n'}
[0.242302] (base_station) StdoutLine: {'line': b"-- Using RMW implementation 'rmw_fastrtps_cpp' as default\n"}
[0.247477] (base_station) StdoutLine: {'line': b'-- Looking for pthread.h\n'}
[0.281414] (base_station) StdoutLine: {'line': b'-- Looking for pthread.h - found\n'}
[0.281606] (base_station) StdoutLine: {'line': b'-- Performing Test CMAKE_HAVE_LIBC_PTHREAD\n'}
[0.300305] (-) TimerEvent: {}
[0.316600] (base_station) StdoutLine: {'line': b'-- Performing Test CMAKE_HAVE_LIBC_PTHREAD - Success\n'}
[0.317227] (base_station) StdoutLine: {'line': b'-- Found Threads: TRUE  \n'}
[0.397861] (base_station) StdoutLine: {'line': b'-- Found parameters: 0.0.0 (/home/fourdds/ros2_ws/install/parameters/share/parameters/cmake)\n'}
[0.399119] (base_station) StdoutLine: {'line': b'-- Found eigen3_cmake_module: 0.1.1 (/opt/ros/humble/share/eigen3_cmake_module/cmake)\n'}
[0.400362] (-) TimerEvent: {}
[0.402477] (base_station) StdoutLine: {'line': b'-- Found Eigen3: TRUE (found version "3.4.0") \n'}
[0.403481] (base_station) StdoutLine: {'line': b'-- Found ament_lint_auto: 0.12.10 (/opt/ros/humble/share/ament_lint_auto/cmake)\n'}
[0.438852] (base_station) StdoutLine: {'line': b"-- Added test 'cppcheck' to perform static code analysis on C / C++ code\n"}
[0.439026] (base_station) StdoutLine: {'line': b'-- Configured cppcheck include dirs: $<BUILD_INTERFACE:/home/fourdds/ros2_ws/src/base_station/include>\n'}
[0.439068] (base_station) StdoutLine: {'line': b'-- Configured cppcheck exclude dirs and/or files: \n'}
[0.439183] (base_station) StdoutLine: {'line': b"-- Added test 'lint_cmake' to check CMake code style\n"}
[0.439501] (base_station) StdoutLine: {'line': b"-- Added test 'uncrustify' to check C / C++ code style\n"}
[0.439544] (base_station) StdoutLine: {'line': b'-- Configured uncrustify additional arguments: \n'}
[0.439657] (base_station) StdoutLine: {'line': b"-- Added test 'xmllint' to check XML markup files\n"}
[0.440003] (base_station) StdoutLine: {'line': b'-- Configuring done\n'}
[0.444090] (base_station) StdoutLine: {'line': b'-- Generating done\n'}
[0.444820] (base_station) StdoutLine: {'line': b'-- Build files have been written to: /home/fourdds/ros2_ws/build/base_station\n'}
[0.457464] (base_station) StdoutLine: {'line': b'\x1b[35m\x1b[1mConsolidate compiler generated dependencies of target BaseStation\x1b[0m\n'}
[0.463732] (base_station) StdoutLine: {'line': b'[ 50%] \x1b[32mBuilding CXX object CMakeFiles/BaseStation.dir/src/BaseStation.cpp.o\x1b[0m\n'}
[0.500485] (-) TimerEvent: {}
[0.600767] (-) TimerEvent: {}
[0.701038] (-) TimerEvent: {}
[0.801346] (-) TimerEvent: {}
[0.901616] (-) TimerEvent: {}
[1.001912] (-) TimerEvent: {}
[1.102207] (-) TimerEvent: {}
[1.202484] (-) TimerEvent: {}
[1.302759] (-) TimerEvent: {}
[1.403038] (-) TimerEvent: {}
[1.503345] (-) TimerEvent: {}
[1.603669] (-) TimerEvent: {}
[1.703939] (-) TimerEvent: {}
[1.804246] (-) TimerEvent: {}
[1.898861] (base_station) StderrLine: {'line': b'In file included from \x1b[01m\x1b[K/home/fourdds/ros2_ws/src/base_station/src/BaseStation.cpp:2\x1b[m\x1b[K:\n'}
[1.899010] (base_station) StderrLine: {'line': b'\x1b[01m\x1b[K/home/fourdds/ros2_ws/src/base_station/include/base_station/BaseStation.hpp:15:43:\x1b[m\x1b[K \x1b[01;31m\x1b[Kerror: \x1b[m\x1b[K\xe2\x80\x98\x1b[01m\x1b[Kfdds::Parameters\x1b[m\x1b[K\xe2\x80\x99 has not been declared\n'}
[1.899045] (base_station) StderrLine: {'line': b'   15 |         BaseStation(const int swarm_size, \x1b[01;31m\x1b[Kfdds\x1b[m\x1b[K::Parameters& options_) : Node("BaseStation"), swarmSize(swarm_size), options(options_)\n'}
[1.899071] (base_station) StderrLine: {'line': b'      |                                           \x1b[01;31m\x1b[K^~~~\x1b[m\x1b[K\n'}
[1.899663] (base_station) StderrLine: {'line': b'In file included from \x1b[01m\x1b[K/home/fourdds/ros2_ws/src/base_station/src/BaseStation.cpp:2\x1b[m\x1b[K:\n'}
[1.899774] (base_station) StderrLine: {'line': b'\x1b[01m\x1b[K/home/fourdds/ros2_ws/src/base_station/include/base_station/BaseStation.hpp:40:15:\x1b[m\x1b[K \x1b[01;31m\x1b[Kerror: \x1b[m\x1b[K\xe2\x80\x98\x1b[01m\x1b[KParameters\x1b[m\x1b[K\xe2\x80\x99 in namespace \xe2\x80\x98\x1b[01m\x1b[Kfdds\x1b[m\x1b[K\xe2\x80\x99 does not name a type\n'}
[1.899808] (base_station) StderrLine: {'line': b'   40 |         fdds::\x1b[01;31m\x1b[KParameters\x1b[m\x1b[K& options;\n'}
[1.899834] (base_station) StderrLine: {'line': b'      |               \x1b[01;31m\x1b[K^~~~~~~~~~\x1b[m\x1b[K\n'}
[1.904324] (-) TimerEvent: {}
[1.922617] (base_station) StderrLine: {'line': b'In file included from \x1b[01m\x1b[K/home/fourdds/ros2_ws/src/base_station/src/BaseStation.cpp:2\x1b[m\x1b[K:\n'}
[1.922724] (base_station) StderrLine: {'line': b'\x1b[01m\x1b[K/home/fourdds/ros2_ws/src/base_station/include/base_station/BaseStation.hpp:\x1b[m\x1b[K In constructor \xe2\x80\x98\x1b[01m\x1b[Kfdds::BaseStation::BaseStation(int, int&)\x1b[m\x1b[K\xe2\x80\x99:\n'}
[1.922757] (base_station) StderrLine: {'line': b'\x1b[01m\x1b[K/home/fourdds/ros2_ws/src/base_station/include/base_station/BaseStation.hpp:15:117:\x1b[m\x1b[K \x1b[01;31m\x1b[Kerror: \x1b[m\x1b[Kclass \xe2\x80\x98\x1b[01m\x1b[Kfdds::BaseStation\x1b[m\x1b[K\xe2\x80\x99 does not have any field named \xe2\x80\x98\x1b[01m\x1b[Koptions\x1b[m\x1b[K\xe2\x80\x99\n'}
[1.922790] (base_station) StderrLine: {'line': b'   15 | ion(const int swarm_size, fdds::Parameters& options_) : Node("BaseStation"), swarmSize(swarm_size), \x1b[01;31m\x1b[Koptions\x1b[m\x1b[K(options_)\n'}
[1.922815] (base_station) StderrLine: {'line': b'      |                                                                                                     \x1b[01;31m\x1b[K^~~~~~~\x1b[m\x1b[K\n'}
[1.922837] (base_station) StderrLine: {'line': b'\n'}
[2.004435] (-) TimerEvent: {}
[2.104714] (-) TimerEvent: {}
[2.160594] (base_station) StderrLine: {'line': b'gmake[2]: *** [CMakeFiles/BaseStation.dir/build.make:76: CMakeFiles/BaseStation.dir/src/BaseStation.cpp.o] Error 1\n'}
[2.160743] (base_station) StderrLine: {'line': b'gmake[1]: *** [CMakeFiles/Makefile2:137: CMakeFiles/BaseStation.dir/all] Error 2\n'}
[2.160849] (base_station) StderrLine: {'line': b'gmake: *** [Makefile:146: all] Error 2\n'}
[2.161975] (base_station) CommandEnded: {'returncode': 2}
[2.178687] (base_station) JobEnded: {'identifier': 'base_station', 'rc': 2}
[2.189032] (-) EventReactorShutdown: {}
