[0.006s] Invoking command in '/home/fourdds/ros2_ws/build/boids': CMAKE_PREFIX_PATH=/home/fourdds/ros2_ws/install/px4_msgs:/home/fourdds/ros2_ws/install/px4_ros_com:/home/fourdds/ros2_ws/install/boids:/opt/ros/humble LD_LIBRARY_PATH=/home/fourdds/ros2_ws/install/px4_msgs/lib:/home/fourdds/ros2_ws/install/px4_ros_com/lib:/home/fourdds/ros2_ws/install/boids/lib:/usr/lib/x86_64-linux-gnu/gazebo-11/plugins:/opt/ros/humble/opt/rviz_ogre_vendor/lib:/opt/ros/humble/lib/x86_64-linux-gnu:/opt/ros/humble/lib /usr/bin/cmake --build /home/fourdds/ros2_ws/build/boids -- -j24 -l24
[0.019s] -- Found ament_cmake: 1.3.8 (/opt/ros/humble/share/ament_cmake/cmake)
[0.085s] -- Found builtin_interfaces: 1.2.1 (/opt/ros/humble/share/builtin_interfaces/cmake)
[0.096s] -- Found rosidl_generator_c: 3.1.5 (/opt/ros/humble/share/rosidl_generator_c/cmake)
[0.098s] -- Found rosidl_adapter: 3.1.5 (/opt/ros/humble/share/rosidl_adapter/cmake)
[0.101s] -- Found rosidl_generator_cpp: 3.1.5 (/opt/ros/humble/share/rosidl_generator_cpp/cmake)
[0.106s] -- Using all available rosidl_typesupport_c: rosidl_typesupport_fastrtps_c;rosidl_typesupport_introspection_c
[0.115s] -- Using all available rosidl_typesupport_cpp: rosidl_typesupport_fastrtps_cpp;rosidl_typesupport_introspection_cpp
[0.122s] -- Found eigen3_cmake_module: 0.1.1 (/opt/ros/humble/share/eigen3_cmake_module/cmake)
[0.123s] -- Found geometry_msgs: 4.2.3 (/opt/ros/humble/share/geometry_msgs/cmake)
[0.171s] -- Found px4_msgs: 2.0.1 (/home/fourdds/ros2_ws/install/px4_msgs/share/px4_msgs/cmake)
[0.187s] -- Found rclcpp: 16.0.8 (/opt/ros/humble/share/rclcpp/cmake)
[0.212s] -- Found rmw_implementation_cmake: 6.1.1 (/opt/ros/humble/share/rmw_implementation_cmake/cmake)
[0.213s] -- Found rmw_fastrtps_cpp: 6.2.6 (/opt/ros/humble/share/rmw_fastrtps_cpp/cmake)
[0.269s] -- Using RMW implementation 'rmw_fastrtps_cpp' as default
[0.334s] -- Found sensor_msgs: 4.2.3 (/opt/ros/humble/share/sensor_msgs/cmake)
[0.381s] -- Found rclpy: 3.3.12 (/opt/ros/humble/share/rclpy/cmake)
[0.381s] -- Found boids: 0.0.0 (/home/fourdds/ros2_ws/install/boids/share/boids/cmake)
[0.408s] -- Found rosidl_default_generators: 1.2.0 (/opt/ros/humble/share/rosidl_default_generators/cmake)
[0.541s] -- Found ament_cmake_ros: 0.10.0 (/opt/ros/humble/share/ament_cmake_ros/cmake)
[0.698s] -- Using all available rosidl_typesupport_c: rosidl_typesupport_fastrtps_c;rosidl_typesupport_introspection_c
[0.759s] -- Using all available rosidl_typesupport_cpp: rosidl_typesupport_fastrtps_cpp;rosidl_typesupport_introspection_cpp
[0.771s] -- Found python_cmake_module: 0.10.0 (/opt/ros/humble/share/python_cmake_module/cmake)
[0.783s] -- Using PYTHON_EXECUTABLE: /usr/bin/python3
[0.783s] -- Using PYTHON_INCLUDE_DIRS: /usr/include/python3.10
[0.783s] -- Using PYTHON_LIBRARIES: /usr/lib/x86_64-linux-gnu/libpython3.10.so
[0.791s] -- Found ament_lint_auto: 0.12.10 (/opt/ros/humble/share/ament_lint_auto/cmake)
[0.795s] -- Added test 'copyright' to check source files copyright and LICENSE
[0.796s] -- Added test 'cppcheck' to perform static code analysis on C / C++ code
[0.797s] -- Configured cppcheck include dirs: /home/fourdds/ros2_ws/src/boids/include;$<BUILD_INTERFACE:/home/fourdds/ros2_ws/src/boids/include/boids>
[0.797s] -- Configured cppcheck exclude dirs and/or files: 
[0.797s] -- Added test 'cpplint' to check C / C++ code against the Google style
[0.798s] -- Configured cpplint exclude dirs and/or files: 
[0.798s] -- Added test 'flake8' to check Python code syntax and style conventions
[0.798s] -- Added test 'lint_cmake' to check CMake code style
[0.798s] -- Added test 'pep257' to check Python code against some of the docstring style conventions in PEP 257
[0.799s] -- Added test 'uncrustify' to check C / C++ code style
[0.799s] -- Configured uncrustify additional arguments: 
[0.799s] -- Added test 'xmllint' to check XML markup files
[0.800s] -- Configuring done
[0.819s] -- Generating done
[0.820s] -- Build files have been written to: /home/fourdds/ros2_ws/build/boids
[0.834s] [35m[1mConsolidate compiler generated dependencies of target boids__rosidl_generator_c[0m
[0.835s] [35m[1mConsolidate compiler generated dependencies of target frame_transforms[0m
[0.836s] [35m[1mConsolidate compiler generated dependencies of target swarm_spawner[0m
[0.838s] [  1%] Built target boids__cpp
[0.839s] [ 11%] Built target boids__rosidl_generator_c
[0.842s] [ 12%] [32mBuilding CXX object CMakeFiles/frame_transforms.dir/src/lib/frame_transforms.cpp.o[0m
[0.843s] [ 12%] Built target ament_cmake_python_copy_boids
[0.843s] [35m[1mConsolidate compiler generated dependencies of target boids__rosidl_typesupport_cpp[0m
[0.844s] [35m[1mConsolidate compiler generated dependencies of target boids__rosidl_typesupport_fastrtps_cpp[0m
[0.844s] [35m[1mConsolidate compiler generated dependencies of target boids__rosidl_typesupport_introspection_cpp[0m
[0.844s] [01m[Kc++:[m[K [01;31m[Kerror: [m[Kunrecognized command-line option â€˜[01m[K--O2[m[Kâ€™
[0.844s] gmake[2]: *** [CMakeFiles/frame_transforms.dir/build.make:76: CMakeFiles/frame_transforms.dir/src/lib/frame_transforms.cpp.o] Error 1
[0.845s] gmake[1]: *** [CMakeFiles/Makefile2:594: CMakeFiles/frame_transforms.dir/all] Error 2
[0.845s] gmake[1]: *** Waiting for unfinished jobs....
[0.848s] [35m[1mConsolidate compiler generated dependencies of target boids__rosidl_typesupport_fastrtps_c[0m
[0.849s] [ 14%] [32mBuilding CXX object CMakeFiles/swarm_spawner.dir/src/base_station.cpp.o[0m
[0.849s] [35m[1mConsolidate compiler generated dependencies of target boids__rosidl_typesupport_introspection_c[0m
[0.849s] [ 16%] [32mBuilding CXX object CMakeFiles/swarm_spawner.dir/src/uav_node.cpp.o[0m
[0.849s] [ 18%] [32mBuilding CXX object CMakeFiles/boids__rosidl_typesupport_cpp.dir/rosidl_typesupport_cpp/boids/msg/geo_ping__type_support.cpp.o[0m
[0.849s] [35m[1mConsolidate compiler generated dependencies of target boids__rosidl_typesupport_c[0m
[0.849s] [ 20%] [32mBuilding CXX object CMakeFiles/swarm_spawner.dir/src/main.cpp.o[0m
[0.850s] [ 22%] [32mBuilding CXX object CMakeFiles/swarm_spawner.dir/src/yaml.cpp.o[0m
[0.851s] [01m[Kc++:[m[K [01;31m[Kerror: [m[Kunrecognized command-line option â€˜[01m[K--O2[m[Kâ€™
[0.851s] [ 24%] [32mBuilding CXX object CMakeFiles/boids__rosidl_typesupport_introspection_cpp.dir/rosidl_typesupport_introspection_cpp/boids/msg/detail/flock_center_of_mass__type_support.cpp.o[0m
[0.851s] gmake[2]: *** [CMakeFiles/swarm_spawner.dir/build.make:90: CMakeFiles/swarm_spawner.dir/src/base_station.cpp.o] Error 1
[0.851s] gmake[2]: *** Waiting for unfinished jobs....
[0.852s] [ 25%] [32mBuilding CXX object CMakeFiles/boids__rosidl_typesupport_introspection_cpp.dir/rosidl_typesupport_introspection_cpp/boids/msg/detail/flocking__type_support.cpp.o[0m
[0.852s] [ 27%] [32mBuilding CXX object CMakeFiles/boids__rosidl_typesupport_cpp.dir/rosidl_typesupport_cpp/boids/msg/flock_center_of_mass__type_support.cpp.o[0m
[0.852s] [01m[Kc++:[m[K [01;31m[Kerror: [m[Kunrecognized command-line option â€˜[01m[K--O2[m[Kâ€™
[0.852s] [01m[Kc++:[m[K [01;31m[Kerror: [m[Kunrecognized command-line option â€˜[01m[K--O2[m[Kâ€™
[0.852s] gmake[2]: *** [CMakeFiles/boids__rosidl_typesupport_cpp.dir/build.make:94: CMakeFiles/boids__rosidl_typesupport_cpp.dir/rosidl_typesupport_cpp/boids/msg/geo_ping__type_support.cpp.o] Error 1
[0.852s] gmake[2]: *** Waiting for unfinished jobs....
[0.852s] [01m[Kc++:[m[K [01;31m[Kerror: [m[Kunrecognized command-line option â€˜[01m[K--O2[m[Kâ€™
[0.852s] gmake[2]: *** [CMakeFiles/swarm_spawner.dir/build.make:104: CMakeFiles/swarm_spawner.dir/src/main.cpp.o] Error 1
[0.852s] [01m[Kc++:[m[K [01;31m[Kerror: [m[Kunrecognized command-line option â€˜[01m[K--O2[m[Kâ€™
[0.853s] gmake[2]: *** [CMakeFiles/swarm_spawner.dir/build.make:118: CMakeFiles/swarm_spawner.dir/src/yaml.cpp.o] Error 1
[0.853s] [ 29%] [32mBuilding CXX object CMakeFiles/boids__rosidl_typesupport_cpp.dir/rosidl_typesupport_cpp/boids/msg/flocking__type_support.cpp.o[0m
[0.853s] [ 31%] [32mBuilding CXX object CMakeFiles/boids__rosidl_typesupport_introspection_cpp.dir/rosidl_typesupport_introspection_cpp/boids/msg/detail/geo_ping__type_support.cpp.o[0m
[0.853s] [ 33%] [32mBuilding CXX object CMakeFiles/boids__rosidl_typesupport_fastrtps_cpp.dir/rosidl_typesupport_fastrtps_cpp/boids/msg/detail/dds_fastrtps/flock_center_of_mass__type_support.cpp.o[0m
[0.853s] [ 35%] [32mBuilding CXX object CMakeFiles/boids__rosidl_typesupport_fastrtps_cpp.dir/rosidl_typesupport_fastrtps_cpp/boids/msg/detail/dds_fastrtps/geo_ping__type_support.cpp.o[0m
[0.853s] gmake[2]: *** [CMakeFiles/swarm_spawner.dir/build.make:76: CMakeFiles/swarm_spawner.dir/src/uav_node.cpp.o] Error 1
[0.853s] gmake[1]: *** [CMakeFiles/Makefile2:620: CMakeFiles/swarm_spawner.dir/all] Error 2
[0.853s] [01m[Kc++:[m[K [01;31m[Kerror: [m[Kunrecognized command-line option â€˜[01m[K--O2[m[Kâ€™
[0.854s] [01m[Kc++:[m[K [01;31m[Kerror: [m[Kunrecognized command-line option â€˜[01m[K--O2[m[Kâ€™
[0.854s] gmake[2]: *** [CMakeFiles/boids__rosidl_typesupport_introspection_cpp.dir/build.make:119: CMakeFiles/boids__rosidl_typesupport_introspection_cpp.dir/rosidl_typesupport_introspection_cpp/boids/msg/detail/flock_center_of_mass__type_support.cpp.o] Error 1
[0.854s] gmake[2]: *** Waiting for unfinished jobs....
[0.854s] gmake[2]: *** [CMakeFiles/boids__rosidl_typesupport_introspection_cpp.dir/build.make:133: CMakeFiles/boids__rosidl_typesupport_introspection_cpp.dir/rosidl_typesupport_introspection_cpp/boids/msg/detail/flocking__type_support.cpp.o] Error 1
[0.854s] [ 37%] [32mBuilding CXX object CMakeFiles/boids__rosidl_typesupport_fastrtps_cpp.dir/rosidl_typesupport_fastrtps_cpp/boids/msg/detail/dds_fastrtps/flocking__type_support.cpp.o[0m
[0.854s] [01m[Kc++:[m[K [01;31m[Kerror: [m[Kunrecognized command-line option â€˜[01m[K--O2[m[Kâ€™
[0.855s] [01m[Kc++:[m[K [01;31m[Kerror: [m[Kunrecognized command-line option â€˜[01m[K--O2[m[Kâ€™
[0.855s] gmake[2]: *** [CMakeFiles/boids__rosidl_typesupport_fastrtps_cpp.dir/build.make:105: CMakeFiles/boids__rosidl_typesupport_fastrtps_cpp.dir/rosidl_typesupport_fastrtps_cpp/boids/msg/detail/dds_fastrtps/geo_ping__type_support.cpp.o] Error 1
[0.855s] gmake[2]: *** Waiting for unfinished jobs....
[0.855s] [01m[Kc++:[m[K [01;31m[Kerror: [m[Kunrecognized command-line option â€˜[01m[K--O2[m[Kâ€™
[0.855s] [01m[Kc++:[m[K [01;31m[Kerror: [m[Kunrecognized command-line option â€˜[01m[K--O2[m[Kâ€™
[0.855s] gmake[2]: *** [CMakeFiles/boids__rosidl_typesupport_cpp.dir/build.make:108: CMakeFiles/boids__rosidl_typesupport_cpp.dir/rosidl_typesupport_cpp/boids/msg/flock_center_of_mass__type_support.cpp.o] Error 1
[0.855s] gmake[2]: *** [CMakeFiles/boids__rosidl_typesupport_fastrtps_cpp.dir/build.make:119: CMakeFiles/boids__rosidl_typesupport_fastrtps_cpp.dir/rosidl_typesupport_fastrtps_cpp/boids/msg/detail/dds_fastrtps/flock_center_of_mass__type_support.cpp.o] Error 1
[0.855s] gmake[2]: *** [CMakeFiles/boids__rosidl_typesupport_cpp.dir/build.make:122: CMakeFiles/boids__rosidl_typesupport_cpp.dir/rosidl_typesupport_cpp/boids/msg/flocking__type_support.cpp.o] Error 1
[0.855s] [01m[Kc++:[m[K [01;31m[Kerror: [m[Kunrecognized command-line option â€˜[01m[K--O2[m[Kâ€™
[0.855s] gmake[1]: *** [CMakeFiles/Makefile2:399: CMakeFiles/boids__rosidl_typesupport_cpp.dir/all] Error 2
[0.855s] gmake[2]: *** [CMakeFiles/boids__rosidl_typesupport_introspection_cpp.dir/build.make:105: CMakeFiles/boids__rosidl_typesupport_introspection_cpp.dir/rosidl_typesupport_introspection_cpp/boids/msg/detail/geo_ping__type_support.cpp.o] Error 1
[0.855s] gmake[1]: *** [CMakeFiles/Makefile2:373: CMakeFiles/boids__rosidl_typesupport_introspection_cpp.dir/all] Error 2
[0.855s] [01m[Kc++:[m[K [01;31m[Kerror: [m[Kunrecognized command-line option â€˜[01m[K--O2[m[Kâ€™
[0.856s] gmake[2]: *** [CMakeFiles/boids__rosidl_typesupport_fastrtps_cpp.dir/build.make:133: CMakeFiles/boids__rosidl_typesupport_fastrtps_cpp.dir/rosidl_typesupport_fastrtps_cpp/boids/msg/detail/dds_fastrtps/flocking__type_support.cpp.o] Error 1
[0.856s] gmake[1]: *** [CMakeFiles/Makefile2:295: CMakeFiles/boids__rosidl_typesupport_fastrtps_cpp.dir/all] Error 2
[0.856s] [ 46%] Built target boids__rosidl_typesupport_introspection_c
[0.857s] [ 55%] Built target boids__rosidl_typesupport_c
[0.857s] [ 57%] [32mBuilding CXX object CMakeFiles/boids__rosidl_typesupport_fastrtps_c.dir/rosidl_typesupport_fastrtps_c/boids/msg/detail/geo_ping__type_support_c.cpp.o[0m
[0.857s] [ 59%] [32mBuilding CXX object CMakeFiles/boids__rosidl_typesupport_fastrtps_c.dir/rosidl_typesupport_fastrtps_c/boids/msg/detail/flock_center_of_mass__type_support_c.cpp.o[0m
[0.857s] [ 61%] [32mBuilding CXX object CMakeFiles/boids__rosidl_typesupport_fastrtps_c.dir/rosidl_typesupport_fastrtps_c/boids/msg/detail/flocking__type_support_c.cpp.o[0m
[0.858s] [01m[Kc++:[m[K [01;31m[Kerror: [m[Kunrecognized command-line option â€˜[01m[K--O2[m[Kâ€™
[0.858s] gmake[2]: *** [CMakeFiles/boids__rosidl_typesupport_fastrtps_c.dir/build.make:105: CMakeFiles/boids__rosidl_typesupport_fastrtps_c.dir/rosidl_typesupport_fastrtps_c/boids/msg/detail/geo_ping__type_support_c.cpp.o] Error 1
[0.859s] [01m[Kc++:[m[K [01;31m[Kerror: [m[Kunrecognized command-line option â€˜[01m[K--O2[m[Kâ€™
[0.859s] gmake[2]: *** Waiting for unfinished jobs....
[0.859s] gmake[2]: *** [CMakeFiles/boids__rosidl_typesupport_fastrtps_c.dir/build.make:119: CMakeFiles/boids__rosidl_typesupport_fastrtps_c.dir/rosidl_typesupport_fastrtps_c/boids/msg/detail/flock_center_of_mass__type_support_c.cpp.o] Error 1
[0.859s] [01m[Kc++:[m[K [01;31m[Kerror: [m[Kunrecognized command-line option â€˜[01m[K--O2[m[Kâ€™
[0.859s] gmake[2]: *** [CMakeFiles/boids__rosidl_typesupport_fastrtps_c.dir/build.make:133: CMakeFiles/boids__rosidl_typesupport_fastrtps_c.dir/rosidl_typesupport_fastrtps_c/boids/msg/detail/flocking__type_support_c.cpp.o] Error 1
[0.859s] gmake[1]: *** [CMakeFiles/Makefile2:243: CMakeFiles/boids__rosidl_typesupport_fastrtps_c.dir/all] Error 2
[0.859s] gmake: *** [Makefile:146: all] Error 2
[0.860s] Invoked command in '/home/fourdds/ros2_ws/build/boids' returned '2': CMAKE_PREFIX_PATH=/home/fourdds/ros2_ws/install/px4_msgs:/home/fourdds/ros2_ws/install/px4_ros_com:/home/fourdds/ros2_ws/install/boids:/opt/ros/humble LD_LIBRARY_PATH=/home/fourdds/ros2_ws/install/px4_msgs/lib:/home/fourdds/ros2_ws/install/px4_ros_com/lib:/home/fourdds/ros2_ws/install/boids/lib:/usr/lib/x86_64-linux-gnu/gazebo-11/plugins:/opt/ros/humble/opt/rviz_ogre_vendor/lib:/opt/ros/humble/lib/x86_64-linux-gnu:/opt/ros/humble/lib /usr/bin/cmake --build /home/fourdds/ros2_ws/build/boids -- -j24 -l24
