[01m[K/home/fourdds/ros2_ws/src/boids/src/uav_node.cpp:[m[K In member function â€˜[01m[Kvoid Swarm::UavNode::cameraSubscriptionCallback(sensor_msgs::msg::Image_<std::allocator<void> >::ConstSharedPtr)[m[Kâ€™:
[01m[K/home/fourdds/ros2_ws/src/boids/src/uav_node.cpp:312:23:[m[K [01;31m[Kerror: [m[Kvariable â€˜[01m[Kstd::ofstream file[m[Kâ€™ has initializer but incomplete type
  312 |     std::ofstream file[01;31m[K([m[K"/home/fourdds/.swarm/img.raw", std::ios::trunc | std::ios::binary);
      |                       [01;31m[K^[m[K
gmake[2]: *** [CMakeFiles/swarm_spawner.dir/build.make:76: CMakeFiles/swarm_spawner.dir/src/uav_node.cpp.o] Error 1
gmake[1]: *** [CMakeFiles/Makefile2:620: CMakeFiles/swarm_spawner.dir/all] Error 2
gmake: *** [Makefile:146: all] Error 2
