[0.007s] Invoking command in '/home/fourdds/ros2_ws/build/boids': CMAKE_PREFIX_PATH=/home/fourdds/ros2_ws/install/px4_msgs:/home/fourdds/ros2_ws/install/obstacle_avoidance:/home/fourdds/ros2_ws/install/uuv_boids:/home/fourdds/ros2_ws/install/stigmergy:/home/fourdds/ros2_ws/install/px4_ros_com:/home/fourdds/ros2_ws/install/iris-logger:/home/fourdds/ros2_ws/install/boids:/home/fourdds/ros2_ws/install/logging:/home/fourdds/ros2_ws/install/parameters:/opt/ros/humble LD_LIBRARY_PATH=/home/fourdds/ros2_ws/install/px4_msgs/lib:/home/fourdds/ros2_ws/install/obstacle_avoidance/lib:/home/fourdds/ros2_ws/install/uuv_boids/lib:/home/fourdds/ros2_ws/install/stigmergy/lib:/home/fourdds/ros2_ws/install/px4_ros_com/lib:/home/fourdds/ros2_ws/install/boids/lib:/home/fourdds/ros2_ws/install/parameters/lib:/usr/lib/x86_64-linux-gnu/gazebo-11/plugins:/opt/ros/humble/opt/rviz_ogre_vendor/lib:/opt/ros/humble/lib/x86_64-linux-gnu:/opt/ros/humble/lib /usr/bin/cmake --build /home/fourdds/ros2_ws/build/boids -- -j24 -l24
[0.020s] -- Found ament_cmake: 1.3.8 (/opt/ros/humble/share/ament_cmake/cmake)
[0.085s] -- Found builtin_interfaces: 1.2.1 (/opt/ros/humble/share/builtin_interfaces/cmake)
[0.100s] -- Found rosidl_generator_c: 3.1.5 (/opt/ros/humble/share/rosidl_generator_c/cmake)
[0.101s] -- Found rosidl_adapter: 3.1.5 (/opt/ros/humble/share/rosidl_adapter/cmake)
[0.105s] -- Found rosidl_generator_cpp: 3.1.5 (/opt/ros/humble/share/rosidl_generator_cpp/cmake)
[0.111s] -- Using all available rosidl_typesupport_c: rosidl_typesupport_fastrtps_c;rosidl_typesupport_introspection_c
[0.120s] -- Using all available rosidl_typesupport_cpp: rosidl_typesupport_fastrtps_cpp;rosidl_typesupport_introspection_cpp
[0.127s] -- Found eigen3_cmake_module: 0.1.1 (/opt/ros/humble/share/eigen3_cmake_module/cmake)
[0.128s] -- Found geometry_msgs: 4.2.3 (/opt/ros/humble/share/geometry_msgs/cmake)
[0.180s] -- Found px4_msgs: 2.0.1 (/home/fourdds/ros2_ws/install/px4_msgs/share/px4_msgs/cmake)
[0.196s] -- Found rclcpp: 16.0.8 (/opt/ros/humble/share/rclcpp/cmake)
[0.220s] -- Found rmw_implementation_cmake: 6.1.1 (/opt/ros/humble/share/rmw_implementation_cmake/cmake)
[0.221s] -- Found rmw_fastrtps_cpp: 6.2.6 (/opt/ros/humble/share/rmw_fastrtps_cpp/cmake)
[0.279s] -- Using RMW implementation 'rmw_fastrtps_cpp' as default
[0.348s] -- Found sensor_msgs: 4.2.3 (/opt/ros/humble/share/sensor_msgs/cmake)
[0.391s] -- Found rclpy: 3.3.12 (/opt/ros/humble/share/rclpy/cmake)
[0.391s] -- Found boids: 0.0.0 (/home/fourdds/ros2_ws/install/boids/share/boids/cmake)
[0.417s] -- Found cv_bridge: 3.2.1 (/opt/ros/humble/share/cv_bridge/cmake)
[0.424s] -- Found image_transport: 3.1.8 (/opt/ros/humble/share/image_transport/cmake)
[0.444s] -- Found obstacle_avoidance: 0.0.0 (/home/fourdds/ros2_ws/install/obstacle_avoidance/share/obstacle_avoidance/cmake)
[0.445s] -- Found rosidl_default_generators: 1.2.0 (/opt/ros/humble/share/rosidl_default_generators/cmake)
[0.590s] -- Found ament_cmake_ros: 0.10.0 (/opt/ros/humble/share/ament_cmake_ros/cmake)
[0.752s] -- Using all available rosidl_typesupport_c: rosidl_typesupport_fastrtps_c;rosidl_typesupport_introspection_c
[0.814s] -- Using all available rosidl_typesupport_cpp: rosidl_typesupport_fastrtps_cpp;rosidl_typesupport_introspection_cpp
[0.827s] -- Found python_cmake_module: 0.10.0 (/opt/ros/humble/share/python_cmake_module/cmake)
[0.840s] -- Using PYTHON_EXECUTABLE: /usr/bin/python3
[0.840s] -- Using PYTHON_INCLUDE_DIRS: /usr/include/python3.10
[0.841s] -- Using PYTHON_LIBRARIES: /usr/lib/x86_64-linux-gnu/libpython3.10.so
[0.853s] -- Found ament_lint_auto: 0.12.10 (/opt/ros/humble/share/ament_lint_auto/cmake)
[0.864s] -- Added test 'copyright' to check source files copyright and LICENSE
[0.865s] -- Added test 'cppcheck' to perform static code analysis on C / C++ code
[0.866s] -- Configured cppcheck include dirs: /home/fourdds/ros2_ws/src/boids/include;$<BUILD_INTERFACE:/home/fourdds/ros2_ws/src/boids/include/boids>
[0.866s] -- Configured cppcheck exclude dirs and/or files: 
[0.866s] -- Added test 'cpplint' to check C / C++ code against the Google style
[0.867s] -- Configured cpplint exclude dirs and/or files: 
[0.867s] -- Added test 'flake8' to check Python code syntax and style conventions
[0.867s] -- Added test 'lint_cmake' to check CMake code style
[0.867s] -- Added test 'pep257' to check Python code against some of the docstring style conventions in PEP 257
[0.868s] -- Added test 'uncrustify' to check C / C++ code style
[0.868s] -- Configured uncrustify additional arguments: 
[0.868s] -- Added test 'xmllint' to check XML markup files
[0.870s] -- Configuring done
[0.906s] -- Generating done
[0.907s] -- Build files have been written to: /home/fourdds/ros2_ws/build/boids
[0.922s] [35m[1mConsolidate compiler generated dependencies of target boids__rosidl_generator_c[0m
[0.922s] [35m[1mConsolidate compiler generated dependencies of target frame_transforms[0m
[0.925s] [35m[1mConsolidate compiler generated dependencies of target swarm_spawner[0m
[0.926s] [  2%] Built target boids__cpp
[0.927s] [ 10%] Built target boids__rosidl_generator_c
[0.930s] [ 15%] Built target frame_transforms
[0.932s] [35m[1mConsolidate compiler generated dependencies of target boids__rosidl_typesupport_fastrtps_cpp[0m
[0.932s] [35m[1mConsolidate compiler generated dependencies of target boids__rosidl_typesupport_introspection_c[0m
[0.932s] [35m[1mConsolidate compiler generated dependencies of target boids__rosidl_typesupport_introspection_cpp[0m
[0.932s] [35m[1mConsolidate compiler generated dependencies of target boids__rosidl_typesupport_cpp[0m
[0.932s] [35m[1mConsolidate compiler generated dependencies of target boids__rosidl_typesupport_fastrtps_c[0m
[0.933s] [35m[1mConsolidate compiler generated dependencies of target boids__rosidl_typesupport_c[0m
[0.938s] [ 15%] Built target ament_cmake_python_copy_boids
[0.938s] [ 23%] Built target boids__rosidl_typesupport_fastrtps_cpp
[0.938s] [ 26%] [32mBuilding CXX object CMakeFiles/swarm_spawner.dir/src/base_station.cpp.o[0m
[0.939s] [ 34%] Built target boids__rosidl_typesupport_introspection_c
[0.939s] [ 41%] [32mBuilding CXX object CMakeFiles/swarm_spawner.dir/src/uav_node.cpp.o[0m
[0.939s] [ 45%] Built target boids__rosidl_typesupport_c
[0.939s] [ 54%] Built target boids__rosidl_typesupport_fastrtps_c
[0.939s] [ 56%] [32mBuilding CXX object CMakeFiles/swarm_spawner.dir/src/main.cpp.o[0m
[0.940s] [ 58%] [32mBuilding CXX object CMakeFiles/swarm_spawner.dir/src/yaml.cpp.o[0m
[0.940s] [ 67%] Built target boids__rosidl_typesupport_introspection_cpp
[0.940s] [ 76%] Built target boids__rosidl_typesupport_cpp
[0.950s] [ 76%] Built target boids
[0.961s] [ 78%] Built target boids__py
[0.967s] [35m[1mConsolidate compiler generated dependencies of target boids__rosidl_generator_py[0m
[0.973s] [ 84%] Built target boids__rosidl_generator_py
[0.979s] [35m[1mConsolidate compiler generated dependencies of target boids__rosidl_typesupport_fastrtps_c__pyext[0m
[0.979s] [35m[1mConsolidate compiler generated dependencies of target boids__rosidl_typesupport_introspection_c__pyext[0m
[0.980s] [35m[1mConsolidate compiler generated dependencies of target boids__rosidl_typesupport_c__pyext[0m
[0.987s] [ 89%] Built target boids__rosidl_typesupport_introspection_c__pyext
[0.989s] [ 93%] Built target boids__rosidl_typesupport_fastrtps_c__pyext
[0.989s] [ 97%] Built target boids__rosidl_typesupport_c__pyext
[1.049s] running egg_info
[1.057s] writing boids.egg-info/PKG-INFO
[1.057s] writing dependency_links to boids.egg-info/dependency_links.txt
[1.057s] writing top-level names to boids.egg-info/top_level.txt
[1.080s] reading manifest file 'boids.egg-info/SOURCES.txt'
[1.080s] writing manifest file 'boids.egg-info/SOURCES.txt'
[1.090s] In file included from [01m[K/home/fourdds/ros2_ws/src/boids/src/uav_node.hpp:15[m[K,
[1.090s]                  from [01m[K/home/fourdds/ros2_ws/src/boids/src/uav_node.cpp:1[m[K:
[1.090s] [01m[K/home/fourdds/ros2_ws/install/obstacle_avoidance/include/obstacle_avoidance/ObstacleAvoidance.hpp:3:10:[m[K [01;31m[Kfatal error: [m[Kparameters/Parameters.hpp: No such file or directory
[1.090s]     3 | #include [01;31m[K"parameters/Parameters.hpp"[m[K
[1.090s]       |          [01;31m[K^~~~~~~~~~~~~~~~~~~~~~~~~~~[m[K
[1.090s] compilation terminated.
[1.091s] gmake[2]: *** [CMakeFiles/swarm_spawner.dir/build.make:76: CMakeFiles/swarm_spawner.dir/src/uav_node.cpp.o] Error 1
[1.091s] gmake[2]: *** Waiting for unfinished jobs....
[1.094s] In file included from [01m[K/home/fourdds/ros2_ws/src/boids/src/uav_node.hpp:15[m[K,
[1.094s]                  from [01m[K/home/fourdds/ros2_ws/src/boids/src/main.cpp:1[m[K:
[1.094s] [01m[K/home/fourdds/ros2_ws/install/obstacle_avoidance/include/obstacle_avoidance/ObstacleAvoidance.hpp:3:10:[m[K [01;31m[Kfatal error: [m[Kparameters/Parameters.hpp: No such file or directory
[1.094s]     3 | #include [01;31m[K"parameters/Parameters.hpp"[m[K
[1.094s]       |          [01;31m[K^~~~~~~~~~~~~~~~~~~~~~~~~~~[m[K
[1.094s] compilation terminated.
[1.095s] gmake[2]: *** [CMakeFiles/swarm_spawner.dir/build.make:104: CMakeFiles/swarm_spawner.dir/src/main.cpp.o] Error 1
[1.096s] [ 97%] Built target ament_cmake_python_build_boids_egg
[6.229s] gmake[1]: *** [CMakeFiles/Makefile2:620: CMakeFiles/swarm_spawner.dir/all] Error 2
[6.229s] gmake: *** [Makefile:146: all] Error 2
[6.230s] Invoked command in '/home/fourdds/ros2_ws/build/boids' returned '2': CMAKE_PREFIX_PATH=/home/fourdds/ros2_ws/install/px4_msgs:/home/fourdds/ros2_ws/install/obstacle_avoidance:/home/fourdds/ros2_ws/install/uuv_boids:/home/fourdds/ros2_ws/install/stigmergy:/home/fourdds/ros2_ws/install/px4_ros_com:/home/fourdds/ros2_ws/install/iris-logger:/home/fourdds/ros2_ws/install/boids:/home/fourdds/ros2_ws/install/logging:/home/fourdds/ros2_ws/install/parameters:/opt/ros/humble LD_LIBRARY_PATH=/home/fourdds/ros2_ws/install/px4_msgs/lib:/home/fourdds/ros2_ws/install/obstacle_avoidance/lib:/home/fourdds/ros2_ws/install/uuv_boids/lib:/home/fourdds/ros2_ws/install/stigmergy/lib:/home/fourdds/ros2_ws/install/px4_ros_com/lib:/home/fourdds/ros2_ws/install/boids/lib:/home/fourdds/ros2_ws/install/parameters/lib:/usr/lib/x86_64-linux-gnu/gazebo-11/plugins:/opt/ros/humble/opt/rviz_ogre_vendor/lib:/opt/ros/humble/lib/x86_64-linux-gnu:/opt/ros/humble/lib /usr/bin/cmake --build /home/fourdds/ros2_ws/build/boids -- -j24 -l24
