[0.006s] Invoking command in '/home/fourdds/ros2_ws/build/boids': CMAKE_PREFIX_PATH=/home/fourdds/ros2_ws/install/px4_msgs:/home/fourdds/ros2_ws/install/px4_ros_com:/home/fourdds/ros2_ws/install/boids:/opt/ros/humble LD_LIBRARY_PATH=/home/fourdds/ros2_ws/install/px4_msgs/lib:/home/fourdds/ros2_ws/install/px4_ros_com/lib:/home/fourdds/ros2_ws/install/boids/lib:/usr/lib/x86_64-linux-gnu/gazebo-11/plugins:/opt/ros/humble/opt/rviz_ogre_vendor/lib:/opt/ros/humble/lib/x86_64-linux-gnu:/opt/ros/humble/lib /usr/bin/cmake --build /home/fourdds/ros2_ws/build/boids -- -j24 -l24
[0.027s] [35m[1mConsolidate compiler generated dependencies of target frame_transforms[0m
[0.036s] [ 40%] Built target frame_transforms
[0.037s] [ 60%] [32mBuilding CXX object CMakeFiles/uavs_spawner.dir/src/uav_node.cpp.o[0m
[0.037s] [ 80%] [32mBuilding CXX object CMakeFiles/uavs_spawner.dir/src/main.cpp.o[0m
[1.892s] In file included from [01m[K/home/fourdds/ros2_ws/src/boids/src/main.cpp:1[m[K:
[1.892s] [01m[K/home/fourdds/ros2_ws/src/boids/src/uav_node.hpp:[m[K In constructor â€˜[01m[Kuav_node::uav_node(uint8_t)[m[Kâ€™:
[1.892s] [01m[K/home/fourdds/ros2_ws/src/boids/src/uav_node.hpp:109:91:[m[K [01;31m[Kerror: [m[Kno matching function for call to â€˜[01m[Kstd::counting_semaphore<1>::counting_semaphore()[m[Kâ€™
[1.892s]   109 |     explicit uav_node(const uint8_t vehicle_id) : Node("uav_node"), vehicle_id_(vehicle_id[01;31m[K)[m[K
[1.892s]       |                                                                                           [01;31m[K^[m[K
[1.892s] In file included from [01m[K/usr/include/c++/11/stop_token:37[m[K,
[1.892s]                  from [01m[K/usr/include/c++/11/condition_variable:47[m[K,
[1.892s]                  from [01m[K/usr/include/c++/11/future:39[m[K,
[1.892s]                  from [01m[K/opt/ros/humble/include/rclcpp/rclcpp/executors.hpp:18[m[K,
[1.892s]                  from [01m[K/opt/ros/humble/include/rclcpp/rclcpp/rclcpp.hpp:155[m[K,
[1.892s]                  from [01m[K/home/fourdds/ros2_ws/src/boids/src/uav_node.hpp:3[m[K,
[1.892s]                  from [01m[K/home/fourdds/ros2_ws/src/boids/src/main.cpp:1[m[K:
[1.892s] [01m[K/usr/include/c++/11/semaphore:53:16:[m[K [01;36m[Knote: [m[Kcandidate: â€˜[01m[Kstd::counting_semaphore<__least_max_value>::counting_semaphore(std::ptrdiff_t) [with long int __least_max_value = 1; std::ptrdiff_t = long int][m[Kâ€™
[1.892s]    53 |       explicit [01;36m[Kcounting_semaphore[m[K(ptrdiff_t __desired) noexcept
[1.892s]       |                [01;36m[K^~~~~~~~~~~~~~~~~~[m[K
[1.892s] [01m[K/usr/include/c++/11/semaphore:53:16:[m[K [01;36m[Knote: [m[K  candidate expects 1 argument, 0 provided
[1.902s] In file included from [01m[K/home/fourdds/ros2_ws/src/boids/src/uav_node.cpp:1[m[K:
[1.903s] [01m[K/home/fourdds/ros2_ws/src/boids/src/uav_node.hpp:[m[K In constructor â€˜[01m[Kuav_node::uav_node(uint8_t)[m[Kâ€™:
[1.903s] [01m[K/home/fourdds/ros2_ws/src/boids/src/uav_node.hpp:109:91:[m[K [01;31m[Kerror: [m[Kno matching function for call to â€˜[01m[Kstd::counting_semaphore<1>::counting_semaphore()[m[Kâ€™
[1.903s]   109 |     explicit uav_node(const uint8_t vehicle_id) : Node("uav_node"), vehicle_id_(vehicle_id[01;31m[K)[m[K
[1.903s]       |                                                                                           [01;31m[K^[m[K
[1.903s] In file included from [01m[K/usr/include/c++/11/stop_token:37[m[K,
[1.903s]                  from [01m[K/usr/include/c++/11/condition_variable:47[m[K,
[1.903s]                  from [01m[K/usr/include/c++/11/future:39[m[K,
[1.903s]                  from [01m[K/opt/ros/humble/include/rclcpp/rclcpp/executors.hpp:18[m[K,
[1.903s]                  from [01m[K/opt/ros/humble/include/rclcpp/rclcpp/rclcpp.hpp:155[m[K,
[1.903s]                  from [01m[K/home/fourdds/ros2_ws/src/boids/src/uav_node.hpp:3[m[K,
[1.903s]                  from [01m[K/home/fourdds/ros2_ws/src/boids/src/uav_node.cpp:1[m[K:
[1.903s] [01m[K/usr/include/c++/11/semaphore:53:16:[m[K [01;36m[Knote: [m[Kcandidate: â€˜[01m[Kstd::counting_semaphore<__least_max_value>::counting_semaphore(std::ptrdiff_t) [with long int __least_max_value = 1; std::ptrdiff_t = long int][m[Kâ€™
[1.903s]    53 |       explicit [01;36m[Kcounting_semaphore[m[K(ptrdiff_t __desired) noexcept
[1.903s]       |                [01;36m[K^~~~~~~~~~~~~~~~~~[m[K
[1.903s] [01m[K/usr/include/c++/11/semaphore:53:16:[m[K [01;36m[Knote: [m[K  candidate expects 1 argument, 0 provided
[2.004s] [01m[K/home/fourdds/ros2_ws/src/boids/src/uav_node.cpp:[m[K In member function â€˜[01m[Kvoid uav_node::startup_logic()[m[Kâ€™:
[2.005s] [01m[K/home/fourdds/ros2_ws/src/boids/src/uav_node.cpp:56:12:[m[K [01;35m[Kwarning: [m[Kenumeration value â€˜[01m[Kready[m[Kâ€™ not handled in switch [[01;35m[K]8;;https://gcc.gnu.org/onlinedocs/gcc/Warning-Options.html#index-Wswitch-Wswitch]8;;[m[K]
[2.005s]    56 |     switch [01;35m[K([m[Kvehicle_state_)
[2.005s]       |            [01;35m[K^[m[K
[2.014s] [01m[K/home/fourdds/ros2_ws/src/boids/src/uav_node.cpp:[m[K In member function â€˜[01m[Kvoid uav_node::request_command_response_callback(std::shared_future<std::shared_ptr<px4_msgs::srv::VehicleCommand_Response_<std::allocator<void> > > >)[m[Kâ€™:
[2.014s] [01m[K/home/fourdds/ros2_ws/src/boids/src/uav_node.cpp:247:36:[m[K [01;35m[Kwarning: [m[Ksuggest parentheses around assignment used as truth value [[01;35m[K]8;;https://gcc.gnu.org/onlinedocs/gcc/Warning-Options.html#index-Wparentheses-Wparentheses]8;;[m[K]
[2.014s]   247 |                 if ([01;35m[Kvehicle_state_ = state::takeoff_requested[m[K)
[2.014s]       |                     [01;35m[K~~~~~~~~~~~~~~~^~~~~~~~~~~~~~~~~~~~~~~~~~[m[K
[2.246s] gmake[2]: *** [CMakeFiles/uavs_spawner.dir/build.make:90: CMakeFiles/uavs_spawner.dir/src/main.cpp.o] Error 1
[2.246s] gmake[2]: *** Waiting for unfinished jobs....
[4.356s] gmake[2]: *** [CMakeFiles/uavs_spawner.dir/build.make:76: CMakeFiles/uavs_spawner.dir/src/uav_node.cpp.o] Error 1
[4.356s] gmake[1]: *** [CMakeFiles/Makefile2:165: CMakeFiles/uavs_spawner.dir/all] Error 2
[4.356s] gmake: *** [Makefile:146: all] Error 2
[4.358s] Invoked command in '/home/fourdds/ros2_ws/build/boids' returned '2': CMAKE_PREFIX_PATH=/home/fourdds/ros2_ws/install/px4_msgs:/home/fourdds/ros2_ws/install/px4_ros_com:/home/fourdds/ros2_ws/install/boids:/opt/ros/humble LD_LIBRARY_PATH=/home/fourdds/ros2_ws/install/px4_msgs/lib:/home/fourdds/ros2_ws/install/px4_ros_com/lib:/home/fourdds/ros2_ws/install/boids/lib:/usr/lib/x86_64-linux-gnu/gazebo-11/plugins:/opt/ros/humble/opt/rviz_ogre_vendor/lib:/opt/ros/humble/lib/x86_64-linux-gnu:/opt/ros/humble/lib /usr/bin/cmake --build /home/fourdds/ros2_ws/build/boids -- -j24 -l24
