[0.007s] Invoking command in '/home/fourdds/ros2_ws/build/stigmergy': CMAKE_PREFIX_PATH=${CMAKE_PREFIX_PATH}:/home/fourdds/ws/install/opencv_tests:/home/fourdds/ros2_ws/install/analysis:/opt/ros/humble /usr/bin/cmake /home/fourdds/ros2_ws/src/stigmergy -DCMAKE_INSTALL_PREFIX=/home/fourdds/ros2_ws/install/stigmergy
[0.015s] -- Found ament_cmake: 1.3.10 (/opt/ros/humble/share/ament_cmake/cmake)
[0.088s] -- Found rclcpp: 16.0.10 (/opt/ros/humble/share/rclcpp/cmake)
[0.103s] -- Found rosidl_generator_c: 3.1.5 (/opt/ros/humble/share/rosidl_generator_c/cmake)
[0.106s] -- Found rosidl_adapter: 3.1.5 (/opt/ros/humble/share/rosidl_adapter/cmake)
[0.107s] -- Found rosidl_generator_cpp: 3.1.5 (/opt/ros/humble/share/rosidl_generator_cpp/cmake)
[0.112s] -- Using all available rosidl_typesupport_c: rosidl_typesupport_fastrtps_c;rosidl_typesupport_introspection_c
[0.119s] -- Using all available rosidl_typesupport_cpp: rosidl_typesupport_fastrtps_cpp;rosidl_typesupport_introspection_cpp
[0.135s] -- Found rmw_implementation_cmake: 6.1.2 (/opt/ros/humble/share/rmw_implementation_cmake/cmake)
[0.136s] -- Found rmw_fastrtps_cpp: 6.2.7 (/opt/ros/humble/share/rmw_fastrtps_cpp/cmake)
[0.183s] -- Using RMW implementation 'rmw_fastrtps_cpp' as default
[0.211s] -- Found eigen3_cmake_module: 0.1.1 (/opt/ros/humble/share/eigen3_cmake_module/cmake)
[0.212s] -- Found rosidl_default_generators: 1.2.0 (/opt/ros/humble/share/rosidl_default_generators/cmake)
[0.356s] -- Found ament_cmake_ros: 0.10.0 (/opt/ros/humble/share/ament_cmake_ros/cmake)
[0.525s] -- Using all available rosidl_typesupport_c: rosidl_typesupport_fastrtps_c;rosidl_typesupport_introspection_c
[0.604s] -- Using all available rosidl_typesupport_cpp: rosidl_typesupport_fastrtps_cpp;rosidl_typesupport_introspection_cpp
[0.618s] -- Found python_cmake_module: 0.10.0 (/opt/ros/humble/share/python_cmake_module/cmake)
[0.633s] -- Using PYTHON_EXECUTABLE: /usr/bin/python3
[0.633s] -- Using PYTHON_INCLUDE_DIRS: /usr/include/python3.10
[0.633s] -- Using PYTHON_LIBRARIES: /usr/lib/x86_64-linux-gnu/libpython3.10.so
[0.644s] -- Found ament_lint_auto: 0.12.11 (/opt/ros/humble/share/ament_lint_auto/cmake)
[0.665s] -- Added test 'cppcheck' to perform static code analysis on C / C++ code
[0.665s] -- Configured cppcheck include dirs: 
[0.665s] -- Configured cppcheck exclude dirs and/or files: 
[0.666s] -- Added test 'lint_cmake' to check CMake code style
[0.668s] -- Added test 'uncrustify' to check C / C++ code style
[0.668s] -- Configured uncrustify additional arguments: 
[0.668s] -- Added test 'xmllint' to check XML markup files
[0.670s] -- Configuring done
[0.692s] -- Generating done
[0.694s] -- Build files have been written to: /home/fourdds/ros2_ws/build/stigmergy
[0.699s] Invoked command in '/home/fourdds/ros2_ws/build/stigmergy' returned '0': CMAKE_PREFIX_PATH=${CMAKE_PREFIX_PATH}:/home/fourdds/ws/install/opencv_tests:/home/fourdds/ros2_ws/install/analysis:/opt/ros/humble /usr/bin/cmake /home/fourdds/ros2_ws/src/stigmergy -DCMAKE_INSTALL_PREFIX=/home/fourdds/ros2_ws/install/stigmergy
[0.700s] Invoking command in '/home/fourdds/ros2_ws/build/stigmergy': CMAKE_PREFIX_PATH=${CMAKE_PREFIX_PATH}:/home/fourdds/ws/install/opencv_tests:/home/fourdds/ros2_ws/install/analysis:/opt/ros/humble /usr/bin/cmake --build /home/fourdds/ros2_ws/build/stigmergy -- -j24 -l24
[0.723s] [  2%] [34m[1mGenerating C code for ROS interfaces[0m
[0.728s] [  5%] [32mBuilding CXX object CMakeFiles/stigmergy_map.dir/src/StigmergyMap.cpp.o[0m
[0.728s] [ 11%] [32mBuilding CXX object CMakeFiles/stigmergy_map.dir/src/yaml.cpp.o[0m
[0.728s] [ 11%] [34m[1mGenerating C++ code for ROS interfaces[0m
[0.728s] [ 14%] [32mBuilding CXX object CMakeFiles/stigmergy_map.dir/src/main.cpp.o[0m
[0.732s] [ 14%] Built target ament_cmake_python_copy_stigmergy
[0.844s] running egg_info
[0.844s] creating stigmergy.egg-info
[0.851s] writing stigmergy.egg-info/PKG-INFO
[0.852s] writing dependency_links to stigmergy.egg-info/dependency_links.txt
[0.852s] writing top-level names to stigmergy.egg-info/top_level.txt
[0.852s] writing manifest file 'stigmergy.egg-info/SOURCES.txt'
[0.864s] [ 14%] Built target stigmergy__cpp
[0.869s] [ 22%] [34m[1mGenerating C++ type support for eProsima Fast-RTPS[0m
[0.870s] [ 22%] [34m[1mGenerating C++ introspection for ROS interfaces[0m
[0.870s] [ 22%] [34m[1mGenerating C++ type support dispatch for ROS interfaces[0m
[0.872s] [ 25%] [32mBuilding C object CMakeFiles/stigmergy__rosidl_generator_c.dir/rosidl_generator_c/stigmergy/msg/detail/pheromone_gradient__functions.c.o[0m
[0.875s] reading manifest file 'stigmergy.egg-info/SOURCES.txt'
[0.875s] writing manifest file 'stigmergy.egg-info/SOURCES.txt'
[0.897s] [ 25%] Built target ament_cmake_python_build_stigmergy_egg
[0.931s] [ 28%] [32m[1mLinking C shared library libstigmergy__rosidl_generator_c.so[0m
[0.958s] [ 28%] Built target stigmergy__rosidl_generator_c
[0.963s] [ 34%] [34m[1mGenerating C type support for eProsima Fast-RTPS[0m
[0.963s] [ 34%] [34m[1mGenerating C type support dispatch for ROS interfaces[0m
[0.963s] [ 37%] [34m[1mGenerating C introspection for ROS interfaces[0m
[0.999s] [ 40%] [32mBuilding CXX object CMakeFiles/stigmergy__rosidl_typesupport_cpp.dir/rosidl_typesupport_cpp/stigmergy/msg/pheromone_gradient__type_support.cpp.o[0m
[1.011s] [ 42%] [32mBuilding CXX object CMakeFiles/stigmergy__rosidl_typesupport_introspection_cpp.dir/rosidl_typesupport_introspection_cpp/stigmergy/msg/detail/pheromone_gradient__type_support.cpp.o[0m
[1.020s] [ 45%] [32mBuilding CXX object CMakeFiles/stigmergy__rosidl_typesupport_fastrtps_cpp.dir/rosidl_typesupport_fastrtps_cpp/stigmergy/msg/detail/dds_fastrtps/pheromone_gradient__type_support.cpp.o[0m
[1.033s] In file included from [01m[K/home/fourdds/ros2_ws/src/stigmergy/src/main.cpp:1[m[K:
[1.033s] [01m[K/home/fourdds/ros2_ws/src/stigmergy/src/StigmergyMap.hpp:5:10:[m[K [01;31m[Kfatal error: [m[Kboids/msg/geo_ping.hpp: No such file or directory
[1.033s]     5 | #include [01;31m[K<boids/msg/geo_ping.hpp>[m[K
[1.033s]       |          [01;31m[K^~~~~~~~~~~~~~~~~~~~~~~~[m[K
[1.033s] compilation terminated.
[1.033s] In file included from [01m[K/home/fourdds/ros2_ws/src/stigmergy/src/StigmergyMap.cpp:1[m[K:
[1.033s] [01m[K/home/fourdds/ros2_ws/src/stigmergy/src/StigmergyMap.hpp:5:10:[m[K [01;31m[Kfatal error: [m[Kboids/msg/geo_ping.hpp: No such file or directory
[1.033s]     5 | #include [01;31m[K<boids/msg/geo_ping.hpp>[m[K
[1.033s]       |          [01;31m[K^~~~~~~~~~~~~~~~~~~~~~~~[m[K
[1.033s] compilation terminated.
[1.034s] gmake[2]: *** [CMakeFiles/stigmergy_map.dir/build.make:104: CMakeFiles/stigmergy_map.dir/src/main.cpp.o] Error 1
[1.034s] gmake[2]: *** Waiting for unfinished jobs....
[1.035s] gmake[2]: *** [CMakeFiles/stigmergy_map.dir/build.make:76: CMakeFiles/stigmergy_map.dir/src/StigmergyMap.cpp.o] Error 1
[1.097s] [ 48%] [32mBuilding CXX object CMakeFiles/stigmergy__rosidl_typesupport_c.dir/rosidl_typesupport_c/stigmergy/msg/pheromone_gradient__type_support.cpp.o[0m
[1.107s] [ 51%] [32mBuilding C object CMakeFiles/stigmergy__rosidl_typesupport_introspection_c.dir/rosidl_typesupport_introspection_c/stigmergy/msg/detail/pheromone_gradient__type_support.c.o[0m
[1.114s] [ 54%] [32mBuilding CXX object CMakeFiles/stigmergy__rosidl_typesupport_fastrtps_c.dir/rosidl_typesupport_fastrtps_c/stigmergy/msg/detail/pheromone_gradient__type_support_c.cpp.o[0m
[1.119s] [ 57%] [32m[1mLinking CXX shared library libstigmergy__rosidl_typesupport_c.so[0m
[1.125s] [ 60%] [32m[1mLinking C shared library libstigmergy__rosidl_typesupport_introspection_c.so[0m
[1.142s] [ 60%] Built target stigmergy__rosidl_typesupport_introspection_c
[1.143s] [ 60%] Built target stigmergy__rosidl_typesupport_c
[1.151s] [ 62%] [32m[1mLinking CXX shared library libstigmergy__rosidl_typesupport_cpp.so[0m
[1.173s] [ 62%] Built target stigmergy__rosidl_typesupport_cpp
[1.209s] [ 65%] [32m[1mLinking CXX shared library libstigmergy__rosidl_typesupport_introspection_cpp.so[0m
[1.231s] [ 65%] Built target stigmergy__rosidl_typesupport_introspection_cpp
[1.235s] [ 68%] [32m[1mLinking CXX shared library libstigmergy__rosidl_typesupport_fastrtps_cpp.so[0m
[1.273s] [ 68%] Built target stigmergy__rosidl_typesupport_fastrtps_cpp
[1.286s] [ 71%] [32m[1mLinking CXX shared library libstigmergy__rosidl_typesupport_fastrtps_c.so[0m
[1.326s] [ 71%] Built target stigmergy__rosidl_typesupport_fastrtps_c
[1.336s] [ 71%] Built target stigmergy
[1.346s] [ 74%] [34m[1mGenerating Python code for ROS interfaces[0m
[1.509s] [ 74%] Built target stigmergy__py
[1.519s] [ 77%] [32mBuilding C object CMakeFiles/stigmergy__rosidl_generator_py.dir/rosidl_generator_py/stigmergy/msg/_pheromone_gradient_s.c.o[0m
[1.584s] [ 80%] [32m[1mLinking C shared library rosidl_generator_py/stigmergy/libstigmergy__rosidl_generator_py.so[0m
[1.605s] [ 80%] Built target stigmergy__rosidl_generator_py
[1.617s] [ 85%] [32mBuilding C object CMakeFiles/stigmergy__rosidl_typesupport_c__pyext.dir/rosidl_generator_py/stigmergy/_stigmergy_s.ep.rosidl_typesupport_c.c.o[0m
[1.618s] [ 85%] [32mBuilding C object CMakeFiles/stigmergy__rosidl_typesupport_introspection_c__pyext.dir/rosidl_generator_py/stigmergy/_stigmergy_s.ep.rosidl_typesupport_introspection_c.c.o[0m
[1.618s] [ 88%] [32mBuilding C object CMakeFiles/stigmergy__rosidl_typesupport_fastrtps_c__pyext.dir/rosidl_generator_py/stigmergy/_stigmergy_s.ep.rosidl_typesupport_fastrtps_c.c.o[0m
[1.663s] [ 94%] [32m[1mLinking C shared library rosidl_generator_py/stigmergy/stigmergy_s__rosidl_typesupport_c.cpython-310-x86_64-linux-gnu.so[0m
[1.663s] [ 94%] [32m[1mLinking C shared library rosidl_generator_py/stigmergy/stigmergy_s__rosidl_typesupport_fastrtps_c.cpython-310-x86_64-linux-gnu.so[0m
[1.664s] [ 97%] [32m[1mLinking C shared library rosidl_generator_py/stigmergy/stigmergy_s__rosidl_typesupport_introspection_c.cpython-310-x86_64-linux-gnu.so[0m
[1.679s] [ 97%] Built target stigmergy__rosidl_typesupport_c__pyext
[1.679s] [ 97%] Built target stigmergy__rosidl_typesupport_fastrtps_c__pyext
[1.679s] [ 97%] Built target stigmergy__rosidl_typesupport_introspection_c__pyext
[1.839s] gmake[1]: *** [CMakeFiles/Makefile2:592: CMakeFiles/stigmergy_map.dir/all] Error 2
[1.839s] gmake: *** [Makefile:146: all] Error 2
[1.841s] Invoked command in '/home/fourdds/ros2_ws/build/stigmergy' returned '2': CMAKE_PREFIX_PATH=${CMAKE_PREFIX_PATH}:/home/fourdds/ws/install/opencv_tests:/home/fourdds/ros2_ws/install/analysis:/opt/ros/humble /usr/bin/cmake --build /home/fourdds/ros2_ws/build/stigmergy -- -j24 -l24
