[0.586s] Invoking command in '/home/fourdds/ros2_ws/build/fdds_messages': CMAKE_PREFIX_PATH=/opt/ros/humble /usr/bin/cmake /home/fourdds/ros2_ws/src/fdds_messages -DAMENT_CMAKE_SYMLINK_INSTALL=1 -DCMAKE_INSTALL_PREFIX=/home/fourdds/ros2_ws/install/fdds_messages
[0.692s] -- Found ament_cmake: 1.3.10 (/opt/ros/humble/share/ament_cmake/cmake)
[1.051s] -- Override CMake install command with custom implementation using symlinks instead of copying resources
[1.081s] -- Found rosidl_default_generators: 1.2.0 (/opt/ros/humble/share/rosidl_default_generators/cmake)
[1.090s] -- Using all available rosidl_typesupport_c: rosidl_typesupport_fastrtps_c;rosidl_typesupport_introspection_c
[1.097s] -- Found rosidl_adapter: 3.1.5 (/opt/ros/humble/share/rosidl_adapter/cmake)
[1.179s] -- Using all available rosidl_typesupport_cpp: rosidl_typesupport_fastrtps_cpp;rosidl_typesupport_introspection_cpp
[2.020s] -- Found ament_cmake_ros: 0.10.0 (/opt/ros/humble/share/ament_cmake_ros/cmake)
[2.420s] -- Using all available rosidl_typesupport_c: rosidl_typesupport_fastrtps_c;rosidl_typesupport_introspection_c
[2.945s] -- Using all available rosidl_typesupport_cpp: rosidl_typesupport_fastrtps_cpp;rosidl_typesupport_introspection_cpp
[2.995s] -- Found python_cmake_module: 0.10.0 (/opt/ros/humble/share/python_cmake_module/cmake)
[3.047s] -- Using PYTHON_EXECUTABLE: /usr/bin/python3
[3.048s] -- Using PYTHON_INCLUDE_DIRS: /usr/include/python3.10
[3.048s] -- Using PYTHON_LIBRARIES: /usr/lib/x86_64-linux-gnu/libpython3.10.so
[3.076s] -- Found ament_lint_auto: 0.12.11 (/opt/ros/humble/share/ament_lint_auto/cmake)
[3.115s] -- Added test 'cppcheck' to perform static code analysis on C / C++ code
[3.116s] -- Configured cppcheck include dirs: 
[3.117s] -- Configured cppcheck exclude dirs and/or files: 
[3.118s] -- Added test 'lint_cmake' to check CMake code style
[3.120s] -- Added test 'uncrustify' to check C / C++ code style
[3.120s] -- Configured uncrustify additional arguments: 
[3.120s] -- Added test 'xmllint' to check XML markup files
[3.137s] -- Configuring done
[3.295s] -- Generating done
[3.306s] -- Build files have been written to: /home/fourdds/ros2_ws/build/fdds_messages
[3.330s] Invoked command in '/home/fourdds/ros2_ws/build/fdds_messages' returned '0': CMAKE_PREFIX_PATH=/opt/ros/humble /usr/bin/cmake /home/fourdds/ros2_ws/src/fdds_messages -DAMENT_CMAKE_SYMLINK_INSTALL=1 -DCMAKE_INSTALL_PREFIX=/home/fourdds/ros2_ws/install/fdds_messages
[3.334s] Invoking command in '/home/fourdds/ros2_ws/build/fdds_messages': CMAKE_PREFIX_PATH=/opt/ros/humble /usr/bin/cmake --build /home/fourdds/ros2_ws/build/fdds_messages -- -j16 -l16
[3.411s] [35m[1mConsolidate compiler generated dependencies of target fdds_messages__rosidl_generator_c[0m
[3.421s] failed to create symbolic link '/home/fourdds/ros2_ws/build/fdds_messages/ament_cmake_python/fdds_messages/fdds_messages' because existing path cannot be removed: Is a directory
[3.423s] gmake[2]: *** [CMakeFiles/ament_cmake_python_symlink_fdds_messages.dir/build.make:70: CMakeFiles/ament_cmake_python_symlink_fdds_messages] Error 1
[3.423s] gmake[1]: *** [CMakeFiles/Makefile2:421: CMakeFiles/ament_cmake_python_symlink_fdds_messages.dir/all] Error 2
[3.423s] gmake[1]: *** Waiting for unfinished jobs....
[3.431s] [  2%] Built target fdds_messages__cpp
[3.435s] [  5%] [32m[1mLinking C shared library libfdds_messages__rosidl_generator_c.so[0m
[3.520s] [ 12%] Built target fdds_messages__rosidl_generator_c
[3.524s] gmake: *** [Makefile:146: all] Error 2
[3.529s] Invoked command in '/home/fourdds/ros2_ws/build/fdds_messages' returned '2': CMAKE_PREFIX_PATH=/opt/ros/humble /usr/bin/cmake --build /home/fourdds/ros2_ws/build/fdds_messages -- -j16 -l16
