[0.031s] Invoking command in '/home/fourdds/ws/build/gazebo_plugins': AMENT_PREFIX_PATH=/home/fourdds/ws/install/gazebo_ros:/home/fourdds/ws/install/gazebo_msgs:/home/fourdds/ws/install/gazebo_dev:/home/fourdds/ws/install/cv_bridge:${AMENT_PREFIX_PATH} CMAKE_PREFIX_PATH=/home/fourdds/ws/install/gazebo_ros:/home/fourdds/ws/install/gazebo_msgs:/home/fourdds/ws/install/gazebo_dev:/home/fourdds/ws/install/cv_bridge:/opt/ros/humble LD_LIBRARY_PATH=/home/fourdds/ws/install/gazebo_ros/lib:/home/fourdds/ws/install/gazebo_msgs/lib:/home/fourdds/ws/install/cv_bridge/lib:${LD_LIBRARY_PATH} PYTHONPATH=/home/fourdds/ws/install/gazebo_ros/local/lib/python3.10/dist-packages:/home/fourdds/ws/install/gazebo_msgs/local/lib/python3.10/dist-packages:/home/fourdds/ws/install/cv_bridge/local/lib/python3.10/dist-packages:${PYTHONPATH} /usr/bin/cmake --build /home/fourdds/ws/build/gazebo_plugins -- -j16 -l16
[0.132s] [35m[1mConsolidate compiler generated dependencies of target gazebo_ros_force[0m
[0.132s] [35m[1mConsolidate compiler generated dependencies of target gazebo_ros_joint_state_publisher[0m
[0.132s] [35m[1mConsolidate compiler generated dependencies of target gazebo_ros_diff_drive[0m
[0.134s] [35m[1mConsolidate compiler generated dependencies of target gazebo_ros_imu_sensor[0m
[0.134s] [35m[1mConsolidate compiler generated dependencies of target gazebo_ros_template[0m
[0.137s] [35m[1mConsolidate compiler generated dependencies of target gazebo_ros_hand_of_god[0m
[0.139s] [35m[1mConsolidate compiler generated dependencies of target gazebo_ros_bumper[0m
[0.143s] [35m[1mConsolidate compiler generated dependencies of target gazebo_ros_p3d[0m
[0.167s] [  1%] [32mBuilding CXX object CMakeFiles/gazebo_ros_gps_sensor.dir/src/gazebo_ros_gps_sensor.cpp.o[0m
[0.176s] [  2%] [32mBuilding CXX object CMakeFiles/gazebo_ros_ft_sensor.dir/src/gazebo_ros_ft_sensor.cpp.o[0m
[0.179s] [  3%] [32mBuilding CXX object CMakeFiles/multi_camera_plugin.dir/src/multi_camera_plugin.cpp.o[0m
[0.182s] [  4%] [32mBuilding CXX object CMakeFiles/gazebo_ros_ray_sensor.dir/src/gazebo_ros_ray_sensor.cpp.o[0m
[0.183s] [  5%] [32mBuilding CXX object CMakeFiles/gazebo_ros_harness.dir/src/gazebo_ros_harness.cpp.o[0m
[0.189s] [  6%] [32mBuilding CXX object CMakeFiles/gazebo_ros_ackermann_drive.dir/src/gazebo_ros_ackermann_drive.cpp.o[0m
[0.199s] [ 10%] Built target gazebo_ros_joint_state_publisher
[0.200s] [ 10%] [32mBuilding CXX object CMakeFiles/gazebo_ros_tricycle_drive.dir/src/gazebo_ros_tricycle_drive.cpp.o[0m
[0.201s] [ 12%] Built target gazebo_ros_force
[0.203s] [ 17%] [32mBuilding CXX object CMakeFiles/gazebo_ros_video.dir/src/gazebo_ros_video.cpp.o[0m
[0.203s] [ 17%] Built target gazebo_ros_template
[0.203s] [ 18%] Built target gazebo_ros_diff_drive
[0.209s] [ 20%] Built target gazebo_ros_imu_sensor
[0.215s] [ 25%] Built target gazebo_ros_p3d
[0.216s] [ 25%] Built target gazebo_ros_bumper
[0.218s] [ 27%] Built target gazebo_ros_hand_of_god
[0.227s] [35m[1mConsolidate compiler generated dependencies of target gazebo_ros_vacuum_gripper[0m
[0.228s] [35m[1mConsolidate compiler generated dependencies of target gazebo_ros_joint_pose_trajectory[0m
[0.229s] [35m[1mConsolidate compiler generated dependencies of target gazebo_ros_planar_move[0m
[0.231s] [35m[1mConsolidate compiler generated dependencies of target gazebo_ros_elevator[0m
[0.237s] [35m[1mConsolidate compiler generated dependencies of target gazebo_ros_projector[0m
[0.240s] [35m[1mConsolidate compiler generated dependencies of target gtest[0m
[0.241s] [35m[1mConsolidate compiler generated dependencies of target gazebo_ros_wheel_slip[0m
[0.249s] [35m[1mConsolidate compiler generated dependencies of target gtest_main[0m
[0.267s] [ 29%] [32mBuilding CXX object gtest/CMakeFiles/gtest.dir/src/gtest-all.cc.o[0m
[0.273s] [ 30%] [32mBuilding CXX object gtest/CMakeFiles/gtest_main.dir/src/gtest_main.cc.o[0m
[0.296s] [ 31%] [32mBuilding CXX object CMakeFiles/gazebo_ros_planar_move.dir/src/gazebo_ros_planar_move.cpp.o[0m
[0.297s] [ 32%] [32mBuilding CXX object CMakeFiles/gazebo_ros_elevator.dir/src/gazebo_ros_elevator.cpp.o[0m
[0.303s] [ 33%] [32mBuilding CXX object CMakeFiles/gazebo_ros_joint_pose_trajectory.dir/src/gazebo_ros_joint_pose_trajectory.cpp.o[0m
[0.304s] [ 34%] [32mBuilding CXX object CMakeFiles/gazebo_ros_vacuum_gripper.dir/src/gazebo_ros_vacuum_gripper.cpp.o[0m
[0.317s] [ 36%] [32mBuilding CXX object CMakeFiles/gazebo_ros_projector.dir/src/gazebo_ros_projector.cpp.o[0m
[0.323s] [ 37%] [32mBuilding CXX object CMakeFiles/gazebo_ros_wheel_slip.dir/src/gazebo_ros_wheel_slip.cpp.o[0m
[1.830s] [ 38%] [32m[1mLinking CXX static library libgtest_main.a[0m
[1.986s] [ 38%] Built target gtest_main
[10.547s] [ 39%] [32m[1mLinking CXX static library libgtest.a[0m
[10.817s] [ 39%] Built target gtest
[10.963s] [35m[1mConsolidate compiler generated dependencies of target test_gazebo_ros_bumper[0m
[10.970s] [35m[1mConsolidate compiler generated dependencies of target test_gazebo_ros_ackermann_drive[0m
[11.411s] [ 40%] [32mBuilding CXX object test/CMakeFiles/test_gazebo_ros_bumper.dir/test_gazebo_ros_bumper.cpp.o[0m
[11.413s] [ 41%] [32mBuilding CXX object test/CMakeFiles/test_gazebo_ros_ackermann_drive.dir/test_gazebo_ros_ackermann_drive.cpp.o[0m
[18.148s] [01m[Kc++:[m[K [01;31m[Kfatal error: [m[KKilled signal terminated program cc1plus
[18.158s] compilation terminated.
[18.159s] gmake[2]: *** [CMakeFiles/gazebo_ros_ackermann_drive.dir/build.make:76: CMakeFiles/gazebo_ros_ackermann_drive.dir/src/gazebo_ros_ackermann_drive.cpp.o] Error 1
[18.168s] gmake[1]: *** [CMakeFiles/Makefile2:666: CMakeFiles/gazebo_ros_ackermann_drive.dir/all] Error 2
[18.169s] gmake[1]: *** Waiting for unfinished jobs....
[21.281s] [01m[Kc++:[m[K [01;31m[Kfatal error: [m[KKilled signal terminated program cc1plus
[21.283s] compilation terminated.
[21.299s] gmake[2]: *** [CMakeFiles/gazebo_ros_harness.dir/build.make:76: CMakeFiles/gazebo_ros_harness.dir/src/gazebo_ros_harness.cpp.o] Error 1
[21.335s] gmake[1]: *** [CMakeFiles/Makefile2:614: CMakeFiles/gazebo_ros_harness.dir/all] Error 2
[33.260s] [01m[Kc++:[m[K [01;31m[Kfatal error: [m[KKilled signal terminated program cc1plus
[33.268s] compilation terminated.
[33.269s] gmake[2]: *** [CMakeFiles/gazebo_ros_gps_sensor.dir/build.make:76: CMakeFiles/gazebo_ros_gps_sensor.dir/src/gazebo_ros_gps_sensor.cpp.o] Error 1
[33.275s] gmake[1]: *** [CMakeFiles/Makefile2:432: CMakeFiles/gazebo_ros_gps_sensor.dir/all] Error 2
[39.658s] [01m[Kc++:[m[K [01;31m[Kfatal error: [m[KKilled signal terminated program cc1plus
[39.660s] compilation terminated.
[39.674s] gmake[2]: *** [CMakeFiles/gazebo_ros_elevator.dir/build.make:76: CMakeFiles/gazebo_ros_elevator.dir/src/gazebo_ros_elevator.cpp.o] Error 1
[39.709s] gmake[1]: *** [CMakeFiles/Makefile2:692: CMakeFiles/gazebo_ros_elevator.dir/all] Error 2
[45.456s] [01m[Kc++:[m[K [01;31m[Kfatal error: [m[KKilled signal terminated program cc1plus
[45.460s] compilation terminated.
[45.473s] gmake[2]: *** [CMakeFiles/gazebo_ros_wheel_slip.dir/build.make:76: CMakeFiles/gazebo_ros_wheel_slip.dir/src/gazebo_ros_wheel_slip.cpp.o] Error 1
[45.517s] gmake[1]: *** [CMakeFiles/Makefile2:822: CMakeFiles/gazebo_ros_wheel_slip.dir/all] Error 2
[55.106s] [01m[Kc++:[m[K [01;31m[Kfatal error: [m[KKilled signal terminated program cc1plus
[55.109s] compilation terminated.
[55.119s] gmake[2]: *** [CMakeFiles/gazebo_ros_joint_pose_trajectory.dir/build.make:76: CMakeFiles/gazebo_ros_joint_pose_trajectory.dir/src/gazebo_ros_joint_pose_trajectory.cpp.o] Error 1
[55.156s] gmake[1]: *** [CMakeFiles/Makefile2:744: CMakeFiles/gazebo_ros_joint_pose_trajectory.dir/all] Error 2
[66.180s] [01m[Kc++:[m[K [01;31m[Kfatal error: [m[KKilled signal terminated program cc1plus
[66.181s] compilation terminated.
[66.192s] gmake[2]: *** [CMakeFiles/gazebo_ros_ray_sensor.dir/build.make:76: CMakeFiles/gazebo_ros_ray_sensor.dir/src/gazebo_ros_ray_sensor.cpp.o] Error 1
[66.234s] gmake[1]: *** [CMakeFiles/Makefile2:458: CMakeFiles/gazebo_ros_ray_sensor.dir/all] Error 2
[80.238s] [01m[Kc++:[m[K [01;31m[Kfatal error: [m[KKilled signal terminated program cc1plus
[80.239s] compilation terminated.
[80.250s] gmake[2]: *** [CMakeFiles/gazebo_ros_video.dir/build.make:76: CMakeFiles/gazebo_ros_video.dir/src/gazebo_ros_video.cpp.o] Error 1
[80.315s] gmake[1]: *** [CMakeFiles/Makefile2:536: CMakeFiles/gazebo_ros_video.dir/all] Error 2
[88.975s] [01m[Kc++:[m[K [01;31m[Kfatal error: [m[KKilled signal terminated program cc1plus
[88.980s] compilation terminated.
[89.015s] gmake[2]: *** [test/CMakeFiles/test_gazebo_ros_bumper.dir/build.make:76: test/CMakeFiles/test_gazebo_ros_bumper.dir/test_gazebo_ros_bumper.cpp.o] Error 1
[89.104s] gmake[1]: *** [CMakeFiles/Makefile2:876: test/CMakeFiles/test_gazebo_ros_bumper.dir/all] Error 2
[103.633s] [ 43%] [32m[1mLinking CXX shared library libgazebo_ros_vacuum_gripper.so[0m
[103.857s] [ 44%] [32m[1mLinking CXX shared library libgazebo_ros_ft_sensor.so[0m
[105.130s] [ 44%] Built target gazebo_ros_ft_sensor
[105.186s] [ 44%] Built target gazebo_ros_vacuum_gripper
[117.003s] [ 45%] [32m[1mLinking CXX shared library libgazebo_ros_planar_move.so[0m
[118.862s] [ 45%] Built target gazebo_ros_planar_move
[119.565s] [ 46%] [32m[1mLinking CXX shared library libgazebo_ros_tricycle_drive.so[0m
[121.292s] [ 47%] [32m[1mLinking CXX shared library libmulti_camera_plugin.so[0m
[121.379s] [ 47%] Built target gazebo_ros_tricycle_drive
[121.673s] [ 47%] Built target multi_camera_plugin
[125.258s] [ 48%] [32m[1mLinking CXX shared library libgazebo_ros_projector.so[0m
[126.584s] [ 48%] Built target gazebo_ros_projector
[138.453s] [ 50%] [32m[1mLinking CXX executable test_gazebo_ros_ackermann_drive[0m
[142.058s] [ 50%] Built target test_gazebo_ros_ackermann_drive
[142.079s] gmake: *** [Makefile:146: all] Error 2
[142.278s] Invoked command in '/home/fourdds/ws/build/gazebo_plugins' returned '2': AMENT_PREFIX_PATH=/home/fourdds/ws/install/gazebo_ros:/home/fourdds/ws/install/gazebo_msgs:/home/fourdds/ws/install/gazebo_dev:/home/fourdds/ws/install/cv_bridge:${AMENT_PREFIX_PATH} CMAKE_PREFIX_PATH=/home/fourdds/ws/install/gazebo_ros:/home/fourdds/ws/install/gazebo_msgs:/home/fourdds/ws/install/gazebo_dev:/home/fourdds/ws/install/cv_bridge:/opt/ros/humble LD_LIBRARY_PATH=/home/fourdds/ws/install/gazebo_ros/lib:/home/fourdds/ws/install/gazebo_msgs/lib:/home/fourdds/ws/install/cv_bridge/lib:${LD_LIBRARY_PATH} PYTHONPATH=/home/fourdds/ws/install/gazebo_ros/local/lib/python3.10/dist-packages:/home/fourdds/ws/install/gazebo_msgs/local/lib/python3.10/dist-packages:/home/fourdds/ws/install/cv_bridge/local/lib/python3.10/dist-packages:${PYTHONPATH} /usr/bin/cmake --build /home/fourdds/ws/build/gazebo_plugins -- -j16 -l16
