[35m[1mConsolidate compiler generated dependencies of target uavs_spawner[0m
[ 40%] Built target frame_transforms
[ 60%] [32mBuilding CXX object CMakeFiles/uavs_spawner.dir/src/uav_node.cpp.o[0m
[ 80%] [32mBuilding CXX object CMakeFiles/uavs_spawner.dir/src/main.cpp.o[0m
In file included from [01m[K/home/fourdds/ros2_ws/src/boids/src/uav_node.cpp:1[m[K:
[01m[K/home/fourdds/ros2_ws/src/boids/src/uav_node.hpp:70:15:[m[K [01;31m[Kerror: [m[Kâ€˜[01m[Kvoid uav_node::init()[m[Kâ€™ conflicts with a previous declaration
   70 |     void init([01;31m[K)[m[K;
      |               [01;31m[K^[m[K
[01m[K/home/fourdds/ros2_ws/src/boids/src/uav_node.hpp:30:9:[m[K [01;36m[Knote: [m[Kprevious declaration â€˜[01m[Kuav_node::state uav_node::init[m[Kâ€™
   30 |         [01;36m[Kinit[m[K,
      |         [01;36m[K^~~~[m[K
[01m[K/home/fourdds/ros2_ws/src/boids/src/uav_node.hpp:[m[K In constructor â€˜[01m[Kuav_node::uav_node(uint8_t)[m[Kâ€™:
[01m[K/home/fourdds/ros2_ws/src/boids/src/uav_node.hpp:85:13:[m[K [01;31m[Kerror: [m[Kâ€˜[01m[Kuav_node::init[m[Kâ€™ cannot be used as a function
   85 |         [01;31m[Kinit()[m[K;
      |         [01;31m[K~~~~^~[m[K
[01m[K/home/fourdds/ros2_ws/src/boids/src/uav_node.cpp:[m[K At global scope:
[01m[K/home/fourdds/ros2_ws/src/boids/src/uav_node.cpp:3:6:[m[K [01;31m[Kerror: [m[Kno declaration matches â€˜[01m[Kvoid uav_node::init()[m[Kâ€™
    3 | void [01;31m[Kuav_node[m[K::init()
      |      [01;31m[K^~~~~~~~[m[K
In file included from [01m[K/home/fourdds/ros2_ws/src/boids/src/uav_node.cpp:1[m[K:
[01m[K/home/fourdds/ros2_ws/src/boids/src/uav_node.hpp:30:9:[m[K [01;36m[Knote: [m[Kcandidate is: â€˜[01m[Kuav_node::state uav_node::init[m[Kâ€™
   30 |         [01;36m[Kinit[m[K,
      |         [01;36m[K^~~~[m[K
[01m[K/home/fourdds/ros2_ws/src/boids/src/uav_node.hpp:24:7:[m[K [01;36m[Knote: [m[Kâ€˜[01m[Kclass uav_node[m[Kâ€™ defined here
   24 | class [01;36m[Kuav_node[m[K : public rclcpp::Node
      |       [01;36m[K^~~~~~~~[m[K
In file included from [01m[K/home/fourdds/ros2_ws/src/boids/src/main.cpp:1[m[K:
[01m[K/home/fourdds/ros2_ws/src/boids/src/uav_node.hpp:70:15:[m[K [01;31m[Kerror: [m[Kâ€˜[01m[Kvoid uav_node::init()[m[Kâ€™ conflicts with a previous declaration
   70 |     void init([01;31m[K)[m[K;
      |               [01;31m[K^[m[K
[01m[K/home/fourdds/ros2_ws/src/boids/src/uav_node.hpp:30:9:[m[K [01;36m[Knote: [m[Kprevious declaration â€˜[01m[Kuav_node::state uav_node::init[m[Kâ€™
   30 |         [01;36m[Kinit[m[K,
      |         [01;36m[K^~~~[m[K
[01m[K/home/fourdds/ros2_ws/src/boids/src/uav_node.hpp:[m[K In constructor â€˜[01m[Kuav_node::uav_node(uint8_t)[m[Kâ€™:
[01m[K/home/fourdds/ros2_ws/src/boids/src/uav_node.hpp:85:13:[m[K [01;31m[Kerror: [m[Kâ€˜[01m[Kuav_node::init[m[Kâ€™ cannot be used as a function
   85 |         [01;31m[Kinit()[m[K;
      |         [01;31m[K~~~~^~[m[K
gmake[2]: *** [CMakeFiles/uavs_spawner.dir/build.make:90: CMakeFiles/uavs_spawner.dir/src/main.cpp.o] Error 1
gmake[2]: *** Waiting for unfinished jobs....
gmake[2]: *** [CMakeFiles/uavs_spawner.dir/build.make:76: CMakeFiles/uavs_spawner.dir/src/uav_node.cpp.o] Error 1
gmake[1]: *** [CMakeFiles/Makefile2:165: CMakeFiles/uavs_spawner.dir/all] Error 2
gmake: *** [Makefile:146: all] Error 2
