[0.008s] Invoking command in '/home/fourdds/ros2_ws/build/boids': CMAKE_PREFIX_PATH=/home/fourdds/ros2_ws/install/px4_msgs:/home/fourdds/ros2_ws/install/px4_ros_com:/home/fourdds/ros2_ws/install/boids:/opt/ros/humble LD_LIBRARY_PATH=/home/fourdds/ros2_ws/install/px4_msgs/lib:/home/fourdds/ros2_ws/install/px4_ros_com/lib:/home/fourdds/ros2_ws/install/boids/lib:/usr/lib/x86_64-linux-gnu/gazebo-11/plugins:/opt/ros/humble/opt/rviz_ogre_vendor/lib:/opt/ros/humble/lib/x86_64-linux-gnu:/opt/ros/humble/lib /usr/bin/cmake --build /home/fourdds/ros2_ws/build/boids -- -j24 -l24
[0.024s] [35m[1mConsolidate compiler generated dependencies of target uavs_spawner[0m
[0.029s] [ 40%] Built target frame_transforms
[0.034s] [ 60%] [32mBuilding CXX object CMakeFiles/uavs_spawner.dir/src/uav_node.cpp.o[0m
[0.034s] [ 80%] [32mBuilding CXX object CMakeFiles/uavs_spawner.dir/src/main.cpp.o[0m
[1.332s] In file included from [01m[K/home/fourdds/ros2_ws/src/boids/src/uav_node.cpp:1[m[K:
[1.332s] [01m[K/home/fourdds/ros2_ws/src/boids/src/uav_node.hpp:70:15:[m[K [01;31m[Kerror: [m[Kâ€˜[01m[Kvoid uav_node::init()[m[Kâ€™ conflicts with a previous declaration
[1.332s]    70 |     void init([01;31m[K)[m[K;
[1.332s]       |               [01;31m[K^[m[K
[1.332s] [01m[K/home/fourdds/ros2_ws/src/boids/src/uav_node.hpp:30:9:[m[K [01;36m[Knote: [m[Kprevious declaration â€˜[01m[Kuav_node::state uav_node::init[m[Kâ€™
[1.332s]    30 |         [01;36m[Kinit[m[K,
[1.332s]       |         [01;36m[K^~~~[m[K
[1.333s] [01m[K/home/fourdds/ros2_ws/src/boids/src/uav_node.hpp:[m[K In constructor â€˜[01m[Kuav_node::uav_node(uint8_t)[m[Kâ€™:
[1.333s] [01m[K/home/fourdds/ros2_ws/src/boids/src/uav_node.hpp:85:13:[m[K [01;31m[Kerror: [m[Kâ€˜[01m[Kuav_node::init[m[Kâ€™ cannot be used as a function
[1.334s]    85 |         [01;31m[Kinit()[m[K;
[1.334s]       |         [01;31m[K~~~~^~[m[K
[1.334s] [01m[K/home/fourdds/ros2_ws/src/boids/src/uav_node.cpp:[m[K At global scope:
[1.334s] [01m[K/home/fourdds/ros2_ws/src/boids/src/uav_node.cpp:3:6:[m[K [01;31m[Kerror: [m[Kno declaration matches â€˜[01m[Kvoid uav_node::init()[m[Kâ€™
[1.334s]     3 | void [01;31m[Kuav_node[m[K::init()
[1.334s]       |      [01;31m[K^~~~~~~~[m[K
[1.334s] In file included from [01m[K/home/fourdds/ros2_ws/src/boids/src/uav_node.cpp:1[m[K:
[1.334s] [01m[K/home/fourdds/ros2_ws/src/boids/src/uav_node.hpp:30:9:[m[K [01;36m[Knote: [m[Kcandidate is: â€˜[01m[Kuav_node::state uav_node::init[m[Kâ€™
[1.334s]    30 |         [01;36m[Kinit[m[K,
[1.334s]       |         [01;36m[K^~~~[m[K
[1.334s] [01m[K/home/fourdds/ros2_ws/src/boids/src/uav_node.hpp:24:7:[m[K [01;36m[Knote: [m[Kâ€˜[01m[Kclass uav_node[m[Kâ€™ defined here
[1.334s]    24 | class [01;36m[Kuav_node[m[K : public rclcpp::Node
[1.334s]       |       [01;36m[K^~~~~~~~[m[K
[1.337s] In file included from [01m[K/home/fourdds/ros2_ws/src/boids/src/main.cpp:1[m[K:
[1.337s] [01m[K/home/fourdds/ros2_ws/src/boids/src/uav_node.hpp:70:15:[m[K [01;31m[Kerror: [m[Kâ€˜[01m[Kvoid uav_node::init()[m[Kâ€™ conflicts with a previous declaration
[1.337s]    70 |     void init([01;31m[K)[m[K;
[1.337s]       |               [01;31m[K^[m[K
[1.337s] [01m[K/home/fourdds/ros2_ws/src/boids/src/uav_node.hpp:30:9:[m[K [01;36m[Knote: [m[Kprevious declaration â€˜[01m[Kuav_node::state uav_node::init[m[Kâ€™
[1.337s]    30 |         [01;36m[Kinit[m[K,
[1.337s]       |         [01;36m[K^~~~[m[K
[1.337s] [01m[K/home/fourdds/ros2_ws/src/boids/src/uav_node.hpp:[m[K In constructor â€˜[01m[Kuav_node::uav_node(uint8_t)[m[Kâ€™:
[1.337s] [01m[K/home/fourdds/ros2_ws/src/boids/src/uav_node.hpp:85:13:[m[K [01;31m[Kerror: [m[Kâ€˜[01m[Kuav_node::init[m[Kâ€™ cannot be used as a function
[1.337s]    85 |         [01;31m[Kinit()[m[K;
[1.337s]       |         [01;31m[K~~~~^~[m[K
[1.604s] gmake[2]: *** [CMakeFiles/uavs_spawner.dir/build.make:90: CMakeFiles/uavs_spawner.dir/src/main.cpp.o] Error 1
[1.604s] gmake[2]: *** Waiting for unfinished jobs....
[1.642s] gmake[2]: *** [CMakeFiles/uavs_spawner.dir/build.make:76: CMakeFiles/uavs_spawner.dir/src/uav_node.cpp.o] Error 1
[1.642s] gmake[1]: *** [CMakeFiles/Makefile2:165: CMakeFiles/uavs_spawner.dir/all] Error 2
[1.642s] gmake: *** [Makefile:146: all] Error 2
[1.644s] Invoked command in '/home/fourdds/ros2_ws/build/boids' returned '2': CMAKE_PREFIX_PATH=/home/fourdds/ros2_ws/install/px4_msgs:/home/fourdds/ros2_ws/install/px4_ros_com:/home/fourdds/ros2_ws/install/boids:/opt/ros/humble LD_LIBRARY_PATH=/home/fourdds/ros2_ws/install/px4_msgs/lib:/home/fourdds/ros2_ws/install/px4_ros_com/lib:/home/fourdds/ros2_ws/install/boids/lib:/usr/lib/x86_64-linux-gnu/gazebo-11/plugins:/opt/ros/humble/opt/rviz_ogre_vendor/lib:/opt/ros/humble/lib/x86_64-linux-gnu:/opt/ros/humble/lib /usr/bin/cmake --build /home/fourdds/ros2_ws/build/boids -- -j24 -l24
