In file included from [01m[K/home/fourdds/ros2_ws/src/boids/src/base_station.hpp:5[m[K,
                 from [01m[K/home/fourdds/ros2_ws/src/boids/src/base_station.cpp:1[m[K:
[01m[K/home/fourdds/ros2_ws/src/boids/src/vector2d.hpp:71:18:[m[K [01;31m[Kerror: [m[Kâ€˜[01m[KVector2D[m[Kâ€™ does not name a type; did you mean â€˜[01m[Kvector2d[m[Kâ€™?
   71 |     inline const [01;31m[KVector2D[m[K& clamp(const double max_length)
      |                  [01;31m[K^~~~~~~~[m[K
      |                  [32m[Kvector2d[m[K
In file included from [01m[K/home/fourdds/ros2_ws/src/boids/src/uav_node.hpp:15[m[K,
                 from [01m[K/home/fourdds/ros2_ws/src/boids/src/main.cpp:1[m[K:
[01m[K/home/fourdds/ros2_ws/src/boids/src/vector2d.hpp:71:18:[m[K [01;31m[Kerror: [m[Kâ€˜[01m[KVector2D[m[Kâ€™ does not name a type; did you mean â€˜[01m[Kvector2d[m[Kâ€™?
   71 |     inline const [01;31m[KVector2D[m[K& clamp(const double max_length)
      |                  [01;31m[K^~~~~~~~[m[K
      |                  [32m[Kvector2d[m[K
In file included from [01m[K/home/fourdds/ros2_ws/src/boids/src/uav_node.hpp:15[m[K,
                 from [01m[K/home/fourdds/ros2_ws/src/boids/src/uav_node.cpp:1[m[K:
[01m[K/home/fourdds/ros2_ws/src/boids/src/vector2d.hpp:71:18:[m[K [01;31m[Kerror: [m[Kâ€˜[01m[KVector2D[m[Kâ€™ does not name a type; did you mean â€˜[01m[Kvector2d[m[Kâ€™?
   71 |     inline const [01;31m[KVector2D[m[K& clamp(const double max_length)
      |                  [01;31m[K^~~~~~~~[m[K
      |                  [32m[Kvector2d[m[K
[01m[K/home/fourdds/ros2_ws/src/boids/src/uav_node.cpp:[m[K In member function â€˜[01m[Kvoid Swarm::UavNode::flockingLogic()[m[Kâ€™:
[01m[K/home/fourdds/ros2_ws/src/boids/src/uav_node.cpp:209:35:[m[K [01;31m[Kerror: [m[Kâ€˜[01m[Kusing Point2D = using point2d = struct vector2d[m[Kâ€™ {aka â€˜[01m[Kstruct vector2d[m[Kâ€™} has no member named â€˜[01m[Kclamp[m[Kâ€™
  209 |     sendAcceleration(acceleration.[01;31m[Kclamp[m[K(1));
      |                                   [01;31m[K^~~~~[m[K
gmake[2]: *** [CMakeFiles/swarm_spawner.dir/build.make:104: CMakeFiles/swarm_spawner.dir/src/main.cpp.o] Error 1
gmake[2]: *** Waiting for unfinished jobs....
gmake[2]: *** [CMakeFiles/swarm_spawner.dir/build.make:90: CMakeFiles/swarm_spawner.dir/src/base_station.cpp.o] Error 1
gmake[2]: *** [CMakeFiles/swarm_spawner.dir/build.make:76: CMakeFiles/swarm_spawner.dir/src/uav_node.cpp.o] Error 1
gmake[1]: *** [CMakeFiles/Makefile2:620: CMakeFiles/swarm_spawner.dir/all] Error 2
gmake: *** [Makefile:146: all] Error 2
