[0.010s] Invoking command in '/home/fourdds/ros2_ws/build/boids': CMAKE_PREFIX_PATH=/home/fourdds/ros2_ws/install/px4_msgs:/home/fourdds/ros2_ws/install/px4_ros_com:/home/fourdds/ros2_ws/install/boids:/opt/ros/humble LD_LIBRARY_PATH=/home/fourdds/ros2_ws/install/px4_msgs/lib:/home/fourdds/ros2_ws/install/px4_ros_com/lib:/home/fourdds/ros2_ws/install/boids/lib:/usr/lib/x86_64-linux-gnu/gazebo-11/plugins:/opt/ros/humble/opt/rviz_ogre_vendor/lib:/opt/ros/humble/lib/x86_64-linux-gnu:/opt/ros/humble/lib /usr/bin/cmake --build /home/fourdds/ros2_ws/build/boids -- -j24 -l24
[0.036s] [35m[1mConsolidate compiler generated dependencies of target swarm_spawner[0m
[0.041s] [  8%] Built target boids__rosidl_generator_c
[0.042s] [ 11%] Built target boids__cpp
[0.045s] [ 15%] Built target frame_transforms
[0.047s] [ 15%] Built target ament_cmake_python_copy_boids
[0.053s] [ 17%] [32mBuilding CXX object CMakeFiles/swarm_spawner.dir/src/uav_node.cpp.o[0m
[0.054s] [ 26%] Built target boids__rosidl_typesupport_introspection_c
[0.055s] [ 28%] [32mBuilding CXX object CMakeFiles/swarm_spawner.dir/src/base_station.cpp.o[0m
[0.055s] [ 31%] [32mBuilding CXX object CMakeFiles/swarm_spawner.dir/src/main.cpp.o[0m
[0.057s] [ 42%] Built target boids__rosidl_typesupport_c
[0.057s] [ 48%] Built target boids__rosidl_typesupport_fastrtps_c
[0.058s] [ 57%] Built target boids__rosidl_typesupport_fastrtps_cpp
[0.060s] [ 66%] Built target boids__rosidl_typesupport_cpp
[0.060s] [ 75%] Built target boids__rosidl_typesupport_introspection_cpp
[0.073s] [ 75%] Built target boids
[0.085s] [ 77%] Built target boids__py
[0.098s] [ 84%] Built target boids__rosidl_generator_py
[0.112s] [ 88%] Built target boids__rosidl_typesupport_fastrtps_c__pyext
[0.113s] [ 93%] Built target boids__rosidl_typesupport_c__pyext
[0.114s] [ 97%] Built target boids__rosidl_typesupport_introspection_c__pyext
[0.179s] running egg_info
[0.190s] writing boids.egg-info/PKG-INFO
[0.190s] writing dependency_links to boids.egg-info/dependency_links.txt
[0.191s] writing top-level names to boids.egg-info/top_level.txt
[0.230s] reading manifest file 'boids.egg-info/SOURCES.txt'
[0.230s] writing manifest file 'boids.egg-info/SOURCES.txt'
[0.256s] [ 97%] Built target ament_cmake_python_build_boids_egg
[2.307s] In file included from [01m[K/home/fourdds/ros2_ws/src/boids/src/base_station.hpp:5[m[K,
[2.307s]                  from [01m[K/home/fourdds/ros2_ws/src/boids/src/base_station.cpp:1[m[K:
[2.307s] [01m[K/home/fourdds/ros2_ws/src/boids/src/vector2d.hpp:71:18:[m[K [01;31m[Kerror: [m[Kâ€˜[01m[KVector2D[m[Kâ€™ does not name a type; did you mean â€˜[01m[Kvector2d[m[Kâ€™?
[2.307s]    71 |     inline const [01;31m[KVector2D[m[K& clamp(const double max_length)
[2.307s]       |                  [01;31m[K^~~~~~~~[m[K
[2.307s]       |                  [32m[Kvector2d[m[K
[2.417s] In file included from [01m[K/home/fourdds/ros2_ws/src/boids/src/uav_node.hpp:15[m[K,
[2.418s]                  from [01m[K/home/fourdds/ros2_ws/src/boids/src/main.cpp:1[m[K:
[2.418s] [01m[K/home/fourdds/ros2_ws/src/boids/src/vector2d.hpp:71:18:[m[K [01;31m[Kerror: [m[Kâ€˜[01m[KVector2D[m[Kâ€™ does not name a type; did you mean â€˜[01m[Kvector2d[m[Kâ€™?
[2.418s]    71 |     inline const [01;31m[KVector2D[m[K& clamp(const double max_length)
[2.418s]       |                  [01;31m[K^~~~~~~~[m[K
[2.418s]       |                  [32m[Kvector2d[m[K
[2.421s] In file included from [01m[K/home/fourdds/ros2_ws/src/boids/src/uav_node.hpp:15[m[K,
[2.421s]                  from [01m[K/home/fourdds/ros2_ws/src/boids/src/uav_node.cpp:1[m[K:
[2.421s] [01m[K/home/fourdds/ros2_ws/src/boids/src/vector2d.hpp:71:18:[m[K [01;31m[Kerror: [m[Kâ€˜[01m[KVector2D[m[Kâ€™ does not name a type; did you mean â€˜[01m[Kvector2d[m[Kâ€™?
[2.421s]    71 |     inline const [01;31m[KVector2D[m[K& clamp(const double max_length)
[2.421s]       |                  [01;31m[K^~~~~~~~[m[K
[2.421s]       |                  [32m[Kvector2d[m[K
[2.755s] [01m[K/home/fourdds/ros2_ws/src/boids/src/uav_node.cpp:[m[K In member function â€˜[01m[Kvoid Swarm::UavNode::flockingLogic()[m[Kâ€™:
[2.755s] [01m[K/home/fourdds/ros2_ws/src/boids/src/uav_node.cpp:209:35:[m[K [01;31m[Kerror: [m[Kâ€˜[01m[Kusing Point2D = using point2d = struct vector2d[m[Kâ€™ {aka â€˜[01m[Kstruct vector2d[m[Kâ€™} has no member named â€˜[01m[Kclamp[m[Kâ€™
[2.755s]   209 |     sendAcceleration(acceleration.[01;31m[Kclamp[m[K(1));
[2.755s]       |                                   [01;31m[K^~~~~[m[K
[3.356s] gmake[2]: *** [CMakeFiles/swarm_spawner.dir/build.make:104: CMakeFiles/swarm_spawner.dir/src/main.cpp.o] Error 1
[3.356s] gmake[2]: *** Waiting for unfinished jobs....
[4.963s] gmake[2]: *** [CMakeFiles/swarm_spawner.dir/build.make:90: CMakeFiles/swarm_spawner.dir/src/base_station.cpp.o] Error 1
[9.509s] gmake[2]: *** [CMakeFiles/swarm_spawner.dir/build.make:76: CMakeFiles/swarm_spawner.dir/src/uav_node.cpp.o] Error 1
[9.509s] gmake[1]: *** [CMakeFiles/Makefile2:620: CMakeFiles/swarm_spawner.dir/all] Error 2
[9.509s] gmake: *** [Makefile:146: all] Error 2
[9.511s] Invoked command in '/home/fourdds/ros2_ws/build/boids' returned '2': CMAKE_PREFIX_PATH=/home/fourdds/ros2_ws/install/px4_msgs:/home/fourdds/ros2_ws/install/px4_ros_com:/home/fourdds/ros2_ws/install/boids:/opt/ros/humble LD_LIBRARY_PATH=/home/fourdds/ros2_ws/install/px4_msgs/lib:/home/fourdds/ros2_ws/install/px4_ros_com/lib:/home/fourdds/ros2_ws/install/boids/lib:/usr/lib/x86_64-linux-gnu/gazebo-11/plugins:/opt/ros/humble/opt/rviz_ogre_vendor/lib:/opt/ros/humble/lib/x86_64-linux-gnu:/opt/ros/humble/lib /usr/bin/cmake --build /home/fourdds/ros2_ws/build/boids -- -j24 -l24
