[0.014s] Invoking command in '/home/fourdds/ros2_ws/build/px4_ros_com': AMENT_PREFIX_PATH=/home/fourdds/ros2_ws/install/px4_msgs:${AMENT_PREFIX_PATH} CMAKE_PREFIX_PATH=/home/fourdds/ros2_ws/install/px4_msgs:/opt/ros/humble LD_LIBRARY_PATH=/home/fourdds/ros2_ws/install/px4_msgs/lib:${LD_LIBRARY_PATH} PYTHONPATH=/home/fourdds/ros2_ws/install/px4_msgs/local/lib/python3.10/dist-packages:${PYTHONPATH} /usr/bin/cmake /home/fourdds/ros2_ws/src/px4_ros_com -DCMAKE_INSTALL_PREFIX=/home/fourdds/ros2_ws/install/px4_ros_com
[0.024s] -- Found ament_cmake: 1.3.10 (/opt/ros/humble/share/ament_cmake/cmake)
[0.119s] -- Override CMake install command with custom implementation using symlinks instead of copying resources
[0.125s] -- Found builtin_interfaces: 1.2.1 (/opt/ros/humble/share/builtin_interfaces/cmake)
[0.146s] -- Found rosidl_generator_c: 3.1.5 (/opt/ros/humble/share/rosidl_generator_c/cmake)
[0.148s] -- Found rosidl_adapter: 3.1.5 (/opt/ros/humble/share/rosidl_adapter/cmake)
[0.152s] -- Found rosidl_generator_cpp: 3.1.5 (/opt/ros/humble/share/rosidl_generator_cpp/cmake)
[0.160s] -- Using all available rosidl_typesupport_c: rosidl_typesupport_fastrtps_c;rosidl_typesupport_introspection_c
[0.169s] -- Using all available rosidl_typesupport_cpp: rosidl_typesupport_fastrtps_cpp;rosidl_typesupport_introspection_cpp
[0.178s] -- Found eigen3_cmake_module: 0.1.1 (/opt/ros/humble/share/eigen3_cmake_module/cmake)
[0.179s] -- Found geometry_msgs: 4.2.4 (/opt/ros/humble/share/geometry_msgs/cmake)
[0.198s] -- Found px4_msgs: 2.0.1 (/home/fourdds/ros2_ws/install/px4_msgs/share/px4_msgs/cmake)
[0.207s] -- Found rclcpp: 16.0.10 (/opt/ros/humble/share/rclcpp/cmake)
[0.226s] -- Found rmw_implementation_cmake: 6.1.2 (/opt/ros/humble/share/rmw_implementation_cmake/cmake)
[0.227s] -- Found rmw_fastrtps_cpp: 6.2.7 (/opt/ros/humble/share/rmw_fastrtps_cpp/cmake)
[0.376s] -- Using RMW implementation 'rmw_fastrtps_cpp' as default
[0.404s] -- Found sensor_msgs: 4.2.4 (/opt/ros/humble/share/sensor_msgs/cmake)
[0.417s] -- Found rclpy: 3.3.14 (/opt/ros/humble/share/rclpy/cmake)
[0.424s] -- Found ament_lint_auto: 0.12.11 (/opt/ros/humble/share/ament_lint_auto/cmake)
[0.481s] -- Added test 'copyright' to check source files copyright and LICENSE
[0.486s] -- Added test 'cppcheck' to perform static code analysis on C / C++ code
[0.486s] -- Configured cppcheck include dirs: /home/fourdds/ros2_ws/src/px4_ros_com/include;$<BUILD_INTERFACE:/home/fourdds/ros2_ws/src/px4_ros_com/include/px4_ros_com>
[0.486s] -- Configured cppcheck exclude dirs and/or files: 
[0.490s] -- Added test 'cpplint' to check C / C++ code against the Google style
[0.490s] -- Configured cpplint exclude dirs and/or files: 
[0.491s] -- Added test 'flake8' to check Python code syntax and style conventions
[0.492s] -- Added test 'lint_cmake' to check CMake code style
[0.493s] -- Added test 'pep257' to check Python code against some of the docstring style conventions in PEP 257
[0.497s] -- Added test 'uncrustify' to check C / C++ code style
[0.497s] -- Configured uncrustify additional arguments: 
[0.497s] -- Added test 'xmllint' to check XML markup files
[0.500s] -- Configuring done
[0.534s] -- Generating done
[0.538s] -- Build files have been written to: /home/fourdds/ros2_ws/build/px4_ros_com
[0.547s] Invoked command in '/home/fourdds/ros2_ws/build/px4_ros_com' returned '0': AMENT_PREFIX_PATH=/home/fourdds/ros2_ws/install/px4_msgs:${AMENT_PREFIX_PATH} CMAKE_PREFIX_PATH=/home/fourdds/ros2_ws/install/px4_msgs:/opt/ros/humble LD_LIBRARY_PATH=/home/fourdds/ros2_ws/install/px4_msgs/lib:${LD_LIBRARY_PATH} PYTHONPATH=/home/fourdds/ros2_ws/install/px4_msgs/local/lib/python3.10/dist-packages:${PYTHONPATH} /usr/bin/cmake /home/fourdds/ros2_ws/src/px4_ros_com -DCMAKE_INSTALL_PREFIX=/home/fourdds/ros2_ws/install/px4_ros_com
[0.549s] Invoking command in '/home/fourdds/ros2_ws/build/px4_ros_com': AMENT_PREFIX_PATH=/home/fourdds/ros2_ws/install/px4_msgs:${AMENT_PREFIX_PATH} CMAKE_PREFIX_PATH=/home/fourdds/ros2_ws/install/px4_msgs:/opt/ros/humble LD_LIBRARY_PATH=/home/fourdds/ros2_ws/install/px4_msgs/lib:${LD_LIBRARY_PATH} PYTHONPATH=/home/fourdds/ros2_ws/install/px4_msgs/local/lib/python3.10/dist-packages:${PYTHONPATH} /usr/bin/cmake --build /home/fourdds/ros2_ws/build/px4_ros_com -- -j16 -l16
[0.586s] [35m[1mConsolidate compiler generated dependencies of target vehicle_gps_position_listener[0m
[0.586s] [35m[1mConsolidate compiler generated dependencies of target sensor_combined_listener[0m
[0.586s] [35m[1mConsolidate compiler generated dependencies of target offboard_control[0m
[0.586s] [35m[1mConsolidate compiler generated dependencies of target frame_transforms[0m
[0.586s] [35m[1mConsolidate compiler generated dependencies of target debug_vect_advertiser[0m
[0.588s] [35m[1mConsolidate compiler generated dependencies of target offboard_control_srv[0m
[0.598s] failed to create symbolic link '/home/fourdds/ros2_ws/build/px4_ros_com/ament_cmake_python/px4_ros_com/px4_ros_com' because existing path cannot be removed: Is a directory
[0.600s] gmake[2]: *** [CMakeFiles/ament_cmake_python_symlink_px4_ros_com.dir/build.make:70: CMakeFiles/ament_cmake_python_symlink_px4_ros_com] Error 1
[0.600s] gmake[1]: *** [CMakeFiles/Makefile2:306: CMakeFiles/ament_cmake_python_symlink_px4_ros_com.dir/all] Error 2
[0.600s] gmake[1]: *** Waiting for unfinished jobs....
[0.605s] [ 16%] Built target frame_transforms
[0.606s] [ 25%] [32m[1mLinking CXX executable debug_vect_advertiser[0m
[0.606s] [ 33%] [32m[1mLinking CXX executable vehicle_gps_position_listener[0m
[0.606s] [ 50%] [32m[1mLinking CXX executable offboard_control[0m
[0.606s] [ 50%] [32m[1mLinking CXX executable sensor_combined_listener[0m
[0.611s] [ 58%] [32m[1mLinking CXX executable offboard_control_srv[0m
[1.030s] [ 66%] Built target debug_vect_advertiser
[1.037s] [ 75%] Built target offboard_control
[1.052s] [ 83%] Built target offboard_control_srv
[1.268s] [ 91%] Built target sensor_combined_listener
[1.277s] [100%] Built target vehicle_gps_position_listener
[1.278s] gmake: *** [Makefile:146: all] Error 2
[1.282s] Invoked command in '/home/fourdds/ros2_ws/build/px4_ros_com' returned '2': AMENT_PREFIX_PATH=/home/fourdds/ros2_ws/install/px4_msgs:${AMENT_PREFIX_PATH} CMAKE_PREFIX_PATH=/home/fourdds/ros2_ws/install/px4_msgs:/opt/ros/humble LD_LIBRARY_PATH=/home/fourdds/ros2_ws/install/px4_msgs/lib:${LD_LIBRARY_PATH} PYTHONPATH=/home/fourdds/ros2_ws/install/px4_msgs/local/lib/python3.10/dist-packages:${PYTHONPATH} /usr/bin/cmake --build /home/fourdds/ros2_ws/build/px4_ros_com -- -j16 -l16
