[0.010s] Invoking command in '/home/fourdds/ws/build/gazebo_plugins': AMENT_PREFIX_PATH=/home/fourdds/ws/install/gazebo_ros:/home/fourdds/ws/install/gazebo_msgs:/home/fourdds/ws/install/gazebo_dev:/home/fourdds/ws/install/cv_bridge:${AMENT_PREFIX_PATH} CMAKE_PREFIX_PATH=/home/fourdds/ws/install/gazebo_ros:/home/fourdds/ws/install/gazebo_msgs:/home/fourdds/ws/install/gazebo_dev:/home/fourdds/ws/install/cv_bridge:/home/fourdds/ros2_ws/install/target_detection:/home/fourdds/ros2_ws/install/stigmergy_map:/home/fourdds/ros2_ws/install/px4_ros_com:/home/fourdds/ros2_ws/install/px4_msgs:/home/fourdds/ros2_ws/install/obstacle_avoidance:/home/fourdds/ros2_ws/install/parameters:/home/fourdds/ros2_ws/install/fdds_messages:/home/fourdds/ros2_ws/install/drone:/home/fourdds/ros2_ws/install/base_station:/home/fourdds/ros2_ws/install/analysis:/opt/ros/humble LD_LIBRARY_PATH=/home/fourdds/ws/install/gazebo_ros/lib:/home/fourdds/ws/install/gazebo_msgs/lib:/home/fourdds/ws/install/cv_bridge/lib:${LD_LIBRARY_PATH} PYTHONPATH=/home/fourdds/ws/install/gazebo_ros/local/lib/python3.10/dist-packages:/home/fourdds/ws/install/gazebo_msgs/local/lib/python3.10/dist-packages:/home/fourdds/ws/install/cv_bridge/local/lib/python3.10/dist-packages:${PYTHONPATH} /usr/bin/cmake /home/fourdds/ws/src/gazebo_ros_pkgs/gazebo_plugins -DCMAKE_INSTALL_PREFIX=/home/fourdds/ws/install/gazebo_plugins
[0.017s] -- Found ament_cmake: 1.3.10 (/opt/ros/humble/share/ament_cmake/cmake)
[0.085s] -- Override CMake install command with custom implementation using symlinks instead of copying resources
[0.089s] -- Found camera_info_manager: 3.1.9 (/opt/ros/humble/share/camera_info_manager/cmake)
[0.105s] -- Found rosidl_generator_c: 3.1.5 (/opt/ros/humble/share/rosidl_generator_c/cmake)
[0.106s] -- Found rosidl_adapter: 3.1.5 (/opt/ros/humble/share/rosidl_adapter/cmake)
[0.109s] -- Found rosidl_generator_cpp: 3.1.5 (/opt/ros/humble/share/rosidl_generator_cpp/cmake)
[0.115s] -- Using all available rosidl_typesupport_c: rosidl_typesupport_fastrtps_c;rosidl_typesupport_introspection_c
[0.122s] -- Using all available rosidl_typesupport_cpp: rosidl_typesupport_fastrtps_cpp;rosidl_typesupport_introspection_cpp
[0.138s] -- Found rmw_implementation_cmake: 6.1.2 (/opt/ros/humble/share/rmw_implementation_cmake/cmake)
[0.139s] -- Found rmw_fastrtps_cpp: 6.2.7 (/opt/ros/humble/share/rmw_fastrtps_cpp/cmake)
[0.186s] -- Using RMW implementation 'rmw_fastrtps_cpp' as default
[0.232s] -- Found gazebo_dev: 3.7.0 (/home/fourdds/ws/install/gazebo_dev/share/gazebo_dev/cmake)
[0.248s] -- Found DART: /usr/include (Required is at least version "6.6") found components: dart 
[0.262s] -- Found Protobuf: /usr/lib/x86_64-linux-gnu/libprotobuf.so (found version "3.12.4") 
[0.263s] -- Looking for ignition-math6 -- found version 6.15.1
[0.265s] -- Searching for dependencies of ignition-math6
[0.266s] -- Looking for OGRE...
[0.269s] -- Found Ogre Ghadamon (1.9.0)
[0.269s] -- Found OGRE: optimized;/usr/lib/x86_64-linux-gnu/libOgreMain.so;debug;/usr/lib/x86_64-linux-gnu/libOgreMain.so
[0.274s] -- Looking for OGRE_Paging...
[0.274s] -- Found OGRE_Paging: optimized;/usr/lib/x86_64-linux-gnu/libOgrePaging.so;debug;/usr/lib/x86_64-linux-gnu/libOgrePaging.so
[0.274s] -- Looking for OGRE_Terrain...
[0.274s] -- Found OGRE_Terrain: optimized;/usr/lib/x86_64-linux-gnu/libOgreTerrain.so;debug;/usr/lib/x86_64-linux-gnu/libOgreTerrain.so
[0.275s] -- Looking for OGRE_Property...
[0.275s] -- Found OGRE_Property: optimized;/usr/lib/x86_64-linux-gnu/libOgreProperty.so;debug;/usr/lib/x86_64-linux-gnu/libOgreProperty.so
[0.275s] -- Looking for OGRE_RTShaderSystem...
[0.275s] -- Found OGRE_RTShaderSystem: optimized;/usr/lib/x86_64-linux-gnu/libOgreRTShaderSystem.so;debug;/usr/lib/x86_64-linux-gnu/libOgreRTShaderSystem.so
[0.275s] -- Looking for OGRE_Volume...
[0.275s] -- Found OGRE_Volume: optimized;/usr/lib/x86_64-linux-gnu/libOgreVolume.so;debug;/usr/lib/x86_64-linux-gnu/libOgreVolume.so
[0.275s] -- Looking for OGRE_Overlay...
[0.275s] -- Found OGRE_Overlay: optimized;/usr/lib/x86_64-linux-gnu/libOgreOverlay.so;debug;/usr/lib/x86_64-linux-gnu/libOgreOverlay.so
[0.325s] -- Looking for ignition-math6 -- found version 6.15.1
[0.325s] -- Looking for ignition-transport8 -- found version 8.2.1
[0.325s] -- Searching for dependencies of ignition-transport8
[0.334s] -- Found Protobuf: /usr/lib/x86_64-linux-gnu/libprotobuf.so (found suitable version "3.12.4", minimum required is "3") 
[0.338s] -- Config-file not installed for ZeroMQ -- checking for pkg-config
[0.340s] -- Checking for module 'libzmq >= 4'
[0.346s] --   Found libzmq , version 4.3.4
[0.362s] -- Checking for module 'uuid'
[0.367s] --   Found uuid, version 2.37.2
[0.380s] -- Looking for ignition-msgs5 -- found version 5.8.1
[0.381s] -- Searching for dependencies of ignition-msgs5
[0.389s] -- Looking for ignition-math6 -- found version 6.15.1
[0.391s] -- Checking for module 'tinyxml2'
[0.396s] --   Found tinyxml2, version 9.0.0
[0.409s] -- Looking for ignition-msgs5 -- found version 5.8.1
[0.409s] -- Looking for ignition-common3 -- found version 3.14.0
[0.410s] -- Searching for dependencies of ignition-common3
[0.410s] -- Looking for dlfcn.h - found
[0.410s] -- Looking for libdl - found
[0.415s] -- Searching for <ignition-common3> component [graphics]
[0.415s] -- Looking for ignition-common3-graphics -- found version 3.14.0
[0.416s] -- Searching for dependencies of ignition-common3-graphics
[0.416s] -- Looking for ignition-math6 -- found version 6.15.1
[0.417s] -- Looking for ignition-fuel_tools4 -- found version 4.4.0
[0.417s] -- Searching for dependencies of ignition-fuel_tools4
[0.434s] -- Checking for module 'jsoncpp'
[0.440s] --   Found jsoncpp, version 1.9.5
[0.455s] -- Checking for module 'libzip'
[0.460s] --   Found libzip, version 1.7.3
[0.473s] -- Looking for ignition-common3 -- found version 3.14.0
[0.473s] -- Looking for ignition-math6 -- found version 6.15.1
[0.473s] -- Looking for ignition-msgs5 -- found version 5.8.1
[0.474s] -- Gazebo version: 11.10
[0.474s] -- Found gazebo_msgs: 3.7.0 (/home/fourdds/ws/install/gazebo_msgs/share/gazebo_msgs/cmake)
[0.495s] -- Found gazebo_ros: 3.7.0 (/home/fourdds/ws/install/gazebo_ros/share/gazebo_ros/cmake)
[0.497s] -- Found image_transport: 3.1.9 (/opt/ros/humble/share/image_transport/cmake)
[0.514s] -- Found cv_bridge: 3.2.1 (/home/fourdds/ws/install/cv_bridge/share/cv_bridge/cmake)
[0.522s] -- Found nav_msgs: 4.2.4 (/opt/ros/humble/share/nav_msgs/cmake)
[0.536s] -- Found std_srvs: 4.2.4 (/opt/ros/humble/share/std_srvs/cmake)
[0.541s] -- Found tf2: 0.25.8 (/opt/ros/humble/share/tf2/cmake)
[0.545s] -- Found tf2_geometry_msgs: 0.25.8 (/opt/ros/humble/share/tf2_geometry_msgs/cmake)
[0.548s] -- Found eigen3_cmake_module: 0.1.1 (/opt/ros/humble/share/eigen3_cmake_module/cmake)
[0.548s] -- Ensuring Eigen3 include directory is part of orocos-kdl CMake target
[0.710s] -- Found ament_cmake_gtest: 1.3.10 (/opt/ros/humble/share/ament_cmake_gtest/cmake)
[0.719s] -- Found gtest sources under '/opt/ros/humble/src/gtest_vendor': C++ tests using 'Google Test' will be built
[0.853s] -- Found ament_lint_auto: 0.12.11 (/opt/ros/humble/share/ament_lint_auto/cmake)
[0.898s] -- Added test 'copyright' to check source files copyright and LICENSE
[0.900s] -- Added test 'cppcheck' to perform static code analysis on C / C++ code
[0.902s] -- Configured cppcheck include dirs: /home/fourdds/ws/src/gazebo_ros_pkgs/gazebo_plugins/include
[0.902s] -- Configured cppcheck exclude dirs and/or files: 
[0.903s] -- Added test 'flake8' to check Python code syntax and style conventions
[0.903s] -- Added test 'lint_cmake' to check CMake code style
[0.904s] -- Added test 'pep257' to check Python code against some of the docstring style conventions in PEP 257
[0.907s] -- Added test 'uncrustify' to check C / C++ code style
[0.907s] -- Configured uncrustify additional arguments: 
[0.907s] -- Added test 'xmllint' to check XML markup files
[0.912s] -- Configuring done
[1.188s] -- Generating done
[1.197s] -- Build files have been written to: /home/fourdds/ws/build/gazebo_plugins
[1.206s] Invoked command in '/home/fourdds/ws/build/gazebo_plugins' returned '0': AMENT_PREFIX_PATH=/home/fourdds/ws/install/gazebo_ros:/home/fourdds/ws/install/gazebo_msgs:/home/fourdds/ws/install/gazebo_dev:/home/fourdds/ws/install/cv_bridge:${AMENT_PREFIX_PATH} CMAKE_PREFIX_PATH=/home/fourdds/ws/install/gazebo_ros:/home/fourdds/ws/install/gazebo_msgs:/home/fourdds/ws/install/gazebo_dev:/home/fourdds/ws/install/cv_bridge:/home/fourdds/ros2_ws/install/target_detection:/home/fourdds/ros2_ws/install/stigmergy_map:/home/fourdds/ros2_ws/install/px4_ros_com:/home/fourdds/ros2_ws/install/px4_msgs:/home/fourdds/ros2_ws/install/obstacle_avoidance:/home/fourdds/ros2_ws/install/parameters:/home/fourdds/ros2_ws/install/fdds_messages:/home/fourdds/ros2_ws/install/drone:/home/fourdds/ros2_ws/install/base_station:/home/fourdds/ros2_ws/install/analysis:/opt/ros/humble LD_LIBRARY_PATH=/home/fourdds/ws/install/gazebo_ros/lib:/home/fourdds/ws/install/gazebo_msgs/lib:/home/fourdds/ws/install/cv_bridge/lib:${LD_LIBRARY_PATH} PYTHONPATH=/home/fourdds/ws/install/gazebo_ros/local/lib/python3.10/dist-packages:/home/fourdds/ws/install/gazebo_msgs/local/lib/python3.10/dist-packages:/home/fourdds/ws/install/cv_bridge/local/lib/python3.10/dist-packages:${PYTHONPATH} /usr/bin/cmake /home/fourdds/ws/src/gazebo_ros_pkgs/gazebo_plugins -DCMAKE_INSTALL_PREFIX=/home/fourdds/ws/install/gazebo_plugins
[1.207s] Invoking command in '/home/fourdds/ws/build/gazebo_plugins': AMENT_PREFIX_PATH=/home/fourdds/ws/install/gazebo_ros:/home/fourdds/ws/install/gazebo_msgs:/home/fourdds/ws/install/gazebo_dev:/home/fourdds/ws/install/cv_bridge:${AMENT_PREFIX_PATH} CMAKE_PREFIX_PATH=/home/fourdds/ws/install/gazebo_ros:/home/fourdds/ws/install/gazebo_msgs:/home/fourdds/ws/install/gazebo_dev:/home/fourdds/ws/install/cv_bridge:/home/fourdds/ros2_ws/install/target_detection:/home/fourdds/ros2_ws/install/stigmergy_map:/home/fourdds/ros2_ws/install/px4_ros_com:/home/fourdds/ros2_ws/install/px4_msgs:/home/fourdds/ros2_ws/install/obstacle_avoidance:/home/fourdds/ros2_ws/install/parameters:/home/fourdds/ros2_ws/install/fdds_messages:/home/fourdds/ros2_ws/install/drone:/home/fourdds/ros2_ws/install/base_station:/home/fourdds/ros2_ws/install/analysis:/opt/ros/humble LD_LIBRARY_PATH=/home/fourdds/ws/install/gazebo_ros/lib:/home/fourdds/ws/install/gazebo_msgs/lib:/home/fourdds/ws/install/cv_bridge/lib:${LD_LIBRARY_PATH} PYTHONPATH=/home/fourdds/ws/install/gazebo_ros/local/lib/python3.10/dist-packages:/home/fourdds/ws/install/gazebo_msgs/local/lib/python3.10/dist-packages:/home/fourdds/ws/install/cv_bridge/local/lib/python3.10/dist-packages:${PYTHONPATH} /usr/bin/cmake --build /home/fourdds/ws/build/gazebo_plugins -- -j24 -l24
[1.233s] [35m[1mConsolidate compiler generated dependencies of target gazebo_ros_force[0m
[1.234s] [35m[1mConsolidate compiler generated dependencies of target gazebo_ros_diff_drive[0m
[1.234s] [35m[1mConsolidate compiler generated dependencies of target multi_camera_plugin[0m
[1.235s] [35m[1mConsolidate compiler generated dependencies of target gazebo_ros_gps_sensor[0m
[1.235s] [35m[1mConsolidate compiler generated dependencies of target gazebo_ros_template[0m
[1.236s] [35m[1mConsolidate compiler generated dependencies of target gazebo_ros_joint_state_publisher[0m
[1.236s] [35m[1mConsolidate compiler generated dependencies of target gazebo_ros_imu_sensor[0m
[1.237s] [35m[1mConsolidate compiler generated dependencies of target gazebo_ros_tricycle_drive[0m
[1.237s] [35m[1mConsolidate compiler generated dependencies of target gazebo_ros_p3d[0m
[1.238s] [35m[1mConsolidate compiler generated dependencies of target gazebo_ros_ray_sensor[0m
[1.239s] [35m[1mConsolidate compiler generated dependencies of target gazebo_ros_bumper[0m
[1.240s] [35m[1mConsolidate compiler generated dependencies of target gazebo_ros_video[0m
[1.240s] [35m[1mConsolidate compiler generated dependencies of target gazebo_ros_ft_sensor[0m
[1.240s] [35m[1mConsolidate compiler generated dependencies of target gazebo_ros_harness[0m
[1.241s] [35m[1mConsolidate compiler generated dependencies of target gazebo_ros_elevator[0m
[1.241s] [35m[1mConsolidate compiler generated dependencies of target gazebo_ros_hand_of_god[0m
[1.243s] [35m[1mConsolidate compiler generated dependencies of target gazebo_ros_ackermann_drive[0m
[1.243s] [35m[1mConsolidate compiler generated dependencies of target gazebo_ros_vacuum_gripper[0m
[1.246s] [35m[1mConsolidate compiler generated dependencies of target gtest_main[0m
[1.246s] [35m[1mConsolidate compiler generated dependencies of target gtest[0m
[1.248s] [35m[1mConsolidate compiler generated dependencies of target gazebo_ros_wheel_slip[0m
[1.251s] [35m[1mConsolidate compiler generated dependencies of target gazebo_ros_joint_pose_trajectory[0m
[1.254s] [35m[1mConsolidate compiler generated dependencies of target gazebo_ros_planar_move[0m
[1.257s] [35m[1mConsolidate compiler generated dependencies of target gazebo_ros_projector[0m
[1.258s] [  1%] [32mBuilding CXX object gtest/CMakeFiles/gtest_main.dir/src/gtest_main.cc.o[0m
[1.278s] [  2%] [32mBuilding CXX object CMakeFiles/gazebo_ros_template.dir/src/gazebo_ros_template.cpp.o[0m
[1.278s] [  3%] [32mBuilding CXX object gtest/CMakeFiles/gtest.dir/src/gtest-all.cc.o[0m
[1.281s] [  4%] [32mBuilding CXX object CMakeFiles/gazebo_ros_force.dir/src/gazebo_ros_force.cpp.o[0m
[1.287s] [  6%] [32mBuilding CXX object CMakeFiles/gazebo_ros_gps_sensor.dir/src/gazebo_ros_gps_sensor.cpp.o[0m
[1.287s] [  6%] [32mBuilding CXX object CMakeFiles/gazebo_ros_elevator.dir/src/gazebo_ros_elevator.cpp.o[0m
[1.287s] [  8%] [32mBuilding CXX object CMakeFiles/gazebo_ros_joint_state_publisher.dir/src/gazebo_ros_joint_state_publisher.cpp.o[0m
[1.287s] [  9%] [32mBuilding CXX object CMakeFiles/gazebo_ros_ft_sensor.dir/src/gazebo_ros_ft_sensor.cpp.o[0m
[1.288s] [ 10%] [32mBuilding CXX object CMakeFiles/gazebo_ros_imu_sensor.dir/src/gazebo_ros_imu_sensor.cpp.o[0m
[1.289s] [ 12%] [32mBuilding CXX object CMakeFiles/gazebo_ros_diff_drive.dir/src/gazebo_ros_diff_drive.cpp.o[0m
[1.289s] [ 12%] [32mBuilding CXX object CMakeFiles/gazebo_ros_tricycle_drive.dir/src/gazebo_ros_tricycle_drive.cpp.o[0m
[1.292s] [ 13%] [32mBuilding CXX object CMakeFiles/gazebo_ros_bumper.dir/src/gazebo_ros_bumper.cpp.o[0m
[1.292s] [ 15%] [32mBuilding CXX object CMakeFiles/gazebo_ros_hand_of_god.dir/src/gazebo_ros_hand_of_god.cpp.o[0m
[1.292s] [ 16%] [32mBuilding CXX object CMakeFiles/gazebo_ros_vacuum_gripper.dir/src/gazebo_ros_vacuum_gripper.cpp.o[0m
[1.292s] [ 17%] [32mBuilding CXX object CMakeFiles/gazebo_ros_p3d.dir/src/gazebo_ros_p3d.cpp.o[0m
[1.292s] [ 18%] [32mBuilding CXX object CMakeFiles/gazebo_ros_ackermann_drive.dir/src/gazebo_ros_ackermann_drive.cpp.o[0m
[1.292s] [ 19%] [32mBuilding CXX object CMakeFiles/gazebo_ros_harness.dir/src/gazebo_ros_harness.cpp.o[0m
[1.294s] [ 20%] [32mBuilding CXX object CMakeFiles/gazebo_ros_joint_pose_trajectory.dir/src/gazebo_ros_joint_pose_trajectory.cpp.o[0m
[1.295s] [ 22%] [32mBuilding CXX object CMakeFiles/multi_camera_plugin.dir/src/multi_camera_plugin.cpp.o[0m
[1.298s] [ 23%] [32mBuilding CXX object CMakeFiles/gazebo_ros_planar_move.dir/src/gazebo_ros_planar_move.cpp.o[0m
[1.300s] [ 24%] [32mBuilding CXX object CMakeFiles/gazebo_ros_ray_sensor.dir/src/gazebo_ros_ray_sensor.cpp.o[0m
[1.301s] [ 25%] [32mBuilding CXX object CMakeFiles/gazebo_ros_wheel_slip.dir/src/gazebo_ros_wheel_slip.cpp.o[0m
[1.304s] [ 27%] [32mBuilding CXX object CMakeFiles/gazebo_ros_video.dir/src/gazebo_ros_video.cpp.o[0m
[1.305s] [ 27%] [32mBuilding CXX object CMakeFiles/gazebo_ros_projector.dir/src/gazebo_ros_projector.cpp.o[0m
[2.106s] [ 29%] [32m[1mLinking CXX static library libgtest_main.a[0m
[2.164s] [ 29%] Built target gtest_main
[6.311s] [ 30%] [32m[1mLinking CXX static library libgtest.a[0m
[6.439s] [ 30%] Built target gtest
[6.467s] [35m[1mConsolidate compiler generated dependencies of target test_gazebo_ros_ackermann_drive[0m
[6.470s] [35m[1mConsolidate compiler generated dependencies of target test_gazebo_ros_bumper[0m
[6.538s] [ 31%] [32mBuilding CXX object test/CMakeFiles/test_gazebo_ros_ackermann_drive.dir/test_gazebo_ros_ackermann_drive.cpp.o[0m
[6.554s] [ 32%] [32mBuilding CXX object test/CMakeFiles/test_gazebo_ros_bumper.dir/test_gazebo_ros_bumper.cpp.o[0m
[21.753s] [01m[Kc++:[m[K [01;31m[Kfatal error: [m[KKilled signal terminated program cc1plus
[21.767s] compilation terminated.
[21.768s] gmake[2]: *** [CMakeFiles/gazebo_ros_gps_sensor.dir/build.make:76: CMakeFiles/gazebo_ros_gps_sensor.dir/src/gazebo_ros_gps_sensor.cpp.o] Error 1
[21.768s] gmake[1]: *** [CMakeFiles/Makefile2:432: CMakeFiles/gazebo_ros_gps_sensor.dir/all] Error 2
[21.768s] gmake[1]: *** Waiting for unfinished jobs....
[29.666s] [01m[Kc++:[m[K [01;31m[Kfatal error: [m[KKilled signal terminated program cc1plus
[29.668s] compilation terminated.
[29.676s] gmake[2]: *** [CMakeFiles/gazebo_ros_tricycle_drive.dir/build.make:76: CMakeFiles/gazebo_ros_tricycle_drive.dir/src/gazebo_ros_tricycle_drive.cpp.o] Error 1
[29.699s] gmake[1]: *** [CMakeFiles/Makefile2:510: CMakeFiles/gazebo_ros_tricycle_drive.dir/all] Error 2
[40.984s] [01m[Kc++:[m[K [01;31m[Kfatal error: [m[KKilled signal terminated program cc1plus
[40.990s] compilation terminated.
[40.991s] gmake[2]: *** [CMakeFiles/gazebo_ros_ray_sensor.dir/build.make:76: CMakeFiles/gazebo_ros_ray_sensor.dir/src/gazebo_ros_ray_sensor.cpp.o] Error 1
[41.020s] gmake[1]: *** [CMakeFiles/Makefile2:458: CMakeFiles/gazebo_ros_ray_sensor.dir/all] Error 2
[60.785s] [01m[Kc++:[m[K [01;31m[Kfatal error: [m[KKilled signal terminated program cc1plus
[60.787s] compilation terminated.
[60.794s] gmake[2]: *** [CMakeFiles/gazebo_ros_joint_pose_trajectory.dir/build.make:76: CMakeFiles/gazebo_ros_joint_pose_trajectory.dir/src/gazebo_ros_joint_pose_trajectory.cpp.o] Error 1
[60.813s] gmake[1]: *** [CMakeFiles/Makefile2:744: CMakeFiles/gazebo_ros_joint_pose_trajectory.dir/all] Error 2
[71.879s] [01m[Kc++:[m[K [01;31m[Kfatal error: [m[KKilled signal terminated program cc1plus
[71.881s] compilation terminated.
[71.892s] gmake[2]: *** [CMakeFiles/gazebo_ros_joint_state_publisher.dir/build.make:76: CMakeFiles/gazebo_ros_joint_state_publisher.dir/src/gazebo_ros_joint_state_publisher.cpp.o] Error 1
[71.915s] gmake[1]: *** [CMakeFiles/Makefile2:250: CMakeFiles/gazebo_ros_joint_state_publisher.dir/all] Error 2
[76.245s] [01m[Kc++:[m[K [01;31m[Kfatal error: [m[KKilled signal terminated program cc1plus
[76.246s] compilation terminated.
[76.256s] gmake[2]: *** [test/CMakeFiles/test_gazebo_ros_bumper.dir/build.make:76: test/CMakeFiles/test_gazebo_ros_bumper.dir/test_gazebo_ros_bumper.cpp.o] Error 1
[76.280s] gmake[1]: *** [CMakeFiles/Makefile2:876: test/CMakeFiles/test_gazebo_ros_bumper.dir/all] Error 2
[80.806s] [ 33%] [32m[1mLinking CXX shared library libgazebo_ros_hand_of_god.so[0m
[80.829s] [ 34%] [32m[1mLinking CXX shared library libgazebo_ros_elevator.so[0m
[81.952s] [ 34%] Built target gazebo_ros_hand_of_god
[82.040s] [ 34%] Built target gazebo_ros_elevator
[84.601s] [ 36%] [32m[1mLinking CXX shared library libgazebo_ros_ft_sensor.so[0m
[85.588s] [ 36%] Built target gazebo_ros_ft_sensor
[88.801s] [ 37%] [32m[1mLinking CXX shared library libgazebo_ros_template.so[0m
[88.931s] [ 38%] [32m[1mLinking CXX shared library libgazebo_ros_diff_drive.so[0m
[88.991s] [ 39%] [32m[1mLinking CXX shared library libgazebo_ros_p3d.so[0m
[89.874s] [ 39%] Built target gazebo_ros_template
[90.219s] [ 39%] Built target gazebo_ros_p3d
[90.331s] [ 40%] [32m[1mLinking CXX shared library libgazebo_ros_bumper.so[0m
[90.462s] [ 41%] [32m[1mLinking CXX shared library libgazebo_ros_vacuum_gripper.so[0m
[90.994s] [ 41%] Built target gazebo_ros_diff_drive
[91.342s] [ 41%] Built target gazebo_ros_vacuum_gripper
[91.390s] [ 43%] [32m[1mLinking CXX shared library libgazebo_ros_planar_move.so[0m
[91.462s] [ 43%] Built target gazebo_ros_bumper
[92.074s] [ 44%] [32m[1mLinking CXX shared library libgazebo_ros_imu_sensor.so[0m
[92.448s] [ 44%] Built target gazebo_ros_planar_move
[92.527s] [ 44%] Built target gazebo_ros_imu_sensor
[93.068s] [ 45%] [32m[1mLinking CXX shared library libgazebo_ros_force.so[0m
[93.654s] [ 45%] Built target gazebo_ros_force
[93.802s] [ 46%] [32m[1mLinking CXX shared library libmulti_camera_plugin.so[0m
[93.974s] [ 46%] Built target multi_camera_plugin
[95.038s] [ 47%] [32m[1mLinking CXX shared library libgazebo_ros_projector.so[0m
[95.590s] [ 47%] Built target gazebo_ros_projector
[96.628s] [ 48%] [32m[1mLinking CXX shared library libgazebo_ros_wheel_slip.so[0m
[96.864s] [ 50%] [32m[1mLinking CXX shared library libgazebo_ros_ackermann_drive.so[0m
[97.266s] [ 50%] Built target gazebo_ros_wheel_slip
[97.546s] [ 50%] Built target gazebo_ros_ackermann_drive
[97.858s] [ 51%] [32m[1mLinking CXX shared library libgazebo_ros_harness.so[0m
[98.378s] [ 51%] Built target gazebo_ros_harness
[105.058s] [ 52%] [32m[1mLinking CXX shared library libgazebo_ros_video.so[0m
[105.549s] [ 52%] Built target gazebo_ros_video
[105.712s] [ 53%] [32m[1mLinking CXX executable test_gazebo_ros_ackermann_drive[0m
[107.000s] [ 53%] Built target test_gazebo_ros_ackermann_drive
[107.004s] gmake: *** [Makefile:146: all] Error 2
[107.051s] Invoked command in '/home/fourdds/ws/build/gazebo_plugins' returned '2': AMENT_PREFIX_PATH=/home/fourdds/ws/install/gazebo_ros:/home/fourdds/ws/install/gazebo_msgs:/home/fourdds/ws/install/gazebo_dev:/home/fourdds/ws/install/cv_bridge:${AMENT_PREFIX_PATH} CMAKE_PREFIX_PATH=/home/fourdds/ws/install/gazebo_ros:/home/fourdds/ws/install/gazebo_msgs:/home/fourdds/ws/install/gazebo_dev:/home/fourdds/ws/install/cv_bridge:/home/fourdds/ros2_ws/install/target_detection:/home/fourdds/ros2_ws/install/stigmergy_map:/home/fourdds/ros2_ws/install/px4_ros_com:/home/fourdds/ros2_ws/install/px4_msgs:/home/fourdds/ros2_ws/install/obstacle_avoidance:/home/fourdds/ros2_ws/install/parameters:/home/fourdds/ros2_ws/install/fdds_messages:/home/fourdds/ros2_ws/install/drone:/home/fourdds/ros2_ws/install/base_station:/home/fourdds/ros2_ws/install/analysis:/opt/ros/humble LD_LIBRARY_PATH=/home/fourdds/ws/install/gazebo_ros/lib:/home/fourdds/ws/install/gazebo_msgs/lib:/home/fourdds/ws/install/cv_bridge/lib:${LD_LIBRARY_PATH} PYTHONPATH=/home/fourdds/ws/install/gazebo_ros/local/lib/python3.10/dist-packages:/home/fourdds/ws/install/gazebo_msgs/local/lib/python3.10/dist-packages:/home/fourdds/ws/install/cv_bridge/local/lib/python3.10/dist-packages:${PYTHONPATH} /usr/bin/cmake --build /home/fourdds/ws/build/gazebo_plugins -- -j24 -l24
