-- Found ament_cmake: 1.3.9 (/opt/ros/humble/share/ament_cmake/cmake)
-- Found builtin_interfaces: 1.2.1 (/opt/ros/humble/share/builtin_interfaces/cmake)
-- Found rosidl_generator_c: 3.1.5 (/opt/ros/humble/share/rosidl_generator_c/cmake)
-- Found rosidl_adapter: 3.1.5 (/opt/ros/humble/share/rosidl_adapter/cmake)
-- Found rosidl_generator_cpp: 3.1.5 (/opt/ros/humble/share/rosidl_generator_cpp/cmake)
-- Using all available rosidl_typesupport_c: rosidl_typesupport_fastrtps_c;rosidl_typesupport_introspection_c
-- Using all available rosidl_typesupport_cpp: rosidl_typesupport_fastrtps_cpp;rosidl_typesupport_introspection_cpp
-- Found eigen3_cmake_module: 0.1.1 (/opt/ros/humble/share/eigen3_cmake_module/cmake)
-- Found px4_msgs: 2.0.1 (/home/fourdds/ros2_ws/install/px4_msgs/share/px4_msgs/cmake)
-- Found rclcpp: 16.0.9 (/opt/ros/humble/share/rclcpp/cmake)
-- Found rmw_implementation_cmake: 6.1.2 (/opt/ros/humble/share/rmw_implementation_cmake/cmake)
-- Found rmw_fastrtps_cpp: 6.2.6 (/opt/ros/humble/share/rmw_fastrtps_cpp/cmake)
-- Found OpenSSL: /usr/lib/x86_64-linux-gnu/libcrypto.so (found version "3.0.2")  
-- Found FastRTPS: /opt/ros/humble/include  
-- Using RMW implementation 'rmw_fastrtps_cpp' as default
-- Looking for pthread.h
-- Looking for pthread.h - found
-- Performing Test CMAKE_HAVE_LIBC_PTHREAD
-- Performing Test CMAKE_HAVE_LIBC_PTHREAD - Success
-- Found Threads: TRUE  
-- Found sensor_msgs: 4.2.4 (/opt/ros/humble/share/sensor_msgs/cmake)
-- Found OpenCV: /usr (found version "4.5.4") 
-- Found obstacle_avoidance: 0.0.0 (/home/fourdds/ros2_ws/install/obstacle_avoidance/share/obstacle_avoidance/cmake)
-- Found target_detection: 0.0.0 (/home/fourdds/ros2_ws/install/target_detection/share/target_detection/cmake)
-- Found parameters: 0.0.0 (/home/fourdds/ros2_ws/install/parameters/share/parameters/cmake)
-- Found fdds_messages: 0.0.0 (/home/fourdds/ros2_ws/install/fdds_messages/share/fdds_messages/cmake)
-- Found cv_bridge: 3.2.1 (/home/fourdds/ws/install/cv_bridge/share/cv_bridge/cmake)
-- Found image_transport: 3.1.9 (/opt/ros/humble/share/image_transport/cmake)
-- Found ament_lint_auto: 0.12.11 (/opt/ros/humble/share/ament_lint_auto/cmake)
-- Added test 'cppcheck' to perform static code analysis on C / C++ code
-- Configured cppcheck include dirs: $<BUILD_INTERFACE:/home/fourdds/ros2_ws/src/drone/include>
-- Configured cppcheck exclude dirs and/or files: 
-- Added test 'lint_cmake' to check CMake code style
-- Added test 'uncrustify' to check C / C++ code style
-- Configured uncrustify additional arguments: 
-- Added test 'xmllint' to check XML markup files
-- Configuring done
-- Generating done
-- Build files have been written to: /home/fourdds/ros2_ws/build/drone
[ 66%] [32mBuilding CXX object CMakeFiles/Drone.dir/src/main.cpp.o[0m
[ 66%] [32mBuilding CXX object CMakeFiles/Drone.dir/src/Drone.cpp.o[0m
[01m[K/home/fourdds/ros2_ws/src/drone/src/Drone.cpp:[m[K In member function â€˜[01m[Kvoid fdds::Drone::flockingLogic()[m[Kâ€™:
[01m[K/home/fourdds/ros2_ws/src/drone/src/Drone.cpp:188:40:[m[K [01;35m[Kwarning: [m[Knarrowing conversion of â€˜[01m[K((fdds::Drone*)this)->fdds::Drone::yawRadians[m[Kâ€™ from â€˜[01m[Kdouble[m[Kâ€™ to â€˜[01m[KEigen::Rotation2D<float>::Scalar[m[Kâ€™ {aka â€˜[01m[Kfloat[m[Kâ€™} [[01;35m[K]8;;https://gcc.gnu.org/onlinedocs/gcc/Warning-Options.html#index-Wnarrowing-Wnarrowing]8;;[m[K]
  188 |     Eigen::Rotation2Df rotation_matrix{[01;35m[KyawRadians[m[K};
      |                                        [01;35m[K^~~~~~~~~~[m[K
[100%] [32m[1mLinking CXX executable Drone[0m
/usr/bin/ld: /home/fourdds/ros2_ws/install/target_detection/lib/libTargetDetection.a(TargetDetection.cpp.o): in function `fdds::TargetDetection::tick()':
TargetDetection.cpp:(.text+0x4a3): undefined reference to `cv_bridge::toCvCopy(std::shared_ptr<sensor_msgs::msg::Image_<std::allocator<void> > const> const&, std::__cxx11::basic_string<char, std::char_traits<char>, std::allocator<char> > const&)'
collect2: error: ld returned 1 exit status
gmake[2]: *** [CMakeFiles/Drone.dir/build.make:267: Drone] Error 1
gmake[1]: *** [CMakeFiles/Makefile2:137: CMakeFiles/Drone.dir/all] Error 2
gmake: *** [Makefile:146: all] Error 2
