[0.009s] Invoking command in '/home/fourdds/ros2_ws/build/drone': CMAKE_PREFIX_PATH=${CMAKE_PREFIX_PATH}:/home/fourdds/ros2_ws/install/analysis:/home/fourdds/ws/install/opencv_tests:/opt/ros/humble /usr/bin/cmake /home/fourdds/ros2_ws/src/drone -DCMAKE_INSTALL_PREFIX=/home/fourdds/ros2_ws/install/drone
[0.016s] -- Found ament_cmake: 1.3.9 (/opt/ros/humble/share/ament_cmake/cmake)
[0.103s] -- Found builtin_interfaces: 1.2.1 (/opt/ros/humble/share/builtin_interfaces/cmake)
[0.186s] -- Found rosidl_generator_c: 3.1.5 (/opt/ros/humble/share/rosidl_generator_c/cmake)
[0.188s] -- Found rosidl_adapter: 3.1.5 (/opt/ros/humble/share/rosidl_adapter/cmake)
[0.191s] -- Found rosidl_generator_cpp: 3.1.5 (/opt/ros/humble/share/rosidl_generator_cpp/cmake)
[0.199s] -- Using all available rosidl_typesupport_c: rosidl_typesupport_fastrtps_c;rosidl_typesupport_introspection_c
[0.208s] -- Using all available rosidl_typesupport_cpp: rosidl_typesupport_fastrtps_cpp;rosidl_typesupport_introspection_cpp
[0.218s] -- Found eigen3_cmake_module: 0.1.1 (/opt/ros/humble/share/eigen3_cmake_module/cmake)
[0.219s] -- Found px4_msgs: 2.0.1 (/home/fourdds/ros2_ws/install/px4_msgs/share/px4_msgs/cmake)
[0.241s] -- Found rclcpp: 16.0.9 (/opt/ros/humble/share/rclcpp/cmake)
[0.283s] -- Found rmw_implementation_cmake: 6.1.2 (/opt/ros/humble/share/rmw_implementation_cmake/cmake)
[0.285s] -- Found rmw_fastrtps_cpp: 6.2.6 (/opt/ros/humble/share/rmw_fastrtps_cpp/cmake)
[0.949s] -- Found OpenSSL: /usr/lib/x86_64-linux-gnu/libcrypto.so (found version "3.0.2")  
[1.638s] -- Found FastRTPS: /opt/ros/humble/include  
[2.947s] -- Using RMW implementation 'rmw_fastrtps_cpp' as default
[2.954s] -- Looking for pthread.h
[3.025s] -- Looking for pthread.h - found
[3.025s] -- Performing Test CMAKE_HAVE_LIBC_PTHREAD
[3.097s] -- Performing Test CMAKE_HAVE_LIBC_PTHREAD - Success
[3.097s] -- Found Threads: TRUE  
[3.194s] -- Found sensor_msgs: 4.2.4 (/opt/ros/humble/share/sensor_msgs/cmake)
[3.274s] -- Found OpenCV: /usr (found version "4.5.4") 
[3.275s] -- Found obstacle_avoidance: 0.0.0 (/home/fourdds/ros2_ws/install/obstacle_avoidance/share/obstacle_avoidance/cmake)
[3.276s] -- Found target_detection: 0.0.0 (/home/fourdds/ros2_ws/install/target_detection/share/target_detection/cmake)
[3.277s] -- Found parameters: 0.0.0 (/home/fourdds/ros2_ws/install/parameters/share/parameters/cmake)
[3.278s] -- Found fdds_messages: 0.0.0 (/home/fourdds/ros2_ws/install/fdds_messages/share/fdds_messages/cmake)
[3.288s] -- Found cv_bridge: 3.2.1 (/home/fourdds/ws/install/cv_bridge/share/cv_bridge/cmake)
[3.293s] -- Found image_transport: 3.1.9 (/opt/ros/humble/share/image_transport/cmake)
[3.978s] -- Found ament_lint_auto: 0.12.11 (/opt/ros/humble/share/ament_lint_auto/cmake)
[4.034s] -- Added test 'cppcheck' to perform static code analysis on C / C++ code
[4.034s] -- Configured cppcheck include dirs: $<BUILD_INTERFACE:/home/fourdds/ros2_ws/src/drone/include>
[4.034s] -- Configured cppcheck exclude dirs and/or files: 
[4.035s] -- Added test 'lint_cmake' to check CMake code style
[4.035s] -- Added test 'uncrustify' to check C / C++ code style
[4.035s] -- Configured uncrustify additional arguments: 
[4.036s] -- Added test 'xmllint' to check XML markup files
[4.037s] -- Configuring done
[4.047s] -- Generating done
[4.048s] -- Build files have been written to: /home/fourdds/ros2_ws/build/drone
[4.056s] Invoked command in '/home/fourdds/ros2_ws/build/drone' returned '0': CMAKE_PREFIX_PATH=${CMAKE_PREFIX_PATH}:/home/fourdds/ros2_ws/install/analysis:/home/fourdds/ws/install/opencv_tests:/opt/ros/humble /usr/bin/cmake /home/fourdds/ros2_ws/src/drone -DCMAKE_INSTALL_PREFIX=/home/fourdds/ros2_ws/install/drone
[4.057s] Invoking command in '/home/fourdds/ros2_ws/build/drone': CMAKE_PREFIX_PATH=${CMAKE_PREFIX_PATH}:/home/fourdds/ros2_ws/install/analysis:/home/fourdds/ws/install/opencv_tests:/opt/ros/humble /usr/bin/cmake --build /home/fourdds/ros2_ws/build/drone -- -j24 -l24
[4.087s] [ 66%] [32mBuilding CXX object CMakeFiles/Drone.dir/src/main.cpp.o[0m
[4.088s] [ 66%] [32mBuilding CXX object CMakeFiles/Drone.dir/src/Drone.cpp.o[0m
[7.367s] [01m[K/home/fourdds/ros2_ws/src/drone/src/Drone.cpp:[m[K In member function â€˜[01m[Kvoid fdds::Drone::flockingLogic()[m[Kâ€™:
[7.367s] [01m[K/home/fourdds/ros2_ws/src/drone/src/Drone.cpp:188:40:[m[K [01;35m[Kwarning: [m[Knarrowing conversion of â€˜[01m[K((fdds::Drone*)this)->fdds::Drone::yawRadians[m[Kâ€™ from â€˜[01m[Kdouble[m[Kâ€™ to â€˜[01m[KEigen::Rotation2D<float>::Scalar[m[Kâ€™ {aka â€˜[01m[Kfloat[m[Kâ€™} [[01;35m[K]8;;https://gcc.gnu.org/onlinedocs/gcc/Warning-Options.html#index-Wnarrowing-Wnarrowing]8;;[m[K]
[7.367s]   188 |     Eigen::Rotation2Df rotation_matrix{[01;35m[KyawRadians[m[K};
[7.367s]       |                                        [01;35m[K^~~~~~~~~~[m[K
[23.282s] [100%] [32m[1mLinking CXX executable Drone[0m
[23.519s] /usr/bin/ld: /home/fourdds/ros2_ws/install/target_detection/lib/libTargetDetection.a(TargetDetection.cpp.o): in function `fdds::TargetDetection::tick()':
[23.519s] TargetDetection.cpp:(.text+0x4a3): undefined reference to `cv_bridge::toCvCopy(std::shared_ptr<sensor_msgs::msg::Image_<std::allocator<void> > const> const&, std::__cxx11::basic_string<char, std::char_traits<char>, std::allocator<char> > const&)'
[23.532s] collect2: error: ld returned 1 exit status
[23.533s] gmake[2]: *** [CMakeFiles/Drone.dir/build.make:267: Drone] Error 1
[23.533s] gmake[1]: *** [CMakeFiles/Makefile2:137: CMakeFiles/Drone.dir/all] Error 2
[23.533s] gmake: *** [Makefile:146: all] Error 2
[23.535s] Invoked command in '/home/fourdds/ros2_ws/build/drone' returned '2': CMAKE_PREFIX_PATH=${CMAKE_PREFIX_PATH}:/home/fourdds/ros2_ws/install/analysis:/home/fourdds/ws/install/opencv_tests:/opt/ros/humble /usr/bin/cmake --build /home/fourdds/ros2_ws/build/drone -- -j24 -l24
