[35m[1mConsolidate compiler generated dependencies of target gazebo_ros_force[0m
[35m[1mConsolidate compiler generated dependencies of target gazebo_ros_template[0m
[35m[1mConsolidate compiler generated dependencies of target multi_camera_plugin[0m
[35m[1mConsolidate compiler generated dependencies of target gazebo_ros_diff_drive[0m
[35m[1mConsolidate compiler generated dependencies of target gazebo_ros_imu_sensor[0m
[35m[1mConsolidate compiler generated dependencies of target gazebo_ros_p3d[0m
[35m[1mConsolidate compiler generated dependencies of target gtest_main[0m
[35m[1mConsolidate compiler generated dependencies of target gtest[0m
[35m[1mConsolidate compiler generated dependencies of target gazebo_ros_harness[0m
[35m[1mConsolidate compiler generated dependencies of target gazebo_ros_vacuum_gripper[0m
[35m[1mConsolidate compiler generated dependencies of target gazebo_ros_elevator[0m
[35m[1mConsolidate compiler generated dependencies of target gazebo_ros_ft_sensor[0m
[35m[1mConsolidate compiler generated dependencies of target gazebo_ros_video[0m
[35m[1mConsolidate compiler generated dependencies of target gazebo_ros_ackermann_drive[0m
[35m[1mConsolidate compiler generated dependencies of target gazebo_ros_bumper[0m
[35m[1mConsolidate compiler generated dependencies of target gazebo_ros_planar_move[0m
[35m[1mConsolidate compiler generated dependencies of target gazebo_ros_hand_of_god[0m
[35m[1mConsolidate compiler generated dependencies of target gazebo_ros_wheel_slip[0m
[35m[1mConsolidate compiler generated dependencies of target gazebo_ros_projector[0m
[  2%] Built target gtest
[  4%] Built target gtest_main
[35m[1mConsolidate compiler generated dependencies of target test_gazebo_ros_ackermann_drive[0m
[  6%] Built target gazebo_ros_elevator
[  9%] Built target gazebo_ros_template
[ 10%] [32mBuilding CXX object CMakeFiles/gazebo_ros_joint_state_publisher.dir/src/gazebo_ros_joint_state_publisher.cpp.o[0m
[ 11%] [32mBuilding CXX object CMakeFiles/gazebo_ros_joint_pose_trajectory.dir/src/gazebo_ros_joint_pose_trajectory.cpp.o[0m
[ 18%] Built target gazebo_ros_harness
[ 17%] Built target gazebo_ros_force
[ 19%] Built target gazebo_ros_bumper
[ 22%] Built target gazebo_ros_ft_sensor
[ 22%] [32mBuilding CXX object CMakeFiles/gazebo_ros_gps_sensor.dir/src/gazebo_ros_gps_sensor.cpp.o[0m
[ 24%] Built target gazebo_ros_vacuum_gripper
[ 26%] Built target gazebo_ros_imu_sensor
[ 29%] [32mBuilding CXX object CMakeFiles/gazebo_ros_tricycle_drive.dir/src/gazebo_ros_tricycle_drive.cpp.o[0m
[ 30%] Built target gazebo_ros_ackermann_drive
[ 32%] Built target gazebo_ros_planar_move
[ 37%] Built target gazebo_ros_p3d
[ 37%] Built target gazebo_ros_hand_of_god
[ 39%] Built target gazebo_ros_diff_drive
[35m[1mConsolidate compiler generated dependencies of target test_gazebo_ros_elevator[0m
[35m[1mConsolidate compiler generated dependencies of target test_gazebo_ros_diff_drive[0m
[35m[1mConsolidate compiler generated dependencies of target test_gazebo_ros_harness[0m
[35m[1mConsolidate compiler generated dependencies of target test_gazebo_ros_force[0m
[35m[1mConsolidate compiler generated dependencies of target test_gazebo_ros_imu_sensor[0m
[35m[1mConsolidate compiler generated dependencies of target test_gazebo_ros_ft_sensor[0m
[35m[1mConsolidate compiler generated dependencies of target test_gazebo_ros_hand_of_god[0m
[35m[1mConsolidate compiler generated dependencies of target test_gazebo_ros_gps_sensor[0m
[35m[1mConsolidate compiler generated dependencies of target test_gazebo_ros_planar_move[0m
[35m[1mConsolidate compiler generated dependencies of target test_gazebo_ros_joint_state_publisher[0m
[35m[1mConsolidate compiler generated dependencies of target test_gazebo_ros_joint_pose_trajectory[0m
[35m[1mConsolidate compiler generated dependencies of target test_gazebo_ros_ray_sensor[0m
[35m[1mConsolidate compiler generated dependencies of target test_gazebo_ros_p3d[0m
[ 41%] Built target gazebo_ros_wheel_slip
[ 44%] Built target gazebo_ros_projector
[ 45%] [32mBuilding CXX object CMakeFiles/gazebo_ros_ray_sensor.dir/src/gazebo_ros_ray_sensor.cpp.o[0m
[ 47%] Built target gazebo_ros_video
[ 50%] Built target multi_camera_plugin
[ 51%] [32mBuilding CXX object test/CMakeFiles/test_gazebo_ros_bumper.dir/test_gazebo_ros_bumper.cpp.o[0m
[ 53%] Built target test_gazebo_ros_ackermann_drive
[35m[1mConsolidate compiler generated dependencies of target test_gazebo_ros_tricycle_drive[0m
[35m[1mConsolidate compiler generated dependencies of target test_gazebo_ros_vacuum_gripper[0m
[35m[1mConsolidate compiler generated dependencies of target test_gazebo_ros_wheelslip[0m
[35m[1mConsolidate compiler generated dependencies of target gazebo_ros_camera[0m
[ 54%] [32mBuilding CXX object test/CMakeFiles/test_gazebo_ros_elevator.dir/test_gazebo_ros_elevator.cpp.o[0m
[ 55%] [32mBuilding CXX object test/CMakeFiles/test_gazebo_ros_diff_drive.dir/test_gazebo_ros_diff_drive.cpp.o[0m
[ 58%] [32mBuilding CXX object test/CMakeFiles/test_gazebo_ros_harness.dir/test_gazebo_ros_harness.cpp.o[0m
[ 58%] [32mBuilding CXX object test/CMakeFiles/test_gazebo_ros_force.dir/test_gazebo_ros_force.cpp.o[0m
[ 60%] [32mBuilding CXX object test/CMakeFiles/test_gazebo_ros_hand_of_god.dir/test_gazebo_ros_hand_of_god.cpp.o[0m
[ 60%] [32mBuilding CXX object test/CMakeFiles/test_gazebo_ros_gps_sensor.dir/test_gazebo_ros_gps_sensor.cpp.o[0m
[ 61%] [32mBuilding CXX object test/CMakeFiles/test_gazebo_ros_imu_sensor.dir/test_gazebo_ros_imu_sensor.cpp.o[0m
[ 63%] [32mBuilding CXX object test/CMakeFiles/test_gazebo_ros_ft_sensor.dir/test_gazebo_ros_ft_sensor.cpp.o[0m
[ 63%] [32mBuilding CXX object test/CMakeFiles/test_gazebo_ros_joint_state_publisher.dir/test_gazebo_ros_joint_state_publisher.cpp.o[0m
[ 65%] [32mBuilding CXX object test/CMakeFiles/test_gazebo_ros_p3d.dir/test_gazebo_ros_p3d.cpp.o[0m
[ 66%] [32mBuilding CXX object test/CMakeFiles/test_gazebo_ros_ray_sensor.dir/test_gazebo_ros_ray_sensor.cpp.o[0m
[ 68%] [32mBuilding CXX object test/CMakeFiles/test_gazebo_ros_planar_move.dir/test_gazebo_ros_planar_move.cpp.o[0m
[ 68%] [32mBuilding CXX object test/CMakeFiles/test_gazebo_ros_joint_pose_trajectory.dir/test_gazebo_ros_joint_pose_trajectory.cpp.o[0m
[ 69%] [32mBuilding CXX object test/CMakeFiles/test_gazebo_ros_tricycle_drive.dir/test_gazebo_ros_tricycle_drive.cpp.o[0m
[ 72%] [32mBuilding CXX object test/CMakeFiles/test_gazebo_ros_wheelslip.dir/test_gazebo_ros_wheelslip.cpp.o[0m
[ 72%] [32mBuilding CXX object test/CMakeFiles/test_gazebo_ros_vacuum_gripper.dir/test_gazebo_ros_vacuum_gripper.cpp.o[0m
[ 73%] [32mBuilding CXX object CMakeFiles/gazebo_ros_camera.dir/src/gazebo_ros_camera.cpp.o[0m
[01m[Kc++:[m[K [01;31m[Kfatal error: [m[KKilled signal terminated program cc1plus
compilation terminated.
gmake[2]: *** [CMakeFiles/gazebo_ros_ray_sensor.dir/build.make:76: CMakeFiles/gazebo_ros_ray_sensor.dir/src/gazebo_ros_ray_sensor.cpp.o] Error 1
gmake[1]: *** [CMakeFiles/Makefile2:458: CMakeFiles/gazebo_ros_ray_sensor.dir/all] Error 2
gmake[1]: *** Waiting for unfinished jobs....
[01m[Kc++:[m[K [01;31m[Kfatal error: [m[KKilled signal terminated program cc1plus
compilation terminated.
gmake[2]: *** [CMakeFiles/gazebo_ros_camera.dir/build.make:76: CMakeFiles/gazebo_ros_camera.dir/src/gazebo_ros_camera.cpp.o] Error 1
gmake[1]: *** [CMakeFiles/Makefile2:380: CMakeFiles/gazebo_ros_camera.dir/all] Error 2
[01m[Kc++:[m[K [01;31m[Kfatal error: [m[KKilled signal terminated program cc1plus
compilation terminated.
gmake[2]: *** [CMakeFiles/gazebo_ros_joint_pose_trajectory.dir/build.make:76: CMakeFiles/gazebo_ros_joint_pose_trajectory.dir/src/gazebo_ros_joint_pose_trajectory.cpp.o] Error 1
gmake[1]: *** [CMakeFiles/Makefile2:744: CMakeFiles/gazebo_ros_joint_pose_trajectory.dir/all] Error 2
[01m[Kc++:[m[K [01;31m[Kfatal error: [m[KKilled signal terminated program cc1plus
compilation terminated.
gmake[2]: *** [test/CMakeFiles/test_gazebo_ros_elevator.dir/build.make:76: test/CMakeFiles/test_gazebo_ros_elevator.dir/test_gazebo_ros_elevator.cpp.o] Error 1
gmake[1]: *** [CMakeFiles/Makefile2:930: test/CMakeFiles/test_gazebo_ros_elevator.dir/all] Error 2
[01m[Kc++:[m[K [01;31m[Kfatal error: [m[KKilled signal terminated program cc1plus
compilation terminated.
gmake[2]: *** [test/CMakeFiles/test_gazebo_ros_hand_of_god.dir/build.make:76: test/CMakeFiles/test_gazebo_ros_hand_of_god.dir/test_gazebo_ros_hand_of_god.cpp.o] Error 1
gmake[1]: *** [CMakeFiles/Makefile2:1011: test/CMakeFiles/test_gazebo_ros_hand_of_god.dir/all] Error 2
[01m[Kc++:[m[K [01;31m[Kfatal error: [m[KKilled signal terminated program cc1plus
compilation terminated.
gmake[2]: *** [test/CMakeFiles/test_gazebo_ros_tricycle_drive.dir/build.make:76: test/CMakeFiles/test_gazebo_ros_tricycle_drive.dir/test_gazebo_ros_tricycle_drive.cpp.o] Error 1
gmake[1]: *** [CMakeFiles/Makefile2:1254: test/CMakeFiles/test_gazebo_ros_tricycle_drive.dir/all] Error 2
[ 74%] [32m[1mLinking CXX shared library libgazebo_ros_gps_sensor.so[0m
[ 74%] Built target gazebo_ros_gps_sensor
[01m[Kc++:[m[K [01;31m[Kfatal error: [m[KKilled signal terminated program cc1plus
compilation terminated.
gmake[2]: *** [test/CMakeFiles/test_gazebo_ros_ft_sensor.dir/build.make:76: test/CMakeFiles/test_gazebo_ros_ft_sensor.dir/test_gazebo_ros_ft_sensor.cpp.o] Error 1
gmake[1]: *** [CMakeFiles/Makefile2:984: test/CMakeFiles/test_gazebo_ros_ft_sensor.dir/all] Error 2
[ 75%] [32m[1mLinking CXX shared library libgazebo_ros_joint_state_publisher.so[0m
[ 75%] Built target gazebo_ros_joint_state_publisher
[01m[Kc++:[m[K [01;31m[Kfatal error: [m[KKilled signal terminated program cc1plus
compilation terminated.
gmake[2]: *** [test/CMakeFiles/test_gazebo_ros_p3d.dir/build.make:76: test/CMakeFiles/test_gazebo_ros_p3d.dir/test_gazebo_ros_p3d.cpp.o] Error 1
gmake[1]: *** [CMakeFiles/Makefile2:1173: test/CMakeFiles/test_gazebo_ros_p3d.dir/all] Error 2
[ 76%] [32m[1mLinking CXX shared library libgazebo_ros_tricycle_drive.so[0m
[ 76%] Built target gazebo_ros_tricycle_drive
[01m[Kc++:[m[K [01;31m[Kfatal error: [m[KKilled signal terminated program cc1plus
compilation terminated.
gmake[2]: *** [test/CMakeFiles/test_gazebo_ros_harness.dir/build.make:76: test/CMakeFiles/test_gazebo_ros_harness.dir/test_gazebo_ros_harness.cpp.o] Error 1
gmake[1]: *** [CMakeFiles/Makefile2:1038: test/CMakeFiles/test_gazebo_ros_harness.dir/all] Error 2
[01m[Kc++:[m[K [01;31m[Kfatal error: [m[KKilled signal terminated program cc1plus
compilation terminated.
gmake[2]: *** [test/CMakeFiles/test_gazebo_ros_imu_sensor.dir/build.make:76: test/CMakeFiles/test_gazebo_ros_imu_sensor.dir/test_gazebo_ros_imu_sensor.cpp.o] Error 1
gmake[1]: *** [CMakeFiles/Makefile2:1065: test/CMakeFiles/test_gazebo_ros_imu_sensor.dir/all] Error 2
[ 77%] [32m[1mLinking CXX executable test_gazebo_ros_force[0m
[ 79%] [32m[1mLinking CXX executable test_gazebo_ros_vacuum_gripper[0m
[ 79%] Built target test_gazebo_ros_force
[ 79%] Built target test_gazebo_ros_vacuum_gripper
[ 80%] [32m[1mLinking CXX executable test_gazebo_ros_joint_pose_trajectory[0m
[ 81%] [32m[1mLinking CXX executable test_gazebo_ros_bumper[0m
[ 81%] Built target test_gazebo_ros_joint_pose_trajectory
[ 82%] [32m[1mLinking CXX executable test_gazebo_ros_joint_state_publisher[0m
[ 82%] Built target test_gazebo_ros_bumper
[ 83%] [32m[1mLinking CXX executable test_gazebo_ros_planar_move[0m
[ 83%] Built target test_gazebo_ros_joint_state_publisher
[ 83%] Built target test_gazebo_ros_planar_move
[ 84%] [32m[1mLinking CXX executable test_gazebo_ros_diff_drive[0m
[ 86%] [32m[1mLinking CXX executable test_gazebo_ros_gps_sensor[0m
[ 87%] [32m[1mLinking CXX executable test_gazebo_ros_wheelslip[0m
[ 87%] Built target test_gazebo_ros_diff_drive
[ 87%] Built target test_gazebo_ros_gps_sensor
[ 87%] Built target test_gazebo_ros_wheelslip
[ 88%] [32m[1mLinking CXX executable test_gazebo_ros_ray_sensor[0m
[ 88%] Built target test_gazebo_ros_ray_sensor
gmake: *** [Makefile:146: all] Error 2
