[0.022s] Invoking command in '/home/fourdds/ws/build/gazebo_plugins': AMENT_PREFIX_PATH=/home/fourdds/ws/install/gazebo_ros:/home/fourdds/ws/install/gazebo_msgs:/home/fourdds/ws/install/gazebo_dev:/home/fourdds/ws/install/cv_bridge:${AMENT_PREFIX_PATH} CMAKE_PREFIX_PATH=/home/fourdds/ws/install/gazebo_ros:/home/fourdds/ws/install/gazebo_msgs:/home/fourdds/ws/install/gazebo_dev:/home/fourdds/ws/install/cv_bridge:/home/fourdds/ros2_ws/install/target_detection:/home/fourdds/ros2_ws/install/stigmergy_map:/home/fourdds/ros2_ws/install/px4_ros_com:/home/fourdds/ros2_ws/install/px4_msgs:/home/fourdds/ros2_ws/install/obstacle_avoidance:/home/fourdds/ros2_ws/install/parameters:/home/fourdds/ros2_ws/install/fdds_messages:/home/fourdds/ros2_ws/install/drone:/home/fourdds/ros2_ws/install/base_station:/home/fourdds/ros2_ws/install/analysis:/opt/ros/humble LD_LIBRARY_PATH=/home/fourdds/ws/install/gazebo_ros/lib:/home/fourdds/ws/install/gazebo_msgs/lib:/home/fourdds/ws/install/cv_bridge/lib:${LD_LIBRARY_PATH} PYTHONPATH=/home/fourdds/ws/install/gazebo_ros/local/lib/python3.10/dist-packages:/home/fourdds/ws/install/gazebo_msgs/local/lib/python3.10/dist-packages:/home/fourdds/ws/install/cv_bridge/local/lib/python3.10/dist-packages:${PYTHONPATH} /usr/bin/cmake --build /home/fourdds/ws/build/gazebo_plugins -- -j24 -l24
[0.102s] [35m[1mConsolidate compiler generated dependencies of target gazebo_ros_force[0m
[0.104s] [35m[1mConsolidate compiler generated dependencies of target gazebo_ros_template[0m
[0.104s] [35m[1mConsolidate compiler generated dependencies of target multi_camera_plugin[0m
[0.105s] [35m[1mConsolidate compiler generated dependencies of target gazebo_ros_diff_drive[0m
[0.106s] [35m[1mConsolidate compiler generated dependencies of target gazebo_ros_imu_sensor[0m
[0.106s] [35m[1mConsolidate compiler generated dependencies of target gazebo_ros_p3d[0m
[0.108s] [35m[1mConsolidate compiler generated dependencies of target gtest_main[0m
[0.108s] [35m[1mConsolidate compiler generated dependencies of target gtest[0m
[0.109s] [35m[1mConsolidate compiler generated dependencies of target gazebo_ros_harness[0m
[0.110s] [35m[1mConsolidate compiler generated dependencies of target gazebo_ros_vacuum_gripper[0m
[0.110s] [35m[1mConsolidate compiler generated dependencies of target gazebo_ros_elevator[0m
[0.110s] [35m[1mConsolidate compiler generated dependencies of target gazebo_ros_ft_sensor[0m
[0.111s] [35m[1mConsolidate compiler generated dependencies of target gazebo_ros_video[0m
[0.112s] [35m[1mConsolidate compiler generated dependencies of target gazebo_ros_ackermann_drive[0m
[0.112s] [35m[1mConsolidate compiler generated dependencies of target gazebo_ros_bumper[0m
[0.113s] [35m[1mConsolidate compiler generated dependencies of target gazebo_ros_planar_move[0m
[0.113s] [35m[1mConsolidate compiler generated dependencies of target gazebo_ros_hand_of_god[0m
[0.114s] [35m[1mConsolidate compiler generated dependencies of target gazebo_ros_wheel_slip[0m
[0.115s] [35m[1mConsolidate compiler generated dependencies of target gazebo_ros_projector[0m
[0.130s] [  2%] Built target gtest
[0.130s] [  4%] Built target gtest_main
[0.149s] [35m[1mConsolidate compiler generated dependencies of target test_gazebo_ros_ackermann_drive[0m
[0.164s] [  6%] Built target gazebo_ros_elevator
[0.164s] [  9%] Built target gazebo_ros_template
[0.164s] [ 10%] [32mBuilding CXX object CMakeFiles/gazebo_ros_joint_state_publisher.dir/src/gazebo_ros_joint_state_publisher.cpp.o[0m
[0.165s] [ 11%] [32mBuilding CXX object CMakeFiles/gazebo_ros_joint_pose_trajectory.dir/src/gazebo_ros_joint_pose_trajectory.cpp.o[0m
[0.167s] [ 18%] Built target gazebo_ros_harness
[0.167s] [ 17%] Built target gazebo_ros_force
[0.167s] [ 19%] Built target gazebo_ros_bumper
[0.167s] [ 22%] Built target gazebo_ros_ft_sensor
[0.167s] [ 22%] [32mBuilding CXX object CMakeFiles/gazebo_ros_gps_sensor.dir/src/gazebo_ros_gps_sensor.cpp.o[0m
[0.167s] [ 24%] Built target gazebo_ros_vacuum_gripper
[0.168s] [ 26%] Built target gazebo_ros_imu_sensor
[0.171s] [ 29%] [32mBuilding CXX object CMakeFiles/gazebo_ros_tricycle_drive.dir/src/gazebo_ros_tricycle_drive.cpp.o[0m
[0.172s] [ 30%] Built target gazebo_ros_ackermann_drive
[0.172s] [ 32%] Built target gazebo_ros_planar_move
[0.172s] [ 37%] Built target gazebo_ros_p3d
[0.172s] [ 37%] Built target gazebo_ros_hand_of_god
[0.172s] [ 39%] Built target gazebo_ros_diff_drive
[0.175s] [35m[1mConsolidate compiler generated dependencies of target test_gazebo_ros_elevator[0m
[0.176s] [35m[1mConsolidate compiler generated dependencies of target test_gazebo_ros_diff_drive[0m
[0.179s] [35m[1mConsolidate compiler generated dependencies of target test_gazebo_ros_harness[0m
[0.179s] [35m[1mConsolidate compiler generated dependencies of target test_gazebo_ros_force[0m
[0.180s] [35m[1mConsolidate compiler generated dependencies of target test_gazebo_ros_imu_sensor[0m
[0.180s] [35m[1mConsolidate compiler generated dependencies of target test_gazebo_ros_ft_sensor[0m
[0.180s] [35m[1mConsolidate compiler generated dependencies of target test_gazebo_ros_hand_of_god[0m
[0.181s] [35m[1mConsolidate compiler generated dependencies of target test_gazebo_ros_gps_sensor[0m
[0.183s] [35m[1mConsolidate compiler generated dependencies of target test_gazebo_ros_planar_move[0m
[0.183s] [35m[1mConsolidate compiler generated dependencies of target test_gazebo_ros_joint_state_publisher[0m
[0.183s] [35m[1mConsolidate compiler generated dependencies of target test_gazebo_ros_joint_pose_trajectory[0m
[0.184s] [35m[1mConsolidate compiler generated dependencies of target test_gazebo_ros_ray_sensor[0m
[0.184s] [35m[1mConsolidate compiler generated dependencies of target test_gazebo_ros_p3d[0m
[0.187s] [ 41%] Built target gazebo_ros_wheel_slip
[0.188s] [ 44%] Built target gazebo_ros_projector
[0.189s] [ 45%] [32mBuilding CXX object CMakeFiles/gazebo_ros_ray_sensor.dir/src/gazebo_ros_ray_sensor.cpp.o[0m
[0.195s] [ 47%] Built target gazebo_ros_video
[0.196s] [ 50%] Built target multi_camera_plugin
[0.196s] [ 51%] [32mBuilding CXX object test/CMakeFiles/test_gazebo_ros_bumper.dir/test_gazebo_ros_bumper.cpp.o[0m
[0.196s] [ 53%] Built target test_gazebo_ros_ackermann_drive
[0.198s] [35m[1mConsolidate compiler generated dependencies of target test_gazebo_ros_tricycle_drive[0m
[0.199s] [35m[1mConsolidate compiler generated dependencies of target test_gazebo_ros_vacuum_gripper[0m
[0.208s] [35m[1mConsolidate compiler generated dependencies of target test_gazebo_ros_wheelslip[0m
[0.213s] [35m[1mConsolidate compiler generated dependencies of target gazebo_ros_camera[0m
[0.215s] [ 54%] [32mBuilding CXX object test/CMakeFiles/test_gazebo_ros_elevator.dir/test_gazebo_ros_elevator.cpp.o[0m
[0.220s] [ 55%] [32mBuilding CXX object test/CMakeFiles/test_gazebo_ros_diff_drive.dir/test_gazebo_ros_diff_drive.cpp.o[0m
[0.228s] [ 58%] [32mBuilding CXX object test/CMakeFiles/test_gazebo_ros_harness.dir/test_gazebo_ros_harness.cpp.o[0m
[0.229s] [ 58%] [32mBuilding CXX object test/CMakeFiles/test_gazebo_ros_force.dir/test_gazebo_ros_force.cpp.o[0m
[0.233s] [ 60%] [32mBuilding CXX object test/CMakeFiles/test_gazebo_ros_hand_of_god.dir/test_gazebo_ros_hand_of_god.cpp.o[0m
[0.233s] [ 60%] [32mBuilding CXX object test/CMakeFiles/test_gazebo_ros_gps_sensor.dir/test_gazebo_ros_gps_sensor.cpp.o[0m
[0.233s] [ 61%] [32mBuilding CXX object test/CMakeFiles/test_gazebo_ros_imu_sensor.dir/test_gazebo_ros_imu_sensor.cpp.o[0m
[0.234s] [ 63%] [32mBuilding CXX object test/CMakeFiles/test_gazebo_ros_ft_sensor.dir/test_gazebo_ros_ft_sensor.cpp.o[0m
[0.235s] [ 63%] [32mBuilding CXX object test/CMakeFiles/test_gazebo_ros_joint_state_publisher.dir/test_gazebo_ros_joint_state_publisher.cpp.o[0m
[0.235s] [ 65%] [32mBuilding CXX object test/CMakeFiles/test_gazebo_ros_p3d.dir/test_gazebo_ros_p3d.cpp.o[0m
[0.240s] [ 66%] [32mBuilding CXX object test/CMakeFiles/test_gazebo_ros_ray_sensor.dir/test_gazebo_ros_ray_sensor.cpp.o[0m
[0.241s] [ 68%] [32mBuilding CXX object test/CMakeFiles/test_gazebo_ros_planar_move.dir/test_gazebo_ros_planar_move.cpp.o[0m
[0.241s] [ 68%] [32mBuilding CXX object test/CMakeFiles/test_gazebo_ros_joint_pose_trajectory.dir/test_gazebo_ros_joint_pose_trajectory.cpp.o[0m
[0.246s] [ 69%] [32mBuilding CXX object test/CMakeFiles/test_gazebo_ros_tricycle_drive.dir/test_gazebo_ros_tricycle_drive.cpp.o[0m
[0.250s] [ 72%] [32mBuilding CXX object test/CMakeFiles/test_gazebo_ros_wheelslip.dir/test_gazebo_ros_wheelslip.cpp.o[0m
[0.250s] [ 72%] [32mBuilding CXX object test/CMakeFiles/test_gazebo_ros_vacuum_gripper.dir/test_gazebo_ros_vacuum_gripper.cpp.o[0m
[0.254s] [ 73%] [32mBuilding CXX object CMakeFiles/gazebo_ros_camera.dir/src/gazebo_ros_camera.cpp.o[0m
[27.203s] [01m[Kc++:[m[K [01;31m[Kfatal error: [m[KKilled signal terminated program cc1plus
[27.213s] compilation terminated.
[27.214s] gmake[2]: *** [CMakeFiles/gazebo_ros_ray_sensor.dir/build.make:76: CMakeFiles/gazebo_ros_ray_sensor.dir/src/gazebo_ros_ray_sensor.cpp.o] Error 1
[27.220s] gmake[1]: *** [CMakeFiles/Makefile2:458: CMakeFiles/gazebo_ros_ray_sensor.dir/all] Error 2
[27.222s] gmake[1]: *** Waiting for unfinished jobs....
[34.747s] [01m[Kc++:[m[K [01;31m[Kfatal error: [m[KKilled signal terminated program cc1plus
[34.754s] compilation terminated.
[34.759s] gmake[2]: *** [CMakeFiles/gazebo_ros_camera.dir/build.make:76: CMakeFiles/gazebo_ros_camera.dir/src/gazebo_ros_camera.cpp.o] Error 1
[34.790s] gmake[1]: *** [CMakeFiles/Makefile2:380: CMakeFiles/gazebo_ros_camera.dir/all] Error 2
[37.275s] [01m[Kc++:[m[K [01;31m[Kfatal error: [m[KKilled signal terminated program cc1plus
[37.276s] compilation terminated.
[37.284s] gmake[2]: *** [CMakeFiles/gazebo_ros_joint_pose_trajectory.dir/build.make:76: CMakeFiles/gazebo_ros_joint_pose_trajectory.dir/src/gazebo_ros_joint_pose_trajectory.cpp.o] Error 1
[37.304s] gmake[1]: *** [CMakeFiles/Makefile2:744: CMakeFiles/gazebo_ros_joint_pose_trajectory.dir/all] Error 2
[42.414s] [01m[Kc++:[m[K [01;31m[Kfatal error: [m[KKilled signal terminated program cc1plus
[42.415s] compilation terminated.
[42.424s] gmake[2]: *** [test/CMakeFiles/test_gazebo_ros_elevator.dir/build.make:76: test/CMakeFiles/test_gazebo_ros_elevator.dir/test_gazebo_ros_elevator.cpp.o] Error 1
[42.451s] gmake[1]: *** [CMakeFiles/Makefile2:930: test/CMakeFiles/test_gazebo_ros_elevator.dir/all] Error 2
[45.746s] [01m[Kc++:[m[K [01;31m[Kfatal error: [m[KKilled signal terminated program cc1plus
[45.747s] compilation terminated.
[45.758s] gmake[2]: *** [test/CMakeFiles/test_gazebo_ros_hand_of_god.dir/build.make:76: test/CMakeFiles/test_gazebo_ros_hand_of_god.dir/test_gazebo_ros_hand_of_god.cpp.o] Error 1
[45.787s] gmake[1]: *** [CMakeFiles/Makefile2:1011: test/CMakeFiles/test_gazebo_ros_hand_of_god.dir/all] Error 2
[50.607s] [01m[Kc++:[m[K [01;31m[Kfatal error: [m[KKilled signal terminated program cc1plus
[50.608s] compilation terminated.
[50.616s] gmake[2]: *** [test/CMakeFiles/test_gazebo_ros_tricycle_drive.dir/build.make:76: test/CMakeFiles/test_gazebo_ros_tricycle_drive.dir/test_gazebo_ros_tricycle_drive.cpp.o] Error 1
[50.641s] gmake[1]: *** [CMakeFiles/Makefile2:1254: test/CMakeFiles/test_gazebo_ros_tricycle_drive.dir/all] Error 2
[59.592s] [ 74%] [32m[1mLinking CXX shared library libgazebo_ros_gps_sensor.so[0m
[60.465s] [ 74%] Built target gazebo_ros_gps_sensor
[87.227s] [01m[Kc++:[m[K [01;31m[Kfatal error: [m[KKilled signal terminated program cc1plus
[87.229s] compilation terminated.
[87.237s] gmake[2]: *** [test/CMakeFiles/test_gazebo_ros_ft_sensor.dir/build.make:76: test/CMakeFiles/test_gazebo_ros_ft_sensor.dir/test_gazebo_ros_ft_sensor.cpp.o] Error 1
[87.269s] gmake[1]: *** [CMakeFiles/Makefile2:984: test/CMakeFiles/test_gazebo_ros_ft_sensor.dir/all] Error 2
[90.603s] [ 75%] [32m[1mLinking CXX shared library libgazebo_ros_joint_state_publisher.so[0m
[91.606s] [ 75%] Built target gazebo_ros_joint_state_publisher
[103.714s] [01m[Kc++:[m[K [01;31m[Kfatal error: [m[KKilled signal terminated program cc1plus
[103.715s] compilation terminated.
[103.724s] gmake[2]: *** [test/CMakeFiles/test_gazebo_ros_p3d.dir/build.make:76: test/CMakeFiles/test_gazebo_ros_p3d.dir/test_gazebo_ros_p3d.cpp.o] Error 1
[103.752s] gmake[1]: *** [CMakeFiles/Makefile2:1173: test/CMakeFiles/test_gazebo_ros_p3d.dir/all] Error 2
[107.927s] [ 76%] [32m[1mLinking CXX shared library libgazebo_ros_tricycle_drive.so[0m
[109.312s] [ 76%] Built target gazebo_ros_tricycle_drive
[112.985s] [01m[Kc++:[m[K [01;31m[Kfatal error: [m[KKilled signal terminated program cc1plus
[112.989s] compilation terminated.
[112.996s] gmake[2]: *** [test/CMakeFiles/test_gazebo_ros_harness.dir/build.make:76: test/CMakeFiles/test_gazebo_ros_harness.dir/test_gazebo_ros_harness.cpp.o] Error 1
[113.020s] gmake[1]: *** [CMakeFiles/Makefile2:1038: test/CMakeFiles/test_gazebo_ros_harness.dir/all] Error 2
[116.861s] [01m[Kc++:[m[K [01;31m[Kfatal error: [m[KKilled signal terminated program cc1plus
[116.862s] compilation terminated.
[116.870s] gmake[2]: *** [test/CMakeFiles/test_gazebo_ros_imu_sensor.dir/build.make:76: test/CMakeFiles/test_gazebo_ros_imu_sensor.dir/test_gazebo_ros_imu_sensor.cpp.o] Error 1
[116.893s] gmake[1]: *** [CMakeFiles/Makefile2:1065: test/CMakeFiles/test_gazebo_ros_imu_sensor.dir/all] Error 2
[129.026s] [ 77%] [32m[1mLinking CXX executable test_gazebo_ros_force[0m
[130.256s] [ 79%] [32m[1mLinking CXX executable test_gazebo_ros_vacuum_gripper[0m
[130.792s] [ 79%] Built target test_gazebo_ros_force
[131.334s] [ 79%] Built target test_gazebo_ros_vacuum_gripper
[134.102s] [ 80%] [32m[1mLinking CXX executable test_gazebo_ros_joint_pose_trajectory[0m
[134.882s] [ 81%] [32m[1mLinking CXX executable test_gazebo_ros_bumper[0m
[135.529s] [ 81%] Built target test_gazebo_ros_joint_pose_trajectory
[136.143s] [ 82%] [32m[1mLinking CXX executable test_gazebo_ros_joint_state_publisher[0m
[136.541s] [ 82%] Built target test_gazebo_ros_bumper
[137.128s] [ 83%] [32m[1mLinking CXX executable test_gazebo_ros_planar_move[0m
[137.537s] [ 83%] Built target test_gazebo_ros_joint_state_publisher
[138.364s] [ 83%] Built target test_gazebo_ros_planar_move
[138.419s] [ 84%] [32m[1mLinking CXX executable test_gazebo_ros_diff_drive[0m
[138.588s] [ 86%] [32m[1mLinking CXX executable test_gazebo_ros_gps_sensor[0m
[138.951s] [ 87%] [32m[1mLinking CXX executable test_gazebo_ros_wheelslip[0m
[139.756s] [ 87%] Built target test_gazebo_ros_diff_drive
[140.050s] [ 87%] Built target test_gazebo_ros_gps_sensor
[140.174s] [ 87%] Built target test_gazebo_ros_wheelslip
[146.391s] [ 88%] [32m[1mLinking CXX executable test_gazebo_ros_ray_sensor[0m
[147.650s] [ 88%] Built target test_gazebo_ros_ray_sensor
[147.656s] gmake: *** [Makefile:146: all] Error 2
[147.715s] Invoked command in '/home/fourdds/ws/build/gazebo_plugins' returned '2': AMENT_PREFIX_PATH=/home/fourdds/ws/install/gazebo_ros:/home/fourdds/ws/install/gazebo_msgs:/home/fourdds/ws/install/gazebo_dev:/home/fourdds/ws/install/cv_bridge:${AMENT_PREFIX_PATH} CMAKE_PREFIX_PATH=/home/fourdds/ws/install/gazebo_ros:/home/fourdds/ws/install/gazebo_msgs:/home/fourdds/ws/install/gazebo_dev:/home/fourdds/ws/install/cv_bridge:/home/fourdds/ros2_ws/install/target_detection:/home/fourdds/ros2_ws/install/stigmergy_map:/home/fourdds/ros2_ws/install/px4_ros_com:/home/fourdds/ros2_ws/install/px4_msgs:/home/fourdds/ros2_ws/install/obstacle_avoidance:/home/fourdds/ros2_ws/install/parameters:/home/fourdds/ros2_ws/install/fdds_messages:/home/fourdds/ros2_ws/install/drone:/home/fourdds/ros2_ws/install/base_station:/home/fourdds/ros2_ws/install/analysis:/opt/ros/humble LD_LIBRARY_PATH=/home/fourdds/ws/install/gazebo_ros/lib:/home/fourdds/ws/install/gazebo_msgs/lib:/home/fourdds/ws/install/cv_bridge/lib:${LD_LIBRARY_PATH} PYTHONPATH=/home/fourdds/ws/install/gazebo_ros/local/lib/python3.10/dist-packages:/home/fourdds/ws/install/gazebo_msgs/local/lib/python3.10/dist-packages:/home/fourdds/ws/install/cv_bridge/local/lib/python3.10/dist-packages:${PYTHONPATH} /usr/bin/cmake --build /home/fourdds/ws/build/gazebo_plugins -- -j24 -l24
