[  2%] Built target boids__cpp
[ 11%] Built target boids__rosidl_generator_c
[35m[1mConsolidate compiler generated dependencies of target uavs_spawner[0m
[ 15%] Built target frame_transforms
[ 15%] Built target ament_cmake_python_copy_boids
[ 17%] [32mBuilding CXX object CMakeFiles/uavs_spawner.dir/src/uav_node.cpp.o[0m
[ 20%] [32mBuilding CXX object CMakeFiles/uavs_spawner.dir/src/main.cpp.o[0m
[ 28%] Built target boids__rosidl_typesupport_c
[ 31%] [32mBuilding CXX object CMakeFiles/uavs_spawner.dir/src/swarm_master.cpp.o[0m
[ 40%] Built target boids__rosidl_typesupport_introspection_c
[ 48%] Built target boids__rosidl_typesupport_fastrtps_c
[ 57%] Built target boids__rosidl_typesupport_cpp
[ 66%] Built target boids__rosidl_typesupport_introspection_cpp
[ 75%] Built target boids__rosidl_typesupport_fastrtps_cpp
[ 75%] Built target boids
[ 77%] Built target boids__py
[ 84%] Built target boids__rosidl_generator_py
[ 93%] Built target boids__rosidl_typesupport_introspection_c__pyext
[ 93%] Built target boids__rosidl_typesupport_fastrtps_c__pyext
[ 97%] Built target boids__rosidl_typesupport_c__pyext
running egg_info
writing boids.egg-info/PKG-INFO
writing dependency_links to boids.egg-info/dependency_links.txt
writing top-level names to boids.egg-info/top_level.txt
reading manifest file 'boids.egg-info/SOURCES.txt'
writing manifest file 'boids.egg-info/SOURCES.txt'
[ 97%] Built target ament_cmake_python_build_boids_egg
In file included from [01m[K/home/fourdds/ros2_ws/src/boids/src/swarm_master.hpp:4[m[K,
                 from [01m[K/home/fourdds/ros2_ws/src/boids/src/swarm_master.cpp:1[m[K:
[01m[K/home/fourdds/ros2_ws/src/boids/src/vector2d.hpp:[m[K In member function â€˜[01m[Kdouble vector2d::bearing() const[m[Kâ€™:
[01m[K/home/fourdds/ros2_ws/src/boids/src/vector2d.hpp:20:5:[m[K [01;35m[Kwarning: [m[Kno return statement in function returning non-void [[01;35m[K]8;;https://gcc.gnu.org/onlinedocs/gcc/Warning-Options.html#index-Wreturn-type-Wreturn-type]8;;[m[K]
   20 |     [01;35m[K}[m[K
      |     [01;35m[K^[m[K
In file included from [01m[K/home/fourdds/ros2_ws/src/boids/src/uav_node.hpp:14[m[K,
                 from [01m[K/home/fourdds/ros2_ws/src/boids/src/uav_node.cpp:1[m[K:
[01m[K/home/fourdds/ros2_ws/src/boids/src/vector2d.hpp:[m[K In member function â€˜[01m[Kdouble vector2d::bearing() const[m[Kâ€™:
[01m[K/home/fourdds/ros2_ws/src/boids/src/vector2d.hpp:20:5:[m[K [01;35m[Kwarning: [m[Kno return statement in function returning non-void [[01;35m[K]8;;https://gcc.gnu.org/onlinedocs/gcc/Warning-Options.html#index-Wreturn-type-Wreturn-type]8;;[m[K]
   20 |     [01;35m[K}[m[K
      |     [01;35m[K^[m[K
In file included from [01m[K/home/fourdds/ros2_ws/src/boids/src/uav_node.hpp:14[m[K,
                 from [01m[K/home/fourdds/ros2_ws/src/boids/src/main.cpp:1[m[K:
[01m[K/home/fourdds/ros2_ws/src/boids/src/vector2d.hpp:[m[K In member function â€˜[01m[Kdouble vector2d::bearing() const[m[Kâ€™:
[01m[K/home/fourdds/ros2_ws/src/boids/src/vector2d.hpp:20:5:[m[K [01;35m[Kwarning: [m[Kno return statement in function returning non-void [[01;35m[K]8;;https://gcc.gnu.org/onlinedocs/gcc/Warning-Options.html#index-Wreturn-type-Wreturn-type]8;;[m[K]
   20 |     [01;35m[K}[m[K
      |     [01;35m[K^[m[K
[100%] [32m[1mLinking CXX executable uavs_spawner[0m
/usr/bin/ld: CMakeFiles/uavs_spawner.dir/src/uav_node.cpp.o: in function `Swarm::UavNode::initialize()':
uav_node.cpp:(.text+0x5ee): undefined reference to `Swarm::UavNode::lidarSubscriptionCallback(std::shared_ptr<sensor_msgs::msg::LaserScan_<std::allocator<void> > const>)'
/usr/bin/ld: uav_node.cpp:(.text+0x734): undefined reference to `Swarm::UavNode::neighborsSubscriptionCallback(std::shared_ptr<boids::msg::NeighborsCOM_<std::allocator<void> > const>)'
collect2: error: ld returned 1 exit status
gmake[2]: *** [CMakeFiles/uavs_spawner.dir/build.make:224: uavs_spawner] Error 1
gmake[1]: *** [CMakeFiles/Makefile2:620: CMakeFiles/uavs_spawner.dir/all] Error 2
gmake: *** [Makefile:146: all] Error 2
