[0.011s] Invoking command in '/home/fourdds/ros2_ws/build/boids': CMAKE_PREFIX_PATH=/home/fourdds/ros2_ws/install/px4_msgs:/home/fourdds/ros2_ws/install/px4_ros_com:/home/fourdds/ros2_ws/install/boids:/opt/ros/humble LD_LIBRARY_PATH=/home/fourdds/ros2_ws/install/px4_msgs/lib:/home/fourdds/ros2_ws/install/px4_ros_com/lib:/home/fourdds/ros2_ws/install/boids/lib:/usr/lib/x86_64-linux-gnu/gazebo-11/plugins:/opt/ros/humble/opt/rviz_ogre_vendor/lib:/opt/ros/humble/lib/x86_64-linux-gnu:/opt/ros/humble/lib /usr/bin/cmake --build /home/fourdds/ros2_ws/build/boids -- -j24 -l24
[0.064s] [  2%] Built target boids__cpp
[0.065s] [ 11%] Built target boids__rosidl_generator_c
[0.066s] [35m[1mConsolidate compiler generated dependencies of target uavs_spawner[0m
[0.068s] [ 15%] Built target frame_transforms
[0.073s] [ 15%] Built target ament_cmake_python_copy_boids
[0.076s] [ 17%] [32mBuilding CXX object CMakeFiles/uavs_spawner.dir/src/uav_node.cpp.o[0m
[0.077s] [ 20%] [32mBuilding CXX object CMakeFiles/uavs_spawner.dir/src/main.cpp.o[0m
[0.078s] [ 28%] Built target boids__rosidl_typesupport_c
[0.078s] [ 31%] [32mBuilding CXX object CMakeFiles/uavs_spawner.dir/src/swarm_master.cpp.o[0m
[0.079s] [ 40%] Built target boids__rosidl_typesupport_introspection_c
[0.081s] [ 48%] Built target boids__rosidl_typesupport_fastrtps_c
[0.082s] [ 57%] Built target boids__rosidl_typesupport_cpp
[0.082s] [ 66%] Built target boids__rosidl_typesupport_introspection_cpp
[0.082s] [ 75%] Built target boids__rosidl_typesupport_fastrtps_cpp
[0.092s] [ 75%] Built target boids
[0.103s] [ 77%] Built target boids__py
[0.114s] [ 84%] Built target boids__rosidl_generator_py
[0.126s] [ 93%] Built target boids__rosidl_typesupport_introspection_c__pyext
[0.126s] [ 93%] Built target boids__rosidl_typesupport_fastrtps_c__pyext
[0.126s] [ 97%] Built target boids__rosidl_typesupport_c__pyext
[0.176s] running egg_info
[0.190s] writing boids.egg-info/PKG-INFO
[0.191s] writing dependency_links to boids.egg-info/dependency_links.txt
[0.191s] writing top-level names to boids.egg-info/top_level.txt
[0.209s] reading manifest file 'boids.egg-info/SOURCES.txt'
[0.210s] writing manifest file 'boids.egg-info/SOURCES.txt'
[0.224s] [ 97%] Built target ament_cmake_python_build_boids_egg
[1.574s] In file included from [01m[K/home/fourdds/ros2_ws/src/boids/src/swarm_master.hpp:4[m[K,
[1.574s]                  from [01m[K/home/fourdds/ros2_ws/src/boids/src/swarm_master.cpp:1[m[K:
[1.574s] [01m[K/home/fourdds/ros2_ws/src/boids/src/vector2d.hpp:[m[K In member function â€˜[01m[Kdouble vector2d::bearing() const[m[Kâ€™:
[1.574s] [01m[K/home/fourdds/ros2_ws/src/boids/src/vector2d.hpp:20:5:[m[K [01;35m[Kwarning: [m[Kno return statement in function returning non-void [[01;35m[K]8;;https://gcc.gnu.org/onlinedocs/gcc/Warning-Options.html#index-Wreturn-type-Wreturn-type]8;;[m[K]
[1.574s]    20 |     [01;35m[K}[m[K
[1.574s]       |     [01;35m[K^[m[K
[1.619s] In file included from [01m[K/home/fourdds/ros2_ws/src/boids/src/uav_node.hpp:14[m[K,
[1.619s]                  from [01m[K/home/fourdds/ros2_ws/src/boids/src/uav_node.cpp:1[m[K:
[1.619s] [01m[K/home/fourdds/ros2_ws/src/boids/src/vector2d.hpp:[m[K In member function â€˜[01m[Kdouble vector2d::bearing() const[m[Kâ€™:
[1.619s] [01m[K/home/fourdds/ros2_ws/src/boids/src/vector2d.hpp:20:5:[m[K [01;35m[Kwarning: [m[Kno return statement in function returning non-void [[01;35m[K]8;;https://gcc.gnu.org/onlinedocs/gcc/Warning-Options.html#index-Wreturn-type-Wreturn-type]8;;[m[K]
[1.619s]    20 |     [01;35m[K}[m[K
[1.619s]       |     [01;35m[K^[m[K
[1.622s] In file included from [01m[K/home/fourdds/ros2_ws/src/boids/src/uav_node.hpp:14[m[K,
[1.622s]                  from [01m[K/home/fourdds/ros2_ws/src/boids/src/main.cpp:1[m[K:
[1.622s] [01m[K/home/fourdds/ros2_ws/src/boids/src/vector2d.hpp:[m[K In member function â€˜[01m[Kdouble vector2d::bearing() const[m[Kâ€™:
[1.622s] [01m[K/home/fourdds/ros2_ws/src/boids/src/vector2d.hpp:20:5:[m[K [01;35m[Kwarning: [m[Kno return statement in function returning non-void [[01;35m[K]8;;https://gcc.gnu.org/onlinedocs/gcc/Warning-Options.html#index-Wreturn-type-Wreturn-type]8;;[m[K]
[1.622s]    20 |     [01;35m[K}[m[K
[1.622s]       |     [01;35m[K^[m[K
[11.329s] [100%] [32m[1mLinking CXX executable uavs_spawner[0m
[12.033s] /usr/bin/ld: CMakeFiles/uavs_spawner.dir/src/uav_node.cpp.o: in function `Swarm::UavNode::initialize()':
[12.033s] uav_node.cpp:(.text+0x5ee): undefined reference to `Swarm::UavNode::lidarSubscriptionCallback(std::shared_ptr<sensor_msgs::msg::LaserScan_<std::allocator<void> > const>)'
[12.034s] /usr/bin/ld: uav_node.cpp:(.text+0x734): undefined reference to `Swarm::UavNode::neighborsSubscriptionCallback(std::shared_ptr<boids::msg::NeighborsCOM_<std::allocator<void> > const>)'
[12.095s] collect2: error: ld returned 1 exit status
[12.096s] gmake[2]: *** [CMakeFiles/uavs_spawner.dir/build.make:224: uavs_spawner] Error 1
[12.096s] gmake[1]: *** [CMakeFiles/Makefile2:620: CMakeFiles/uavs_spawner.dir/all] Error 2
[12.096s] gmake: *** [Makefile:146: all] Error 2
[12.098s] Invoked command in '/home/fourdds/ros2_ws/build/boids' returned '2': CMAKE_PREFIX_PATH=/home/fourdds/ros2_ws/install/px4_msgs:/home/fourdds/ros2_ws/install/px4_ros_com:/home/fourdds/ros2_ws/install/boids:/opt/ros/humble LD_LIBRARY_PATH=/home/fourdds/ros2_ws/install/px4_msgs/lib:/home/fourdds/ros2_ws/install/px4_ros_com/lib:/home/fourdds/ros2_ws/install/boids/lib:/usr/lib/x86_64-linux-gnu/gazebo-11/plugins:/opt/ros/humble/opt/rviz_ogre_vendor/lib:/opt/ros/humble/lib/x86_64-linux-gnu:/opt/ros/humble/lib /usr/bin/cmake --build /home/fourdds/ros2_ws/build/boids -- -j24 -l24
