[35m[1mConsolidate compiler generated dependencies of target swarm_spawner[0m
[  2%] Built target uuv_boids__cpp
[ 10%] Built target uuv_boids__rosidl_generator_c
[ 15%] Built target frame_transforms
[ 15%] Built target ament_cmake_python_copy_uuv_boids
[ 23%] Built target uuv_boids__rosidl_typesupport_cpp
[ 32%] Built target uuv_boids__rosidl_typesupport_introspection_cpp
[ 41%] Built target uuv_boids__rosidl_typesupport_fastrtps_cpp
[ 43%] [32mBuilding CXX object CMakeFiles/swarm_spawner.dir/src/uav_node.cpp.o[0m
[ 52%] Built target uuv_boids__rosidl_typesupport_c
[ 60%] Built target uuv_boids__rosidl_typesupport_introspection_c
[ 69%] Built target uuv_boids__rosidl_typesupport_fastrtps_c
[ 69%] Built target uuv_boids
[ 71%] Built target uuv_boids__py
[ 78%] Built target uuv_boids__rosidl_generator_py
[ 91%] Built target uuv_boids__rosidl_typesupport_fastrtps_c__pyext
[ 91%] Built target uuv_boids__rosidl_typesupport_introspection_c__pyext
[ 91%] Built target uuv_boids__rosidl_typesupport_c__pyext
running egg_info
writing uuv_boids.egg-info/PKG-INFO
writing dependency_links to uuv_boids.egg-info/dependency_links.txt
writing top-level names to uuv_boids.egg-info/top_level.txt
reading manifest file 'uuv_boids.egg-info/SOURCES.txt'
writing manifest file 'uuv_boids.egg-info/SOURCES.txt'
[ 91%] Built target ament_cmake_python_build_uuv_boids_egg
[01m[K/home/fourdds/ros2_ws/src/uuv_boids/src/uav_node.cpp:[m[K In member function â€˜[01m[Kvoid Swarm::UavNode::controlTrajectory()[m[Kâ€™:
[01m[K/home/fourdds/ros2_ws/src/uuv_boids/src/uav_node.cpp:189:48:[m[K [01;31m[Kerror: [m[Kno matching function for call to â€˜[01m[Kvector2d::vector2d(<brace-enclosed initializer list>)[m[Kâ€™
  189 |     sendAttitude(0, 0, yaw_error, Point2D{0.1, [01;31m[K}[m[K);
      |                                                [01;31m[K^[m[K
In file included from [01m[K/home/fourdds/ros2_ws/src/uuv_boids/src/uav_node.hpp:20[m[K,
                 from [01m[K/home/fourdds/ros2_ws/src/uuv_boids/src/uav_node.cpp:1[m[K:
[01m[K/home/fourdds/ros2_ws/src/uuv_boids/src/vector2d.hpp:41:5:[m[K [01;36m[Knote: [m[Kcandidate: â€˜[01m[Kvector2d::vector2d(double, double)[m[Kâ€™
   41 |     [01;36m[Kvector2d[m[K(const double x, const double y) : x_(x), y_(y) {}
      |     [01;36m[K^~~~~~~~[m[K
[01m[K/home/fourdds/ros2_ws/src/uuv_boids/src/vector2d.hpp:41:5:[m[K [01;36m[Knote: [m[K  candidate expects 2 arguments, 1 provided
[01m[K/home/fourdds/ros2_ws/src/uuv_boids/src/vector2d.hpp:21:5:[m[K [01;36m[Knote: [m[Kcandidate: â€˜[01m[Kvector2d::vector2d(vector2d&&)[m[Kâ€™
   21 |     [01;36m[Kvector2d[m[K(vector2d&& moved)
      |     [01;36m[K^~~~~~~~[m[K
[01m[K/home/fourdds/ros2_ws/src/uuv_boids/src/vector2d.hpp:21:25:[m[K [01;36m[Knote: [m[K  no known conversion for argument 1 from â€˜[01m[Kdouble[m[Kâ€™ to â€˜[01m[Kvector2d&&[m[Kâ€™
   21 |     vector2d([01;36m[Kvector2d&& moved[m[K)
      |              [01;36m[K~~~~~~~~~~~^~~~~[m[K
[01m[K/home/fourdds/ros2_ws/src/uuv_boids/src/vector2d.hpp:15:5:[m[K [01;36m[Knote: [m[Kcandidate: â€˜[01m[Kvector2d::vector2d(const vector2d&)[m[Kâ€™
   15 |     [01;36m[Kvector2d[m[K(const vector2d& other)
      |     [01;36m[K^~~~~~~~[m[K
[01m[K/home/fourdds/ros2_ws/src/uuv_boids/src/vector2d.hpp:15:30:[m[K [01;36m[Knote: [m[K  no known conversion for argument 1 from â€˜[01m[Kdouble[m[Kâ€™ to â€˜[01m[Kconst vector2d&[m[Kâ€™
   15 |     vector2d([01;36m[Kconst vector2d& other[m[K)
      |              [01;36m[K~~~~~~~~~~~~~~~~^~~~~[m[K
[01m[K/home/fourdds/ros2_ws/src/uuv_boids/src/vector2d.hpp:12:5:[m[K [01;36m[Knote: [m[Kcandidate: â€˜[01m[Kconstexpr vector2d::vector2d()[m[Kâ€™
   12 |     [01;36m[Kvector2d[m[K() = default;
      |     [01;36m[K^~~~~~~~[m[K
[01m[K/home/fourdds/ros2_ws/src/uuv_boids/src/vector2d.hpp:12:5:[m[K [01;36m[Knote: [m[K  candidate expects 0 arguments, 1 provided
[01m[K/home/fourdds/ros2_ws/src/uuv_boids/src/uav_node.cpp:[m[K In member function â€˜[01m[Kvoid Swarm::UavNode::flockingLogic()[m[Kâ€™:
[01m[K/home/fourdds/ros2_ws/src/uuv_boids/src/uav_node.cpp:208:16:[m[K [01;35m[Kwarning: [m[Kunused variable â€˜[01m[Kcommand[m[Kâ€™ [[01;35m[K]8;;https://gcc.gnu.org/onlinedocs/gcc/Warning-Options.html#index-Wunused-variable-Wunused-variable]8;;[m[K]
  208 |     static int [01;35m[Kcommand[m[K = 0;
      |                [01;35m[K^~~~~~~[m[K
[01m[K/home/fourdds/ros2_ws/src/uuv_boids/src/uav_node.cpp:[m[K At global scope:
[01m[K/home/fourdds/ros2_ws/src/uuv_boids/src/uav_node.cpp:208:16:[m[K [01;35m[Kwarning: [m[Kâ€˜[01m[Kcommand[m[Kâ€™ defined but not used [[01;35m[K]8;;https://gcc.gnu.org/onlinedocs/gcc/Warning-Options.html#index-Wunused-variable-Wunused-variable]8;;[m[K]
gmake[2]: *** [CMakeFiles/swarm_spawner.dir/build.make:76: CMakeFiles/swarm_spawner.dir/src/uav_node.cpp.o] Error 1
gmake[1]: *** [CMakeFiles/Makefile2:620: CMakeFiles/swarm_spawner.dir/all] Error 2
gmake: *** [Makefile:146: all] Error 2
