[0.008s] Invoking command in '/home/fourdds/ros2_ws/build/uuv_boids': CMAKE_PREFIX_PATH=/home/fourdds/ros2_ws/install/px4_msgs:/home/fourdds/ros2_ws/install/uuv_boids:/home/fourdds/ros2_ws/install/px4_ros_com:/home/fourdds/ros2_ws/install/iris-logger:/home/fourdds/ros2_ws/install/boids:/opt/ros/humble LD_LIBRARY_PATH=/home/fourdds/ros2_ws/install/px4_msgs/lib:/home/fourdds/ros2_ws/install/uuv_boids/lib:/home/fourdds/ros2_ws/install/px4_ros_com/lib:/home/fourdds/ros2_ws/install/boids/lib:/usr/lib/x86_64-linux-gnu/gazebo-11/plugins:/opt/ros/humble/opt/rviz_ogre_vendor/lib:/opt/ros/humble/lib/x86_64-linux-gnu:/opt/ros/humble/lib /usr/bin/cmake --build /home/fourdds/ros2_ws/build/uuv_boids -- -j24 -l24
[0.036s] [35m[1mConsolidate compiler generated dependencies of target swarm_spawner[0m
[0.038s] [  2%] Built target uuv_boids__cpp
[0.038s] [ 10%] Built target uuv_boids__rosidl_generator_c
[0.040s] [ 15%] Built target frame_transforms
[0.044s] [ 15%] Built target ament_cmake_python_copy_uuv_boids
[0.051s] [ 23%] Built target uuv_boids__rosidl_typesupport_cpp
[0.051s] [ 32%] Built target uuv_boids__rosidl_typesupport_introspection_cpp
[0.051s] [ 41%] Built target uuv_boids__rosidl_typesupport_fastrtps_cpp
[0.052s] [ 43%] [32mBuilding CXX object CMakeFiles/swarm_spawner.dir/src/uav_node.cpp.o[0m
[0.052s] [ 52%] Built target uuv_boids__rosidl_typesupport_c
[0.053s] [ 60%] Built target uuv_boids__rosidl_typesupport_introspection_c
[0.055s] [ 69%] Built target uuv_boids__rosidl_typesupport_fastrtps_c
[0.066s] [ 69%] Built target uuv_boids
[0.078s] [ 71%] Built target uuv_boids__py
[0.090s] [ 78%] Built target uuv_boids__rosidl_generator_py
[0.103s] [ 91%] Built target uuv_boids__rosidl_typesupport_fastrtps_c__pyext
[0.103s] [ 91%] Built target uuv_boids__rosidl_typesupport_introspection_c__pyext
[0.104s] [ 91%] Built target uuv_boids__rosidl_typesupport_c__pyext
[0.153s] running egg_info
[0.160s] writing uuv_boids.egg-info/PKG-INFO
[0.161s] writing dependency_links to uuv_boids.egg-info/dependency_links.txt
[0.161s] writing top-level names to uuv_boids.egg-info/top_level.txt
[0.182s] reading manifest file 'uuv_boids.egg-info/SOURCES.txt'
[0.182s] writing manifest file 'uuv_boids.egg-info/SOURCES.txt'
[0.199s] [ 91%] Built target ament_cmake_python_build_uuv_boids_egg
[1.899s] [01m[K/home/fourdds/ros2_ws/src/uuv_boids/src/uav_node.cpp:[m[K In member function â€˜[01m[Kvoid Swarm::UavNode::controlTrajectory()[m[Kâ€™:
[1.899s] [01m[K/home/fourdds/ros2_ws/src/uuv_boids/src/uav_node.cpp:189:48:[m[K [01;31m[Kerror: [m[Kno matching function for call to â€˜[01m[Kvector2d::vector2d(<brace-enclosed initializer list>)[m[Kâ€™
[1.899s]   189 |     sendAttitude(0, 0, yaw_error, Point2D{0.1, [01;31m[K}[m[K);
[1.899s]       |                                                [01;31m[K^[m[K
[1.899s] In file included from [01m[K/home/fourdds/ros2_ws/src/uuv_boids/src/uav_node.hpp:20[m[K,
[1.899s]                  from [01m[K/home/fourdds/ros2_ws/src/uuv_boids/src/uav_node.cpp:1[m[K:
[1.899s] [01m[K/home/fourdds/ros2_ws/src/uuv_boids/src/vector2d.hpp:41:5:[m[K [01;36m[Knote: [m[Kcandidate: â€˜[01m[Kvector2d::vector2d(double, double)[m[Kâ€™
[1.899s]    41 |     [01;36m[Kvector2d[m[K(const double x, const double y) : x_(x), y_(y) {}
[1.899s]       |     [01;36m[K^~~~~~~~[m[K
[1.899s] [01m[K/home/fourdds/ros2_ws/src/uuv_boids/src/vector2d.hpp:41:5:[m[K [01;36m[Knote: [m[K  candidate expects 2 arguments, 1 provided
[1.899s] [01m[K/home/fourdds/ros2_ws/src/uuv_boids/src/vector2d.hpp:21:5:[m[K [01;36m[Knote: [m[Kcandidate: â€˜[01m[Kvector2d::vector2d(vector2d&&)[m[Kâ€™
[1.899s]    21 |     [01;36m[Kvector2d[m[K(vector2d&& moved)
[1.899s]       |     [01;36m[K^~~~~~~~[m[K
[1.899s] [01m[K/home/fourdds/ros2_ws/src/uuv_boids/src/vector2d.hpp:21:25:[m[K [01;36m[Knote: [m[K  no known conversion for argument 1 from â€˜[01m[Kdouble[m[Kâ€™ to â€˜[01m[Kvector2d&&[m[Kâ€™
[1.899s]    21 |     vector2d([01;36m[Kvector2d&& moved[m[K)
[1.899s]       |              [01;36m[K~~~~~~~~~~~^~~~~[m[K
[1.899s] [01m[K/home/fourdds/ros2_ws/src/uuv_boids/src/vector2d.hpp:15:5:[m[K [01;36m[Knote: [m[Kcandidate: â€˜[01m[Kvector2d::vector2d(const vector2d&)[m[Kâ€™
[1.899s]    15 |     [01;36m[Kvector2d[m[K(const vector2d& other)
[1.899s]       |     [01;36m[K^~~~~~~~[m[K
[1.899s] [01m[K/home/fourdds/ros2_ws/src/uuv_boids/src/vector2d.hpp:15:30:[m[K [01;36m[Knote: [m[K  no known conversion for argument 1 from â€˜[01m[Kdouble[m[Kâ€™ to â€˜[01m[Kconst vector2d&[m[Kâ€™
[1.899s]    15 |     vector2d([01;36m[Kconst vector2d& other[m[K)
[1.899s]       |              [01;36m[K~~~~~~~~~~~~~~~~^~~~~[m[K
[1.899s] [01m[K/home/fourdds/ros2_ws/src/uuv_boids/src/vector2d.hpp:12:5:[m[K [01;36m[Knote: [m[Kcandidate: â€˜[01m[Kconstexpr vector2d::vector2d()[m[Kâ€™
[1.899s]    12 |     [01;36m[Kvector2d[m[K() = default;
[1.899s]       |     [01;36m[K^~~~~~~~[m[K
[1.899s] [01m[K/home/fourdds/ros2_ws/src/uuv_boids/src/vector2d.hpp:12:5:[m[K [01;36m[Knote: [m[K  candidate expects 0 arguments, 1 provided
[1.899s] [01m[K/home/fourdds/ros2_ws/src/uuv_boids/src/uav_node.cpp:[m[K In member function â€˜[01m[Kvoid Swarm::UavNode::flockingLogic()[m[Kâ€™:
[1.899s] [01m[K/home/fourdds/ros2_ws/src/uuv_boids/src/uav_node.cpp:208:16:[m[K [01;35m[Kwarning: [m[Kunused variable â€˜[01m[Kcommand[m[Kâ€™ [[01;35m[K]8;;https://gcc.gnu.org/onlinedocs/gcc/Warning-Options.html#index-Wunused-variable-Wunused-variable]8;;[m[K]
[1.899s]   208 |     static int [01;35m[Kcommand[m[K = 0;
[1.899s]       |                [01;35m[K^~~~~~~[m[K
[6.486s] [01m[K/home/fourdds/ros2_ws/src/uuv_boids/src/uav_node.cpp:[m[K At global scope:
[6.487s] [01m[K/home/fourdds/ros2_ws/src/uuv_boids/src/uav_node.cpp:208:16:[m[K [01;35m[Kwarning: [m[Kâ€˜[01m[Kcommand[m[Kâ€™ defined but not used [[01;35m[K]8;;https://gcc.gnu.org/onlinedocs/gcc/Warning-Options.html#index-Wunused-variable-Wunused-variable]8;;[m[K]
[6.516s] gmake[2]: *** [CMakeFiles/swarm_spawner.dir/build.make:76: CMakeFiles/swarm_spawner.dir/src/uav_node.cpp.o] Error 1
[6.516s] gmake[1]: *** [CMakeFiles/Makefile2:620: CMakeFiles/swarm_spawner.dir/all] Error 2
[6.516s] gmake: *** [Makefile:146: all] Error 2
[6.518s] Invoked command in '/home/fourdds/ros2_ws/build/uuv_boids' returned '2': CMAKE_PREFIX_PATH=/home/fourdds/ros2_ws/install/px4_msgs:/home/fourdds/ros2_ws/install/uuv_boids:/home/fourdds/ros2_ws/install/px4_ros_com:/home/fourdds/ros2_ws/install/iris-logger:/home/fourdds/ros2_ws/install/boids:/opt/ros/humble LD_LIBRARY_PATH=/home/fourdds/ros2_ws/install/px4_msgs/lib:/home/fourdds/ros2_ws/install/uuv_boids/lib:/home/fourdds/ros2_ws/install/px4_ros_com/lib:/home/fourdds/ros2_ws/install/boids/lib:/usr/lib/x86_64-linux-gnu/gazebo-11/plugins:/opt/ros/humble/opt/rviz_ogre_vendor/lib:/opt/ros/humble/lib/x86_64-linux-gnu:/opt/ros/humble/lib /usr/bin/cmake --build /home/fourdds/ros2_ws/build/uuv_boids -- -j24 -l24
