[0.007s] Invoking command in '/home/fourdds/ros2_ws/build/boids': CMAKE_PREFIX_PATH=/home/fourdds/ros2_ws/install/px4_msgs:/home/fourdds/ros2_ws/install/px4_ros_com:/home/fourdds/ros2_ws/install/boids:/opt/ros/humble LD_LIBRARY_PATH=/home/fourdds/ros2_ws/install/px4_msgs/lib:/home/fourdds/ros2_ws/install/px4_ros_com/lib:/home/fourdds/ros2_ws/install/boids/lib:/usr/lib/x86_64-linux-gnu/gazebo-11/plugins:/opt/ros/humble/opt/rviz_ogre_vendor/lib:/opt/ros/humble/lib/x86_64-linux-gnu:/opt/ros/humble/lib /usr/bin/cmake --build /home/fourdds/ros2_ws/build/boids -- -j24 -l24
[0.028s] [35m[1mConsolidate compiler generated dependencies of target uavs_spawner[0m
[0.034s] [ 40%] Built target frame_transforms
[0.040s] [ 60%] [32mBuilding CXX object CMakeFiles/uavs_spawner.dir/src/uav_node.cpp.o[0m
[0.042s] [ 80%] [32mBuilding CXX object CMakeFiles/uavs_spawner.dir/src/main.cpp.o[0m
[0.145s] In file included from [01m[K/home/fourdds/ros2_ws/src/boids/src/geo.hpp:4[m[K,
[0.145s]                  from [01m[K/home/fourdds/ros2_ws/src/boids/src/uav_node.hpp:11[m[K,
[0.145s]                  from [01m[K/home/fourdds/ros2_ws/src/boids/src/main.cpp:1[m[K:
[0.145s] [01m[K/home/fourdds/ros2_ws/src/boids/include/px4_ros_com/frame_transforms.h:45:10:[m[K [01;31m[Kfatal error: [m[KEigen/Eigen: No such file or directory
[0.145s]    45 | #include [01;31m[K<Eigen/Eigen>[m[K
[0.145s]       |          [01;31m[K^~~~~~~~~~~~~[m[K
[0.145s] compilation terminated.
[0.146s] gmake[2]: *** [CMakeFiles/uavs_spawner.dir/build.make:90: CMakeFiles/uavs_spawner.dir/src/main.cpp.o] Error 1
[0.146s] gmake[2]: *** Waiting for unfinished jobs....
[0.146s] In file included from [01m[K/home/fourdds/ros2_ws/src/boids/src/geo.hpp:4[m[K,
[0.146s]                  from [01m[K/home/fourdds/ros2_ws/src/boids/src/uav_node.hpp:11[m[K,
[0.146s]                  from [01m[K/home/fourdds/ros2_ws/src/boids/src/uav_node.cpp:1[m[K:
[0.146s] [01m[K/home/fourdds/ros2_ws/src/boids/include/px4_ros_com/frame_transforms.h:45:10:[m[K [01;31m[Kfatal error: [m[KEigen/Eigen: No such file or directory
[0.146s]    45 | #include [01;31m[K<Eigen/Eigen>[m[K
[0.146s]       |          [01;31m[K^~~~~~~~~~~~~[m[K
[0.146s] compilation terminated.
[0.147s] gmake[2]: *** [CMakeFiles/uavs_spawner.dir/build.make:76: CMakeFiles/uavs_spawner.dir/src/uav_node.cpp.o] Error 1
[0.147s] gmake[1]: *** [CMakeFiles/Makefile2:165: CMakeFiles/uavs_spawner.dir/all] Error 2
[0.148s] gmake: *** [Makefile:146: all] Error 2
[0.149s] Invoked command in '/home/fourdds/ros2_ws/build/boids' returned '2': CMAKE_PREFIX_PATH=/home/fourdds/ros2_ws/install/px4_msgs:/home/fourdds/ros2_ws/install/px4_ros_com:/home/fourdds/ros2_ws/install/boids:/opt/ros/humble LD_LIBRARY_PATH=/home/fourdds/ros2_ws/install/px4_msgs/lib:/home/fourdds/ros2_ws/install/px4_ros_com/lib:/home/fourdds/ros2_ws/install/boids/lib:/usr/lib/x86_64-linux-gnu/gazebo-11/plugins:/opt/ros/humble/opt/rviz_ogre_vendor/lib:/opt/ros/humble/lib/x86_64-linux-gnu:/opt/ros/humble/lib /usr/bin/cmake --build /home/fourdds/ros2_ws/build/boids -- -j24 -l24
