[0.007s] Invoking command in '/home/fourdds/ros2_ws/build/boids': CMAKE_PREFIX_PATH=/home/fourdds/ros2_ws/install/px4_msgs:/home/fourdds/ros2_ws/install/px4_ros_com:/home/fourdds/ros2_ws/install/boids:/opt/ros/humble LD_LIBRARY_PATH=/home/fourdds/ros2_ws/install/px4_msgs/lib:/home/fourdds/ros2_ws/install/px4_ros_com/lib:/home/fourdds/ros2_ws/install/boids/lib:/usr/lib/x86_64-linux-gnu/gazebo-11/plugins:/opt/ros/humble/opt/rviz_ogre_vendor/lib:/opt/ros/humble/lib/x86_64-linux-gnu:/opt/ros/humble/lib /usr/bin/cmake --build /home/fourdds/ros2_ws/build/boids -- -j24 -l24
[0.030s] [ 40%] Built target frame_transforms
[0.031s] [ 60%] [32mBuilding CXX object CMakeFiles/uavs_spawner.dir/src/uav_node.cpp.o[0m
[0.032s] [ 80%] [32mBuilding CXX object CMakeFiles/uavs_spawner.dir/src/main.cpp.o[0m
[1.583s] In file included from [01m[K/home/fourdds/ros2_ws/src/boids/src/uav_node.hpp:11[m[K,
[1.583s]                  from [01m[K/home/fourdds/ros2_ws/src/boids/src/main.cpp:1[m[K:
[1.583s] [01m[K/home/fourdds/ros2_ws/src/boids/src/geo.hpp:[m[K In function â€˜[01m[Kdouble geo::get_yaw(const std::array<float, 4>&)[m[Kâ€™:
[1.583s] [01m[K/home/fourdds/ros2_ws/src/boids/src/geo.hpp:49:37:[m[K [01;31m[Kerror: [m[Kâ€˜[01m[Kpx4_ros_com[m[Kâ€™ has not been declared
[1.583s]    49 |         const auto quaternion_ned = [01;31m[Kpx4_ros_com[m[K::frame_transforms::utils::quaternion::array_to_eigen_quat(quat_array);
[1.583s]       |                                     [01;31m[K^~~~~~~~~~~[m[K
[1.583s] In file included from [01m[K/home/fourdds/ros2_ws/src/boids/src/uav_node.hpp:11[m[K,
[1.583s]                  from [01m[K/home/fourdds/ros2_ws/src/boids/src/uav_node.cpp:1[m[K:
[1.583s] [01m[K/home/fourdds/ros2_ws/src/boids/src/geo.hpp:[m[K In function â€˜[01m[Kdouble geo::get_yaw(const std::array<float, 4>&)[m[Kâ€™:
[1.583s] [01m[K/home/fourdds/ros2_ws/src/boids/src/geo.hpp:49:37:[m[K [01;31m[Kerror: [m[Kâ€˜[01m[Kpx4_ros_com[m[Kâ€™ has not been declared
[1.583s]    49 |         const auto quaternion_ned = [01;31m[Kpx4_ros_com[m[K::frame_transforms::utils::quaternion::array_to_eigen_quat(quat_array);
[1.583s]       |                                     [01;31m[K^~~~~~~~~~~[m[K
[1.583s] [01m[K/home/fourdds/ros2_ws/src/boids/src/geo.hpp:50:16:[m[K [01;31m[Kerror: [m[Kâ€˜[01m[Kpx4_ros_com[m[Kâ€™ has not been declared
[1.583s]    50 |         return [01;31m[Kpx4_ros_com[m[K::frame_transforms::utils::quaternion::quaternion_get_yaw(quaternion_ned);
[1.583s]       |                [01;31m[K^~~~~~~~~~~[m[K
[1.583s] [01m[K/home/fourdds/ros2_ws/src/boids/src/geo.hpp:50:16:[m[K [01;31m[Kerror: [m[Kâ€˜[01m[Kpx4_ros_com[m[Kâ€™ has not been declared
[1.583s]    50 |         return [01;31m[Kpx4_ros_com[m[K::frame_transforms::utils::quaternion::quaternion_get_yaw(quaternion_ned);
[1.583s]       |                [01;31m[K^~~~~~~~~~~[m[K
[1.916s] gmake[2]: *** [CMakeFiles/uavs_spawner.dir/build.make:90: CMakeFiles/uavs_spawner.dir/src/main.cpp.o] Error 1
[1.916s] gmake[2]: *** Waiting for unfinished jobs....
[4.183s] gmake[2]: *** [CMakeFiles/uavs_spawner.dir/build.make:76: CMakeFiles/uavs_spawner.dir/src/uav_node.cpp.o] Error 1
[4.183s] gmake[1]: *** [CMakeFiles/Makefile2:165: CMakeFiles/uavs_spawner.dir/all] Error 2
[4.183s] gmake: *** [Makefile:146: all] Error 2
[4.185s] Invoked command in '/home/fourdds/ros2_ws/build/boids' returned '2': CMAKE_PREFIX_PATH=/home/fourdds/ros2_ws/install/px4_msgs:/home/fourdds/ros2_ws/install/px4_ros_com:/home/fourdds/ros2_ws/install/boids:/opt/ros/humble LD_LIBRARY_PATH=/home/fourdds/ros2_ws/install/px4_msgs/lib:/home/fourdds/ros2_ws/install/px4_ros_com/lib:/home/fourdds/ros2_ws/install/boids/lib:/usr/lib/x86_64-linux-gnu/gazebo-11/plugins:/opt/ros/humble/opt/rviz_ogre_vendor/lib:/opt/ros/humble/lib/x86_64-linux-gnu:/opt/ros/humble/lib /usr/bin/cmake --build /home/fourdds/ros2_ws/build/boids -- -j24 -l24
