[  2%] Built target boids__cpp
[  6%] [32mBuilding C object CMakeFiles/boids__rosidl_generator_c.dir/rosidl_generator_c/boids/msg/detail/geo_ping__functions.c.o[0m
[  6%] [32mBuilding C object CMakeFiles/boids__rosidl_generator_c.dir/rosidl_generator_c/boids/msg/detail/flocking__functions.c.o[0m
[  9%] [32mBuilding CXX object CMakeFiles/frame_transforms.dir/src/lib/frame_transforms.cpp.o[0m
[35m[1mConsolidate compiler generated dependencies of target swarm_spawner[0m
[ 11%] [32mBuilding CXX object CMakeFiles/boids__rosidl_typesupport_cpp.dir/rosidl_typesupport_cpp/boids/msg/geo_ping__type_support.cpp.o[0m
[ 11%] Built target ament_cmake_python_copy_boids
[ 13%] [32mBuilding CXX object CMakeFiles/boids__rosidl_typesupport_fastrtps_cpp.dir/rosidl_typesupport_fastrtps_cpp/boids/msg/detail/dds_fastrtps/flocking__type_support.cpp.o[0m
[ 15%] [32mBuilding CXX object CMakeFiles/boids__rosidl_typesupport_fastrtps_cpp.dir/rosidl_typesupport_fastrtps_cpp/boids/msg/detail/dds_fastrtps/geo_ping__type_support.cpp.o[0m
[ 18%] [32mBuilding CXX object CMakeFiles/boids__rosidl_typesupport_cpp.dir/rosidl_typesupport_cpp/boids/msg/flocking__type_support.cpp.o[0m
[ 20%] [32mBuilding CXX object CMakeFiles/swarm_spawner.dir/src/uav_node.cpp.o[0m
[ 22%] [32mBuilding CXX object CMakeFiles/boids__rosidl_typesupport_introspection_cpp.dir/rosidl_typesupport_introspection_cpp/boids/msg/detail/geo_ping__type_support.cpp.o[0m
[ 25%] [32mBuilding CXX object CMakeFiles/swarm_spawner.dir/src/main.cpp.o[0m
[ 27%] [32mBuilding CXX object CMakeFiles/boids__rosidl_typesupport_introspection_cpp.dir/rosidl_typesupport_introspection_cpp/boids/msg/detail/flocking__type_support.cpp.o[0m
[ 29%] [32m[1mLinking C shared library libboids__rosidl_generator_c.so[0m
[ 31%] Built target boids__rosidl_generator_c
[ 34%] [32mBuilding CXX object CMakeFiles/boids__rosidl_typesupport_c.dir/rosidl_typesupport_c/boids/msg/flocking__type_support.cpp.o[0m
[ 36%] [32mBuilding CXX object CMakeFiles/boids__rosidl_typesupport_fastrtps_c.dir/rosidl_typesupport_fastrtps_c/boids/msg/detail/geo_ping__type_support_c.cpp.o[0m
[ 38%] [32mBuilding CXX object CMakeFiles/boids__rosidl_typesupport_fastrtps_c.dir/rosidl_typesupport_fastrtps_c/boids/msg/detail/flocking__type_support_c.cpp.o[0m
[ 40%] [32mBuilding C object CMakeFiles/boids__rosidl_typesupport_introspection_c.dir/rosidl_typesupport_introspection_c/boids/msg/detail/flocking__type_support.c.o[0m
[ 43%] [32mBuilding C object CMakeFiles/boids__rosidl_typesupport_introspection_c.dir/rosidl_typesupport_introspection_c/boids/msg/detail/geo_ping__type_support.c.o[0m
[ 45%] [32mBuilding CXX object CMakeFiles/boids__rosidl_typesupport_c.dir/rosidl_typesupport_c/boids/msg/geo_ping__type_support.cpp.o[0m
[ 47%] [32m[1mLinking CXX shared library libboids__rosidl_typesupport_c.so[0m
[ 50%] [32m[1mLinking C shared library libboids__rosidl_typesupport_introspection_c.so[0m
running egg_info
writing boids.egg-info/PKG-INFO
writing dependency_links to boids.egg-info/dependency_links.txt
writing top-level names to boids.egg-info/top_level.txt
[ 52%] Built target boids__rosidl_typesupport_introspection_c
reading manifest file 'boids.egg-info/SOURCES.txt'
[ 54%] Built target boids__rosidl_typesupport_c
writing manifest file 'boids.egg-info/SOURCES.txt'
[ 56%] [32m[1mLinking CXX shared library libboids__rosidl_typesupport_cpp.so[0m
[ 56%] Built target ament_cmake_python_build_boids_egg
[ 59%] [32m[1mLinking CXX shared library libboids__rosidl_typesupport_introspection_cpp.so[0m
[ 61%] Built target boids__rosidl_typesupport_cpp
[ 63%] [32m[1mLinking CXX shared library libboids__rosidl_typesupport_fastrtps_cpp.so[0m
In file included from [01m[K/home/fourdds/ros2_ws/src/boids/src/uav_node.cpp:1[m[K:
[01m[K/home/fourdds/ros2_ws/src/boids/src/uav_node.hpp:18:10:[m[K [01;31m[Kfatal error: [m[Koptions.hpp: No such file or directory
   18 | #include [01;31m[K"options.hpp"[m[K
      |          [01;31m[K^~~~~~~~~~~~~[m[K
compilation terminated.
gmake[2]: *** [CMakeFiles/swarm_spawner.dir/build.make:76: CMakeFiles/swarm_spawner.dir/src/uav_node.cpp.o] Error 1
gmake[2]: *** Waiting for unfinished jobs....
In file included from [01m[K/home/fourdds/ros2_ws/src/boids/src/main.cpp:1[m[K:
[01m[K/home/fourdds/ros2_ws/src/boids/src/uav_node.hpp:18:10:[m[K [01;31m[Kfatal error: [m[Koptions.hpp: No such file or directory
   18 | #include [01;31m[K"options.hpp"[m[K
      |          [01;31m[K^~~~~~~~~~~~~[m[K
compilation terminated.
gmake[2]: *** [CMakeFiles/swarm_spawner.dir/build.make:90: CMakeFiles/swarm_spawner.dir/src/main.cpp.o] Error 1
gmake[1]: *** [CMakeFiles/Makefile2:620: CMakeFiles/swarm_spawner.dir/all] Error 2
gmake[1]: *** Waiting for unfinished jobs....
[ 65%] Built target boids__rosidl_typesupport_introspection_cpp
[ 68%] [32m[1mLinking CXX shared library libboids__rosidl_typesupport_fastrtps_c.so[0m
[ 70%] Built target boids__rosidl_typesupport_fastrtps_cpp
[ 72%] Built target boids__rosidl_typesupport_fastrtps_c
[ 75%] [32m[1mLinking CXX shared library libframe_transforms.so[0m
[ 75%] Built target frame_transforms
gmake: *** [Makefile:146: all] Error 2
