[0.045s] Invoking command in '/home/fourdds/ros2_ws/build/boids': AMENT_PREFIX_PATH=/home/fourdds/ros2_ws/install/obstacle_avoidance:/home/fourdds/ros2_ws/install/px4_msgs:/home/fourdds/ros2_ws/install/parameters:${AMENT_PREFIX_PATH} CMAKE_PREFIX_PATH=/home/fourdds/ros2_ws/install/obstacle_avoidance:/home/fourdds/ros2_ws/install/px4_msgs:/home/fourdds/ros2_ws/install/parameters:/opt/ros/humble LD_LIBRARY_PATH=/home/fourdds/ros2_ws/install/obstacle_avoidance/lib:/home/fourdds/ros2_ws/install/px4_msgs/lib:/home/fourdds/ros2_ws/install/parameters/lib:${LD_LIBRARY_PATH} PYTHONPATH=/home/fourdds/ros2_ws/install/px4_msgs/local/lib/python3.10/dist-packages:${PYTHONPATH} /usr/bin/cmake --build /home/fourdds/ros2_ws/build/boids -- -j24 -l24
[0.070s] [  2%] Built target boids__cpp
[0.072s] [  6%] [32mBuilding C object CMakeFiles/boids__rosidl_generator_c.dir/rosidl_generator_c/boids/msg/detail/geo_ping__functions.c.o[0m
[0.072s] [  6%] [32mBuilding C object CMakeFiles/boids__rosidl_generator_c.dir/rosidl_generator_c/boids/msg/detail/flocking__functions.c.o[0m
[0.073s] [  9%] [32mBuilding CXX object CMakeFiles/frame_transforms.dir/src/lib/frame_transforms.cpp.o[0m
[0.073s] [35m[1mConsolidate compiler generated dependencies of target swarm_spawner[0m
[0.083s] [ 11%] [32mBuilding CXX object CMakeFiles/boids__rosidl_typesupport_cpp.dir/rosidl_typesupport_cpp/boids/msg/geo_ping__type_support.cpp.o[0m
[0.084s] [ 11%] Built target ament_cmake_python_copy_boids
[0.086s] [ 13%] [32mBuilding CXX object CMakeFiles/boids__rosidl_typesupport_fastrtps_cpp.dir/rosidl_typesupport_fastrtps_cpp/boids/msg/detail/dds_fastrtps/flocking__type_support.cpp.o[0m
[0.088s] [ 15%] [32mBuilding CXX object CMakeFiles/boids__rosidl_typesupport_fastrtps_cpp.dir/rosidl_typesupport_fastrtps_cpp/boids/msg/detail/dds_fastrtps/geo_ping__type_support.cpp.o[0m
[0.088s] [ 18%] [32mBuilding CXX object CMakeFiles/boids__rosidl_typesupport_cpp.dir/rosidl_typesupport_cpp/boids/msg/flocking__type_support.cpp.o[0m
[0.089s] [ 20%] [32mBuilding CXX object CMakeFiles/swarm_spawner.dir/src/uav_node.cpp.o[0m
[0.089s] [ 22%] [32mBuilding CXX object CMakeFiles/boids__rosidl_typesupport_introspection_cpp.dir/rosidl_typesupport_introspection_cpp/boids/msg/detail/geo_ping__type_support.cpp.o[0m
[0.089s] [ 25%] [32mBuilding CXX object CMakeFiles/swarm_spawner.dir/src/main.cpp.o[0m
[0.090s] [ 27%] [32mBuilding CXX object CMakeFiles/boids__rosidl_typesupport_introspection_cpp.dir/rosidl_typesupport_introspection_cpp/boids/msg/detail/flocking__type_support.cpp.o[0m
[0.105s] [ 29%] [32m[1mLinking C shared library libboids__rosidl_generator_c.so[0m
[0.184s] [ 31%] Built target boids__rosidl_generator_c
[0.199s] [ 34%] [32mBuilding CXX object CMakeFiles/boids__rosidl_typesupport_c.dir/rosidl_typesupport_c/boids/msg/flocking__type_support.cpp.o[0m
[0.199s] [ 36%] [32mBuilding CXX object CMakeFiles/boids__rosidl_typesupport_fastrtps_c.dir/rosidl_typesupport_fastrtps_c/boids/msg/detail/geo_ping__type_support_c.cpp.o[0m
[0.200s] [ 38%] [32mBuilding CXX object CMakeFiles/boids__rosidl_typesupport_fastrtps_c.dir/rosidl_typesupport_fastrtps_c/boids/msg/detail/flocking__type_support_c.cpp.o[0m
[0.200s] [ 40%] [32mBuilding C object CMakeFiles/boids__rosidl_typesupport_introspection_c.dir/rosidl_typesupport_introspection_c/boids/msg/detail/flocking__type_support.c.o[0m
[0.201s] [ 43%] [32mBuilding C object CMakeFiles/boids__rosidl_typesupport_introspection_c.dir/rosidl_typesupport_introspection_c/boids/msg/detail/geo_ping__type_support.c.o[0m
[0.201s] [ 45%] [32mBuilding CXX object CMakeFiles/boids__rosidl_typesupport_c.dir/rosidl_typesupport_c/boids/msg/geo_ping__type_support.cpp.o[0m
[0.223s] [ 47%] [32m[1mLinking CXX shared library libboids__rosidl_typesupport_c.so[0m
[0.228s] [ 50%] [32m[1mLinking C shared library libboids__rosidl_typesupport_introspection_c.so[0m
[0.258s] running egg_info
[0.271s] writing boids.egg-info/PKG-INFO
[0.272s] writing dependency_links to boids.egg-info/dependency_links.txt
[0.272s] writing top-level names to boids.egg-info/top_level.txt
[0.294s] [ 52%] Built target boids__rosidl_typesupport_introspection_c
[0.310s] reading manifest file 'boids.egg-info/SOURCES.txt'
[0.310s] [ 54%] Built target boids__rosidl_typesupport_c
[0.311s] writing manifest file 'boids.egg-info/SOURCES.txt'
[0.311s] [ 56%] [32m[1mLinking CXX shared library libboids__rosidl_typesupport_cpp.so[0m
[0.339s] [ 56%] Built target ament_cmake_python_build_boids_egg
[0.366s] [ 59%] [32m[1mLinking CXX shared library libboids__rosidl_typesupport_introspection_cpp.so[0m
[0.382s] [ 61%] Built target boids__rosidl_typesupport_cpp
[0.387s] [ 63%] [32m[1mLinking CXX shared library libboids__rosidl_typesupport_fastrtps_cpp.so[0m
[0.405s] In file included from [01m[K/home/fourdds/ros2_ws/src/boids/src/uav_node.cpp:1[m[K:
[0.405s] [01m[K/home/fourdds/ros2_ws/src/boids/src/uav_node.hpp:18:10:[m[K [01;31m[Kfatal error: [m[Koptions.hpp: No such file or directory
[0.405s]    18 | #include [01;31m[K"options.hpp"[m[K
[0.405s]       |          [01;31m[K^~~~~~~~~~~~~[m[K
[0.405s] compilation terminated.
[0.406s] gmake[2]: *** [CMakeFiles/swarm_spawner.dir/build.make:76: CMakeFiles/swarm_spawner.dir/src/uav_node.cpp.o] Error 1
[0.406s] gmake[2]: *** Waiting for unfinished jobs....
[0.407s] In file included from [01m[K/home/fourdds/ros2_ws/src/boids/src/main.cpp:1[m[K:
[0.407s] [01m[K/home/fourdds/ros2_ws/src/boids/src/uav_node.hpp:18:10:[m[K [01;31m[Kfatal error: [m[Koptions.hpp: No such file or directory
[0.407s]    18 | #include [01;31m[K"options.hpp"[m[K
[0.407s]       |          [01;31m[K^~~~~~~~~~~~~[m[K
[0.407s] compilation terminated.
[0.408s] gmake[2]: *** [CMakeFiles/swarm_spawner.dir/build.make:90: CMakeFiles/swarm_spawner.dir/src/main.cpp.o] Error 1
[0.408s] gmake[1]: *** [CMakeFiles/Makefile2:620: CMakeFiles/swarm_spawner.dir/all] Error 2
[0.408s] gmake[1]: *** Waiting for unfinished jobs....
[0.419s] [ 65%] Built target boids__rosidl_typesupport_introspection_cpp
[0.445s] [ 68%] [32m[1mLinking CXX shared library libboids__rosidl_typesupport_fastrtps_c.so[0m
[0.451s] [ 70%] Built target boids__rosidl_typesupport_fastrtps_cpp
[0.505s] [ 72%] Built target boids__rosidl_typesupport_fastrtps_c
[3.785s] [ 75%] [32m[1mLinking CXX shared library libframe_transforms.so[0m
[3.884s] [ 75%] Built target frame_transforms
[3.885s] gmake: *** [Makefile:146: all] Error 2
[3.887s] Invoked command in '/home/fourdds/ros2_ws/build/boids' returned '2': AMENT_PREFIX_PATH=/home/fourdds/ros2_ws/install/obstacle_avoidance:/home/fourdds/ros2_ws/install/px4_msgs:/home/fourdds/ros2_ws/install/parameters:${AMENT_PREFIX_PATH} CMAKE_PREFIX_PATH=/home/fourdds/ros2_ws/install/obstacle_avoidance:/home/fourdds/ros2_ws/install/px4_msgs:/home/fourdds/ros2_ws/install/parameters:/opt/ros/humble LD_LIBRARY_PATH=/home/fourdds/ros2_ws/install/obstacle_avoidance/lib:/home/fourdds/ros2_ws/install/px4_msgs/lib:/home/fourdds/ros2_ws/install/parameters/lib:${LD_LIBRARY_PATH} PYTHONPATH=/home/fourdds/ros2_ws/install/px4_msgs/local/lib/python3.10/dist-packages:${PYTHONPATH} /usr/bin/cmake --build /home/fourdds/ros2_ws/build/boids -- -j24 -l24
