[0.033s] Invoking command in '/home/fourdds/ws/build/gazebo_plugins': AMENT_PREFIX_PATH=/home/fourdds/ws/install/gazebo_ros:/home/fourdds/ws/install/gazebo_msgs:/home/fourdds/ws/install/gazebo_dev:/home/fourdds/ws/install/cv_bridge:${AMENT_PREFIX_PATH} CMAKE_PREFIX_PATH=/home/fourdds/ws/install/gazebo_ros:/home/fourdds/ws/install/gazebo_msgs:/home/fourdds/ws/install/gazebo_dev:/home/fourdds/ws/install/cv_bridge:/opt/ros/humble LD_LIBRARY_PATH=/home/fourdds/ws/install/gazebo_ros/lib:/home/fourdds/ws/install/gazebo_msgs/lib:/home/fourdds/ws/install/cv_bridge/lib:${LD_LIBRARY_PATH} PYTHONPATH=/home/fourdds/ws/install/gazebo_ros/local/lib/python3.10/dist-packages:/home/fourdds/ws/install/gazebo_msgs/local/lib/python3.10/dist-packages:/home/fourdds/ws/install/cv_bridge/local/lib/python3.10/dist-packages:${PYTHONPATH} /usr/bin/cmake /home/fourdds/ws/src/gazebo_ros_pkgs/gazebo_plugins -DAMENT_CMAKE_SYMLINK_INSTALL=1 -DCMAKE_INSTALL_PREFIX=/home/fourdds/ws/install/gazebo_plugins
[0.047s] -- Found ament_cmake: 1.3.10 (/opt/ros/humble/share/ament_cmake/cmake)
[0.157s] -- Override CMake install command with custom implementation using symlinks instead of copying resources
[0.168s] -- Found camera_info_manager: 3.1.9 (/opt/ros/humble/share/camera_info_manager/cmake)
[0.202s] -- Found rosidl_generator_c: 3.1.5 (/opt/ros/humble/share/rosidl_generator_c/cmake)
[0.204s] -- Found rosidl_adapter: 3.1.5 (/opt/ros/humble/share/rosidl_adapter/cmake)
[0.210s] -- Found rosidl_generator_cpp: 3.1.5 (/opt/ros/humble/share/rosidl_generator_cpp/cmake)
[0.221s] -- Using all available rosidl_typesupport_c: rosidl_typesupport_fastrtps_c;rosidl_typesupport_introspection_c
[0.232s] -- Using all available rosidl_typesupport_cpp: rosidl_typesupport_fastrtps_cpp;rosidl_typesupport_introspection_cpp
[0.260s] -- Found rmw_implementation_cmake: 6.1.2 (/opt/ros/humble/share/rmw_implementation_cmake/cmake)
[0.261s] -- Found rmw_fastrtps_cpp: 6.2.7 (/opt/ros/humble/share/rmw_fastrtps_cpp/cmake)
[0.417s] -- Using RMW implementation 'rmw_fastrtps_cpp' as default
[0.493s] -- Found gazebo_dev: 3.7.0 (/home/fourdds/ws/install/gazebo_dev/share/gazebo_dev/cmake)
[0.524s] -- Found DART: /usr/include (Required is at least version "6.6") found components: dart 
[0.562s] -- Found Protobuf: /usr/lib/x86_64-linux-gnu/libprotobuf.so (found version "3.12.4") 
[0.564s] -- Looking for ignition-math6 -- found version 6.15.1
[0.570s] -- Searching for dependencies of ignition-math6
[0.572s] -- Looking for OGRE...
[0.581s] -- Found Ogre Ghadamon (1.9.0)
[0.581s] -- Found OGRE: optimized;/usr/lib/x86_64-linux-gnu/libOgreMain.so;debug;/usr/lib/x86_64-linux-gnu/libOgreMain.so
[0.592s] -- Looking for OGRE_Paging...
[0.592s] -- Found OGRE_Paging: optimized;/usr/lib/x86_64-linux-gnu/libOgrePaging.so;debug;/usr/lib/x86_64-linux-gnu/libOgrePaging.so
[0.592s] -- Looking for OGRE_Terrain...
[0.592s] -- Found OGRE_Terrain: optimized;/usr/lib/x86_64-linux-gnu/libOgreTerrain.so;debug;/usr/lib/x86_64-linux-gnu/libOgreTerrain.so
[0.593s] -- Looking for OGRE_Property...
[0.593s] -- Found OGRE_Property: optimized;/usr/lib/x86_64-linux-gnu/libOgreProperty.so;debug;/usr/lib/x86_64-linux-gnu/libOgreProperty.so
[0.593s] -- Looking for OGRE_RTShaderSystem...
[0.593s] -- Found OGRE_RTShaderSystem: optimized;/usr/lib/x86_64-linux-gnu/libOgreRTShaderSystem.so;debug;/usr/lib/x86_64-linux-gnu/libOgreRTShaderSystem.so
[0.593s] -- Looking for OGRE_Volume...
[0.594s] -- Found OGRE_Volume: optimized;/usr/lib/x86_64-linux-gnu/libOgreVolume.so;debug;/usr/lib/x86_64-linux-gnu/libOgreVolume.so
[0.594s] -- Looking for OGRE_Overlay...
[0.594s] -- Found OGRE_Overlay: optimized;/usr/lib/x86_64-linux-gnu/libOgreOverlay.so;debug;/usr/lib/x86_64-linux-gnu/libOgreOverlay.so
[1.205s] -- Looking for ignition-math6 -- found version 6.15.1
[1.206s] -- Looking for ignition-transport8 -- found version 8.2.1
[1.206s] -- Searching for dependencies of ignition-transport8
[1.236s] -- Found Protobuf: /usr/lib/x86_64-linux-gnu/libprotobuf.so (found suitable version "3.12.4", minimum required is "3") 
[1.261s] -- Config-file not installed for ZeroMQ -- checking for pkg-config
[1.267s] -- Checking for module 'libzmq >= 4'
[1.284s] --   Found libzmq , version 4.3.4
[1.338s] -- Checking for module 'uuid'
[1.357s] --   Found uuid, version 2.37.2
[1.405s] -- Looking for ignition-msgs5 -- found version 5.8.1
[1.405s] -- Searching for dependencies of ignition-msgs5
[1.439s] -- Looking for ignition-math6 -- found version 6.15.1
[1.444s] -- Checking for module 'tinyxml2'
[1.465s] --   Found tinyxml2, version 9.0.0
[1.511s] -- Looking for ignition-msgs5 -- found version 5.8.1
[1.511s] -- Looking for ignition-common3 -- found version 3.14.0
[1.512s] -- Searching for dependencies of ignition-common3
[1.512s] -- Looking for dlfcn.h - found
[1.512s] -- Looking for libdl - found
[1.527s] -- Searching for <ignition-common3> component [graphics]
[1.528s] -- Looking for ignition-common3-graphics -- found version 3.14.0
[1.528s] -- Searching for dependencies of ignition-common3-graphics
[1.528s] -- Looking for ignition-math6 -- found version 6.15.1
[1.529s] -- Looking for ignition-fuel_tools4 -- found version 4.4.0
[1.530s] -- Searching for dependencies of ignition-fuel_tools4
[1.588s] -- Checking for module 'jsoncpp'
[1.605s] --   Found jsoncpp, version 1.9.5
[1.653s] -- Checking for module 'libzip'
[1.671s] --   Found libzip, version 1.7.3
[1.717s] -- Looking for ignition-common3 -- found version 3.14.0
[1.717s] -- Looking for ignition-math6 -- found version 6.15.1
[1.717s] -- Looking for ignition-msgs5 -- found version 5.8.1
[1.718s] -- Gazebo version: 11.10
[1.719s] -- Found gazebo_msgs: 3.7.0 (/home/fourdds/ws/install/gazebo_msgs/share/gazebo_msgs/cmake)
[1.751s] -- Found gazebo_ros: 3.7.0 (/home/fourdds/ws/install/gazebo_ros/share/gazebo_ros/cmake)
[1.755s] -- Found image_transport: 3.1.9 (/opt/ros/humble/share/image_transport/cmake)
[1.808s] -- Found cv_bridge: 3.2.1 (/home/fourdds/ws/install/cv_bridge/share/cv_bridge/cmake)
[1.818s] -- Found nav_msgs: 4.2.4 (/opt/ros/humble/share/nav_msgs/cmake)
[1.845s] -- Found std_srvs: 4.2.4 (/opt/ros/humble/share/std_srvs/cmake)
[1.854s] -- Found tf2: 0.25.8 (/opt/ros/humble/share/tf2/cmake)
[1.863s] -- Found tf2_geometry_msgs: 0.25.8 (/opt/ros/humble/share/tf2_geometry_msgs/cmake)
[1.871s] -- Found eigen3_cmake_module: 0.1.1 (/opt/ros/humble/share/eigen3_cmake_module/cmake)
[1.874s] -- Ensuring Eigen3 include directory is part of orocos-kdl CMake target
[2.119s] -- Found ament_cmake_gtest: 1.3.10 (/opt/ros/humble/share/ament_cmake_gtest/cmake)
[2.146s] -- Found gtest sources under '/opt/ros/humble/src/gtest_vendor': C++ tests using 'Google Test' will be built
[2.302s] -- Found ament_lint_auto: 0.12.11 (/opt/ros/humble/share/ament_lint_auto/cmake)
[2.375s] -- Added test 'copyright' to check source files copyright and LICENSE
[2.381s] -- Added test 'cppcheck' to perform static code analysis on C / C++ code
[2.384s] -- Configured cppcheck include dirs: /home/fourdds/ws/src/gazebo_ros_pkgs/gazebo_plugins/include
[2.384s] -- Configured cppcheck exclude dirs and/or files: 
[2.385s] -- Added test 'flake8' to check Python code syntax and style conventions
[2.386s] -- Added test 'lint_cmake' to check CMake code style
[2.387s] -- Added test 'pep257' to check Python code against some of the docstring style conventions in PEP 257
[2.392s] -- Added test 'uncrustify' to check C / C++ code style
[2.392s] -- Configured uncrustify additional arguments: 
[2.392s] -- Added test 'xmllint' to check XML markup files
[2.399s] -- Configuring done
[3.149s] -- Generating done
[3.159s] -- Build files have been written to: /home/fourdds/ws/build/gazebo_plugins
[3.185s] Invoked command in '/home/fourdds/ws/build/gazebo_plugins' returned '0': AMENT_PREFIX_PATH=/home/fourdds/ws/install/gazebo_ros:/home/fourdds/ws/install/gazebo_msgs:/home/fourdds/ws/install/gazebo_dev:/home/fourdds/ws/install/cv_bridge:${AMENT_PREFIX_PATH} CMAKE_PREFIX_PATH=/home/fourdds/ws/install/gazebo_ros:/home/fourdds/ws/install/gazebo_msgs:/home/fourdds/ws/install/gazebo_dev:/home/fourdds/ws/install/cv_bridge:/opt/ros/humble LD_LIBRARY_PATH=/home/fourdds/ws/install/gazebo_ros/lib:/home/fourdds/ws/install/gazebo_msgs/lib:/home/fourdds/ws/install/cv_bridge/lib:${LD_LIBRARY_PATH} PYTHONPATH=/home/fourdds/ws/install/gazebo_ros/local/lib/python3.10/dist-packages:/home/fourdds/ws/install/gazebo_msgs/local/lib/python3.10/dist-packages:/home/fourdds/ws/install/cv_bridge/local/lib/python3.10/dist-packages:${PYTHONPATH} /usr/bin/cmake /home/fourdds/ws/src/gazebo_ros_pkgs/gazebo_plugins -DAMENT_CMAKE_SYMLINK_INSTALL=1 -DCMAKE_INSTALL_PREFIX=/home/fourdds/ws/install/gazebo_plugins
[3.189s] Invoking command in '/home/fourdds/ws/build/gazebo_plugins': AMENT_PREFIX_PATH=/home/fourdds/ws/install/gazebo_ros:/home/fourdds/ws/install/gazebo_msgs:/home/fourdds/ws/install/gazebo_dev:/home/fourdds/ws/install/cv_bridge:${AMENT_PREFIX_PATH} CMAKE_PREFIX_PATH=/home/fourdds/ws/install/gazebo_ros:/home/fourdds/ws/install/gazebo_msgs:/home/fourdds/ws/install/gazebo_dev:/home/fourdds/ws/install/cv_bridge:/opt/ros/humble LD_LIBRARY_PATH=/home/fourdds/ws/install/gazebo_ros/lib:/home/fourdds/ws/install/gazebo_msgs/lib:/home/fourdds/ws/install/cv_bridge/lib:${LD_LIBRARY_PATH} PYTHONPATH=/home/fourdds/ws/install/gazebo_ros/local/lib/python3.10/dist-packages:/home/fourdds/ws/install/gazebo_msgs/local/lib/python3.10/dist-packages:/home/fourdds/ws/install/cv_bridge/local/lib/python3.10/dist-packages:${PYTHONPATH} /usr/bin/cmake --build /home/fourdds/ws/build/gazebo_plugins -- -j16 -l16
[3.243s] [35m[1mConsolidate compiler generated dependencies of target multi_camera_plugin[0m
[3.244s] [35m[1mConsolidate compiler generated dependencies of target gazebo_ros_template[0m
[3.244s] [35m[1mConsolidate compiler generated dependencies of target gazebo_ros_force[0m
[3.245s] [35m[1mConsolidate compiler generated dependencies of target gazebo_ros_diff_drive[0m
[3.246s] [35m[1mConsolidate compiler generated dependencies of target gazebo_ros_joint_state_publisher[0m
[3.246s] [35m[1mConsolidate compiler generated dependencies of target gazebo_ros_gps_sensor[0m
[3.246s] [35m[1mConsolidate compiler generated dependencies of target gazebo_ros_tricycle_drive[0m
[3.246s] [35m[1mConsolidate compiler generated dependencies of target gazebo_ros_ft_sensor[0m
[3.247s] [35m[1mConsolidate compiler generated dependencies of target gazebo_ros_ray_sensor[0m
[3.248s] [35m[1mConsolidate compiler generated dependencies of target gazebo_ros_p3d[0m
[3.249s] [35m[1mConsolidate compiler generated dependencies of target gazebo_ros_video[0m
[3.249s] [35m[1mConsolidate compiler generated dependencies of target gazebo_ros_bumper[0m
[3.251s] [35m[1mConsolidate compiler generated dependencies of target gazebo_ros_imu_sensor[0m
[3.255s] [35m[1mConsolidate compiler generated dependencies of target gazebo_ros_harness[0m
[3.264s] [35m[1mConsolidate compiler generated dependencies of target gazebo_ros_ackermann_drive[0m
[3.272s] [35m[1mConsolidate compiler generated dependencies of target gazebo_ros_hand_of_god[0m
[3.308s] [  4%] Built target gazebo_ros_template
[3.308s] [  4%] Built target gazebo_ros_force
[3.308s] [  6%] Built target gazebo_ros_joint_state_publisher
[3.319s] [  9%] Built target gazebo_ros_ft_sensor
[3.320s] [ 12%] Built target gazebo_ros_imu_sensor
[3.320s] [ 12%] [32mBuilding CXX object CMakeFiles/gazebo_ros_gps_sensor.dir/src/gazebo_ros_gps_sensor.cpp.o[0m
[3.322s] [ 16%] Built target multi_camera_plugin
[3.322s] [ 17%] Built target gazebo_ros_bumper
[3.330s] [35m[1mConsolidate compiler generated dependencies of target gazebo_ros_vacuum_gripper[0m
[3.331s] [ 18%] [32mBuilding CXX object CMakeFiles/gazebo_ros_harness.dir/src/gazebo_ros_harness.cpp.o[0m
[3.331s] [ 19%] [32mBuilding CXX object CMakeFiles/gazebo_ros_ray_sensor.dir/src/gazebo_ros_ray_sensor.cpp.o[0m
[3.333s] [35m[1mConsolidate compiler generated dependencies of target gazebo_ros_elevator[0m
[3.335s] [35m[1mConsolidate compiler generated dependencies of target gazebo_ros_joint_pose_trajectory[0m
[3.337s] [ 22%] Built target gazebo_ros_diff_drive
[3.337s] [ 25%] Built target gazebo_ros_tricycle_drive
[3.338s] [ 26%] Built target gazebo_ros_p3d
[3.339s] [ 29%] Built target gazebo_ros_hand_of_god
[3.341s] [ 30%] [32mBuilding CXX object CMakeFiles/gazebo_ros_ackermann_drive.dir/src/gazebo_ros_ackermann_drive.cpp.o[0m
[3.343s] [ 31%] [32mBuilding CXX object CMakeFiles/gazebo_ros_video.dir/src/gazebo_ros_video.cpp.o[0m
[3.345s] [35m[1mConsolidate compiler generated dependencies of target gtest_main[0m
[3.346s] [35m[1mConsolidate compiler generated dependencies of target gazebo_ros_projector[0m
[3.347s] [35m[1mConsolidate compiler generated dependencies of target gazebo_ros_wheel_slip[0m
[3.351s] [35m[1mConsolidate compiler generated dependencies of target gazebo_ros_planar_move[0m
[3.357s] [35m[1mConsolidate compiler generated dependencies of target gtest[0m
[3.364s] [35m[1mConsolidate compiler generated dependencies of target gazebo_ros_camera[0m
[3.373s] [ 33%] Built target gtest_main
[3.383s] [ 36%] Built target gtest
[3.390s] [ 38%] Built target gazebo_ros_vacuum_gripper
[3.391s] [ 39%] [32mBuilding CXX object CMakeFiles/gazebo_ros_elevator.dir/src/gazebo_ros_elevator.cpp.o[0m
[3.399s] [ 40%] [32mBuilding CXX object CMakeFiles/gazebo_ros_joint_pose_trajectory.dir/src/gazebo_ros_joint_pose_trajectory.cpp.o[0m
[3.406s] [35m[1mConsolidate compiler generated dependencies of target test_gazebo_ros_bumper[0m
[3.407s] [35m[1mConsolidate compiler generated dependencies of target test_gazebo_ros_diff_drive[0m
[3.409s] [35m[1mConsolidate compiler generated dependencies of target test_gazebo_ros_ackermann_drive[0m
[3.410s] [35m[1mConsolidate compiler generated dependencies of target test_gazebo_ros_elevator[0m
[3.418s] [ 43%] Built target gazebo_ros_planar_move
[3.419s] [35m[1mConsolidate compiler generated dependencies of target test_gazebo_ros_force[0m
[3.424s] [ 44%] [32mBuilding CXX object CMakeFiles/gazebo_ros_wheel_slip.dir/src/gazebo_ros_wheel_slip.cpp.o[0m
[3.426s] [ 46%] Built target gazebo_ros_projector
[3.442s] [35m[1mConsolidate compiler generated dependencies of target test_gazebo_ros_ft_sensor[0m
[3.454s] [ 47%] [32mBuilding CXX object CMakeFiles/gazebo_ros_camera.dir/src/gazebo_ros_camera.cpp.o[0m
[3.455s] [35m[1mConsolidate compiler generated dependencies of target test_gazebo_ros_hand_of_god[0m
[3.500s] [ 50%] Built target test_gazebo_ros_ackermann_drive
[3.505s] [ 51%] [32mBuilding CXX object test/CMakeFiles/test_gazebo_ros_elevator.dir/test_gazebo_ros_elevator.cpp.o[0m
[3.508s] [ 52%] [32mBuilding CXX object test/CMakeFiles/test_gazebo_ros_bumper.dir/test_gazebo_ros_bumper.cpp.o[0m
[3.509s] [ 53%] [32mBuilding CXX object test/CMakeFiles/test_gazebo_ros_diff_drive.dir/test_gazebo_ros_diff_drive.cpp.o[0m
[3.522s] [ 54%] [32mBuilding CXX object test/CMakeFiles/test_gazebo_ros_force.dir/test_gazebo_ros_force.cpp.o[0m
[3.525s] [35m[1mConsolidate compiler generated dependencies of target test_gazebo_ros_harness[0m
[3.540s] [ 55%] [32mBuilding CXX object test/CMakeFiles/test_gazebo_ros_ft_sensor.dir/test_gazebo_ros_ft_sensor.cpp.o[0m
[3.554s] [ 56%] [32mBuilding CXX object test/CMakeFiles/test_gazebo_ros_hand_of_god.dir/test_gazebo_ros_hand_of_god.cpp.o[0m
[3.651s] [ 58%] [32mBuilding CXX object test/CMakeFiles/test_gazebo_ros_harness.dir/test_gazebo_ros_harness.cpp.o[0m
[17.348s] [01m[Kc++:[m[K [01;31m[Kfatal error: [m[KKilled signal terminated program cc1plus
[17.363s] compilation terminated.
[17.364s] gmake[2]: *** [CMakeFiles/gazebo_ros_joint_pose_trajectory.dir/build.make:76: CMakeFiles/gazebo_ros_joint_pose_trajectory.dir/src/gazebo_ros_joint_pose_trajectory.cpp.o] Error 1
[17.365s] gmake[1]: *** [CMakeFiles/Makefile2:744: CMakeFiles/gazebo_ros_joint_pose_trajectory.dir/all] Error 2
[17.365s] gmake[1]: *** Waiting for unfinished jobs....
[24.025s] [01m[Kc++:[m[K [01;31m[Kfatal error: [m[KKilled signal terminated program cc1plus
[24.027s] compilation terminated.
[24.044s] gmake[2]: *** [CMakeFiles/gazebo_ros_ackermann_drive.dir/build.make:76: CMakeFiles/gazebo_ros_ackermann_drive.dir/src/gazebo_ros_ackermann_drive.cpp.o] Error 1
[24.089s] gmake[1]: *** [CMakeFiles/Makefile2:666: CMakeFiles/gazebo_ros_ackermann_drive.dir/all] Error 2
[28.668s] [01m[Kc++:[m[K [01;31m[Kfatal error: [m[KKilled signal terminated program cc1plus
[28.670s] compilation terminated.
[28.671s] gmake[2]: *** [CMakeFiles/gazebo_ros_harness.dir/build.make:76: CMakeFiles/gazebo_ros_harness.dir/src/gazebo_ros_harness.cpp.o] Error 1
[28.709s] gmake[1]: *** [CMakeFiles/Makefile2:614: CMakeFiles/gazebo_ros_harness.dir/all] Error 2
[31.871s] [01m[Kc++:[m[K [01;31m[Kfatal error: [m[KKilled signal terminated program cc1plus
[31.874s] compilation terminated.
[31.891s] gmake[2]: *** [CMakeFiles/gazebo_ros_wheel_slip.dir/build.make:76: CMakeFiles/gazebo_ros_wheel_slip.dir/src/gazebo_ros_wheel_slip.cpp.o] Error 1
[31.956s] gmake[1]: *** [CMakeFiles/Makefile2:822: CMakeFiles/gazebo_ros_wheel_slip.dir/all] Error 2
[35.574s] [01m[Kc++:[m[K [01;31m[Kfatal error: [m[KKilled signal terminated program cc1plus
[35.576s] compilation terminated.
[35.590s] gmake[2]: *** [CMakeFiles/gazebo_ros_camera.dir/build.make:76: CMakeFiles/gazebo_ros_camera.dir/src/gazebo_ros_camera.cpp.o] Error 1
[35.637s] gmake[1]: *** [CMakeFiles/Makefile2:380: CMakeFiles/gazebo_ros_camera.dir/all] Error 2
[47.858s] [01m[Kc++:[m[K [01;31m[Kfatal error: [m[KKilled signal terminated program cc1plus
[47.860s] compilation terminated.
[47.879s] gmake[2]: *** [CMakeFiles/gazebo_ros_gps_sensor.dir/build.make:76: CMakeFiles/gazebo_ros_gps_sensor.dir/src/gazebo_ros_gps_sensor.cpp.o] Error 1
[47.929s] gmake[1]: *** [CMakeFiles/Makefile2:432: CMakeFiles/gazebo_ros_gps_sensor.dir/all] Error 2
[64.389s] [01m[Kc++:[m[K [01;31m[Kfatal error: [m[KKilled signal terminated program cc1plus
[64.390s] compilation terminated.
[64.403s] gmake[2]: *** [CMakeFiles/gazebo_ros_video.dir/build.make:76: CMakeFiles/gazebo_ros_video.dir/src/gazebo_ros_video.cpp.o] Error 1
[64.449s] gmake[1]: *** [CMakeFiles/Makefile2:536: CMakeFiles/gazebo_ros_video.dir/all] Error 2
[85.704s] [01m[Kc++:[m[K [01;31m[Kfatal error: [m[KKilled signal terminated program cc1plus
[85.706s] compilation terminated.
[85.717s] gmake[2]: *** [CMakeFiles/gazebo_ros_ray_sensor.dir/build.make:76: CMakeFiles/gazebo_ros_ray_sensor.dir/src/gazebo_ros_ray_sensor.cpp.o] Error 1
[85.763s] gmake[1]: *** [CMakeFiles/Makefile2:458: CMakeFiles/gazebo_ros_ray_sensor.dir/all] Error 2
[96.568s] [01m[Kc++:[m[K [01;31m[Kfatal error: [m[KKilled signal terminated program cc1plus
[96.569s] compilation terminated.
[96.586s] gmake[2]: *** [test/CMakeFiles/test_gazebo_ros_force.dir/build.make:76: test/CMakeFiles/test_gazebo_ros_force.dir/test_gazebo_ros_force.cpp.o] Error 1
[96.642s] gmake[1]: *** [CMakeFiles/Makefile2:957: test/CMakeFiles/test_gazebo_ros_force.dir/all] Error 2
[103.098s] [ 59%] [32m[1mLinking CXX shared library libgazebo_ros_elevator.so[0m
[104.582s] [ 59%] Built target gazebo_ros_elevator
[147.841s] [01m[Kc++:[m[K [01;31m[Kfatal error: [m[KKilled signal terminated program cc1plus
[147.843s] compilation terminated.
[147.844s] gmake[2]: *** [test/CMakeFiles/test_gazebo_ros_hand_of_god.dir/build.make:76: test/CMakeFiles/test_gazebo_ros_hand_of_god.dir/test_gazebo_ros_hand_of_god.cpp.o] Error 1
[147.865s] gmake[1]: *** [CMakeFiles/Makefile2:1011: test/CMakeFiles/test_gazebo_ros_hand_of_god.dir/all] Error 2
[177.307s] [01m[Kc++:[m[K [01;31m[Kfatal error: [m[KKilled signal terminated program cc1plus
[177.316s] compilation terminated.
[177.317s] gmake[2]: *** [test/CMakeFiles/test_gazebo_ros_ft_sensor.dir/build.make:76: test/CMakeFiles/test_gazebo_ros_ft_sensor.dir/test_gazebo_ros_ft_sensor.cpp.o] Error 1
[177.333s] gmake[1]: *** [CMakeFiles/Makefile2:984: test/CMakeFiles/test_gazebo_ros_ft_sensor.dir/all] Error 2
[208.040s] [ 60%] [32m[1mLinking CXX executable test_gazebo_ros_harness[0m
[211.595s] [ 60%] Built target test_gazebo_ros_harness
[215.298s] [ 61%] [32m[1mLinking CXX executable test_gazebo_ros_elevator[0m
[217.799s] [ 61%] Built target test_gazebo_ros_elevator
[225.012s] [ 62%] [32m[1mLinking CXX executable test_gazebo_ros_diff_drive[0m
[228.016s] [ 62%] Built target test_gazebo_ros_diff_drive
[229.939s] [ 63%] [32m[1mLinking CXX executable test_gazebo_ros_bumper[0m
[232.565s] [ 63%] Built target test_gazebo_ros_bumper
[232.586s] gmake: *** [Makefile:146: all] Error 2
[232.762s] Invoked command in '/home/fourdds/ws/build/gazebo_plugins' returned '2': AMENT_PREFIX_PATH=/home/fourdds/ws/install/gazebo_ros:/home/fourdds/ws/install/gazebo_msgs:/home/fourdds/ws/install/gazebo_dev:/home/fourdds/ws/install/cv_bridge:${AMENT_PREFIX_PATH} CMAKE_PREFIX_PATH=/home/fourdds/ws/install/gazebo_ros:/home/fourdds/ws/install/gazebo_msgs:/home/fourdds/ws/install/gazebo_dev:/home/fourdds/ws/install/cv_bridge:/opt/ros/humble LD_LIBRARY_PATH=/home/fourdds/ws/install/gazebo_ros/lib:/home/fourdds/ws/install/gazebo_msgs/lib:/home/fourdds/ws/install/cv_bridge/lib:${LD_LIBRARY_PATH} PYTHONPATH=/home/fourdds/ws/install/gazebo_ros/local/lib/python3.10/dist-packages:/home/fourdds/ws/install/gazebo_msgs/local/lib/python3.10/dist-packages:/home/fourdds/ws/install/cv_bridge/local/lib/python3.10/dist-packages:${PYTHONPATH} /usr/bin/cmake --build /home/fourdds/ws/build/gazebo_plugins -- -j16 -l16
