[0.008s] Invoking command in '/home/fourdds/ros2_ws/build/boids': CMAKE_PREFIX_PATH=/home/fourdds/ros2_ws/install/px4_msgs:/home/fourdds/ros2_ws/install/px4_ros_com:/home/fourdds/ros2_ws/install/boids:/opt/ros/humble LD_LIBRARY_PATH=/home/fourdds/ros2_ws/install/px4_msgs/lib:/home/fourdds/ros2_ws/install/px4_ros_com/lib:/home/fourdds/ros2_ws/install/boids/lib:/usr/lib/x86_64-linux-gnu/gazebo-11/plugins:/opt/ros/humble/opt/rviz_ogre_vendor/lib:/opt/ros/humble/lib/x86_64-linux-gnu:/opt/ros/humble/lib /usr/bin/cmake --build /home/fourdds/ros2_ws/build/boids -- -j24 -l24
[0.029s] [35m[1mConsolidate compiler generated dependencies of target uavs_spawner[0m
[0.030s] [  2%] Built target boids__cpp
[0.032s] [ 11%] Built target boids__rosidl_generator_c
[0.035s] [ 15%] Built target frame_transforms
[0.035s] [ 15%] Built target ament_cmake_python_copy_boids
[0.040s] [ 17%] [32mBuilding CXX object CMakeFiles/uavs_spawner.dir/src/uav_node.cpp.o[0m
[0.040s] [ 26%] Built target boids__rosidl_typesupport_introspection_cpp
[0.042s] [ 35%] [32mBuilding CXX object CMakeFiles/uavs_spawner.dir/src/main.cpp.o[0m
[0.042s] [ 44%] Built target boids__rosidl_typesupport_cpp
[0.042s] [ 48%] [32mBuilding CXX object CMakeFiles/uavs_spawner.dir/src/swarm_master.cpp.o[0m
[0.042s] [ 48%] Built target boids__rosidl_typesupport_fastrtps_cpp
[0.045s] [01m[Kcc1plus:[m[K [01;31m[Kfatal error: [m[K/home/fourdds/ros2_ws/src/boids/src/swarm_master.cpp: No such file or directory
[0.045s] compilation terminated.
[0.045s] gmake[2]: *** [CMakeFiles/uavs_spawner.dir/build.make:90: CMakeFiles/uavs_spawner.dir/src/swarm_master.cpp.o] Error 1
[0.045s] gmake[2]: *** Waiting for unfinished jobs....
[0.045s] [ 66%] Built target boids__rosidl_typesupport_fastrtps_c
[0.045s] [ 66%] Built target boids__rosidl_typesupport_c
[0.045s] [ 75%] Built target boids__rosidl_typesupport_introspection_c
[0.054s] [ 75%] Built target boids
[0.062s] [ 77%] Built target boids__py
[0.072s] [ 84%] Built target boids__rosidl_generator_py
[0.082s] [ 93%] Built target boids__rosidl_typesupport_introspection_c__pyext
[0.082s] [ 93%] Built target boids__rosidl_typesupport_fastrtps_c__pyext
[0.083s] [ 97%] Built target boids__rosidl_typesupport_c__pyext
[0.142s] running egg_info
[0.149s] writing boids.egg-info/PKG-INFO
[0.149s] writing dependency_links to boids.egg-info/dependency_links.txt
[0.149s] writing top-level names to boids.egg-info/top_level.txt
[0.158s] [01m[K/home/fourdds/ros2_ws/src/boids/src/main.cpp:2:10:[m[K [01;31m[Kfatal error: [m[Kswarm_master.hpp: No such file or directory
[0.158s]     2 | #include [01;31m[K"swarm_master.hpp"[m[K
[0.158s]       |          [01;31m[K^~~~~~~~~~~~~~~~~~[m[K
[0.158s] compilation terminated.
[0.159s] gmake[2]: *** [CMakeFiles/uavs_spawner.dir/build.make:104: CMakeFiles/uavs_spawner.dir/src/main.cpp.o] Error 1
[0.169s] reading manifest file 'boids.egg-info/SOURCES.txt'
[0.169s] writing manifest file 'boids.egg-info/SOURCES.txt'
[0.183s] [ 97%] Built target ament_cmake_python_build_boids_egg
[19.015s] gmake[1]: *** [CMakeFiles/Makefile2:620: CMakeFiles/uavs_spawner.dir/all] Error 2
[19.015s] gmake: *** [Makefile:146: all] Error 2
[19.018s] Invoked command in '/home/fourdds/ros2_ws/build/boids' returned '2': CMAKE_PREFIX_PATH=/home/fourdds/ros2_ws/install/px4_msgs:/home/fourdds/ros2_ws/install/px4_ros_com:/home/fourdds/ros2_ws/install/boids:/opt/ros/humble LD_LIBRARY_PATH=/home/fourdds/ros2_ws/install/px4_msgs/lib:/home/fourdds/ros2_ws/install/px4_ros_com/lib:/home/fourdds/ros2_ws/install/boids/lib:/usr/lib/x86_64-linux-gnu/gazebo-11/plugins:/opt/ros/humble/opt/rviz_ogre_vendor/lib:/opt/ros/humble/lib/x86_64-linux-gnu:/opt/ros/humble/lib /usr/bin/cmake --build /home/fourdds/ros2_ws/build/boids -- -j24 -l24
