[0.009s] Invoking command in '/home/fourdds/ros2_ws/build/boids': CMAKE_PREFIX_PATH=/home/fourdds/ros2_ws/install/px4_msgs:/home/fourdds/ros2_ws/install/px4_ros_com:/home/fourdds/ros2_ws/install/boids:/opt/ros/humble LD_LIBRARY_PATH=/home/fourdds/ros2_ws/install/px4_msgs/lib:/home/fourdds/ros2_ws/install/px4_ros_com/lib:/home/fourdds/ros2_ws/install/boids/lib:/usr/lib/x86_64-linux-gnu/gazebo-11/plugins:/opt/ros/humble/opt/rviz_ogre_vendor/lib:/opt/ros/humble/lib/x86_64-linux-gnu:/opt/ros/humble/lib /usr/bin/cmake --build /home/fourdds/ros2_ws/build/boids -- -j24 -l24
[0.032s] [35m[1mConsolidate compiler generated dependencies of target swarm_spawner[0m
[0.033s] [  8%] Built target boids__rosidl_generator_c
[0.033s] [ 10%] Built target boids__cpp
[0.036s] [ 15%] Built target frame_transforms
[0.040s] [ 15%] Built target ament_cmake_python_copy_boids
[0.045s] [ 19%] [32mBuilding CXX object CMakeFiles/swarm_spawner.dir/src/base_station.cpp.o[0m
[0.045s] [ 26%] Built target boids__rosidl_typesupport_c
[0.046s] [ 34%] Built target boids__rosidl_typesupport_introspection_cpp
[0.046s] [ 43%] Built target boids__rosidl_typesupport_introspection_c
[0.046s] [ 45%] [32mBuilding CXX object CMakeFiles/swarm_spawner.dir/src/main.cpp.o[0m
[0.046s] [ 54%] [32mBuilding CXX object CMakeFiles/swarm_spawner.dir/src/uav_node.cpp.o[0m
[0.046s] [ 56%] Built target boids__rosidl_typesupport_fastrtps_c
[0.048s] [ 65%] Built target boids__rosidl_typesupport_cpp
[0.048s] [ 73%] Built target boids__rosidl_typesupport_fastrtps_cpp
[0.061s] [ 73%] Built target boids
[0.074s] [ 76%] Built target boids__py
[0.090s] [ 82%] Built target boids__rosidl_generator_py
[0.105s] [ 95%] Built target boids__rosidl_typesupport_c__pyext
[0.105s] [ 95%] Built target boids__rosidl_typesupport_fastrtps_c__pyext
[0.105s] [ 95%] Built target boids__rosidl_typesupport_introspection_c__pyext
[0.162s] running egg_info
[0.170s] writing boids.egg-info/PKG-INFO
[0.170s] writing dependency_links to boids.egg-info/dependency_links.txt
[0.170s] writing top-level names to boids.egg-info/top_level.txt
[0.194s] reading manifest file 'boids.egg-info/SOURCES.txt'
[0.194s] writing manifest file 'boids.egg-info/SOURCES.txt'
[0.219s] [ 95%] Built target ament_cmake_python_build_boids_egg
[2.444s] In file included from [01m[K/opt/ros/humble/include/rclcpp/rclcpp/client.hpp:40[m[K,
[2.444s]                  from [01m[K/opt/ros/humble/include/rclcpp/rclcpp/callback_group.hpp:24[m[K,
[2.444s]                  from [01m[K/opt/ros/humble/include/rclcpp/rclcpp/any_executable.hpp:20[m[K,
[2.444s]                  from [01m[K/opt/ros/humble/include/rclcpp/rclcpp/memory_strategy.hpp:25[m[K,
[2.444s]                  from [01m[K/opt/ros/humble/include/rclcpp/rclcpp/memory_strategies.hpp:18[m[K,
[2.444s]                  from [01m[K/opt/ros/humble/include/rclcpp/rclcpp/executor_options.hpp:20[m[K,
[2.444s]                  from [01m[K/opt/ros/humble/include/rclcpp/rclcpp/executor.hpp:37[m[K,
[2.444s]                  from [01m[K/opt/ros/humble/include/rclcpp/rclcpp/executors/multi_threaded_executor.hpp:25[m[K,
[2.444s]                  from [01m[K/opt/ros/humble/include/rclcpp/rclcpp/executors.hpp:21[m[K,
[2.444s]                  from [01m[K/opt/ros/humble/include/rclcpp/rclcpp/rclcpp.hpp:155[m[K,
[2.444s]                  from [01m[K/home/fourdds/ros2_ws/src/boids/src/uav_node.hpp:3[m[K,
[2.444s]                  from [01m[K/home/fourdds/ros2_ws/src/boids/src/uav_node.cpp:1[m[K:
[2.444s] [01m[K/home/fourdds/ros2_ws/src/boids/src/uav_node.cpp:[m[K In member function â€˜[01m[Kvoid Swarm::UavNode::initialize()[m[Kâ€™:
[2.444s] [01m[K/home/fourdds/ros2_ws/src/boids/src/uav_node.cpp:90:79:[m[K [01;31m[Kerror: [m[Kâ€˜[01m[Kconst class std::shared_ptr<Swarm::Options>[m[Kâ€™ has no member named â€˜[01m[KcontrollerTimerMs[m[Kâ€™
[2.444s]    90 |         RCLCPP_INFO_STREAM(get_logger(), "Controller loop timer: " << options.[01;31m[KcontrollerTimerMs[m[K);
[2.444s]       |                                                                               [01;31m[K^~~~~~~~~~~~~~~~~[m[K
[2.444s] [01m[K/home/fourdds/ros2_ws/src/boids/src/uav_node.cpp:92:79:[m[K [01;31m[Kerror: [m[Kâ€˜[01m[Kconst class std::shared_ptr<Swarm::Options>[m[Kâ€™ has no member named â€˜[01m[KcontrollerTimerMs[m[Kâ€™
[2.444s]    92 |     controllerLoopTimer = create_wall_timer(std::chrono::milliseconds(options.[01;31m[KcontrollerTimerMs[m[K), std::bind(&UavNode::bootstrap, this));
[2.444s]       |                                                                               [01;31m[K^~~~~~~~~~~~~~~~~[m[K
[8.786s] gmake[2]: *** [CMakeFiles/swarm_spawner.dir/build.make:76: CMakeFiles/swarm_spawner.dir/src/uav_node.cpp.o] Error 1
[8.786s] gmake[1]: *** [CMakeFiles/Makefile2:620: CMakeFiles/swarm_spawner.dir/all] Error 2
[8.786s] gmake: *** [Makefile:146: all] Error 2
[8.788s] Invoked command in '/home/fourdds/ros2_ws/build/boids' returned '2': CMAKE_PREFIX_PATH=/home/fourdds/ros2_ws/install/px4_msgs:/home/fourdds/ros2_ws/install/px4_ros_com:/home/fourdds/ros2_ws/install/boids:/opt/ros/humble LD_LIBRARY_PATH=/home/fourdds/ros2_ws/install/px4_msgs/lib:/home/fourdds/ros2_ws/install/px4_ros_com/lib:/home/fourdds/ros2_ws/install/boids/lib:/usr/lib/x86_64-linux-gnu/gazebo-11/plugins:/opt/ros/humble/opt/rviz_ogre_vendor/lib:/opt/ros/humble/lib/x86_64-linux-gnu:/opt/ros/humble/lib /usr/bin/cmake --build /home/fourdds/ros2_ws/build/boids -- -j24 -l24
