[ 33%] [32mBuilding CXX object CMakeFiles/Drone.dir/src/Drone.cpp.o[0m
[01m[K/home/fourdds/ros2_ws/src/drone/src/Drone.cpp:[m[K In member function â€˜[01m[Kvoid fdds::Drone::flockingLogic()[m[Kâ€™:
[01m[K/home/fourdds/ros2_ws/src/drone/src/Drone.cpp:319:9:[m[K [01;31m[Kerror: [m[Kâ€˜[01m[Kcout[m[Kâ€™ was not declared in this scope; did you mean â€˜[01m[Kstd::cout[m[Kâ€™?
  319 |         [01;31m[Kcout[m[K<<"Current speed: "<<currentSpeed<<"\n";
      |         [01;31m[K^~~~[m[K
      |         [32m[Kstd::cout[m[K
In file included from [01m[K/opt/ros/humble/include/rclcpp/rclcpp/executor.hpp:22[m[K,
                 from [01m[K/opt/ros/humble/include/rclcpp/rclcpp/executors/multi_threaded_executor.hpp:25[m[K,
                 from [01m[K/opt/ros/humble/include/rclcpp/rclcpp/executors.hpp:21[m[K,
                 from [01m[K/opt/ros/humble/include/rclcpp/rclcpp/rclcpp.hpp:155[m[K,
                 from [01m[K/home/fourdds/ros2_ws/src/drone/include/drone/Drone.hpp:4[m[K,
                 from [01m[K/home/fourdds/ros2_ws/src/drone/src/Drone.cpp:1[m[K:
[01m[K/usr/include/c++/11/iostream:61:18:[m[K [01;36m[Knote: [m[Kâ€˜[01m[Kstd::cout[m[Kâ€™ declared here
   61 |   extern ostream [01;36m[Kcout[m[K;          /// Linked to standard output
      |                  [01;36m[K^~~~[m[K
gmake[2]: *** [CMakeFiles/Drone.dir/build.make:76: CMakeFiles/Drone.dir/src/Drone.cpp.o] Error 1
gmake[1]: *** [CMakeFiles/Makefile2:137: CMakeFiles/Drone.dir/all] Error 2
gmake: *** [Makefile:146: all] Error 2
