[  2%] Built target boids__cpp
[ 11%] Built target boids__rosidl_generator_c
[ 15%] Built target frame_transforms
[ 15%] Built target ament_cmake_python_copy_boids
[ 17%] [32mBuilding CXX object CMakeFiles/swarm_spawner.dir/src/base_station.cpp.o[0m
[ 20%] [32mBuilding CXX object CMakeFiles/swarm_spawner.dir/src/uav_node.cpp.o[0m
[ 22%] [32mBuilding CXX object CMakeFiles/swarm_spawner.dir/src/main.cpp.o[0m
[ 31%] Built target boids__rosidl_typesupport_cpp
[ 40%] Built target boids__rosidl_typesupport_introspection_c
[01m[Kcc1plus:[m[K [01;31m[Kfatal error: [m[K/home/fourdds/ros2_ws/src/boids/src/base_station.cpp: No such file or directory
compilation terminated.
[ 48%] Built target boids__rosidl_typesupport_fastrtps_cpp
[ 57%] Built target boids__rosidl_typesupport_c
gmake[2]: *** [CMakeFiles/swarm_spawner.dir/build.make:90: CMakeFiles/swarm_spawner.dir/src/base_station.cpp.o] Error 1
gmake[2]: *** Waiting for unfinished jobs....
[ 66%] Built target boids__rosidl_typesupport_fastrtps_c
[ 75%] Built target boids__rosidl_typesupport_introspection_cpp
[ 75%] Built target boids
[ 77%] Built target boids__py
[ 84%] Built target boids__rosidl_generator_py
[ 88%] Built target boids__rosidl_typesupport_fastrtps_c__pyext
[ 93%] Built target boids__rosidl_typesupport_introspection_c__pyext
[ 97%] Built target boids__rosidl_typesupport_c__pyext
running egg_info
writing boids.egg-info/PKG-INFO
writing dependency_links to boids.egg-info/dependency_links.txt
writing top-level names to boids.egg-info/top_level.txt
reading manifest file 'boids.egg-info/SOURCES.txt'
writing manifest file 'boids.egg-info/SOURCES.txt'
[ 97%] Built target ament_cmake_python_build_boids_egg
[01m[K/home/fourdds/ros2_ws/src/boids/src/main.cpp:2:10:[m[K [01;31m[Kfatal error: [m[Kbase_station.hpp: No such file or directory
    2 | #include [01;31m[K"base_station.hpp"[m[K
      |          [01;31m[K^~~~~~~~~~~~~~~~~~[m[K
compilation terminated.
gmake[2]: *** [CMakeFiles/swarm_spawner.dir/build.make:104: CMakeFiles/swarm_spawner.dir/src/main.cpp.o] Error 1
[01m[K/home/fourdds/ros2_ws/src/boids/src/uav_node.cpp:[m[K In member function â€˜[01m[Kvoid Swarm::UavNode::flockingLogic()[m[Kâ€™:
[01m[K/home/fourdds/ros2_ws/src/boids/src/uav_node.cpp:178:40:[m[K [01;35m[Kwarning: [m[Knarrowing conversion of â€˜[01m[K((Swarm::UavNode*)this)->Swarm::UavNode::yawRadians[m[Kâ€™ from â€˜[01m[Kdouble[m[Kâ€™ to â€˜[01m[KEigen::Rotation2D<float>::Scalar[m[Kâ€™ {aka â€˜[01m[Kfloat[m[Kâ€™} [[01;35m[K]8;;https://gcc.gnu.org/onlinedocs/gcc/Warning-Options.html#index-Wnarrowing-Wnarrowing]8;;[m[K]
  178 |     Eigen::Rotation2Df rotation_matrix{[01;35m[KyawRadians[m[K};
      |                                        [01;35m[K^~~~~~~~~~[m[K
gmake[1]: *** [CMakeFiles/Makefile2:620: CMakeFiles/swarm_spawner.dir/all] Error 2
gmake: *** [Makefile:146: all] Error 2
