[0.010s] Invoking command in '/home/fourdds/ros2_ws/build/boids': CMAKE_PREFIX_PATH=/home/fourdds/ros2_ws/install/obstacle_avoidance:/home/fourdds/ros2_ws/install/px4_msgs:/home/fourdds/ros2_ws/install/parameters:/home/fourdds/ros2_ws/install/base_station:/home/fourdds/ros2_ws/install/fdds_messages:/home/fourdds/ros2_ws/install/target_detection:/home/fourdds/ros2_ws/install/uuv_boids:/home/fourdds/ros2_ws/install/stigmergy:/home/fourdds/ros2_ws/install/px4_ros_com:/home/fourdds/ros2_ws/install/iris-logger:/home/fourdds/ros2_ws/install/boids:/home/fourdds/ros2_ws/install/logging:/opt/ros/humble LD_LIBRARY_PATH=/home/fourdds/ros2_ws/install/px4_msgs/lib:/home/fourdds/ros2_ws/install/fdds_messages/lib:/home/fourdds/ros2_ws/install/target_detection/lib:/home/fourdds/ros2_ws/install/obstacle_avoidance/lib:/home/fourdds/ros2_ws/install/uuv_boids/lib:/home/fourdds/ros2_ws/install/stigmergy/lib:/home/fourdds/ros2_ws/install/px4_ros_com/lib:/home/fourdds/ros2_ws/install/boids/lib:/home/fourdds/ros2_ws/install/parameters/lib:/usr/lib/x86_64-linux-gnu/gazebo-11/plugins:/opt/ros/humble/opt/rviz_ogre_vendor/lib:/opt/ros/humble/lib/x86_64-linux-gnu:/opt/ros/humble/lib /usr/bin/cmake --build /home/fourdds/ros2_ws/build/boids -- -j24 -l24
[0.033s] [  2%] Built target boids__cpp
[0.035s] [ 11%] Built target boids__rosidl_generator_c
[0.038s] [ 15%] Built target frame_transforms
[0.040s] [ 15%] Built target ament_cmake_python_copy_boids
[0.042s] [ 17%] [32mBuilding CXX object CMakeFiles/swarm_spawner.dir/src/base_station.cpp.o[0m
[0.043s] [ 20%] [32mBuilding CXX object CMakeFiles/swarm_spawner.dir/src/uav_node.cpp.o[0m
[0.044s] [ 22%] [32mBuilding CXX object CMakeFiles/swarm_spawner.dir/src/main.cpp.o[0m
[0.044s] [ 31%] Built target boids__rosidl_typesupport_cpp
[0.046s] [ 40%] Built target boids__rosidl_typesupport_introspection_c
[0.047s] [01m[Kcc1plus:[m[K [01;31m[Kfatal error: [m[K/home/fourdds/ros2_ws/src/boids/src/base_station.cpp: No such file or directory
[0.047s] compilation terminated.
[0.047s] [ 48%] Built target boids__rosidl_typesupport_fastrtps_cpp
[0.047s] [ 57%] Built target boids__rosidl_typesupport_c
[0.047s] gmake[2]: *** [CMakeFiles/swarm_spawner.dir/build.make:90: CMakeFiles/swarm_spawner.dir/src/base_station.cpp.o] Error 1
[0.047s] gmake[2]: *** Waiting for unfinished jobs....
[0.047s] [ 66%] Built target boids__rosidl_typesupport_fastrtps_c
[0.048s] [ 75%] Built target boids__rosidl_typesupport_introspection_cpp
[0.058s] [ 75%] Built target boids
[0.067s] [ 77%] Built target boids__py
[0.077s] [ 84%] Built target boids__rosidl_generator_py
[0.088s] [ 88%] Built target boids__rosidl_typesupport_fastrtps_c__pyext
[0.088s] [ 93%] Built target boids__rosidl_typesupport_introspection_c__pyext
[0.089s] [ 97%] Built target boids__rosidl_typesupport_c__pyext
[0.148s] running egg_info
[0.150s] writing boids.egg-info/PKG-INFO
[0.150s] writing dependency_links to boids.egg-info/dependency_links.txt
[0.150s] writing top-level names to boids.egg-info/top_level.txt
[0.168s] reading manifest file 'boids.egg-info/SOURCES.txt'
[0.169s] writing manifest file 'boids.egg-info/SOURCES.txt'
[0.183s] [ 97%] Built target ament_cmake_python_build_boids_egg
[0.246s] [01m[K/home/fourdds/ros2_ws/src/boids/src/main.cpp:2:10:[m[K [01;31m[Kfatal error: [m[Kbase_station.hpp: No such file or directory
[0.246s]     2 | #include [01;31m[K"base_station.hpp"[m[K
[0.246s]       |          [01;31m[K^~~~~~~~~~~~~~~~~~[m[K
[0.246s] compilation terminated.
[0.247s] gmake[2]: *** [CMakeFiles/swarm_spawner.dir/build.make:104: CMakeFiles/swarm_spawner.dir/src/main.cpp.o] Error 1
[2.314s] [01m[K/home/fourdds/ros2_ws/src/boids/src/uav_node.cpp:[m[K In member function â€˜[01m[Kvoid Swarm::UavNode::flockingLogic()[m[Kâ€™:
[2.315s] [01m[K/home/fourdds/ros2_ws/src/boids/src/uav_node.cpp:178:40:[m[K [01;35m[Kwarning: [m[Knarrowing conversion of â€˜[01m[K((Swarm::UavNode*)this)->Swarm::UavNode::yawRadians[m[Kâ€™ from â€˜[01m[Kdouble[m[Kâ€™ to â€˜[01m[KEigen::Rotation2D<float>::Scalar[m[Kâ€™ {aka â€˜[01m[Kfloat[m[Kâ€™} [[01;35m[K]8;;https://gcc.gnu.org/onlinedocs/gcc/Warning-Options.html#index-Wnarrowing-Wnarrowing]8;;[m[K]
[2.315s]   178 |     Eigen::Rotation2Df rotation_matrix{[01;35m[KyawRadians[m[K};
[2.315s]       |                                        [01;35m[K^~~~~~~~~~[m[K
[14.234s] gmake[1]: *** [CMakeFiles/Makefile2:620: CMakeFiles/swarm_spawner.dir/all] Error 2
[14.235s] gmake: *** [Makefile:146: all] Error 2
[14.236s] Invoked command in '/home/fourdds/ros2_ws/build/boids' returned '2': CMAKE_PREFIX_PATH=/home/fourdds/ros2_ws/install/obstacle_avoidance:/home/fourdds/ros2_ws/install/px4_msgs:/home/fourdds/ros2_ws/install/parameters:/home/fourdds/ros2_ws/install/base_station:/home/fourdds/ros2_ws/install/fdds_messages:/home/fourdds/ros2_ws/install/target_detection:/home/fourdds/ros2_ws/install/uuv_boids:/home/fourdds/ros2_ws/install/stigmergy:/home/fourdds/ros2_ws/install/px4_ros_com:/home/fourdds/ros2_ws/install/iris-logger:/home/fourdds/ros2_ws/install/boids:/home/fourdds/ros2_ws/install/logging:/opt/ros/humble LD_LIBRARY_PATH=/home/fourdds/ros2_ws/install/px4_msgs/lib:/home/fourdds/ros2_ws/install/fdds_messages/lib:/home/fourdds/ros2_ws/install/target_detection/lib:/home/fourdds/ros2_ws/install/obstacle_avoidance/lib:/home/fourdds/ros2_ws/install/uuv_boids/lib:/home/fourdds/ros2_ws/install/stigmergy/lib:/home/fourdds/ros2_ws/install/px4_ros_com/lib:/home/fourdds/ros2_ws/install/boids/lib:/home/fourdds/ros2_ws/install/parameters/lib:/usr/lib/x86_64-linux-gnu/gazebo-11/plugins:/opt/ros/humble/opt/rviz_ogre_vendor/lib:/opt/ros/humble/lib/x86_64-linux-gnu:/opt/ros/humble/lib /usr/bin/cmake --build /home/fourdds/ros2_ws/build/boids -- -j24 -l24
