[0.012s] Invoking command in '/home/fourdds/ros2_ws/build/drone': CMAKE_PREFIX_PATH=${CMAKE_PREFIX_PATH}:/home/fourdds/ros2_ws/install/analysis:/home/fourdds/ws/install/opencv_tests:/opt/ros/humble /usr/bin/cmake --build /home/fourdds/ros2_ws/build/drone -- -j24 -l24
[0.048s] [ 33%] [32m[1mLinking CXX executable Drone[0m
[0.284s] /usr/bin/ld: CMakeFiles/Drone.dir/src/main.cpp.o: in function `fdds::TargetDetection::TargetDetection(std::__cxx11::basic_string<char, std::char_traits<char>, std::allocator<char> > const&, fdds::Parameters const&, rclcpp::Node&)':
[0.284s] main.cpp:(.text._ZN4fdds15TargetDetectionC2ERKNSt7__cxx1112basic_stringIcSt11char_traitsIcESaIcEEERKNS_10ParametersERN6rclcpp4NodeE[_ZN4fdds15TargetDetectionC5ERKNSt7__cxx1112basic_stringIcSt11char_traitsIcESaIcEEERKNS_10ParametersERN6rclcpp4NodeE]+0x133): undefined reference to `fdds::TargetDetection::cameraSubscriptionCallback(std::shared_ptr<sensor_msgs::msg::CompressedImage_<std::allocator<void> > >)'
[0.285s] /usr/bin/ld: /home/fourdds/ros2_ws/install/target_detection/lib/libTargetDetection.a(TargetDetection.cpp.o): in function `fdds::TargetDetection::tick()':
[0.285s] TargetDetection.cpp:(.text+0x4a3): undefined reference to `cv_bridge::toCvCopy(std::shared_ptr<sensor_msgs::msg::Image_<std::allocator<void> > const> const&, std::__cxx11::basic_string<char, std::char_traits<char>, std::allocator<char> > const&)'
[0.297s] collect2: error: ld returned 1 exit status
[0.298s] gmake[2]: *** [CMakeFiles/Drone.dir/build.make:267: Drone] Error 1
[0.298s] gmake[1]: *** [CMakeFiles/Makefile2:137: CMakeFiles/Drone.dir/all] Error 2
[0.298s] gmake: *** [Makefile:146: all] Error 2
[0.301s] Invoked command in '/home/fourdds/ros2_ws/build/drone' returned '2': CMAKE_PREFIX_PATH=${CMAKE_PREFIX_PATH}:/home/fourdds/ros2_ws/install/analysis:/home/fourdds/ws/install/opencv_tests:/opt/ros/humble /usr/bin/cmake --build /home/fourdds/ros2_ws/build/drone -- -j24 -l24
