[0.031s] Invoking command in '/home/fourdds/ws/build/gazebo_plugins': AMENT_PREFIX_PATH=/home/fourdds/ws/install/gazebo_ros:/home/fourdds/ws/install/gazebo_msgs:/home/fourdds/ws/install/gazebo_dev:/home/fourdds/ws/install/cv_bridge:${AMENT_PREFIX_PATH} CMAKE_PREFIX_PATH=/home/fourdds/ws/install/gazebo_ros:/home/fourdds/ws/install/gazebo_msgs:/home/fourdds/ws/install/gazebo_dev:/home/fourdds/ws/install/cv_bridge:/opt/ros/humble LD_LIBRARY_PATH=/home/fourdds/ws/install/gazebo_ros/lib:/home/fourdds/ws/install/gazebo_msgs/lib:/home/fourdds/ws/install/cv_bridge/lib:${LD_LIBRARY_PATH} PYTHONPATH=/home/fourdds/ws/install/gazebo_ros/local/lib/python3.10/dist-packages:/home/fourdds/ws/install/gazebo_msgs/local/lib/python3.10/dist-packages:/home/fourdds/ws/install/cv_bridge/local/lib/python3.10/dist-packages:${PYTHONPATH} /usr/bin/cmake /home/fourdds/ws/src/gazebo_ros_pkgs/gazebo_plugins -DCMAKE_INSTALL_PREFIX=/home/fourdds/ws/install/gazebo_plugins
[0.055s] -- Found ament_cmake: 1.3.10 (/opt/ros/humble/share/ament_cmake/cmake)
[0.203s] -- Override CMake install command with custom implementation using symlinks instead of copying resources
[0.243s] -- Found camera_info_manager: 3.1.9 (/opt/ros/humble/share/camera_info_manager/cmake)
[0.319s] -- Found rosidl_generator_c: 3.1.5 (/opt/ros/humble/share/rosidl_generator_c/cmake)
[0.325s] -- Found rosidl_adapter: 3.1.5 (/opt/ros/humble/share/rosidl_adapter/cmake)
[0.343s] -- Found rosidl_generator_cpp: 3.1.5 (/opt/ros/humble/share/rosidl_generator_cpp/cmake)
[0.371s] -- Using all available rosidl_typesupport_c: rosidl_typesupport_fastrtps_c;rosidl_typesupport_introspection_c
[0.400s] -- Using all available rosidl_typesupport_cpp: rosidl_typesupport_fastrtps_cpp;rosidl_typesupport_introspection_cpp
[0.473s] -- Found rmw_implementation_cmake: 6.1.2 (/opt/ros/humble/share/rmw_implementation_cmake/cmake)
[0.478s] -- Found rmw_fastrtps_cpp: 6.2.7 (/opt/ros/humble/share/rmw_fastrtps_cpp/cmake)
[0.669s] -- Using RMW implementation 'rmw_fastrtps_cpp' as default
[0.840s] -- Found gazebo_dev: 3.7.0 (/home/fourdds/ws/install/gazebo_dev/share/gazebo_dev/cmake)
[0.902s] -- Found DART: /usr/include (Required is at least version "6.6") found components: dart 
[0.961s] -- Found Protobuf: /usr/lib/x86_64-linux-gnu/libprotobuf.so (found version "3.12.4") 
[0.967s] -- Looking for ignition-math6 -- found version 6.15.1
[0.981s] -- Searching for dependencies of ignition-math6
[0.986s] -- Looking for OGRE...
[0.992s] -- Found Ogre Ghadamon (1.9.0)
[0.993s] -- Found OGRE: optimized;/usr/lib/x86_64-linux-gnu/libOgreMain.so;debug;/usr/lib/x86_64-linux-gnu/libOgreMain.so
[1.000s] -- Looking for OGRE_Paging...
[1.001s] -- Found OGRE_Paging: optimized;/usr/lib/x86_64-linux-gnu/libOgrePaging.so;debug;/usr/lib/x86_64-linux-gnu/libOgrePaging.so
[1.001s] -- Looking for OGRE_Terrain...
[1.001s] -- Found OGRE_Terrain: optimized;/usr/lib/x86_64-linux-gnu/libOgreTerrain.so;debug;/usr/lib/x86_64-linux-gnu/libOgreTerrain.so
[1.001s] -- Looking for OGRE_Property...
[1.001s] -- Found OGRE_Property: optimized;/usr/lib/x86_64-linux-gnu/libOgreProperty.so;debug;/usr/lib/x86_64-linux-gnu/libOgreProperty.so
[1.001s] -- Looking for OGRE_RTShaderSystem...
[1.001s] -- Found OGRE_RTShaderSystem: optimized;/usr/lib/x86_64-linux-gnu/libOgreRTShaderSystem.so;debug;/usr/lib/x86_64-linux-gnu/libOgreRTShaderSystem.so
[1.001s] -- Looking for OGRE_Volume...
[1.001s] -- Found OGRE_Volume: optimized;/usr/lib/x86_64-linux-gnu/libOgreVolume.so;debug;/usr/lib/x86_64-linux-gnu/libOgreVolume.so
[1.001s] -- Looking for OGRE_Overlay...
[1.001s] -- Found OGRE_Overlay: optimized;/usr/lib/x86_64-linux-gnu/libOgreOverlay.so;debug;/usr/lib/x86_64-linux-gnu/libOgreOverlay.so
[1.568s] -- Looking for ignition-math6 -- found version 6.15.1
[1.576s] -- Looking for ignition-transport8 -- found version 8.2.1
[1.576s] -- Searching for dependencies of ignition-transport8
[1.609s] -- Found Protobuf: /usr/lib/x86_64-linux-gnu/libprotobuf.so (found suitable version "3.12.4", minimum required is "3") 
[1.634s] -- Config-file not installed for ZeroMQ -- checking for pkg-config
[1.639s] -- Checking for module 'libzmq >= 4'
[1.661s] --   Found libzmq , version 4.3.4
[1.719s] -- Checking for module 'uuid'
[1.738s] --   Found uuid, version 2.37.2
[1.787s] -- Looking for ignition-msgs5 -- found version 5.8.1
[1.787s] -- Searching for dependencies of ignition-msgs5
[1.821s] -- Looking for ignition-math6 -- found version 6.15.1
[1.829s] -- Checking for module 'tinyxml2'
[1.846s] --   Found tinyxml2, version 9.0.0
[1.896s] -- Looking for ignition-msgs5 -- found version 5.8.1
[1.898s] -- Looking for ignition-common3 -- found version 3.14.0
[1.898s] -- Searching for dependencies of ignition-common3
[1.899s] -- Looking for dlfcn.h - found
[1.899s] -- Looking for libdl - found
[1.917s] -- Searching for <ignition-common3> component [graphics]
[1.919s] -- Looking for ignition-common3-graphics -- found version 3.14.0
[1.919s] -- Searching for dependencies of ignition-common3-graphics
[1.919s] -- Looking for ignition-math6 -- found version 6.15.1
[1.923s] -- Looking for ignition-fuel_tools4 -- found version 4.4.0
[1.923s] -- Searching for dependencies of ignition-fuel_tools4
[1.987s] -- Checking for module 'jsoncpp'
[2.009s] --   Found jsoncpp, version 1.9.5
[2.065s] -- Checking for module 'libzip'
[2.087s] --   Found libzip, version 1.7.3
[2.133s] -- Looking for ignition-common3 -- found version 3.14.0
[2.134s] -- Looking for ignition-math6 -- found version 6.15.1
[2.134s] -- Looking for ignition-msgs5 -- found version 5.8.1
[2.139s] -- Gazebo version: 11.10
[2.141s] -- Found gazebo_msgs: 3.7.0 (/home/fourdds/ws/install/gazebo_msgs/share/gazebo_msgs/cmake)
[2.201s] -- Found gazebo_ros: 3.7.0 (/home/fourdds/ws/install/gazebo_ros/share/gazebo_ros/cmake)
[2.209s] -- Found image_transport: 3.1.9 (/opt/ros/humble/share/image_transport/cmake)
[2.259s] -- Found cv_bridge: 3.2.1 (/home/fourdds/ws/install/cv_bridge/share/cv_bridge/cmake)
[2.274s] -- Found nav_msgs: 4.2.4 (/opt/ros/humble/share/nav_msgs/cmake)
[2.305s] -- Found std_srvs: 4.2.4 (/opt/ros/humble/share/std_srvs/cmake)
[2.327s] -- Found tf2: 0.25.8 (/opt/ros/humble/share/tf2/cmake)
[2.337s] -- Found tf2_geometry_msgs: 0.25.8 (/opt/ros/humble/share/tf2_geometry_msgs/cmake)
[2.346s] -- Found eigen3_cmake_module: 0.1.1 (/opt/ros/humble/share/eigen3_cmake_module/cmake)
[2.349s] -- Ensuring Eigen3 include directory is part of orocos-kdl CMake target
[2.582s] -- Found ament_cmake_gtest: 1.3.10 (/opt/ros/humble/share/ament_cmake_gtest/cmake)
[2.615s] -- Found gtest sources under '/opt/ros/humble/src/gtest_vendor': C++ tests using 'Google Test' will be built
[2.766s] -- Found ament_lint_auto: 0.12.11 (/opt/ros/humble/share/ament_lint_auto/cmake)
[2.867s] -- Added test 'copyright' to check source files copyright and LICENSE
[2.875s] -- Added test 'cppcheck' to perform static code analysis on C / C++ code
[2.878s] -- Configured cppcheck include dirs: /home/fourdds/ws/src/gazebo_ros_pkgs/gazebo_plugins/include
[2.878s] -- Configured cppcheck exclude dirs and/or files: 
[2.880s] -- Added test 'flake8' to check Python code syntax and style conventions
[2.882s] -- Added test 'lint_cmake' to check CMake code style
[2.883s] -- Added test 'pep257' to check Python code against some of the docstring style conventions in PEP 257
[2.889s] -- Added test 'uncrustify' to check C / C++ code style
[2.890s] -- Configured uncrustify additional arguments: 
[2.890s] -- Added test 'xmllint' to check XML markup files
[2.898s] -- Configuring done
[3.647s] -- Generating done
[3.656s] -- Build files have been written to: /home/fourdds/ws/build/gazebo_plugins
[3.683s] Invoked command in '/home/fourdds/ws/build/gazebo_plugins' returned '0': AMENT_PREFIX_PATH=/home/fourdds/ws/install/gazebo_ros:/home/fourdds/ws/install/gazebo_msgs:/home/fourdds/ws/install/gazebo_dev:/home/fourdds/ws/install/cv_bridge:${AMENT_PREFIX_PATH} CMAKE_PREFIX_PATH=/home/fourdds/ws/install/gazebo_ros:/home/fourdds/ws/install/gazebo_msgs:/home/fourdds/ws/install/gazebo_dev:/home/fourdds/ws/install/cv_bridge:/opt/ros/humble LD_LIBRARY_PATH=/home/fourdds/ws/install/gazebo_ros/lib:/home/fourdds/ws/install/gazebo_msgs/lib:/home/fourdds/ws/install/cv_bridge/lib:${LD_LIBRARY_PATH} PYTHONPATH=/home/fourdds/ws/install/gazebo_ros/local/lib/python3.10/dist-packages:/home/fourdds/ws/install/gazebo_msgs/local/lib/python3.10/dist-packages:/home/fourdds/ws/install/cv_bridge/local/lib/python3.10/dist-packages:${PYTHONPATH} /usr/bin/cmake /home/fourdds/ws/src/gazebo_ros_pkgs/gazebo_plugins -DCMAKE_INSTALL_PREFIX=/home/fourdds/ws/install/gazebo_plugins
[3.686s] Invoking command in '/home/fourdds/ws/build/gazebo_plugins': AMENT_PREFIX_PATH=/home/fourdds/ws/install/gazebo_ros:/home/fourdds/ws/install/gazebo_msgs:/home/fourdds/ws/install/gazebo_dev:/home/fourdds/ws/install/cv_bridge:${AMENT_PREFIX_PATH} CMAKE_PREFIX_PATH=/home/fourdds/ws/install/gazebo_ros:/home/fourdds/ws/install/gazebo_msgs:/home/fourdds/ws/install/gazebo_dev:/home/fourdds/ws/install/cv_bridge:/opt/ros/humble LD_LIBRARY_PATH=/home/fourdds/ws/install/gazebo_ros/lib:/home/fourdds/ws/install/gazebo_msgs/lib:/home/fourdds/ws/install/cv_bridge/lib:${LD_LIBRARY_PATH} PYTHONPATH=/home/fourdds/ws/install/gazebo_ros/local/lib/python3.10/dist-packages:/home/fourdds/ws/install/gazebo_msgs/local/lib/python3.10/dist-packages:/home/fourdds/ws/install/cv_bridge/local/lib/python3.10/dist-packages:${PYTHONPATH} /usr/bin/cmake --build /home/fourdds/ws/build/gazebo_plugins -- -j16 -l16
[3.739s] [35m[1mConsolidate compiler generated dependencies of target gazebo_ros_force[0m
[3.740s] [35m[1mConsolidate compiler generated dependencies of target gazebo_ros_joint_state_publisher[0m
[3.740s] [35m[1mConsolidate compiler generated dependencies of target gazebo_ros_template[0m
[3.740s] [35m[1mConsolidate compiler generated dependencies of target gazebo_ros_diff_drive[0m
[3.740s] [35m[1mConsolidate compiler generated dependencies of target gazebo_ros_gps_sensor[0m
[3.740s] [35m[1mConsolidate compiler generated dependencies of target multi_camera_plugin[0m
[3.742s] [35m[1mConsolidate compiler generated dependencies of target gazebo_ros_ft_sensor[0m
[3.742s] [35m[1mConsolidate compiler generated dependencies of target gazebo_ros_p3d[0m
[3.742s] [35m[1mConsolidate compiler generated dependencies of target gazebo_ros_imu_sensor[0m
[3.742s] [35m[1mConsolidate compiler generated dependencies of target gazebo_ros_ray_sensor[0m
[3.743s] [35m[1mConsolidate compiler generated dependencies of target gazebo_ros_video[0m
[3.743s] [35m[1mConsolidate compiler generated dependencies of target gazebo_ros_tricycle_drive[0m
[3.744s] [35m[1mConsolidate compiler generated dependencies of target gazebo_ros_harness[0m
[3.744s] [35m[1mConsolidate compiler generated dependencies of target gazebo_ros_bumper[0m
[3.749s] [35m[1mConsolidate compiler generated dependencies of target gazebo_ros_hand_of_god[0m
[3.749s] [35m[1mConsolidate compiler generated dependencies of target gazebo_ros_ackermann_drive[0m
[3.805s] [  1%] [32mBuilding CXX object CMakeFiles/gazebo_ros_joint_state_publisher.dir/src/gazebo_ros_joint_state_publisher.cpp.o[0m
[3.810s] [  2%] [32mBuilding CXX object CMakeFiles/gazebo_ros_template.dir/src/gazebo_ros_template.cpp.o[0m
[3.811s] [  5%] [32mBuilding CXX object CMakeFiles/gazebo_ros_gps_sensor.dir/src/gazebo_ros_gps_sensor.cpp.o[0m
[3.811s] [  5%] [32mBuilding CXX object CMakeFiles/gazebo_ros_imu_sensor.dir/src/gazebo_ros_imu_sensor.cpp.o[0m
[3.811s] [  5%] [32mBuilding CXX object CMakeFiles/gazebo_ros_ft_sensor.dir/src/gazebo_ros_ft_sensor.cpp.o[0m
[3.818s] [  8%] [32mBuilding CXX object CMakeFiles/multi_camera_plugin.dir/src/multi_camera_plugin.cpp.o[0m
[3.818s] [  8%] [32mBuilding CXX object CMakeFiles/gazebo_ros_harness.dir/src/gazebo_ros_harness.cpp.o[0m
[3.820s] [  9%] [32mBuilding CXX object CMakeFiles/gazebo_ros_p3d.dir/src/gazebo_ros_p3d.cpp.o[0m
[3.822s] [ 10%] [32mBuilding CXX object CMakeFiles/gazebo_ros_tricycle_drive.dir/src/gazebo_ros_tricycle_drive.cpp.o[0m
[3.823s] [ 11%] [32mBuilding CXX object CMakeFiles/gazebo_ros_diff_drive.dir/src/gazebo_ros_diff_drive.cpp.o[0m
[3.827s] [ 12%] [32mBuilding CXX object CMakeFiles/gazebo_ros_bumper.dir/src/gazebo_ros_bumper.cpp.o[0m
[3.828s] [ 13%] [32mBuilding CXX object CMakeFiles/gazebo_ros_force.dir/src/gazebo_ros_force.cpp.o[0m
[3.832s] [ 15%] [32mBuilding CXX object CMakeFiles/gazebo_ros_hand_of_god.dir/src/gazebo_ros_hand_of_god.cpp.o[0m
[3.840s] [ 16%] [32mBuilding CXX object CMakeFiles/gazebo_ros_ackermann_drive.dir/src/gazebo_ros_ackermann_drive.cpp.o[0m
[3.843s] [ 17%] [32mBuilding CXX object CMakeFiles/gazebo_ros_ray_sensor.dir/src/gazebo_ros_ray_sensor.cpp.o[0m
[3.846s] [ 18%] [32mBuilding CXX object CMakeFiles/gazebo_ros_video.dir/src/gazebo_ros_video.cpp.o[0m
[16.750s] [01m[Kc++:[m[K [01;31m[Kfatal error: [m[KKilled signal terminated program cc1plus
[16.764s] compilation terminated.
[16.766s] gmake[2]: *** [CMakeFiles/gazebo_ros_ft_sensor.dir/build.make:76: CMakeFiles/gazebo_ros_ft_sensor.dir/src/gazebo_ros_ft_sensor.cpp.o] Error 1
[16.767s] gmake[1]: *** [CMakeFiles/Makefile2:562: CMakeFiles/gazebo_ros_ft_sensor.dir/all] Error 2
[16.767s] gmake[1]: *** Waiting for unfinished jobs....
[18.109s] [01m[Kc++:[m[K [01;31m[Kfatal error: [m[KKilled signal terminated program cc1plus
[18.111s] compilation terminated.
[18.130s] gmake[2]: *** [CMakeFiles/gazebo_ros_tricycle_drive.dir/build.make:76: CMakeFiles/gazebo_ros_tricycle_drive.dir/src/gazebo_ros_tricycle_drive.cpp.o] Error 1
[18.175s] gmake[1]: *** [CMakeFiles/Makefile2:510: CMakeFiles/gazebo_ros_tricycle_drive.dir/all] Error 2
[19.637s] [01m[Kc++:[m[K [01;31m[Kfatal error: [m[KKilled signal terminated program cc1plus
[19.638s] compilation terminated.
[19.650s] gmake[2]: *** [CMakeFiles/gazebo_ros_harness.dir/build.make:76: CMakeFiles/gazebo_ros_harness.dir/src/gazebo_ros_harness.cpp.o] Error 1
[19.691s] gmake[1]: *** [CMakeFiles/Makefile2:614: CMakeFiles/gazebo_ros_harness.dir/all] Error 2
[34.390s] [01m[Kc++:[m[K [01;31m[Kfatal error: [m[KKilled signal terminated program cc1plus
[34.391s] compilation terminated.
[34.401s] gmake[2]: *** [CMakeFiles/gazebo_ros_video.dir/build.make:76: CMakeFiles/gazebo_ros_video.dir/src/gazebo_ros_video.cpp.o] Error 1
[34.444s] gmake[1]: *** [CMakeFiles/Makefile2:536: CMakeFiles/gazebo_ros_video.dir/all] Error 2
[40.293s] [01m[Kc++:[m[K [01;31m[Kfatal error: [m[KKilled signal terminated program cc1plus
[40.294s] compilation terminated.
[40.305s] gmake[2]: *** [CMakeFiles/gazebo_ros_gps_sensor.dir/build.make:76: CMakeFiles/gazebo_ros_gps_sensor.dir/src/gazebo_ros_gps_sensor.cpp.o] Error 1
[40.332s] gmake[1]: *** [CMakeFiles/Makefile2:432: CMakeFiles/gazebo_ros_gps_sensor.dir/all] Error 2
[47.160s] [01m[Kc++:[m[K [01;31m[Kfatal error: [m[KKilled signal terminated program cc1plus
[47.163s] compilation terminated.
[47.181s] gmake[2]: *** [CMakeFiles/gazebo_ros_ackermann_drive.dir/build.make:76: CMakeFiles/gazebo_ros_ackermann_drive.dir/src/gazebo_ros_ackermann_drive.cpp.o] Error 1
[47.225s] gmake[1]: *** [CMakeFiles/Makefile2:666: CMakeFiles/gazebo_ros_ackermann_drive.dir/all] Error 2
[49.726s] [01m[Kc++:[m[K [01;31m[Kfatal error: [m[KKilled signal terminated program cc1plus
[49.728s] compilation terminated.
[49.737s] gmake[2]: *** [CMakeFiles/gazebo_ros_ray_sensor.dir/build.make:76: CMakeFiles/gazebo_ros_ray_sensor.dir/src/gazebo_ros_ray_sensor.cpp.o] Error 1
[49.774s] gmake[1]: *** [CMakeFiles/Makefile2:458: CMakeFiles/gazebo_ros_ray_sensor.dir/all] Error 2
[63.908s] [01m[Kc++:[m[K [01;31m[Kfatal error: [m[KKilled signal terminated program cc1plus
[63.909s] compilation terminated.
[63.918s] gmake[2]: *** [CMakeFiles/multi_camera_plugin.dir/build.make:76: CMakeFiles/multi_camera_plugin.dir/src/multi_camera_plugin.cpp.o] Error 1
[63.958s] gmake[1]: *** [CMakeFiles/Makefile2:354: CMakeFiles/multi_camera_plugin.dir/all] Error 2
[85.802s] [ 19%] [32m[1mLinking CXX shared library libgazebo_ros_template.so[0m
[86.850s] [ 19%] Built target gazebo_ros_template
[95.225s] [ 20%] [32m[1mLinking CXX shared library libgazebo_ros_hand_of_god.so[0m
[96.964s] [ 20%] Built target gazebo_ros_hand_of_god
[99.570s] [ 22%] [32m[1mLinking CXX shared library libgazebo_ros_imu_sensor.so[0m
[100.338s] [ 23%] [32m[1mLinking CXX shared library libgazebo_ros_joint_state_publisher.so[0m
[100.587s] [ 23%] Built target gazebo_ros_imu_sensor
[101.443s] [ 23%] Built target gazebo_ros_joint_state_publisher
[103.109s] [ 24%] [32m[1mLinking CXX shared library libgazebo_ros_force.so[0m
[104.646s] [ 24%] Built target gazebo_ros_force
[108.397s] [ 25%] [32m[1mLinking CXX shared library libgazebo_ros_bumper.so[0m
[108.926s] [ 26%] [32m[1mLinking CXX shared library libgazebo_ros_diff_drive.so[0m
[109.657s] [ 26%] Built target gazebo_ros_bumper
[109.984s] [ 27%] [32m[1mLinking CXX shared library libgazebo_ros_p3d.so[0m
[110.659s] [ 27%] Built target gazebo_ros_diff_drive
[110.995s] [ 27%] Built target gazebo_ros_p3d
[111.012s] gmake: *** [Makefile:146: all] Error 2
[111.173s] Invoked command in '/home/fourdds/ws/build/gazebo_plugins' returned '2': AMENT_PREFIX_PATH=/home/fourdds/ws/install/gazebo_ros:/home/fourdds/ws/install/gazebo_msgs:/home/fourdds/ws/install/gazebo_dev:/home/fourdds/ws/install/cv_bridge:${AMENT_PREFIX_PATH} CMAKE_PREFIX_PATH=/home/fourdds/ws/install/gazebo_ros:/home/fourdds/ws/install/gazebo_msgs:/home/fourdds/ws/install/gazebo_dev:/home/fourdds/ws/install/cv_bridge:/opt/ros/humble LD_LIBRARY_PATH=/home/fourdds/ws/install/gazebo_ros/lib:/home/fourdds/ws/install/gazebo_msgs/lib:/home/fourdds/ws/install/cv_bridge/lib:${LD_LIBRARY_PATH} PYTHONPATH=/home/fourdds/ws/install/gazebo_ros/local/lib/python3.10/dist-packages:/home/fourdds/ws/install/gazebo_msgs/local/lib/python3.10/dist-packages:/home/fourdds/ws/install/cv_bridge/local/lib/python3.10/dist-packages:${PYTHONPATH} /usr/bin/cmake --build /home/fourdds/ws/build/gazebo_plugins -- -j16 -l16
