[0.027s] Invoking command in '/home/fourdds/ros2_ws/build/drone': CMAKE_PREFIX_PATH=/opt/ros/humble /usr/bin/cmake --build /home/fourdds/ros2_ws/build/drone -- -j16 -l16
[0.094s] [35m[1mConsolidate compiler generated dependencies of target Drone[0m
[0.142s] [ 33%] [32mBuilding CXX object CMakeFiles/Drone.dir/src/Drone.cpp.o[0m
[7.225s] [01m[K/home/fourdds/ros2_ws/src/drone/src/Drone.cpp:[m[K In member function â€˜[01m[Kvoid fdds::Drone::flockingLogic()[m[Kâ€™:
[7.225s] [01m[K/home/fourdds/ros2_ws/src/drone/src/Drone.cpp:303:18:[m[K [01;31m[Kerror: [m[Kâ€˜[01m[Kcoour[m[Kâ€™ is not a member of â€˜[01m[Kstd[m[Kâ€™
[7.225s]   303 |             std::[01;31m[Kcoour[m[K<<"ERRORE\n";
[7.225s]       |                  [01;31m[K^~~~~[m[K
[18.311s] gmake[2]: *** [CMakeFiles/Drone.dir/build.make:76: CMakeFiles/Drone.dir/src/Drone.cpp.o] Error 1
[18.311s] gmake[1]: *** [CMakeFiles/Makefile2:137: CMakeFiles/Drone.dir/all] Error 2
[18.312s] gmake: *** [Makefile:146: all] Error 2
[18.322s] Invoked command in '/home/fourdds/ros2_ws/build/drone' returned '2': CMAKE_PREFIX_PATH=/opt/ros/humble /usr/bin/cmake --build /home/fourdds/ros2_ws/build/drone -- -j16 -l16
