[  2%] Built target boids__cpp
[35m[1mConsolidate compiler generated dependencies of target swarm_spawner[0m
[ 10%] Built target boids__rosidl_generator_c
[ 15%] Built target frame_transforms
[ 15%] Built target ament_cmake_python_copy_boids
[ 23%] Built target boids__rosidl_typesupport_fastrtps_cpp
[ 50%] Built target boids__rosidl_typesupport_cpp
[ 50%] Built target boids__rosidl_typesupport_c
[ 50%] Built target boids__rosidl_typesupport_introspection_c
[ 52%] [32mBuilding CXX object CMakeFiles/swarm_spawner.dir/src/uav_node.cpp.o[0m
[ 69%] Built target boids__rosidl_typesupport_fastrtps_c
[ 67%] Built target boids__rosidl_typesupport_introspection_cpp
[ 71%] [32mBuilding CXX object CMakeFiles/swarm_spawner.dir/src/main.cpp.o[0m
[ 71%] Built target boids
[ 73%] Built target boids__py
[ 80%] Built target boids__rosidl_generator_py
[ 91%] Built target boids__rosidl_typesupport_fastrtps_c__pyext
[ 91%] Built target boids__rosidl_typesupport_c__pyext
[ 93%] Built target boids__rosidl_typesupport_introspection_c__pyext
running egg_info
writing boids.egg-info/PKG-INFO
writing dependency_links to boids.egg-info/dependency_links.txt
writing top-level names to boids.egg-info/top_level.txt
reading manifest file 'boids.egg-info/SOURCES.txt'
writing manifest file 'boids.egg-info/SOURCES.txt'
[ 93%] Built target ament_cmake_python_build_boids_egg
In file included from [01m[K/home/fourdds/ros2_ws/src/boids/src/uav_node.hpp:15[m[K,
                 from [01m[K/home/fourdds/ros2_ws/src/boids/src/main.cpp:1[m[K:
[01m[K/home/fourdds/ros2_ws/install/obstacle_avoidance/include/obstacle_avoidance/ObstacleAvoidance.hpp:3:10:[m[K [01;31m[Kfatal error: [m[Kparameters/Parameters.hpp: No such file or directory
    3 | #include [01;31m[K"parameters/Parameters.hpp"[m[K
      |          [01;31m[K^~~~~~~~~~~~~~~~~~~~~~~~~~~[m[K
compilation terminated.
In file included from [01m[K/home/fourdds/ros2_ws/src/boids/src/uav_node.hpp:15[m[K,
                 from [01m[K/home/fourdds/ros2_ws/src/boids/src/uav_node.cpp:1[m[K:
[01m[K/home/fourdds/ros2_ws/install/obstacle_avoidance/include/obstacle_avoidance/ObstacleAvoidance.hpp:3:10:[m[K [01;31m[Kfatal error: [m[Kparameters/Parameters.hpp: No such file or directory
    3 | #include [01;31m[K"parameters/Parameters.hpp"[m[K
      |          [01;31m[K^~~~~~~~~~~~~~~~~~~~~~~~~~~[m[K
compilation terminated.
gmake[2]: *** [CMakeFiles/swarm_spawner.dir/build.make:104: CMakeFiles/swarm_spawner.dir/src/main.cpp.o] Error 1
gmake[2]: *** Waiting for unfinished jobs....
gmake[2]: *** [CMakeFiles/swarm_spawner.dir/build.make:76: CMakeFiles/swarm_spawner.dir/src/uav_node.cpp.o] Error 1
gmake[1]: *** [CMakeFiles/Makefile2:620: CMakeFiles/swarm_spawner.dir/all] Error 2
gmake: *** [Makefile:146: all] Error 2
