[0.008s] Invoking command in '/home/fourdds/ros2_ws/build/boids': CMAKE_PREFIX_PATH=/home/fourdds/ros2_ws/install/px4_msgs:/home/fourdds/ros2_ws/install/obstacle_avoidance:/home/fourdds/ros2_ws/install/uuv_boids:/home/fourdds/ros2_ws/install/stigmergy:/home/fourdds/ros2_ws/install/px4_ros_com:/home/fourdds/ros2_ws/install/iris-logger:/home/fourdds/ros2_ws/install/boids:/home/fourdds/ros2_ws/install/logging:/home/fourdds/ros2_ws/install/parameters:/opt/ros/humble LD_LIBRARY_PATH=/home/fourdds/ros2_ws/install/px4_msgs/lib:/home/fourdds/ros2_ws/install/obstacle_avoidance/lib:/home/fourdds/ros2_ws/install/uuv_boids/lib:/home/fourdds/ros2_ws/install/stigmergy/lib:/home/fourdds/ros2_ws/install/px4_ros_com/lib:/home/fourdds/ros2_ws/install/boids/lib:/home/fourdds/ros2_ws/install/parameters/lib:/usr/lib/x86_64-linux-gnu/gazebo-11/plugins:/opt/ros/humble/opt/rviz_ogre_vendor/lib:/opt/ros/humble/lib/x86_64-linux-gnu:/opt/ros/humble/lib /usr/bin/cmake --build /home/fourdds/ros2_ws/build/boids -- -j24 -l24
[0.033s] [  2%] Built target boids__cpp
[0.033s] [35m[1mConsolidate compiler generated dependencies of target swarm_spawner[0m
[0.033s] [ 10%] Built target boids__rosidl_generator_c
[0.037s] [ 15%] Built target frame_transforms
[0.041s] [ 15%] Built target ament_cmake_python_copy_boids
[0.044s] [ 23%] Built target boids__rosidl_typesupport_fastrtps_cpp
[0.045s] [ 50%] Built target boids__rosidl_typesupport_cpp
[0.045s] [ 50%] Built target boids__rosidl_typesupport_c
[0.045s] [ 50%] Built target boids__rosidl_typesupport_introspection_c
[0.045s] [ 52%] [32mBuilding CXX object CMakeFiles/swarm_spawner.dir/src/uav_node.cpp.o[0m
[0.046s] [ 69%] Built target boids__rosidl_typesupport_fastrtps_c
[0.046s] [ 67%] Built target boids__rosidl_typesupport_introspection_cpp
[0.046s] [ 71%] [32mBuilding CXX object CMakeFiles/swarm_spawner.dir/src/main.cpp.o[0m
[0.055s] [ 71%] Built target boids
[0.063s] [ 73%] Built target boids__py
[0.073s] [ 80%] Built target boids__rosidl_generator_py
[0.084s] [ 91%] Built target boids__rosidl_typesupport_fastrtps_c__pyext
[0.084s] [ 91%] Built target boids__rosidl_typesupport_c__pyext
[0.084s] [ 93%] Built target boids__rosidl_typesupport_introspection_c__pyext
[0.142s] running egg_info
[0.149s] writing boids.egg-info/PKG-INFO
[0.150s] writing dependency_links to boids.egg-info/dependency_links.txt
[0.150s] writing top-level names to boids.egg-info/top_level.txt
[0.170s] reading manifest file 'boids.egg-info/SOURCES.txt'
[0.170s] writing manifest file 'boids.egg-info/SOURCES.txt'
[0.184s] [ 93%] Built target ament_cmake_python_build_boids_egg
[0.190s] In file included from [01m[K/home/fourdds/ros2_ws/src/boids/src/uav_node.hpp:15[m[K,
[0.191s]                  from [01m[K/home/fourdds/ros2_ws/src/boids/src/main.cpp:1[m[K:
[0.191s] [01m[K/home/fourdds/ros2_ws/install/obstacle_avoidance/include/obstacle_avoidance/ObstacleAvoidance.hpp:3:10:[m[K [01;31m[Kfatal error: [m[Kparameters/Parameters.hpp: No such file or directory
[0.191s]     3 | #include [01;31m[K"parameters/Parameters.hpp"[m[K
[0.191s]       |          [01;31m[K^~~~~~~~~~~~~~~~~~~~~~~~~~~[m[K
[0.191s] compilation terminated.
[0.191s] In file included from [01m[K/home/fourdds/ros2_ws/src/boids/src/uav_node.hpp:15[m[K,
[0.191s]                  from [01m[K/home/fourdds/ros2_ws/src/boids/src/uav_node.cpp:1[m[K:
[0.191s] [01m[K/home/fourdds/ros2_ws/install/obstacle_avoidance/include/obstacle_avoidance/ObstacleAvoidance.hpp:3:10:[m[K [01;31m[Kfatal error: [m[Kparameters/Parameters.hpp: No such file or directory
[0.191s]     3 | #include [01;31m[K"parameters/Parameters.hpp"[m[K
[0.191s]       |          [01;31m[K^~~~~~~~~~~~~~~~~~~~~~~~~~~[m[K
[0.191s] compilation terminated.
[0.192s] gmake[2]: *** [CMakeFiles/swarm_spawner.dir/build.make:104: CMakeFiles/swarm_spawner.dir/src/main.cpp.o] Error 1
[0.192s] gmake[2]: *** Waiting for unfinished jobs....
[0.192s] gmake[2]: *** [CMakeFiles/swarm_spawner.dir/build.make:76: CMakeFiles/swarm_spawner.dir/src/uav_node.cpp.o] Error 1
[0.192s] gmake[1]: *** [CMakeFiles/Makefile2:620: CMakeFiles/swarm_spawner.dir/all] Error 2
[0.192s] gmake: *** [Makefile:146: all] Error 2
[0.194s] Invoked command in '/home/fourdds/ros2_ws/build/boids' returned '2': CMAKE_PREFIX_PATH=/home/fourdds/ros2_ws/install/px4_msgs:/home/fourdds/ros2_ws/install/obstacle_avoidance:/home/fourdds/ros2_ws/install/uuv_boids:/home/fourdds/ros2_ws/install/stigmergy:/home/fourdds/ros2_ws/install/px4_ros_com:/home/fourdds/ros2_ws/install/iris-logger:/home/fourdds/ros2_ws/install/boids:/home/fourdds/ros2_ws/install/logging:/home/fourdds/ros2_ws/install/parameters:/opt/ros/humble LD_LIBRARY_PATH=/home/fourdds/ros2_ws/install/px4_msgs/lib:/home/fourdds/ros2_ws/install/obstacle_avoidance/lib:/home/fourdds/ros2_ws/install/uuv_boids/lib:/home/fourdds/ros2_ws/install/stigmergy/lib:/home/fourdds/ros2_ws/install/px4_ros_com/lib:/home/fourdds/ros2_ws/install/boids/lib:/home/fourdds/ros2_ws/install/parameters/lib:/usr/lib/x86_64-linux-gnu/gazebo-11/plugins:/opt/ros/humble/opt/rviz_ogre_vendor/lib:/opt/ros/humble/lib/x86_64-linux-gnu:/opt/ros/humble/lib /usr/bin/cmake --build /home/fourdds/ros2_ws/build/boids -- -j24 -l24
