[0.009s] Invoking command in '/home/fourdds/ros2_ws/build/iris-logger': CMAKE_PREFIX_PATH=/home/fourdds/ros2_ws/install/px4_msgs:/home/fourdds/ros2_ws/install/iris-logger:/home/fourdds/ros2_ws/install/px4_ros_com:/home/fourdds/ros2_ws/install/boids:/opt/ros/humble LD_LIBRARY_PATH=/home/fourdds/ros2_ws/install/px4_msgs/lib:/home/fourdds/ros2_ws/install/px4_ros_com/lib:/home/fourdds/ros2_ws/install/boids/lib:/usr/lib/x86_64-linux-gnu/gazebo-11/plugins:/opt/ros/humble/opt/rviz_ogre_vendor/lib:/opt/ros/humble/lib/x86_64-linux-gnu:/opt/ros/humble/lib /usr/bin/cmake --build /home/fourdds/ros2_ws/build/iris-logger -- -j24 -l24
[0.018s] -- Found ament_cmake: 1.3.8 (/opt/ros/humble/share/ament_cmake/cmake)
[0.096s] -- Found builtin_interfaces: 1.2.1 (/opt/ros/humble/share/builtin_interfaces/cmake)
[0.113s] -- Found rosidl_generator_c: 3.1.5 (/opt/ros/humble/share/rosidl_generator_c/cmake)
[0.115s] -- Found rosidl_adapter: 3.1.5 (/opt/ros/humble/share/rosidl_adapter/cmake)
[0.120s] -- Found rosidl_generator_cpp: 3.1.5 (/opt/ros/humble/share/rosidl_generator_cpp/cmake)
[0.127s] -- Using all available rosidl_typesupport_c: rosidl_typesupport_fastrtps_c;rosidl_typesupport_introspection_c
[0.137s] -- Using all available rosidl_typesupport_cpp: rosidl_typesupport_fastrtps_cpp;rosidl_typesupport_introspection_cpp
[0.147s] -- Found eigen3_cmake_module: 0.1.1 (/opt/ros/humble/share/eigen3_cmake_module/cmake)
[0.150s] -- Found Eigen3: TRUE (found version "3.4.0") 
[0.151s] -- Found geometry_msgs: 4.2.3 (/opt/ros/humble/share/geometry_msgs/cmake)
[0.205s] -- Found px4_msgs: 2.0.1 (/home/fourdds/ros2_ws/install/px4_msgs/share/px4_msgs/cmake)
[0.223s] -- Found rclcpp: 16.0.8 (/opt/ros/humble/share/rclcpp/cmake)
[0.255s] -- Found rmw_implementation_cmake: 6.1.1 (/opt/ros/humble/share/rmw_implementation_cmake/cmake)
[0.256s] -- Found rmw_fastrtps_cpp: 6.2.6 (/opt/ros/humble/share/rmw_fastrtps_cpp/cmake)
[0.300s] -- Found OpenSSL: /usr/lib/x86_64-linux-gnu/libcrypto.so (found version "3.0.2")  
[0.314s] -- Found FastRTPS: /opt/ros/humble/include  
[0.337s] -- Using RMW implementation 'rmw_fastrtps_cpp' as default
[0.342s] -- Looking for pthread.h
[0.377s] -- Looking for pthread.h - found
[0.377s] -- Performing Test CMAKE_HAVE_LIBC_PTHREAD
[0.420s] -- Performing Test CMAKE_HAVE_LIBC_PTHREAD - Success
[0.421s] -- Found Threads: TRUE  
[0.489s] -- Found sensor_msgs: 4.2.3 (/opt/ros/humble/share/sensor_msgs/cmake)
[0.534s] -- Found ament_lint_auto: 0.12.10 (/opt/ros/humble/share/ament_lint_auto/cmake)
[0.574s] -- Added test 'cppcheck' to perform static code analysis on C / C++ code
[0.574s] -- Configured cppcheck include dirs: $<BUILD_INTERFACE:/home/fourdds/ros2_ws/src/iris-logger/include>
[0.574s] -- Configured cppcheck exclude dirs and/or files: 
[0.574s] -- Added test 'lint_cmake' to check CMake code style
[0.574s] -- Added test 'uncrustify' to check C / C++ code style
[0.575s] -- Configured uncrustify additional arguments: 
[0.575s] -- Added test 'xmllint' to check XML markup files
[0.575s] -- Configuring done
[0.578s] -- Generating done
[0.579s] -- Build files have been written to: /home/fourdds/ros2_ws/build/iris-logger
[0.595s] [35m[1mConsolidate compiler generated dependencies of target Logger[0m
[0.601s] [ 66%] [32mBuilding CXX object CMakeFiles/Logger.dir/src/LoggingNode.cpp.o[0m
[0.601s] [ 66%] [32mBuilding CXX object CMakeFiles/Logger.dir/src/Logger.cpp.o[0m
[0.604s] In file included from [01m[K/home/fourdds/ros2_ws/src/iris-logger/src/Logger.cpp:1[m[K:
[0.605s] [01m[K/home/fourdds/ros2_ws/src/iris-logger/src/LoggingNode.hpp:1:10:[m[K [01;31m[Kfatal error: [m[Krclcpp/rclcpp.hpp: No such file or directory
[0.605s]     1 | #include [01;31m[K<rclcpp/rclcpp.hpp>[m[K
[0.605s]       |          [01;31m[K^~~~~~~~~~~~~~~~~~~[m[K
[0.605s] In file included from [01m[K/home/fourdds/ros2_ws/src/iris-logger/src/LoggingNode.cpp:1[m[K:
[0.605s] [01m[K/home/fourdds/ros2_ws/src/iris-logger/src/LoggingNode.hpp:1:10:[m[K [01;31m[Kfatal error: [m[Krclcpp/rclcpp.hpp: No such file or directory
[0.605s]     1 | #include [01;31m[K<rclcpp/rclcpp.hpp>[m[K
[0.605s]       |          [01;31m[K^~~~~~~~~~~~~~~~~~~[m[K
[0.605s] compilation terminated.
[0.605s] compilation terminated.
[0.605s] gmake[2]: *** [CMakeFiles/Logger.dir/build.make:76: CMakeFiles/Logger.dir/src/Logger.cpp.o] Error 1
[0.605s] gmake[2]: *** Waiting for unfinished jobs....
[0.605s] gmake[2]: *** [CMakeFiles/Logger.dir/build.make:90: CMakeFiles/Logger.dir/src/LoggingNode.cpp.o] Error 1
[0.605s] gmake[1]: *** [CMakeFiles/Makefile2:137: CMakeFiles/Logger.dir/all] Error 2
[0.605s] gmake: *** [Makefile:146: all] Error 2
[0.607s] Invoked command in '/home/fourdds/ros2_ws/build/iris-logger' returned '2': CMAKE_PREFIX_PATH=/home/fourdds/ros2_ws/install/px4_msgs:/home/fourdds/ros2_ws/install/iris-logger:/home/fourdds/ros2_ws/install/px4_ros_com:/home/fourdds/ros2_ws/install/boids:/opt/ros/humble LD_LIBRARY_PATH=/home/fourdds/ros2_ws/install/px4_msgs/lib:/home/fourdds/ros2_ws/install/px4_ros_com/lib:/home/fourdds/ros2_ws/install/boids/lib:/usr/lib/x86_64-linux-gnu/gazebo-11/plugins:/opt/ros/humble/opt/rviz_ogre_vendor/lib:/opt/ros/humble/lib/x86_64-linux-gnu:/opt/ros/humble/lib /usr/bin/cmake --build /home/fourdds/ros2_ws/build/iris-logger -- -j24 -l24
