[0.011s] Invoking command in '/home/fourdds/ros2_ws/build/boids': CMAKE_PREFIX_PATH=/home/fourdds/ros2_ws/install/px4_msgs:/home/fourdds/ros2_ws/install/uuv_boids:/home/fourdds/ros2_ws/install/px4_ros_com:/home/fourdds/ros2_ws/install/iris-logger:/home/fourdds/ros2_ws/install/boids:/opt/ros/humble LD_LIBRARY_PATH=/home/fourdds/ros2_ws/install/px4_msgs/lib:/home/fourdds/ros2_ws/install/uuv_boids/lib:/home/fourdds/ros2_ws/install/px4_ros_com/lib:/home/fourdds/ros2_ws/install/boids/lib:/usr/lib/x86_64-linux-gnu/gazebo-11/plugins:/opt/ros/humble/opt/rviz_ogre_vendor/lib:/opt/ros/humble/lib/x86_64-linux-gnu:/opt/ros/humble/lib /usr/bin/cmake --build /home/fourdds/ros2_ws/build/boids -- -j24 -l24
[0.037s] [35m[1mConsolidate compiler generated dependencies of target swarm_spawner[0m
[0.043s] [  8%] Built target boids__rosidl_generator_c
[0.043s] [ 10%] Built target boids__cpp
[0.045s] [ 15%] Built target frame_transforms
[0.050s] [ 15%] Built target ament_cmake_python_copy_boids
[0.054s] [ 19%] [32mBuilding CXX object CMakeFiles/swarm_spawner.dir/src/main.cpp.o[0m
[0.054s] [ 19%] [32mBuilding CXX object CMakeFiles/swarm_spawner.dir/src/uav_node.cpp.o[0m
[0.057s] [ 28%] Built target boids__rosidl_typesupport_cpp
[0.057s] [ 36%] Built target boids__rosidl_typesupport_introspection_c
[0.058s] [ 45%] Built target boids__rosidl_typesupport_c
[0.058s] [ 54%] Built target boids__rosidl_typesupport_fastrtps_cpp
[0.059s] [ 63%] Built target boids__rosidl_typesupport_introspection_cpp
[0.059s] [ 71%] Built target boids__rosidl_typesupport_fastrtps_c
[0.070s] [ 71%] Built target boids
[0.084s] [ 73%] Built target boids__py
[0.098s] [ 80%] Built target boids__rosidl_generator_py
[0.113s] [ 91%] Built target boids__rosidl_typesupport_fastrtps_c__pyext
[0.113s] [ 93%] Built target boids__rosidl_typesupport_introspection_c__pyext
[0.113s] [ 93%] Built target boids__rosidl_typesupport_c__pyext
[0.202s] running egg_info
[0.214s] writing boids.egg-info/PKG-INFO
[0.214s] writing dependency_links to boids.egg-info/dependency_links.txt
[0.214s] writing top-level names to boids.egg-info/top_level.txt
[0.244s] reading manifest file 'boids.egg-info/SOURCES.txt'
[0.244s] writing manifest file 'boids.egg-info/SOURCES.txt'
[0.269s] [ 93%] Built target ament_cmake_python_build_boids_egg
[2.971s] [01m[K/home/fourdds/ros2_ws/src/boids/src/uav_node.cpp:[m[K In member function â€˜[01m[Kvoid Swarm::UavNode::cameraSubscriptionCallback(sensor_msgs::msg::CompressedImage_<std::allocator<void> >::ConstSharedPtr)[m[Kâ€™:
[2.971s] [01m[K/home/fourdds/ros2_ws/src/boids/src/uav_node.cpp:302:34:[m[K [01;31m[Kerror: [m[Kpassing â€˜[01m[Kconst std::atomic<int>[m[Kâ€™ as â€˜[01m[Kthis[m[Kâ€™ argument discards qualifiers [[01;31m[K]8;;https://gcc.gnu.org/onlinedocs/gcc/Warning-Options.html#index-fpermissive-fpermissive]8;;[m[K]
[2.971s]   302 |         int id = [01;31m[Kimg_id.fetch_add(1)[m[K;
[2.971s]       |                  [01;31m[K~~~~~~~~~~~~~~~~^~~[m[K
[2.972s] In file included from [01m[K/usr/include/c++/11/bits/shared_ptr_atomic.h:33[m[K,
[2.972s]                  from [01m[K/usr/include/c++/11/memory:78[m[K,
[2.972s]                  from [01m[K/opt/ros/humble/include/rclcpp/rclcpp/rclcpp.hpp:153[m[K,
[2.972s]                  from [01m[K/home/fourdds/ros2_ws/src/boids/src/uav_node.hpp:3[m[K,
[2.972s]                  from [01m[K/home/fourdds/ros2_ws/src/boids/src/uav_node.cpp:1[m[K:
[2.972s] [01m[K/usr/include/c++/11/bits/atomic_base.h:616:7:[m[K [01;36m[Knote: [m[K  in call to â€˜[01m[Kstd::__atomic_base<_IntTp>::__int_type std::__atomic_base<_IntTp>::fetch_add(std::__atomic_base<_IntTp>::__int_type, std::memory_order) [with _ITp = int; std::__atomic_base<_IntTp>::__int_type = int; std::memory_order = std::memory_order][m[Kâ€™
[2.972s]   616 |       [01;36m[Kfetch_add[m[K(__int_type __i,
[2.972s]       |       [01;36m[K^~~~~~~~~[m[K
[2.972s] [01m[K/home/fourdds/ros2_ws/src/boids/src/uav_node.cpp:304:14:[m[K [01;35m[Kwarning: [m[Kunused variable â€˜[01m[Ksuccess[m[Kâ€™ [[01;35m[K]8;;https://gcc.gnu.org/onlinedocs/gcc/Warning-Options.html#index-Wunused-variable-Wunused-variable]8;;[m[K]
[2.972s]   304 |         bool [01;35m[Ksuccess[m[K = cv::imwrite(path + std::to_string(id) + ".jpg", cv_image);
[2.972s]       |              [01;35m[K^~~~~~~[m[K
[9.474s] gmake[2]: *** [CMakeFiles/swarm_spawner.dir/build.make:76: CMakeFiles/swarm_spawner.dir/src/uav_node.cpp.o] Error 1
[9.474s] gmake[1]: *** [CMakeFiles/Makefile2:620: CMakeFiles/swarm_spawner.dir/all] Error 2
[9.474s] gmake: *** [Makefile:146: all] Error 2
[9.476s] Invoked command in '/home/fourdds/ros2_ws/build/boids' returned '2': CMAKE_PREFIX_PATH=/home/fourdds/ros2_ws/install/px4_msgs:/home/fourdds/ros2_ws/install/uuv_boids:/home/fourdds/ros2_ws/install/px4_ros_com:/home/fourdds/ros2_ws/install/iris-logger:/home/fourdds/ros2_ws/install/boids:/opt/ros/humble LD_LIBRARY_PATH=/home/fourdds/ros2_ws/install/px4_msgs/lib:/home/fourdds/ros2_ws/install/uuv_boids/lib:/home/fourdds/ros2_ws/install/px4_ros_com/lib:/home/fourdds/ros2_ws/install/boids/lib:/usr/lib/x86_64-linux-gnu/gazebo-11/plugins:/opt/ros/humble/opt/rviz_ogre_vendor/lib:/opt/ros/humble/lib/x86_64-linux-gnu:/opt/ros/humble/lib /usr/bin/cmake --build /home/fourdds/ros2_ws/build/boids -- -j24 -l24
