In file included from [01m[K/home/fourdds/ros2_ws/src/base_station/src/BaseStation.cpp:2[m[K:
[01m[K/home/fourdds/ros2_ws/src/base_station/include/base_station/BaseStation.hpp:15:43:[m[K [01;31m[Kerror: [m[Kâ€˜[01m[Kfdds::Parameters[m[Kâ€™ has not been declared
   15 |         BaseStation(const int swarm_size, [01;31m[Kfdds[m[K::Parameters& options_) : Node("BaseStation"), swarmSize(swarm_size), options(options_)
      |                                           [01;31m[K^~~~[m[K
In file included from [01m[K/home/fourdds/ros2_ws/src/base_station/src/BaseStation.cpp:2[m[K:
[01m[K/home/fourdds/ros2_ws/src/base_station/include/base_station/BaseStation.hpp:40:15:[m[K [01;31m[Kerror: [m[Kâ€˜[01m[KParameters[m[Kâ€™ in namespace â€˜[01m[Kfdds[m[Kâ€™ does not name a type
   40 |         fdds::[01;31m[KParameters[m[K& options;
      |               [01;31m[K^~~~~~~~~~[m[K
In file included from [01m[K/home/fourdds/ros2_ws/src/base_station/src/BaseStation.cpp:2[m[K:
[01m[K/home/fourdds/ros2_ws/src/base_station/include/base_station/BaseStation.hpp:[m[K In constructor â€˜[01m[Kfdds::BaseStation::BaseStation(int, int&)[m[Kâ€™:
[01m[K/home/fourdds/ros2_ws/src/base_station/include/base_station/BaseStation.hpp:15:117:[m[K [01;31m[Kerror: [m[Kclass â€˜[01m[Kfdds::BaseStation[m[Kâ€™ does not have any field named â€˜[01m[Koptions[m[Kâ€™
   15 | ion(const int swarm_size, fdds::Parameters& options_) : Node("BaseStation"), swarmSize(swarm_size), [01;31m[Koptions[m[K(options_)
      |                                                                                                     [01;31m[K^~~~~~~[m[K

gmake[2]: *** [CMakeFiles/BaseStation.dir/build.make:76: CMakeFiles/BaseStation.dir/src/BaseStation.cpp.o] Error 1
gmake[1]: *** [CMakeFiles/Makefile2:137: CMakeFiles/BaseStation.dir/all] Error 2
gmake: *** [Makefile:146: all] Error 2
