-- Found ament_cmake: 1.3.8 (/opt/ros/humble/share/ament_cmake/cmake)
-- Found fdds_messages: 0.0.0 (/home/fourdds/ros2_ws/install/fdds_messages/share/fdds_messages/cmake)
-- Found rosidl_generator_c: 3.1.5 (/opt/ros/humble/share/rosidl_generator_c/cmake)
-- Found rosidl_adapter: 3.1.5 (/opt/ros/humble/share/rosidl_adapter/cmake)
-- Found rosidl_generator_cpp: 3.1.5 (/opt/ros/humble/share/rosidl_generator_cpp/cmake)
-- Using all available rosidl_typesupport_c: rosidl_typesupport_fastrtps_c;rosidl_typesupport_introspection_c
-- Using all available rosidl_typesupport_cpp: rosidl_typesupport_fastrtps_cpp;rosidl_typesupport_introspection_cpp
-- Found rclcpp: 16.0.8 (/opt/ros/humble/share/rclcpp/cmake)
-- Found rmw_implementation_cmake: 6.1.1 (/opt/ros/humble/share/rmw_implementation_cmake/cmake)
-- Found rmw_fastrtps_cpp: 6.2.6 (/opt/ros/humble/share/rmw_fastrtps_cpp/cmake)
-- Found OpenSSL: /usr/lib/x86_64-linux-gnu/libcrypto.so (found version "3.0.2")  
-- Found FastRTPS: /opt/ros/humble/include  
-- Using RMW implementation 'rmw_fastrtps_cpp' as default
-- Looking for pthread.h
-- Looking for pthread.h - found
-- Performing Test CMAKE_HAVE_LIBC_PTHREAD
-- Performing Test CMAKE_HAVE_LIBC_PTHREAD - Success
-- Found Threads: TRUE  
-- Found parameters: 0.0.0 (/home/fourdds/ros2_ws/install/parameters/share/parameters/cmake)
-- Found eigen3_cmake_module: 0.1.1 (/opt/ros/humble/share/eigen3_cmake_module/cmake)
-- Found Eigen3: TRUE (found version "3.4.0") 
-- Found ament_lint_auto: 0.12.10 (/opt/ros/humble/share/ament_lint_auto/cmake)
-- Added test 'cppcheck' to perform static code analysis on C / C++ code
-- Configured cppcheck include dirs: $<BUILD_INTERFACE:/home/fourdds/ros2_ws/src/base_station/include>
-- Configured cppcheck exclude dirs and/or files: 
-- Added test 'lint_cmake' to check CMake code style
-- Added test 'uncrustify' to check C / C++ code style
-- Configured uncrustify additional arguments: 
-- Added test 'xmllint' to check XML markup files
-- Configuring done
-- Generating done
-- Build files have been written to: /home/fourdds/ros2_ws/build/base_station
[35m[1mConsolidate compiler generated dependencies of target BaseStation[0m
[ 50%] [32mBuilding CXX object CMakeFiles/BaseStation.dir/src/BaseStation.cpp.o[0m
In file included from [01m[K/home/fourdds/ros2_ws/src/base_station/src/BaseStation.cpp:2[m[K:
[01m[K/home/fourdds/ros2_ws/src/base_station/include/base_station/BaseStation.hpp:15:43:[m[K [01;31m[Kerror: [m[Kâ€˜[01m[Kfdds::Parameters[m[Kâ€™ has not been declared
   15 |         BaseStation(const int swarm_size, [01;31m[Kfdds[m[K::Parameters& options_) : Node("BaseStation"), swarmSize(swarm_size), options(options_)
      |                                           [01;31m[K^~~~[m[K
In file included from [01m[K/home/fourdds/ros2_ws/src/base_station/src/BaseStation.cpp:2[m[K:
[01m[K/home/fourdds/ros2_ws/src/base_station/include/base_station/BaseStation.hpp:40:15:[m[K [01;31m[Kerror: [m[Kâ€˜[01m[KParameters[m[Kâ€™ in namespace â€˜[01m[Kfdds[m[Kâ€™ does not name a type
   40 |         fdds::[01;31m[KParameters[m[K& options;
      |               [01;31m[K^~~~~~~~~~[m[K
In file included from [01m[K/home/fourdds/ros2_ws/src/base_station/src/BaseStation.cpp:2[m[K:
[01m[K/home/fourdds/ros2_ws/src/base_station/include/base_station/BaseStation.hpp:[m[K In constructor â€˜[01m[Kfdds::BaseStation::BaseStation(int, int&)[m[Kâ€™:
[01m[K/home/fourdds/ros2_ws/src/base_station/include/base_station/BaseStation.hpp:15:117:[m[K [01;31m[Kerror: [m[Kclass â€˜[01m[Kfdds::BaseStation[m[Kâ€™ does not have any field named â€˜[01m[Koptions[m[Kâ€™
   15 | ion(const int swarm_size, fdds::Parameters& options_) : Node("BaseStation"), swarmSize(swarm_size), [01;31m[Koptions[m[K(options_)
      |                                                                                                     [01;31m[K^~~~~~~[m[K

gmake[2]: *** [CMakeFiles/BaseStation.dir/build.make:76: CMakeFiles/BaseStation.dir/src/BaseStation.cpp.o] Error 1
gmake[1]: *** [CMakeFiles/Makefile2:137: CMakeFiles/BaseStation.dir/all] Error 2
gmake: *** [Makefile:146: all] Error 2
