[0.010s] Invoking command in '/home/fourdds/ros2_ws/build/base_station': CMAKE_PREFIX_PATH=${CMAKE_PREFIX_PATH}:/opt/ros/humble /usr/bin/cmake --build /home/fourdds/ros2_ws/build/base_station -- -j24 -l24
[0.017s] -- Found ament_cmake: 1.3.8 (/opt/ros/humble/share/ament_cmake/cmake)
[0.083s] -- Found fdds_messages: 0.0.0 (/home/fourdds/ros2_ws/install/fdds_messages/share/fdds_messages/cmake)
[0.095s] -- Found rosidl_generator_c: 3.1.5 (/opt/ros/humble/share/rosidl_generator_c/cmake)
[0.096s] -- Found rosidl_adapter: 3.1.5 (/opt/ros/humble/share/rosidl_adapter/cmake)
[0.099s] -- Found rosidl_generator_cpp: 3.1.5 (/opt/ros/humble/share/rosidl_generator_cpp/cmake)
[0.105s] -- Using all available rosidl_typesupport_c: rosidl_typesupport_fastrtps_c;rosidl_typesupport_introspection_c
[0.113s] -- Using all available rosidl_typesupport_cpp: rosidl_typesupport_fastrtps_cpp;rosidl_typesupport_introspection_cpp
[0.118s] -- Found rclcpp: 16.0.8 (/opt/ros/humble/share/rclcpp/cmake)
[0.160s] -- Found rmw_implementation_cmake: 6.1.1 (/opt/ros/humble/share/rmw_implementation_cmake/cmake)
[0.162s] -- Found rmw_fastrtps_cpp: 6.2.6 (/opt/ros/humble/share/rmw_fastrtps_cpp/cmake)
[0.206s] -- Found OpenSSL: /usr/lib/x86_64-linux-gnu/libcrypto.so (found version "3.0.2")  
[0.219s] -- Found FastRTPS: /opt/ros/humble/include  
[0.242s] -- Using RMW implementation 'rmw_fastrtps_cpp' as default
[0.247s] -- Looking for pthread.h
[0.281s] -- Looking for pthread.h - found
[0.281s] -- Performing Test CMAKE_HAVE_LIBC_PTHREAD
[0.316s] -- Performing Test CMAKE_HAVE_LIBC_PTHREAD - Success
[0.316s] -- Found Threads: TRUE  
[0.397s] -- Found parameters: 0.0.0 (/home/fourdds/ros2_ws/install/parameters/share/parameters/cmake)
[0.398s] -- Found eigen3_cmake_module: 0.1.1 (/opt/ros/humble/share/eigen3_cmake_module/cmake)
[0.402s] -- Found Eigen3: TRUE (found version "3.4.0") 
[0.403s] -- Found ament_lint_auto: 0.12.10 (/opt/ros/humble/share/ament_lint_auto/cmake)
[0.438s] -- Added test 'cppcheck' to perform static code analysis on C / C++ code
[0.438s] -- Configured cppcheck include dirs: $<BUILD_INTERFACE:/home/fourdds/ros2_ws/src/base_station/include>
[0.438s] -- Configured cppcheck exclude dirs and/or files: 
[0.438s] -- Added test 'lint_cmake' to check CMake code style
[0.439s] -- Added test 'uncrustify' to check C / C++ code style
[0.439s] -- Configured uncrustify additional arguments: 
[0.439s] -- Added test 'xmllint' to check XML markup files
[0.439s] -- Configuring done
[0.443s] -- Generating done
[0.444s] -- Build files have been written to: /home/fourdds/ros2_ws/build/base_station
[0.457s] [35m[1mConsolidate compiler generated dependencies of target BaseStation[0m
[0.463s] [ 50%] [32mBuilding CXX object CMakeFiles/BaseStation.dir/src/BaseStation.cpp.o[0m
[1.898s] In file included from [01m[K/home/fourdds/ros2_ws/src/base_station/src/BaseStation.cpp:2[m[K:
[1.898s] [01m[K/home/fourdds/ros2_ws/src/base_station/include/base_station/BaseStation.hpp:15:43:[m[K [01;31m[Kerror: [m[Kâ€˜[01m[Kfdds::Parameters[m[Kâ€™ has not been declared
[1.898s]    15 |         BaseStation(const int swarm_size, [01;31m[Kfdds[m[K::Parameters& options_) : Node("BaseStation"), swarmSize(swarm_size), options(options_)
[1.898s]       |                                           [01;31m[K^~~~[m[K
[1.899s] In file included from [01m[K/home/fourdds/ros2_ws/src/base_station/src/BaseStation.cpp:2[m[K:
[1.899s] [01m[K/home/fourdds/ros2_ws/src/base_station/include/base_station/BaseStation.hpp:40:15:[m[K [01;31m[Kerror: [m[Kâ€˜[01m[KParameters[m[Kâ€™ in namespace â€˜[01m[Kfdds[m[Kâ€™ does not name a type
[1.899s]    40 |         fdds::[01;31m[KParameters[m[K& options;
[1.899s]       |               [01;31m[K^~~~~~~~~~[m[K
[1.922s] In file included from [01m[K/home/fourdds/ros2_ws/src/base_station/src/BaseStation.cpp:2[m[K:
[1.922s] [01m[K/home/fourdds/ros2_ws/src/base_station/include/base_station/BaseStation.hpp:[m[K In constructor â€˜[01m[Kfdds::BaseStation::BaseStation(int, int&)[m[Kâ€™:
[1.922s] [01m[K/home/fourdds/ros2_ws/src/base_station/include/base_station/BaseStation.hpp:15:117:[m[K [01;31m[Kerror: [m[Kclass â€˜[01m[Kfdds::BaseStation[m[Kâ€™ does not have any field named â€˜[01m[Koptions[m[Kâ€™
[1.922s]    15 | ion(const int swarm_size, fdds::Parameters& options_) : Node("BaseStation"), swarmSize(swarm_size), [01;31m[Koptions[m[K(options_)
[1.922s]       |                                                                                                     [01;31m[K^~~~~~~[m[K
[1.922s] 
[2.160s] gmake[2]: *** [CMakeFiles/BaseStation.dir/build.make:76: CMakeFiles/BaseStation.dir/src/BaseStation.cpp.o] Error 1
[2.160s] gmake[1]: *** [CMakeFiles/Makefile2:137: CMakeFiles/BaseStation.dir/all] Error 2
[2.160s] gmake: *** [Makefile:146: all] Error 2
[2.161s] Invoked command in '/home/fourdds/ros2_ws/build/base_station' returned '2': CMAKE_PREFIX_PATH=${CMAKE_PREFIX_PATH}:/opt/ros/humble /usr/bin/cmake --build /home/fourdds/ros2_ws/build/base_station -- -j24 -l24
