[0.742s] Invoking command in '/home/fourdds/ros2_ws/build/drone': CMAKE_PREFIX_PATH=/opt/ros/humble /usr/bin/cmake /home/fourdds/ros2_ws/src/drone -DAMENT_CMAKE_SYMLINK_INSTALL=1 -DCMAKE_INSTALL_PREFIX=/home/fourdds/ros2_ws/install/drone
[0.813s] -- Found ament_cmake: 1.3.10 (/opt/ros/humble/share/ament_cmake/cmake)
[1.184s] -- Override CMake install command with custom implementation using symlinks instead of copying resources
[1.218s] -- Found builtin_interfaces: 1.2.1 (/opt/ros/humble/share/builtin_interfaces/cmake)
[1.295s] -- Found rosidl_generator_c: 3.1.5 (/opt/ros/humble/share/rosidl_generator_c/cmake)
[1.304s] -- Found rosidl_adapter: 3.1.5 (/opt/ros/humble/share/rosidl_adapter/cmake)
[1.326s] -- Found rosidl_generator_cpp: 3.1.5 (/opt/ros/humble/share/rosidl_generator_cpp/cmake)
[1.361s] -- Using all available rosidl_typesupport_c: rosidl_typesupport_fastrtps_c;rosidl_typesupport_introspection_c
[1.398s] -- Using all available rosidl_typesupport_cpp: rosidl_typesupport_fastrtps_cpp;rosidl_typesupport_introspection_cpp
[1.426s] -- Found eigen3_cmake_module: 0.1.1 (/opt/ros/humble/share/eigen3_cmake_module/cmake)
[1.434s] -- Found px4_msgs: 2.0.1 (/home/fourdds/ros2_ws/install/px4_msgs/share/px4_msgs/cmake)
[1.469s] -- Found rclcpp: 16.0.10 (/opt/ros/humble/share/rclcpp/cmake)
[1.517s] -- Found rmw_implementation_cmake: 6.1.2 (/opt/ros/humble/share/rmw_implementation_cmake/cmake)
[1.518s] -- Found rmw_fastrtps_cpp: 6.2.7 (/opt/ros/humble/share/rmw_fastrtps_cpp/cmake)
[1.831s] -- Using RMW implementation 'rmw_fastrtps_cpp' as default
[1.957s] -- Found sensor_msgs: 4.2.4 (/opt/ros/humble/share/sensor_msgs/cmake)
[2.043s] -- Found obstacle_avoidance: 0.0.0 (/home/fourdds/ros2_ws/install/obstacle_avoidance/share/obstacle_avoidance/cmake)
[2.047s] -- Found target_detection: 0.0.0 (/home/fourdds/ros2_ws/install/target_detection/share/target_detection/cmake)
[2.052s] -- Found parameters: 0.0.0 (/home/fourdds/ros2_ws/install/parameters/share/parameters/cmake)
[2.057s] -- Found fdds_messages: 0.0.0 (/home/fourdds/ros2_ws/install/fdds_messages/share/fdds_messages/cmake)
[2.089s] -- Found ament_lint_auto: 0.12.11 (/opt/ros/humble/share/ament_lint_auto/cmake)
[2.220s] -- Added test 'cppcheck' to perform static code analysis on C / C++ code
[2.220s] -- Configured cppcheck include dirs: $<BUILD_INTERFACE:/home/fourdds/ros2_ws/src/drone/include>
[2.220s] -- Configured cppcheck exclude dirs and/or files: 
[2.222s] -- Added test 'lint_cmake' to check CMake code style
[2.224s] -- Added test 'uncrustify' to check C / C++ code style
[2.225s] -- Configured uncrustify additional arguments: 
[2.226s] -- Added test 'xmllint' to check XML markup files
[2.230s] -- Configuring done
[2.272s] -- Generating done
[2.276s] -- Build files have been written to: /home/fourdds/ros2_ws/build/drone
[2.294s] Invoked command in '/home/fourdds/ros2_ws/build/drone' returned '0': CMAKE_PREFIX_PATH=/opt/ros/humble /usr/bin/cmake /home/fourdds/ros2_ws/src/drone -DAMENT_CMAKE_SYMLINK_INSTALL=1 -DCMAKE_INSTALL_PREFIX=/home/fourdds/ros2_ws/install/drone
[2.298s] Invoking command in '/home/fourdds/ros2_ws/build/drone': CMAKE_PREFIX_PATH=/opt/ros/humble /usr/bin/cmake --build /home/fourdds/ros2_ws/build/drone -- -j16 -l16
[2.368s] [35m[1mConsolidate compiler generated dependencies of target Drone[0m
[2.421s] [ 33%] [32mBuilding CXX object CMakeFiles/Drone.dir/src/Drone.cpp.o[0m
[11.137s] [01m[K/home/fourdds/ros2_ws/src/drone/src/Drone.cpp:[m[K In member function â€˜[01m[Kvoid fdds::Drone::flockingLogic()[m[Kâ€™:
[11.138s] [01m[K/home/fourdds/ros2_ws/src/drone/src/Drone.cpp:300:52:[m[K [01;31m[Kerror: [m[Kâ€˜[01m[Kconst struct fdds::Parameters[m[Kâ€™ has no member named â€˜[01m[KdesiredRelativeDepth[m[Kâ€™; did you mean â€˜[01m[KdesiredRelativeAltitude[m[Kâ€™?
[11.138s]   300 |         std::cout<<"Altezza desiderata: "<<options.[01;31m[KdesiredRelativeDepth[m[K<<"\n";
[11.138s]       |                                                    [01;31m[K^~~~~~~~~~~~~~~~~~~~[m[K
[11.138s]       |                                                    [32m[KdesiredRelativeAltitude[m[K
[11.138s] [01m[K/home/fourdds/ros2_ws/src/drone/src/Drone.cpp:303:43:[m[K [01;31m[Kerror: [m[Kâ€˜[01m[Kconst struct fdds::Parameters[m[Kâ€™ has no member named â€˜[01m[KdesiredRelativeDepth[m[Kâ€™; did you mean â€˜[01m[KdesiredRelativeAltitude[m[Kâ€™?
[11.138s]   303 |         if (odometryZDownMetres > options.[01;31m[KdesiredRelativeDepth[m[K - 0.5) {
[11.138s]       |                                           [01;31m[K^~~~~~~~~~~~~~~~~~~~[m[K
[11.138s]       |                                           [32m[KdesiredRelativeAltitude[m[K
[21.801s] gmake[2]: *** [CMakeFiles/Drone.dir/build.make:76: CMakeFiles/Drone.dir/src/Drone.cpp.o] Error 1
[21.801s] gmake[1]: *** [CMakeFiles/Makefile2:137: CMakeFiles/Drone.dir/all] Error 2
[21.802s] gmake: *** [Makefile:146: all] Error 2
[21.805s] Invoked command in '/home/fourdds/ros2_ws/build/drone' returned '2': CMAKE_PREFIX_PATH=/opt/ros/humble /usr/bin/cmake --build /home/fourdds/ros2_ws/build/drone -- -j16 -l16
