[0.010s] Invoking command in '/home/fourdds/ros2_ws/build/boids': CMAKE_PREFIX_PATH=/home/fourdds/ros2_ws/install/px4_msgs:/home/fourdds/ros2_ws/install/px4_ros_com:/home/fourdds/ros2_ws/install/boids:/opt/ros/humble LD_LIBRARY_PATH=/home/fourdds/ros2_ws/install/px4_msgs/lib:/home/fourdds/ros2_ws/install/px4_ros_com/lib:/home/fourdds/ros2_ws/install/boids/lib:/usr/lib/x86_64-linux-gnu/gazebo-11/plugins:/opt/ros/humble/opt/rviz_ogre_vendor/lib:/opt/ros/humble/lib/x86_64-linux-gnu:/opt/ros/humble/lib /usr/bin/cmake --build /home/fourdds/ros2_ws/build/boids -- -j24 -l24
[0.028s] -- Found ament_cmake: 1.3.8 (/opt/ros/humble/share/ament_cmake/cmake)
[0.118s] -- Found builtin_interfaces: 1.2.1 (/opt/ros/humble/share/builtin_interfaces/cmake)
[0.135s] -- Found rosidl_generator_c: 3.1.5 (/opt/ros/humble/share/rosidl_generator_c/cmake)
[0.136s] -- Found rosidl_adapter: 3.1.5 (/opt/ros/humble/share/rosidl_adapter/cmake)
[0.141s] -- Found rosidl_generator_cpp: 3.1.5 (/opt/ros/humble/share/rosidl_generator_cpp/cmake)
[0.148s] -- Using all available rosidl_typesupport_c: rosidl_typesupport_fastrtps_c;rosidl_typesupport_introspection_c
[0.158s] -- Using all available rosidl_typesupport_cpp: rosidl_typesupport_fastrtps_cpp;rosidl_typesupport_introspection_cpp
[0.167s] -- Found eigen3_cmake_module: 0.1.1 (/opt/ros/humble/share/eigen3_cmake_module/cmake)
[0.167s] -- Found geometry_msgs: 4.2.3 (/opt/ros/humble/share/geometry_msgs/cmake)
[0.228s] -- Found px4_msgs: 2.0.1 (/home/fourdds/ros2_ws/install/px4_msgs/share/px4_msgs/cmake)
[0.250s] -- Found rclcpp: 16.0.8 (/opt/ros/humble/share/rclcpp/cmake)
[0.283s] -- Found rmw_implementation_cmake: 6.1.1 (/opt/ros/humble/share/rmw_implementation_cmake/cmake)
[0.284s] -- Found rmw_fastrtps_cpp: 6.2.6 (/opt/ros/humble/share/rmw_fastrtps_cpp/cmake)
[0.361s] -- Using RMW implementation 'rmw_fastrtps_cpp' as default
[0.440s] -- Found sensor_msgs: 4.2.3 (/opt/ros/humble/share/sensor_msgs/cmake)
[0.492s] -- Found rclpy: 3.3.12 (/opt/ros/humble/share/rclpy/cmake)
[0.492s] -- Found boids: 0.0.0 (/home/fourdds/ros2_ws/install/boids/share/boids/cmake)
[0.524s] -- Found rosidl_default_generators: 1.2.0 (/opt/ros/humble/share/rosidl_default_generators/cmake)
[0.665s] [31mCMake Error at /opt/ros/humble/share/rosidl_adapter/cmake/rosidl_adapt_interfaces.cmake:59 (message):
[0.665s]   execute_process(/usr/bin/python3 -m rosidl_adapter --package-name boids
[0.665s]   --arguments-file
[0.665s]   /home/fourdds/ros2_ws/build/boids/rosidl_adapter__arguments__boids.json
[0.665s]   --output-dir /home/fourdds/ros2_ws/build/boids/rosidl_adapter/boids
[0.665s]   --output-file /home/fourdds/ros2_ws/build/boids/rosidl_adapter/boids.idls)
[0.665s]   returned error code 1:
[0.665s] 
[0.665s]   Error processing 'float64 avoidanceRadius' of 'boids/SwarmOptions':
[0.665s]   ''avoidanceRadius' is an invalid field name.  It should have the pattern
[0.665s]   '^(?!.*__)(?!.*_$)[a-z][a-z0-9_]*$''
[0.665s] 
[0.665s]   Traceback (most recent call last):
[0.665s] 
[0.665s]     File "/usr/lib/python3.10/runpy.py", line 196, in _run_module_as_main
[0.665s]       return _run_code(code, main_globals, None,
[0.665s]     File "/usr/lib/python3.10/runpy.py", line 86, in _run_code
[0.665s]       exec(code, run_globals)
[0.665s]     File "/opt/ros/humble/local/lib/python3.10/dist-packages/rosidl_adapter/__main__.py", line 19, in <module>
[0.665s]       sys.exit(main())
[0.665s]     File "/opt/ros/humble/local/lib/python3.10/dist-packages/rosidl_adapter/main.py", line 53, in main
[0.665s]       abs_idl_file = convert_to_idl(
[0.665s]     File "/opt/ros/humble/local/lib/python3.10/dist-packages/rosidl_adapter/__init__.py", line 19, in convert_to_idl
[0.665s]       return convert_msg_to_idl(
[0.665s]     File "/opt/ros/humble/local/lib/python3.10/dist-packages/rosidl_adapter/msg/__init__.py", line 28, in convert_msg_to_idl
[0.665s]       msg = parse_message_string(package_name, input_file.stem, content)
[0.665s]     File "/opt/ros/humble/local/lib/python3.10/dist-packages/rosidl_adapter/parser.py", line 519, in parse_message_string
[0.665s]       fields.append(Field(
[0.665s]     File "/opt/ros/humble/local/lib/python3.10/dist-packages/rosidl_adapter/parser.py", line 354, in __init__
[0.665s]       raise NameError(
[0.665s] 
[0.665s]   NameError: 'avoidanceRadius' is an invalid field name.  It should have the
[0.665s]   pattern '^(?!.*__)(?!.*_$)[a-z][a-z0-9_]*$'
[0.665s] 
[0.665s] Call Stack (most recent call first):
[0.666s]   /opt/ros/humble/share/rosidl_cmake/cmake/rosidl_generate_interfaces.cmake:130 (rosidl_adapt_interfaces)
[0.666s]   CMakeLists.txt:34 (rosidl_generate_interfaces)
[0.666s] 
[0.666s] [0m
[0.666s] -- Configuring incomplete, errors occurred!
[0.666s] See also "/home/fourdds/ros2_ws/build/boids/CMakeFiles/CMakeOutput.log".
[0.673s] gmake: *** [Makefile:1342: cmake_check_build_system] Error 1
[0.675s] Invoked command in '/home/fourdds/ros2_ws/build/boids' returned '2': CMAKE_PREFIX_PATH=/home/fourdds/ros2_ws/install/px4_msgs:/home/fourdds/ros2_ws/install/px4_ros_com:/home/fourdds/ros2_ws/install/boids:/opt/ros/humble LD_LIBRARY_PATH=/home/fourdds/ros2_ws/install/px4_msgs/lib:/home/fourdds/ros2_ws/install/px4_ros_com/lib:/home/fourdds/ros2_ws/install/boids/lib:/usr/lib/x86_64-linux-gnu/gazebo-11/plugins:/opt/ros/humble/opt/rviz_ogre_vendor/lib:/opt/ros/humble/lib/x86_64-linux-gnu:/opt/ros/humble/lib /usr/bin/cmake --build /home/fourdds/ros2_ws/build/boids -- -j24 -l24
