[  2%] Built target boids__cpp
[35m[1mConsolidate compiler generated dependencies of target uavs_spawner[0m
[ 11%] Built target boids__rosidl_generator_c
[ 15%] Built target frame_transforms
[ 15%] Built target ament_cmake_python_copy_boids
[ 24%] Built target boids__rosidl_typesupport_introspection_cpp
[ 42%] Built target boids__rosidl_typesupport_introspection_c
[ 40%] Built target boids__rosidl_typesupport_fastrtps_cpp
[ 44%] [32mBuilding CXX object CMakeFiles/uavs_spawner.dir/src/uav_node.cpp.o[0m
[ 53%] Built target boids__rosidl_typesupport_c
[ 62%] Built target boids__rosidl_typesupport_cpp
[ 71%] Built target boids__rosidl_typesupport_fastrtps_c
[ 71%] Built target boids
[ 73%] Built target boids__py
[ 80%] Built target boids__rosidl_generator_py
[ 88%] Built target boids__rosidl_typesupport_introspection_c__pyext
[ 88%] Built target boids__rosidl_typesupport_fastrtps_c__pyext
[ 93%] Built target boids__rosidl_typesupport_c__pyext
running egg_info
writing boids.egg-info/PKG-INFO
writing dependency_links to boids.egg-info/dependency_links.txt
writing top-level names to boids.egg-info/top_level.txt
reading manifest file 'boids.egg-info/SOURCES.txt'
writing manifest file 'boids.egg-info/SOURCES.txt'
[ 93%] Built target ament_cmake_python_build_boids_egg
In file included from [01m[K/opt/ros/humble/include/rclcpp/rclcpp/logging.hpp:24[m[K,
                 from [01m[K/opt/ros/humble/include/rclcpp/rclcpp/client.hpp:40[m[K,
                 from [01m[K/opt/ros/humble/include/rclcpp/rclcpp/callback_group.hpp:24[m[K,
                 from [01m[K/opt/ros/humble/include/rclcpp/rclcpp/any_executable.hpp:20[m[K,
                 from [01m[K/opt/ros/humble/include/rclcpp/rclcpp/memory_strategy.hpp:25[m[K,
                 from [01m[K/opt/ros/humble/include/rclcpp/rclcpp/memory_strategies.hpp:18[m[K,
                 from [01m[K/opt/ros/humble/include/rclcpp/rclcpp/executor_options.hpp:20[m[K,
                 from [01m[K/opt/ros/humble/include/rclcpp/rclcpp/executor.hpp:37[m[K,
                 from [01m[K/opt/ros/humble/include/rclcpp/rclcpp/executors/multi_threaded_executor.hpp:25[m[K,
                 from [01m[K/opt/ros/humble/include/rclcpp/rclcpp/executors.hpp:21[m[K,
                 from [01m[K/opt/ros/humble/include/rclcpp/rclcpp/rclcpp.hpp:155[m[K,
                 from [01m[K/home/fourdds/ros2_ws/src/boids/src/uav_node.hpp:3[m[K,
                 from [01m[K/home/fourdds/ros2_ws/src/boids/src/uav_node.cpp:1[m[K:
[01m[K/home/fourdds/ros2_ws/src/boids/src/uav_node.cpp:[m[K In member function â€˜[01m[Kvoid Swarm::UavNode::initialize()[m[Kâ€™:
[01m[K/home/fourdds/ros2_ws/src/boids/src/uav_node.cpp:6:31:[m[K [01;35m[Kwarning: [m[Ktoo many arguments for format [[01;35m[K]8;;https://gcc.gnu.org/onlinedocs/gcc/Warning-Options.html#index-Wformat-extra-args-Wformat-extra-args]8;;[m[K]
    6 |     RCLCPP_INFO(get_logger(), [01;35m[K"Woke up, init started"[m[K, vehicleId);
      |                               [01;35m[K^~~~~~~~~~~~~~~~~~~~~~~[m[K
[ 95%] [32m[1mLinking CXX executable uavs_spawner[0m
/usr/bin/ld: CMakeFiles/uavs_spawner.dir/src/uav_node.cpp.o: in function `Swarm::UavNode::initialize()':
uav_node.cpp:(.text+0x23a): undefined reference to `Swarm::UavNode::gpsSubscriptionCallback(std::shared_ptr<px4_msgs::msg::VehicleGlobalPosition_<std::allocator<void> > const>)'
/usr/bin/ld: uav_node.cpp:(.text+0x379): undefined reference to `Swarm::UavNode::attitudeSubscriptionCallback(std::shared_ptr<px4_msgs::msg::VehicleAttitude_<std::allocator<void> > const>)'
/usr/bin/ld: uav_node.cpp:(.text+0x4bf): undefined reference to `Swarm::UavNode::odometrySubscriptionCallback(std::shared_ptr<px4_msgs::msg::VehicleOdometry_<std::allocator<void> > const>)'
/usr/bin/ld: uav_node.cpp:(.text+0x605): undefined reference to `Swarm::UavNode::lidarSubscriptionCallback(std::shared_ptr<sensor_msgs::msg::LaserScan_<std::allocator<void> > const>)'
/usr/bin/ld: uav_node.cpp:(.text+0x74b): undefined reference to `Swarm::UavNode::neighborsSubscriptionCallback(std::shared_ptr<boids::msg::NeighborsCOM_<std::allocator<void> > const>)'
collect2: error: ld returned 1 exit status
gmake[2]: *** [CMakeFiles/uavs_spawner.dir/build.make:224: uavs_spawner] Error 1
gmake[1]: *** [CMakeFiles/Makefile2:620: CMakeFiles/uavs_spawner.dir/all] Error 2
gmake: *** [Makefile:146: all] Error 2
