[0.007s] Invoking command in '/home/fourdds/ros2_ws/build/boids': CMAKE_PREFIX_PATH=/home/fourdds/ros2_ws/install/px4_msgs:/home/fourdds/ros2_ws/install/px4_ros_com:/home/fourdds/ros2_ws/install/boids:/opt/ros/humble LD_LIBRARY_PATH=/home/fourdds/ros2_ws/install/px4_msgs/lib:/home/fourdds/ros2_ws/install/px4_ros_com/lib:/home/fourdds/ros2_ws/install/boids/lib:/usr/lib/x86_64-linux-gnu/gazebo-11/plugins:/opt/ros/humble/opt/rviz_ogre_vendor/lib:/opt/ros/humble/lib/x86_64-linux-gnu:/opt/ros/humble/lib /usr/bin/cmake --build /home/fourdds/ros2_ws/build/boids -- -j24 -l24
[0.029s] [  2%] Built target boids__cpp
[0.030s] [35m[1mConsolidate compiler generated dependencies of target uavs_spawner[0m
[0.030s] [ 11%] Built target boids__rosidl_generator_c
[0.034s] [ 15%] Built target frame_transforms
[0.035s] [ 15%] Built target ament_cmake_python_copy_boids
[0.040s] [ 24%] Built target boids__rosidl_typesupport_introspection_cpp
[0.041s] [ 42%] Built target boids__rosidl_typesupport_introspection_c
[0.041s] [ 40%] Built target boids__rosidl_typesupport_fastrtps_cpp
[0.041s] [ 44%] [32mBuilding CXX object CMakeFiles/uavs_spawner.dir/src/uav_node.cpp.o[0m
[0.041s] [ 53%] Built target boids__rosidl_typesupport_c
[0.041s] [ 62%] Built target boids__rosidl_typesupport_cpp
[0.042s] [ 71%] Built target boids__rosidl_typesupport_fastrtps_c
[0.050s] [ 71%] Built target boids
[0.059s] [ 73%] Built target boids__py
[0.068s] [ 80%] Built target boids__rosidl_generator_py
[0.077s] [ 88%] Built target boids__rosidl_typesupport_introspection_c__pyext
[0.077s] [ 88%] Built target boids__rosidl_typesupport_fastrtps_c__pyext
[0.077s] [ 93%] Built target boids__rosidl_typesupport_c__pyext
[0.128s] running egg_info
[0.134s] writing boids.egg-info/PKG-INFO
[0.135s] writing dependency_links to boids.egg-info/dependency_links.txt
[0.135s] writing top-level names to boids.egg-info/top_level.txt
[0.153s] reading manifest file 'boids.egg-info/SOURCES.txt'
[0.153s] writing manifest file 'boids.egg-info/SOURCES.txt'
[0.166s] [ 93%] Built target ament_cmake_python_build_boids_egg
[1.547s] In file included from [01m[K/opt/ros/humble/include/rclcpp/rclcpp/logging.hpp:24[m[K,
[1.547s]                  from [01m[K/opt/ros/humble/include/rclcpp/rclcpp/client.hpp:40[m[K,
[1.547s]                  from [01m[K/opt/ros/humble/include/rclcpp/rclcpp/callback_group.hpp:24[m[K,
[1.547s]                  from [01m[K/opt/ros/humble/include/rclcpp/rclcpp/any_executable.hpp:20[m[K,
[1.547s]                  from [01m[K/opt/ros/humble/include/rclcpp/rclcpp/memory_strategy.hpp:25[m[K,
[1.547s]                  from [01m[K/opt/ros/humble/include/rclcpp/rclcpp/memory_strategies.hpp:18[m[K,
[1.547s]                  from [01m[K/opt/ros/humble/include/rclcpp/rclcpp/executor_options.hpp:20[m[K,
[1.547s]                  from [01m[K/opt/ros/humble/include/rclcpp/rclcpp/executor.hpp:37[m[K,
[1.547s]                  from [01m[K/opt/ros/humble/include/rclcpp/rclcpp/executors/multi_threaded_executor.hpp:25[m[K,
[1.547s]                  from [01m[K/opt/ros/humble/include/rclcpp/rclcpp/executors.hpp:21[m[K,
[1.548s]                  from [01m[K/opt/ros/humble/include/rclcpp/rclcpp/rclcpp.hpp:155[m[K,
[1.548s]                  from [01m[K/home/fourdds/ros2_ws/src/boids/src/uav_node.hpp:3[m[K,
[1.548s]                  from [01m[K/home/fourdds/ros2_ws/src/boids/src/uav_node.cpp:1[m[K:
[1.548s] [01m[K/home/fourdds/ros2_ws/src/boids/src/uav_node.cpp:[m[K In member function â€˜[01m[Kvoid Swarm::UavNode::initialize()[m[Kâ€™:
[1.548s] [01m[K/home/fourdds/ros2_ws/src/boids/src/uav_node.cpp:6:31:[m[K [01;35m[Kwarning: [m[Ktoo many arguments for format [[01;35m[K]8;;https://gcc.gnu.org/onlinedocs/gcc/Warning-Options.html#index-Wformat-extra-args-Wformat-extra-args]8;;[m[K]
[1.548s]     6 |     RCLCPP_INFO(get_logger(), [01;35m[K"Woke up, init started"[m[K, vehicleId);
[1.548s]       |                               [01;35m[K^~~~~~~~~~~~~~~~~~~~~~~[m[K
[11.433s] [ 95%] [32m[1mLinking CXX executable uavs_spawner[0m
[12.084s] /usr/bin/ld: CMakeFiles/uavs_spawner.dir/src/uav_node.cpp.o: in function `Swarm::UavNode::initialize()':
[12.084s] uav_node.cpp:(.text+0x23a): undefined reference to `Swarm::UavNode::gpsSubscriptionCallback(std::shared_ptr<px4_msgs::msg::VehicleGlobalPosition_<std::allocator<void> > const>)'
[12.085s] /usr/bin/ld: uav_node.cpp:(.text+0x379): undefined reference to `Swarm::UavNode::attitudeSubscriptionCallback(std::shared_ptr<px4_msgs::msg::VehicleAttitude_<std::allocator<void> > const>)'
[12.085s] /usr/bin/ld: uav_node.cpp:(.text+0x4bf): undefined reference to `Swarm::UavNode::odometrySubscriptionCallback(std::shared_ptr<px4_msgs::msg::VehicleOdometry_<std::allocator<void> > const>)'
[12.086s] /usr/bin/ld: uav_node.cpp:(.text+0x605): undefined reference to `Swarm::UavNode::lidarSubscriptionCallback(std::shared_ptr<sensor_msgs::msg::LaserScan_<std::allocator<void> > const>)'
[12.086s] /usr/bin/ld: uav_node.cpp:(.text+0x74b): undefined reference to `Swarm::UavNode::neighborsSubscriptionCallback(std::shared_ptr<boids::msg::NeighborsCOM_<std::allocator<void> > const>)'
[12.150s] collect2: error: ld returned 1 exit status
[12.150s] gmake[2]: *** [CMakeFiles/uavs_spawner.dir/build.make:224: uavs_spawner] Error 1
[12.151s] gmake[1]: *** [CMakeFiles/Makefile2:620: CMakeFiles/uavs_spawner.dir/all] Error 2
[12.151s] gmake: *** [Makefile:146: all] Error 2
[12.152s] Invoked command in '/home/fourdds/ros2_ws/build/boids' returned '2': CMAKE_PREFIX_PATH=/home/fourdds/ros2_ws/install/px4_msgs:/home/fourdds/ros2_ws/install/px4_ros_com:/home/fourdds/ros2_ws/install/boids:/opt/ros/humble LD_LIBRARY_PATH=/home/fourdds/ros2_ws/install/px4_msgs/lib:/home/fourdds/ros2_ws/install/px4_ros_com/lib:/home/fourdds/ros2_ws/install/boids/lib:/usr/lib/x86_64-linux-gnu/gazebo-11/plugins:/opt/ros/humble/opt/rviz_ogre_vendor/lib:/opt/ros/humble/lib/x86_64-linux-gnu:/opt/ros/humble/lib /usr/bin/cmake --build /home/fourdds/ros2_ws/build/boids -- -j24 -l24
