[0.007s] Invoking command in '/home/fourdds/ros2_ws/build/boids': CMAKE_PREFIX_PATH=/home/fourdds/ros2_ws/install/px4_msgs:/home/fourdds/ros2_ws/install/px4_ros_com:/home/fourdds/ros2_ws/install/boids:/opt/ros/humble LD_LIBRARY_PATH=/home/fourdds/ros2_ws/install/px4_msgs/lib:/home/fourdds/ros2_ws/install/px4_ros_com/lib:/home/fourdds/ros2_ws/install/boids/lib:/usr/lib/x86_64-linux-gnu/gazebo-11/plugins:/opt/ros/humble/opt/rviz_ogre_vendor/lib:/opt/ros/humble/lib/x86_64-linux-gnu:/opt/ros/humble/lib /usr/bin/cmake --build /home/fourdds/ros2_ws/build/boids -- -j24 -l24
[0.028s] [35m[1mConsolidate compiler generated dependencies of target uavs_spawner[0m
[0.031s] [ 40%] Built target frame_transforms
[0.037s] [ 80%] [32mBuilding CXX object CMakeFiles/uavs_spawner.dir/src/uav_node.cpp.o[0m
[0.037s] [ 80%] [32mBuilding CXX object CMakeFiles/uavs_spawner.dir/src/main.cpp.o[0m
[1.495s] [01m[K/home/fourdds/ros2_ws/src/boids/src/uav_node.cpp:[m[K In member function â€˜[01m[Kvoid uav_node::init()[m[Kâ€™:
[1.495s] [01m[K/home/fourdds/ros2_ws/src/boids/src/uav_node.cpp:24:16:[m[K [01;35m[Kwarning: [m[Kvariable â€˜[01m[Kstatus_callback[m[Kâ€™ set but not used [[01;35m[K]8;;https://gcc.gnu.org/onlinedocs/gcc/Warning-Options.html#index-Wunused-but-set-variable-Wunused-but-set-variable]8;;[m[K]
[1.495s]    24 |     const auto [01;35m[Kstatus_callback[m[K = std::bind(&uav_node::status_callback, this, std::placeholders::_1);
[1.495s]       |                [01;35m[K^~~~~~~~~~~~~~~[m[K
[7.659s] [100%] [32m[1mLinking CXX executable uavs_spawner[0m
[7.988s] /usr/bin/ld: CMakeFiles/uavs_spawner.dir/src/uav_node.cpp.o: in function `uav_node::init()':
[7.988s] uav_node.cpp:(.text+0x54e): undefined reference to `uav_node::status_callback(std::shared_ptr<px4_msgs::msg::VehicleStatus_<std::allocator<void> > const>)'
[8.023s] collect2: error: ld returned 1 exit status
[8.024s] gmake[2]: *** [CMakeFiles/uavs_spawner.dir/build.make:175: uavs_spawner] Error 1
[8.024s] gmake[1]: *** [CMakeFiles/Makefile2:165: CMakeFiles/uavs_spawner.dir/all] Error 2
[8.024s] gmake: *** [Makefile:146: all] Error 2
[8.026s] Invoked command in '/home/fourdds/ros2_ws/build/boids' returned '2': CMAKE_PREFIX_PATH=/home/fourdds/ros2_ws/install/px4_msgs:/home/fourdds/ros2_ws/install/px4_ros_com:/home/fourdds/ros2_ws/install/boids:/opt/ros/humble LD_LIBRARY_PATH=/home/fourdds/ros2_ws/install/px4_msgs/lib:/home/fourdds/ros2_ws/install/px4_ros_com/lib:/home/fourdds/ros2_ws/install/boids/lib:/usr/lib/x86_64-linux-gnu/gazebo-11/plugins:/opt/ros/humble/opt/rviz_ogre_vendor/lib:/opt/ros/humble/lib/x86_64-linux-gnu:/opt/ros/humble/lib /usr/bin/cmake --build /home/fourdds/ros2_ws/build/boids -- -j24 -l24
