[35m[1mConsolidate compiler generated dependencies of target TargetDetection[0m
[ 50%] [32mBuilding CXX object CMakeFiles/TargetDetection.dir/src/TargetDetection.cpp.o[0m
In file included from [01m[K/home/fourdds/ros2_ws/src/target_detection/src/TargetDetection.cpp:1[m[K:
[01m[K/home/fourdds/ros2_ws/src/target_detection/include/target_detection/TargetDetection.hpp:5:10:[m[K [01;31m[Kfatal error: [m[Ksensor_msgs/msg/.hpp: No such file or directory
    5 | #include [01;31m[K<sensor_msgs/msg/.hpp>[m[K
      |          [01;31m[K^~~~~~~~~~~~~~~~~~~~~~[m[K
compilation terminated.
gmake[2]: *** [CMakeFiles/TargetDetection.dir/build.make:76: CMakeFiles/TargetDetection.dir/src/TargetDetection.cpp.o] Error 1
gmake[1]: *** [CMakeFiles/Makefile2:137: CMakeFiles/TargetDetection.dir/all] Error 2
gmake: *** [Makefile:146: all] Error 2
