[0.008s] Invoking command in '/home/fourdds/ros2_ws/build/target_detection': CMAKE_PREFIX_PATH=${CMAKE_PREFIX_PATH}:/opt/ros/humble /usr/bin/cmake --build /home/fourdds/ros2_ws/build/target_detection -- -j24 -l24
[0.027s] [35m[1mConsolidate compiler generated dependencies of target TargetDetection[0m
[0.032s] [ 50%] [32mBuilding CXX object CMakeFiles/TargetDetection.dir/src/TargetDetection.cpp.o[0m
[0.075s] In file included from [01m[K/home/fourdds/ros2_ws/src/target_detection/src/TargetDetection.cpp:1[m[K:
[0.075s] [01m[K/home/fourdds/ros2_ws/src/target_detection/include/target_detection/TargetDetection.hpp:5:10:[m[K [01;31m[Kfatal error: [m[Ksensor_msgs/msg/.hpp: No such file or directory
[0.075s]     5 | #include [01;31m[K<sensor_msgs/msg/.hpp>[m[K
[0.075s]       |          [01;31m[K^~~~~~~~~~~~~~~~~~~~~~[m[K
[0.075s] compilation terminated.
[0.076s] gmake[2]: *** [CMakeFiles/TargetDetection.dir/build.make:76: CMakeFiles/TargetDetection.dir/src/TargetDetection.cpp.o] Error 1
[0.076s] gmake[1]: *** [CMakeFiles/Makefile2:137: CMakeFiles/TargetDetection.dir/all] Error 2
[0.076s] gmake: *** [Makefile:146: all] Error 2
[0.078s] Invoked command in '/home/fourdds/ros2_ws/build/target_detection' returned '2': CMAKE_PREFIX_PATH=${CMAKE_PREFIX_PATH}:/opt/ros/humble /usr/bin/cmake --build /home/fourdds/ros2_ws/build/target_detection -- -j24 -l24
