[0.010s] Invoking command in '/home/fourdds/ros2_ws/build/boids': CMAKE_PREFIX_PATH=/home/fourdds/ros2_ws/install/px4_msgs:/home/fourdds/ros2_ws/install/px4_ros_com:/home/fourdds/ros2_ws/install/boids:/opt/ros/humble LD_LIBRARY_PATH=/home/fourdds/ros2_ws/install/px4_msgs/lib:/home/fourdds/ros2_ws/install/px4_ros_com/lib:/home/fourdds/ros2_ws/install/boids/lib:/usr/lib/x86_64-linux-gnu/gazebo-11/plugins:/opt/ros/humble/opt/rviz_ogre_vendor/lib:/opt/ros/humble/lib/x86_64-linux-gnu:/opt/ros/humble/lib /usr/bin/cmake --build /home/fourdds/ros2_ws/build/boids -- -j24 -l24
[0.032s] [35m[1mConsolidate compiler generated dependencies of target swarm_spawner[0m
[0.035s] [  2%] Built target boids__cpp
[0.036s] [ 11%] Built target boids__rosidl_generator_c
[0.041s] [ 15%] Built target frame_transforms
[0.041s] [ 15%] Built target ament_cmake_python_copy_boids
[0.047s] [ 33%] Built target boids__rosidl_typesupport_cpp
[0.048s] [ 33%] Built target boids__rosidl_typesupport_c
[0.050s] [ 46%] Built target boids__rosidl_typesupport_introspection_cpp
[0.050s] [ 51%] Built target boids__rosidl_typesupport_fastrtps_cpp
[0.050s] [ 55%] [32mBuilding CXX object CMakeFiles/swarm_spawner.dir/src/uav_node.cpp.o[0m
[0.050s] [ 62%] Built target boids__rosidl_typesupport_fastrtps_c
[0.050s] [ 71%] Built target boids__rosidl_typesupport_introspection_c
[0.062s] [ 71%] Built target boids
[0.072s] [ 73%] Built target boids__py
[0.085s] [ 80%] Built target boids__rosidl_generator_py
[0.098s] [ 88%] Built target boids__rosidl_typesupport_c__pyext
[0.098s] [ 88%] Built target boids__rosidl_typesupport_fastrtps_c__pyext
[0.100s] [ 93%] Built target boids__rosidl_typesupport_introspection_c__pyext
[0.159s] running egg_info
[0.168s] writing boids.egg-info/PKG-INFO
[0.168s] writing dependency_links to boids.egg-info/dependency_links.txt
[0.169s] writing top-level names to boids.egg-info/top_level.txt
[0.190s] reading manifest file 'boids.egg-info/SOURCES.txt'
[0.191s] writing manifest file 'boids.egg-info/SOURCES.txt'
[0.211s] [ 93%] Built target ament_cmake_python_build_boids_egg
[11.866s] gmake[2]: *** [CMakeFiles/swarm_spawner.dir/build.make:76: CMakeFiles/swarm_spawner.dir/src/uav_node.cpp.o] Interrupt
[11.867s] gmake[1]: *** [CMakeFiles/Makefile2:620: CMakeFiles/swarm_spawner.dir/all] Interrupt
[11.867s] gmake: *** [Makefile:146: all] Interrupt
[11.888s] Invoked command in '/home/fourdds/ros2_ws/build/boids' returned '-2': CMAKE_PREFIX_PATH=/home/fourdds/ros2_ws/install/px4_msgs:/home/fourdds/ros2_ws/install/px4_ros_com:/home/fourdds/ros2_ws/install/boids:/opt/ros/humble LD_LIBRARY_PATH=/home/fourdds/ros2_ws/install/px4_msgs/lib:/home/fourdds/ros2_ws/install/px4_ros_com/lib:/home/fourdds/ros2_ws/install/boids/lib:/usr/lib/x86_64-linux-gnu/gazebo-11/plugins:/opt/ros/humble/opt/rviz_ogre_vendor/lib:/opt/ros/humble/lib/x86_64-linux-gnu:/opt/ros/humble/lib /usr/bin/cmake --build /home/fourdds/ros2_ws/build/boids -- -j24 -l24
