[0.006s] Invoking command in '/home/fourdds/ros2_ws/build/logging': AMENT_PREFIX_PATH=/home/fourdds/ros2_ws/install/parameters:${AMENT_PREFIX_PATH} CMAKE_PREFIX_PATH=/home/fourdds/ros2_ws/install/parameters:/home/fourdds/ros2_ws/install/logging:/home/fourdds/ros2_ws/install/uuv_boids:/home/fourdds/ros2_ws/install/stigmergy:/home/fourdds/ros2_ws/install/px4_ros_com:/home/fourdds/ros2_ws/install/iris-logger:/home/fourdds/ros2_ws/install/boids:/home/fourdds/ros2_ws/install/px4_msgs:/opt/ros/humble LD_LIBRARY_PATH=/home/fourdds/ros2_ws/install/parameters/lib:${LD_LIBRARY_PATH} /usr/bin/cmake --build /home/fourdds/ros2_ws/build/logging -- -j24 -l24
[0.018s] -- Found ament_cmake: 1.3.8 (/opt/ros/humble/share/ament_cmake/cmake)
[0.082s] -- Found rclcpp: 16.0.8 (/opt/ros/humble/share/rclcpp/cmake)
[0.096s] -- Found rosidl_generator_c: 3.1.5 (/opt/ros/humble/share/rosidl_generator_c/cmake)
[0.097s] -- Found rosidl_adapter: 3.1.5 (/opt/ros/humble/share/rosidl_adapter/cmake)
[0.100s] -- Found rosidl_generator_cpp: 3.1.5 (/opt/ros/humble/share/rosidl_generator_cpp/cmake)
[0.107s] -- Using all available rosidl_typesupport_c: rosidl_typesupport_fastrtps_c;rosidl_typesupport_introspection_c
[0.115s] -- Using all available rosidl_typesupport_cpp: rosidl_typesupport_fastrtps_cpp;rosidl_typesupport_introspection_cpp
[0.144s] -- Found rmw_implementation_cmake: 6.1.1 (/opt/ros/humble/share/rmw_implementation_cmake/cmake)
[0.145s] -- Found rmw_fastrtps_cpp: 6.2.6 (/opt/ros/humble/share/rmw_fastrtps_cpp/cmake)
[0.202s] -- Using RMW implementation 'rmw_fastrtps_cpp' as default
[0.280s] -- Found parameters: 0.0.0 (/home/fourdds/ros2_ws/install/parameters/share/parameters/cmake)
[0.281s] -- Found ament_lint_auto: 0.12.10 (/opt/ros/humble/share/ament_lint_auto/cmake)
[0.318s] -- Added test 'cppcheck' to perform static code analysis on C / C++ code
[0.318s] -- Configured cppcheck include dirs: $<BUILD_INTERFACE:/home/fourdds/ros2_ws/src/logging/include>
[0.318s] -- Configured cppcheck exclude dirs and/or files: 
[0.318s] -- Added test 'lint_cmake' to check CMake code style
[0.319s] -- Added test 'uncrustify' to check C / C++ code style
[0.319s] -- Configured uncrustify additional arguments: 
[0.319s] -- Added test 'xmllint' to check XML markup files
[0.319s] -- Configuring done
[0.323s] -- Generating done
[0.324s] -- Build files have been written to: /home/fourdds/ros2_ws/build/logging
[0.336s] [35m[1mConsolidate compiler generated dependencies of target Logger[0m
[0.343s] [ 50%] [32mBuilding CXX object CMakeFiles/Logger.dir/src/Logger.cpp.o[0m
[1.457s] [01m[K/home/fourdds/ros2_ws/src/logging/src/Logger.cpp:[m[K In member function â€˜[01m[Kvoid Logger::globalPositionCallback(std_msgs::msg::Float32MultiArray_<std::allocator<void> >::ConstSharedPtr)[m[Kâ€™:
[1.457s] [01m[K/home/fourdds/ros2_ws/src/logging/src/Logger.cpp:9:16:[m[K [01;35m[Kwarning: [m[Kunused variable â€˜[01m[Ksize[m[Kâ€™ [[01;35m[K]8;;https://gcc.gnu.org/onlinedocs/gcc/Warning-Options.html#index-Wunused-variable-Wunused-variable]8;;[m[K]
[1.457s]     9 |         size_t [01;35m[Ksize[m[K = msg->data.size();
[1.457s]       |                [01;35m[K^~~~[m[K
[5.254s] [100%] [32m[1mLinking CXX executable Logger[0m
[5.265s] /usr/bin/ld: cannot find -lParameters: No such file or directory
[5.285s] collect2: error: ld returned 1 exit status
[5.286s] gmake[2]: *** [CMakeFiles/Logger.dir/build.make:160: Logger] Error 1
[5.286s] gmake[1]: *** [CMakeFiles/Makefile2:137: CMakeFiles/Logger.dir/all] Error 2
[5.286s] gmake: *** [Makefile:146: all] Error 2
[5.287s] Invoked command in '/home/fourdds/ros2_ws/build/logging' returned '2': AMENT_PREFIX_PATH=/home/fourdds/ros2_ws/install/parameters:${AMENT_PREFIX_PATH} CMAKE_PREFIX_PATH=/home/fourdds/ros2_ws/install/parameters:/home/fourdds/ros2_ws/install/logging:/home/fourdds/ros2_ws/install/uuv_boids:/home/fourdds/ros2_ws/install/stigmergy:/home/fourdds/ros2_ws/install/px4_ros_com:/home/fourdds/ros2_ws/install/iris-logger:/home/fourdds/ros2_ws/install/boids:/home/fourdds/ros2_ws/install/px4_msgs:/opt/ros/humble LD_LIBRARY_PATH=/home/fourdds/ros2_ws/install/parameters/lib:${LD_LIBRARY_PATH} /usr/bin/cmake --build /home/fourdds/ros2_ws/build/logging -- -j24 -l24
