[0.043s] Invoking command in '/home/fourdds/ros2_ws/build/drone': CMAKE_PREFIX_PATH=/opt/ros/humble /usr/bin/cmake --build /home/fourdds/ros2_ws/build/drone -- -j16 -l16
[0.253s] [35m[1mConsolidate compiler generated dependencies of target Drone[0m
[0.307s] [ 33%] [32mBuilding CXX object CMakeFiles/Drone.dir/src/Drone.cpp.o[0m
[0.309s] [ 66%] [32mBuilding CXX object CMakeFiles/Drone.dir/src/main.cpp.o[0m
[8.958s] [01m[K/home/fourdds/ros2_ws/src/drone/src/main.cpp:[m[K In function â€˜[01m[Kint main(int, char**)[m[Kâ€™:
[8.958s] [01m[K/home/fourdds/ros2_ws/src/drone/src/main.cpp:29:22:[m[K [01;31m[Kerror: [m[Kâ€˜[01m[Kconst class std::shared_ptr<fdds::Drone>[m[Kâ€™ has no member named â€˜[01m[KvehicleType[m[Kâ€™
[8.958s]    29 |                 node.[01;31m[KvehicleType[m[K = argv[2]; //Setto il tipo del veicolo
[8.958s]       |                      [01;31m[K^~~~~~~~~~~[m[K
[8.996s] In file included from [01m[K/opt/ros/humble/include/rclcpp/rclcpp/logging.hpp:24[m[K,
[8.996s]                  from [01m[K/opt/ros/humble/include/rclcpp/rclcpp/client.hpp:40[m[K,
[8.996s]                  from [01m[K/opt/ros/humble/include/rclcpp/rclcpp/callback_group.hpp:24[m[K,
[8.997s]                  from [01m[K/opt/ros/humble/include/rclcpp/rclcpp/any_executable.hpp:20[m[K,
[8.997s]                  from [01m[K/opt/ros/humble/include/rclcpp/rclcpp/memory_strategy.hpp:25[m[K,
[8.997s]                  from [01m[K/opt/ros/humble/include/rclcpp/rclcpp/memory_strategies.hpp:18[m[K,
[8.997s]                  from [01m[K/opt/ros/humble/include/rclcpp/rclcpp/executor_options.hpp:20[m[K,
[8.997s]                  from [01m[K/opt/ros/humble/include/rclcpp/rclcpp/executor.hpp:37[m[K,
[8.997s]                  from [01m[K/opt/ros/humble/include/rclcpp/rclcpp/executors/multi_threaded_executor.hpp:25[m[K,
[8.997s]                  from [01m[K/opt/ros/humble/include/rclcpp/rclcpp/executors.hpp:21[m[K,
[8.997s]                  from [01m[K/opt/ros/humble/include/rclcpp/rclcpp/rclcpp.hpp:155[m[K,
[8.997s]                  from [01m[K/home/fourdds/ros2_ws/src/drone/include/drone/Drone.hpp:4[m[K,
[8.997s]                  from [01m[K/home/fourdds/ros2_ws/src/drone/src/Drone.cpp:1[m[K:
[8.998s] [01m[K/home/fourdds/ros2_ws/src/drone/src/Drone.cpp:[m[K In member function â€˜[01m[Kvoid fdds::Drone::flockingLogic()[m[Kâ€™:
[8.998s] [01m[K/home/fourdds/ros2_ws/src/drone/src/Drone.cpp:178:31:[m[K [01;35m[Kwarning: [m[Kformat â€˜[01m[K%s[m[Kâ€™ expects argument of type â€˜[01m[Kchar*[m[Kâ€™, but argument 5 has type â€˜[01m[Kstd::string[m[Kâ€™ {aka â€˜[01m[Kstd::__cxx11::basic_string<char>[m[Kâ€™} [[01;35m[K]8;;https://gcc.gnu.org/onlinedocs/gcc/Warning-Options.html#index-Wformat=-Wformat=]8;;[m[K]
[8.998s]   178 |     RCLCPP_INFO(get_logger(), [01;35m[K"Nome del veicolo: %s"[m[K, vehicleType);
[8.998s]       |                               [01;35m[K^~~~~~~~~~~~~~~~~~~~~~[m[K
[8.998s] [01m[K/home/fourdds/ros2_ws/src/drone/src/Drone.cpp:178:51:[m[K [01;36m[Knote: [m[Kformat string is defined here
[8.998s]   178 |     RCLCPP_INFO(get_logger(), "Nome del veicolo: [01;36m[K%s[m[K", vehicleType);
[8.999s]       |                                                  [01;36m[K~^[m[K
[8.999s]       |                                                   [01;36m[K|[m[K
[8.999s]       |                                                   [01;36m[Kchar*[m[K
[8.999s] [01m[K/home/fourdds/ros2_ws/src/drone/src/Drone.cpp:192:40:[m[K [01;35m[Kwarning: [m[Knarrowing conversion of â€˜[01m[K((fdds::Drone*)this)->fdds::Drone::yawRadians[m[Kâ€™ from â€˜[01m[Kdouble[m[Kâ€™ to â€˜[01m[KEigen::Rotation2D<float>::Scalar[m[Kâ€™ {aka â€˜[01m[Kfloat[m[Kâ€™} [[01;35m[K]8;;https://gcc.gnu.org/onlinedocs/gcc/Warning-Options.html#index-Wnarrowing-Wnarrowing]8;;[m[K]
[8.999s]   192 |     Eigen::Rotation2Df rotation_matrix{[01;35m[KyawRadians[m[K};
[8.999s]       |                                        [01;35m[K^~~~~~~~~~[m[K
[14.815s] gmake[2]: *** [CMakeFiles/Drone.dir/build.make:90: CMakeFiles/Drone.dir/src/main.cpp.o] Error 1
[14.815s] gmake[2]: *** Waiting for unfinished jobs....
[35.799s] gmake[1]: *** [CMakeFiles/Makefile2:137: CMakeFiles/Drone.dir/all] Error 2
[35.800s] gmake: *** [Makefile:146: all] Error 2
[35.806s] Invoked command in '/home/fourdds/ros2_ws/build/drone' returned '2': CMAKE_PREFIX_PATH=/opt/ros/humble /usr/bin/cmake --build /home/fourdds/ros2_ws/build/drone -- -j16 -l16
