[0.030s] Invoking command in '/home/fourdds/ros2_ws/build/drone': CMAKE_PREFIX_PATH=/opt/ros/humble /usr/bin/cmake --build /home/fourdds/ros2_ws/build/drone -- -j16 -l16
[0.105s] [35m[1mConsolidate compiler generated dependencies of target Drone[0m
[0.153s] [ 66%] [32mBuilding CXX object CMakeFiles/Drone.dir/src/main.cpp.o[0m
[0.153s] [ 66%] [32mBuilding CXX object CMakeFiles/Drone.dir/src/Drone.cpp.o[0m
[8.665s] [01m[K/home/fourdds/ros2_ws/src/drone/src/Drone.cpp:[m[K In member function â€˜[01m[Kvoid fdds::Drone::flockingLogic()[m[Kâ€™:
[8.665s] [01m[K/home/fourdds/ros2_ws/src/drone/src/Drone.cpp:300:52:[m[K [01;31m[Kerror: [m[Kâ€˜[01m[Kconst struct fdds::Parameters[m[Kâ€™ has no member named â€˜[01m[KdesiredRelativeDepth[m[Kâ€™; did you mean â€˜[01m[KdesiredRelativeAltitude[m[Kâ€™?
[8.665s]   300 |         std::cout<<"Altezza desiderata: "<<options.[01;31m[KdesiredRelativeDepth[m[K<<"\n";
[8.665s]       |                                                    [01;31m[K^~~~~~~~~~~~~~~~~~~~[m[K
[8.665s]       |                                                    [32m[KdesiredRelativeAltitude[m[K
[8.666s] [01m[K/home/fourdds/ros2_ws/src/drone/src/Drone.cpp:303:43:[m[K [01;31m[Kerror: [m[Kâ€˜[01m[Kconst struct fdds::Parameters[m[Kâ€™ has no member named â€˜[01m[KdesiredRelativeDepth[m[Kâ€™; did you mean â€˜[01m[KdesiredRelativeAltitude[m[Kâ€™?
[8.666s]   303 |         if (odometryZDownMetres > options.[01;31m[KdesiredRelativeDepth[m[K - 0.5) {
[8.666s]       |                                           [01;31m[K^~~~~~~~~~~~~~~~~~~~[m[K
[8.666s]       |                                           [32m[KdesiredRelativeAltitude[m[K
[8.704s] [01m[K/home/fourdds/ros2_ws/src/drone/src/Drone.cpp:[m[K In member function â€˜[01m[Kvoid fdds::Drone::requestDive()[m[Kâ€™:
[8.704s] [01m[K/home/fourdds/ros2_ws/src/drone/src/Drone.cpp:473:5:[m[K [01;31m[Kerror: [m[Kâ€˜[01m[Kcout[m[Kâ€™ was not declared in this scope; did you mean â€˜[01m[Kstd::cout[m[Kâ€™?
[8.704s]   473 |     [01;31m[Kcout[m[K<<"POSIZIONE: "<<odometryPositionMetres<<"\n";
[8.705s]       |     [01;31m[K^~~~[m[K
[8.705s]       |     [32m[Kstd::cout[m[K
[8.705s] In file included from [01m[K/opt/ros/humble/include/rclcpp/rclcpp/executor.hpp:22[m[K,
[8.705s]                  from [01m[K/opt/ros/humble/include/rclcpp/rclcpp/executors/multi_threaded_executor.hpp:25[m[K,
[8.705s]                  from [01m[K/opt/ros/humble/include/rclcpp/rclcpp/executors.hpp:21[m[K,
[8.705s]                  from [01m[K/opt/ros/humble/include/rclcpp/rclcpp/rclcpp.hpp:155[m[K,
[8.705s]                  from [01m[K/home/fourdds/ros2_ws/src/drone/include/drone/Drone.hpp:4[m[K,
[8.705s]                  from [01m[K/home/fourdds/ros2_ws/src/drone/src/Drone.cpp:1[m[K:
[8.706s] [01m[K/usr/include/c++/11/iostream:61:18:[m[K [01;36m[Knote: [m[Kâ€˜[01m[Kstd::cout[m[Kâ€™ declared here
[8.706s]    61 |   extern ostream [01;36m[Kcout[m[K;          /// Linked to standard output
[8.706s]       |                  [01;36m[K^~~~[m[K
[21.946s] gmake[2]: *** [CMakeFiles/Drone.dir/build.make:76: CMakeFiles/Drone.dir/src/Drone.cpp.o] Error 1
[21.946s] gmake[2]: *** Waiting for unfinished jobs....
[23.734s] gmake[1]: *** [CMakeFiles/Makefile2:137: CMakeFiles/Drone.dir/all] Error 2
[23.734s] gmake: *** [Makefile:146: all] Error 2
[23.737s] Invoked command in '/home/fourdds/ros2_ws/build/drone' returned '2': CMAKE_PREFIX_PATH=/opt/ros/humble /usr/bin/cmake --build /home/fourdds/ros2_ws/build/drone -- -j16 -l16
