[  1%] [32mBuilding CXX object CMakeFiles/gazebo_ros_gps_sensor.dir/src/gazebo_ros_gps_sensor.cpp.o[0m
[  8%] Built target gazebo_ros_force
[  8%] Built target gazebo_ros_ft_sensor
[  8%] Built target gazebo_ros_joint_state_publisher
[ 10%] Built target gazebo_ros_imu_sensor
[ 12%] Built target multi_camera_plugin
[ 15%] Built target gazebo_ros_bumper
[ 17%] Built target gazebo_ros_template
[ 18%] [32mBuilding CXX object CMakeFiles/gazebo_ros_harness.dir/src/gazebo_ros_harness.cpp.o[0m
[ 23%] Built target gazebo_ros_tricycle_drive
[ 23%] Built target gazebo_ros_p3d
[ 25%] Built target gazebo_ros_diff_drive
[ 27%] Built target gazebo_ros_hand_of_god
[ 29%] [32mBuilding CXX object CMakeFiles/gazebo_ros_ackermann_drive.dir/src/gazebo_ros_ackermann_drive.cpp.o[0m
[ 30%] [32mBuilding CXX object CMakeFiles/gazebo_ros_ray_sensor.dir/src/gazebo_ros_ray_sensor.cpp.o[0m
[ 31%] [32mBuilding CXX object CMakeFiles/gazebo_ros_video.dir/src/gazebo_ros_video.cpp.o[0m
[ 33%] Built target gtest_main
[ 36%] Built target gtest
[ 38%] Built target gazebo_ros_elevator
[ 39%] [32mBuilding CXX object CMakeFiles/gazebo_ros_joint_pose_trajectory.dir/src/gazebo_ros_joint_pose_trajectory.cpp.o[0m
[ 41%] Built target gazebo_ros_vacuum_gripper
[ 44%] Built target gazebo_ros_planar_move
[ 47%] Built target gazebo_ros_projector
[ 47%] [32mBuilding CXX object CMakeFiles/gazebo_ros_wheel_slip.dir/src/gazebo_ros_wheel_slip.cpp.o[0m
[ 48%] [32mBuilding CXX object CMakeFiles/gazebo_ros_camera.dir/src/gazebo_ros_camera.cpp.o[0m
[ 51%] Built target test_gazebo_ros_diff_drive
[ 54%] Built target test_gazebo_ros_bumper
[ 55%] Built target test_gazebo_ros_elevator
[ 58%] Built target test_gazebo_ros_ackermann_drive
[ 60%] Built target test_gazebo_ros_force
[ 61%] [32mBuilding CXX object test/CMakeFiles/test_gazebo_ros_ft_sensor.dir/test_gazebo_ros_ft_sensor.cpp.o[0m
[ 63%] Built target test_gazebo_ros_hand_of_god
[35m[1mConsolidate compiler generated dependencies of target test_gazebo_ros_joint_pose_trajectory[0m
[ 66%] Built target test_gazebo_ros_harness
[ 67%] [32mBuilding CXX object test/CMakeFiles/test_gazebo_ros_gps_sensor.dir/test_gazebo_ros_gps_sensor.cpp.o[0m
[35m[1mConsolidate compiler generated dependencies of target test_gazebo_ros_planar_move[0m
[ 68%] [32mBuilding CXX object test/CMakeFiles/test_gazebo_ros_joint_state_publisher.dir/test_gazebo_ros_joint_state_publisher.cpp.o[0m
[ 70%] Built target test_gazebo_ros_p3d
[ 73%] Built target test_gazebo_ros_imu_sensor
[ 75%] Built target test_gazebo_ros_joint_pose_trajectory
[35m[1mConsolidate compiler generated dependencies of target test_gazebo_ros_tricycle_drive[0m
[35m[1mConsolidate compiler generated dependencies of target test_gazebo_ros_vacuum_gripper[0m
[35m[1mConsolidate compiler generated dependencies of target test_gazebo_ros_wheelslip[0m
[ 76%] [32mBuilding CXX object test/CMakeFiles/test_gazebo_ros_ray_sensor.dir/test_gazebo_ros_ray_sensor.cpp.o[0m
[ 79%] Built target test_gazebo_ros_planar_move
[ 81%] Built target test_gazebo_ros_tricycle_drive
[ 82%] [32mBuilding CXX object test/CMakeFiles/test_gazebo_ros_wheelslip.dir/test_gazebo_ros_wheelslip.cpp.o[0m
[ 84%] Built target test_gazebo_ros_vacuum_gripper
[01m[Kc++:[m[K [01;31m[Kfatal error: [m[KKilled signal terminated program cc1plus
compilation terminated.
gmake[2]: *** [CMakeFiles/gazebo_ros_camera.dir/build.make:76: CMakeFiles/gazebo_ros_camera.dir/src/gazebo_ros_camera.cpp.o] Error 1
gmake[1]: *** [CMakeFiles/Makefile2:380: CMakeFiles/gazebo_ros_camera.dir/all] Error 2
gmake[1]: *** Waiting for unfinished jobs....
[01m[Kc++:[m[K [01;31m[Kfatal error: [m[KKilled signal terminated program cc1plus
compilation terminated.
gmake[2]: *** [test/CMakeFiles/test_gazebo_ros_joint_state_publisher.dir/build.make:76: test/CMakeFiles/test_gazebo_ros_joint_state_publisher.dir/test_gazebo_ros_joint_state_publisher.cpp.o] Error 1
gmake[1]: *** [CMakeFiles/Makefile2:1146: test/CMakeFiles/test_gazebo_ros_joint_state_publisher.dir/all] Error 2
[01m[Kc++:[m[K [01;31m[Kfatal error: [m[KKilled signal terminated program cc1plus
compilation terminated.
gmake[2]: *** [CMakeFiles/gazebo_ros_harness.dir/build.make:76: CMakeFiles/gazebo_ros_harness.dir/src/gazebo_ros_harness.cpp.o] Error 1
gmake[1]: *** [CMakeFiles/Makefile2:614: CMakeFiles/gazebo_ros_harness.dir/all] Error 2
[01m[Kc++:[m[K [01;31m[Kfatal error: [m[KKilled signal terminated program cc1plus
compilation terminated.
gmake[2]: *** [CMakeFiles/gazebo_ros_ackermann_drive.dir/build.make:76: CMakeFiles/gazebo_ros_ackermann_drive.dir/src/gazebo_ros_ackermann_drive.cpp.o] Error 1
gmake[1]: *** [CMakeFiles/Makefile2:666: CMakeFiles/gazebo_ros_ackermann_drive.dir/all] Error 2
[01m[Kc++:[m[K [01;31m[Kfatal error: [m[KKilled signal terminated program cc1plus
compilation terminated.
gmake[2]: *** [CMakeFiles/gazebo_ros_ray_sensor.dir/build.make:76: CMakeFiles/gazebo_ros_ray_sensor.dir/src/gazebo_ros_ray_sensor.cpp.o] Error 1
gmake[1]: *** [CMakeFiles/Makefile2:458: CMakeFiles/gazebo_ros_ray_sensor.dir/all] Error 2
[01m[Kc++:[m[K [01;31m[Kfatal error: [m[KKilled signal terminated program cc1plus
compilation terminated.
gmake[2]: *** [test/CMakeFiles/test_gazebo_ros_ray_sensor.dir/build.make:76: test/CMakeFiles/test_gazebo_ros_ray_sensor.dir/test_gazebo_ros_ray_sensor.cpp.o] Error 1
gmake[1]: *** [CMakeFiles/Makefile2:1227: test/CMakeFiles/test_gazebo_ros_ray_sensor.dir/all] Error 2
[01m[Kc++:[m[K [01;31m[Kfatal error: [m[KKilled signal terminated program cc1plus
compilation terminated.
gmake[2]: *** [CMakeFiles/gazebo_ros_wheel_slip.dir/build.make:76: CMakeFiles/gazebo_ros_wheel_slip.dir/src/gazebo_ros_wheel_slip.cpp.o] Error 1
gmake[1]: *** [CMakeFiles/Makefile2:822: CMakeFiles/gazebo_ros_wheel_slip.dir/all] Error 2
[ 86%] [32m[1mLinking CXX shared library libgazebo_ros_gps_sensor.so[0m
[ 86%] Built target gazebo_ros_gps_sensor
[ 87%] [32m[1mLinking CXX shared library libgazebo_ros_joint_pose_trajectory.so[0m
[ 87%] Built target gazebo_ros_joint_pose_trajectory
[ 88%] [32m[1mLinking CXX executable test_gazebo_ros_wheelslip[0m
[ 88%] Built target test_gazebo_ros_wheelslip
[ 89%] [32m[1mLinking CXX executable test_gazebo_ros_ft_sensor[0m
[ 89%] Built target test_gazebo_ros_ft_sensor
[ 90%] [32m[1mLinking CXX executable test_gazebo_ros_gps_sensor[0m
[ 90%] Built target test_gazebo_ros_gps_sensor
[ 91%] [32m[1mLinking CXX shared library libgazebo_ros_video.so[0m
[ 91%] Built target gazebo_ros_video
gmake: *** [Makefile:146: all] Error 2
