[0.028s] Invoking command in '/home/fourdds/ws/build/gazebo_plugins': AMENT_PREFIX_PATH=/home/fourdds/ws/install/gazebo_ros:/home/fourdds/ws/install/gazebo_msgs:/home/fourdds/ws/install/gazebo_dev:/home/fourdds/ws/install/cv_bridge:${AMENT_PREFIX_PATH} CMAKE_PREFIX_PATH=/home/fourdds/ws/install/gazebo_ros:/home/fourdds/ws/install/gazebo_msgs:/home/fourdds/ws/install/gazebo_dev:/home/fourdds/ws/install/cv_bridge:/opt/ros/humble LD_LIBRARY_PATH=/home/fourdds/ws/install/gazebo_ros/lib:/home/fourdds/ws/install/gazebo_msgs/lib:/home/fourdds/ws/install/cv_bridge/lib:${LD_LIBRARY_PATH} PYTHONPATH=/home/fourdds/ws/install/gazebo_ros/local/lib/python3.10/dist-packages:/home/fourdds/ws/install/gazebo_msgs/local/lib/python3.10/dist-packages:/home/fourdds/ws/install/cv_bridge/local/lib/python3.10/dist-packages:${PYTHONPATH} /usr/bin/cmake --build /home/fourdds/ws/build/gazebo_plugins -- -j16 -l16
[0.188s] [  1%] [32mBuilding CXX object CMakeFiles/gazebo_ros_gps_sensor.dir/src/gazebo_ros_gps_sensor.cpp.o[0m
[0.190s] [  8%] Built target gazebo_ros_force
[0.191s] [  8%] Built target gazebo_ros_ft_sensor
[0.191s] [  8%] Built target gazebo_ros_joint_state_publisher
[0.194s] [ 10%] Built target gazebo_ros_imu_sensor
[0.195s] [ 12%] Built target multi_camera_plugin
[0.196s] [ 15%] Built target gazebo_ros_bumper
[0.197s] [ 17%] Built target gazebo_ros_template
[0.202s] [ 18%] [32mBuilding CXX object CMakeFiles/gazebo_ros_harness.dir/src/gazebo_ros_harness.cpp.o[0m
[0.206s] [ 23%] Built target gazebo_ros_tricycle_drive
[0.206s] [ 23%] Built target gazebo_ros_p3d
[0.206s] [ 25%] Built target gazebo_ros_diff_drive
[0.209s] [ 27%] Built target gazebo_ros_hand_of_god
[0.212s] [ 29%] [32mBuilding CXX object CMakeFiles/gazebo_ros_ackermann_drive.dir/src/gazebo_ros_ackermann_drive.cpp.o[0m
[0.217s] [ 30%] [32mBuilding CXX object CMakeFiles/gazebo_ros_ray_sensor.dir/src/gazebo_ros_ray_sensor.cpp.o[0m
[0.228s] [ 31%] [32mBuilding CXX object CMakeFiles/gazebo_ros_video.dir/src/gazebo_ros_video.cpp.o[0m
[0.259s] [ 33%] Built target gtest_main
[0.270s] [ 36%] Built target gtest
[0.279s] [ 38%] Built target gazebo_ros_elevator
[0.283s] [ 39%] [32mBuilding CXX object CMakeFiles/gazebo_ros_joint_pose_trajectory.dir/src/gazebo_ros_joint_pose_trajectory.cpp.o[0m
[0.295s] [ 41%] Built target gazebo_ros_vacuum_gripper
[0.296s] [ 44%] Built target gazebo_ros_planar_move
[0.309s] [ 47%] Built target gazebo_ros_projector
[0.309s] [ 47%] [32mBuilding CXX object CMakeFiles/gazebo_ros_wheel_slip.dir/src/gazebo_ros_wheel_slip.cpp.o[0m
[0.320s] [ 48%] [32mBuilding CXX object CMakeFiles/gazebo_ros_camera.dir/src/gazebo_ros_camera.cpp.o[0m
[0.375s] [ 51%] Built target test_gazebo_ros_diff_drive
[0.377s] [ 54%] Built target test_gazebo_ros_bumper
[0.377s] [ 55%] Built target test_gazebo_ros_elevator
[0.394s] [ 58%] Built target test_gazebo_ros_ackermann_drive
[0.397s] [ 60%] Built target test_gazebo_ros_force
[0.418s] [ 61%] [32mBuilding CXX object test/CMakeFiles/test_gazebo_ros_ft_sensor.dir/test_gazebo_ros_ft_sensor.cpp.o[0m
[0.427s] [ 63%] Built target test_gazebo_ros_hand_of_god
[0.437s] [35m[1mConsolidate compiler generated dependencies of target test_gazebo_ros_joint_pose_trajectory[0m
[0.437s] [ 66%] Built target test_gazebo_ros_harness
[0.491s] [ 67%] [32mBuilding CXX object test/CMakeFiles/test_gazebo_ros_gps_sensor.dir/test_gazebo_ros_gps_sensor.cpp.o[0m
[0.505s] [35m[1mConsolidate compiler generated dependencies of target test_gazebo_ros_planar_move[0m
[0.509s] [ 68%] [32mBuilding CXX object test/CMakeFiles/test_gazebo_ros_joint_state_publisher.dir/test_gazebo_ros_joint_state_publisher.cpp.o[0m
[0.527s] [ 70%] Built target test_gazebo_ros_p3d
[0.543s] [ 73%] Built target test_gazebo_ros_imu_sensor
[0.560s] [ 75%] Built target test_gazebo_ros_joint_pose_trajectory
[0.590s] [35m[1mConsolidate compiler generated dependencies of target test_gazebo_ros_tricycle_drive[0m
[0.606s] [35m[1mConsolidate compiler generated dependencies of target test_gazebo_ros_vacuum_gripper[0m
[0.606s] [35m[1mConsolidate compiler generated dependencies of target test_gazebo_ros_wheelslip[0m
[0.612s] [ 76%] [32mBuilding CXX object test/CMakeFiles/test_gazebo_ros_ray_sensor.dir/test_gazebo_ros_ray_sensor.cpp.o[0m
[0.624s] [ 79%] Built target test_gazebo_ros_planar_move
[0.714s] [ 81%] Built target test_gazebo_ros_tricycle_drive
[0.724s] [ 82%] [32mBuilding CXX object test/CMakeFiles/test_gazebo_ros_wheelslip.dir/test_gazebo_ros_wheelslip.cpp.o[0m
[0.733s] [ 84%] Built target test_gazebo_ros_vacuum_gripper
[21.751s] [01m[Kc++:[m[K [01;31m[Kfatal error: [m[KKilled signal terminated program cc1plus
[21.766s] compilation terminated.
[21.768s] gmake[2]: *** [CMakeFiles/gazebo_ros_camera.dir/build.make:76: CMakeFiles/gazebo_ros_camera.dir/src/gazebo_ros_camera.cpp.o] Error 1
[21.771s] gmake[1]: *** [CMakeFiles/Makefile2:380: CMakeFiles/gazebo_ros_camera.dir/all] Error 2
[21.774s] gmake[1]: *** Waiting for unfinished jobs....
[31.111s] [01m[Kc++:[m[K [01;31m[Kfatal error: [m[KKilled signal terminated program cc1plus
[31.130s] compilation terminated.
[31.134s] gmake[2]: *** [test/CMakeFiles/test_gazebo_ros_joint_state_publisher.dir/build.make:76: test/CMakeFiles/test_gazebo_ros_joint_state_publisher.dir/test_gazebo_ros_joint_state_publisher.cpp.o] Error 1
[31.195s] gmake[1]: *** [CMakeFiles/Makefile2:1146: test/CMakeFiles/test_gazebo_ros_joint_state_publisher.dir/all] Error 2
[43.485s] [01m[Kc++:[m[K [01;31m[Kfatal error: [m[KKilled signal terminated program cc1plus
[43.491s] compilation terminated.
[43.507s] gmake[2]: *** [CMakeFiles/gazebo_ros_harness.dir/build.make:76: CMakeFiles/gazebo_ros_harness.dir/src/gazebo_ros_harness.cpp.o] Error 1
[43.564s] gmake[1]: *** [CMakeFiles/Makefile2:614: CMakeFiles/gazebo_ros_harness.dir/all] Error 2
[59.196s] [01m[Kc++:[m[K [01;31m[Kfatal error: [m[KKilled signal terminated program cc1plus
[59.197s] compilation terminated.
[59.221s] gmake[2]: *** [CMakeFiles/gazebo_ros_ackermann_drive.dir/build.make:76: CMakeFiles/gazebo_ros_ackermann_drive.dir/src/gazebo_ros_ackermann_drive.cpp.o] Error 1
[59.261s] gmake[1]: *** [CMakeFiles/Makefile2:666: CMakeFiles/gazebo_ros_ackermann_drive.dir/all] Error 2
[64.996s] [01m[Kc++:[m[K [01;31m[Kfatal error: [m[KKilled signal terminated program cc1plus
[64.997s] compilation terminated.
[64.998s] gmake[2]: *** [CMakeFiles/gazebo_ros_ray_sensor.dir/build.make:76: CMakeFiles/gazebo_ros_ray_sensor.dir/src/gazebo_ros_ray_sensor.cpp.o] Error 1
[65.020s] gmake[1]: *** [CMakeFiles/Makefile2:458: CMakeFiles/gazebo_ros_ray_sensor.dir/all] Error 2
[77.739s] [01m[Kc++:[m[K [01;31m[Kfatal error: [m[KKilled signal terminated program cc1plus
[77.740s] compilation terminated.
[77.757s] gmake[2]: *** [test/CMakeFiles/test_gazebo_ros_ray_sensor.dir/build.make:76: test/CMakeFiles/test_gazebo_ros_ray_sensor.dir/test_gazebo_ros_ray_sensor.cpp.o] Error 1
[77.807s] gmake[1]: *** [CMakeFiles/Makefile2:1227: test/CMakeFiles/test_gazebo_ros_ray_sensor.dir/all] Error 2
[102.748s] [01m[Kc++:[m[K [01;31m[Kfatal error: [m[KKilled signal terminated program cc1plus
[102.755s] compilation terminated.
[102.755s] gmake[2]: *** [CMakeFiles/gazebo_ros_wheel_slip.dir/build.make:76: CMakeFiles/gazebo_ros_wheel_slip.dir/src/gazebo_ros_wheel_slip.cpp.o] Error 1
[102.797s] gmake[1]: *** [CMakeFiles/Makefile2:822: CMakeFiles/gazebo_ros_wheel_slip.dir/all] Error 2
[112.149s] [ 86%] [32m[1mLinking CXX shared library libgazebo_ros_gps_sensor.so[0m
[113.419s] [ 86%] Built target gazebo_ros_gps_sensor
[117.720s] [ 87%] [32m[1mLinking CXX shared library libgazebo_ros_joint_pose_trajectory.so[0m
[119.204s] [ 87%] Built target gazebo_ros_joint_pose_trajectory
[136.651s] [ 88%] [32m[1mLinking CXX executable test_gazebo_ros_wheelslip[0m
[141.185s] [ 88%] Built target test_gazebo_ros_wheelslip
[142.883s] [ 89%] [32m[1mLinking CXX executable test_gazebo_ros_ft_sensor[0m
[145.943s] [ 89%] Built target test_gazebo_ros_ft_sensor
[146.864s] [ 90%] [32m[1mLinking CXX executable test_gazebo_ros_gps_sensor[0m
[150.233s] [ 90%] Built target test_gazebo_ros_gps_sensor
[169.524s] [ 91%] [32m[1mLinking CXX shared library libgazebo_ros_video.so[0m
[171.003s] [ 91%] Built target gazebo_ros_video
[171.025s] gmake: *** [Makefile:146: all] Error 2
[171.217s] Invoked command in '/home/fourdds/ws/build/gazebo_plugins' returned '2': AMENT_PREFIX_PATH=/home/fourdds/ws/install/gazebo_ros:/home/fourdds/ws/install/gazebo_msgs:/home/fourdds/ws/install/gazebo_dev:/home/fourdds/ws/install/cv_bridge:${AMENT_PREFIX_PATH} CMAKE_PREFIX_PATH=/home/fourdds/ws/install/gazebo_ros:/home/fourdds/ws/install/gazebo_msgs:/home/fourdds/ws/install/gazebo_dev:/home/fourdds/ws/install/cv_bridge:/opt/ros/humble LD_LIBRARY_PATH=/home/fourdds/ws/install/gazebo_ros/lib:/home/fourdds/ws/install/gazebo_msgs/lib:/home/fourdds/ws/install/cv_bridge/lib:${LD_LIBRARY_PATH} PYTHONPATH=/home/fourdds/ws/install/gazebo_ros/local/lib/python3.10/dist-packages:/home/fourdds/ws/install/gazebo_msgs/local/lib/python3.10/dist-packages:/home/fourdds/ws/install/cv_bridge/local/lib/python3.10/dist-packages:${PYTHONPATH} /usr/bin/cmake --build /home/fourdds/ws/build/gazebo_plugins -- -j16 -l16
