[35m[1mConsolidate compiler generated dependencies of target gazebo_ros_template[0m
[35m[1mConsolidate compiler generated dependencies of target gazebo_ros_diff_drive[0m
[35m[1mConsolidate compiler generated dependencies of target gazebo_ros_joint_state_publisher[0m
[35m[1mConsolidate compiler generated dependencies of target gazebo_ros_gps_sensor[0m
[35m[1mConsolidate compiler generated dependencies of target gazebo_ros_imu_sensor[0m
[35m[1mConsolidate compiler generated dependencies of target gazebo_ros_p3d[0m
[35m[1mConsolidate compiler generated dependencies of target gazebo_ros_ft_sensor[0m
[35m[1mConsolidate compiler generated dependencies of target gazebo_ros_hand_of_god[0m
[35m[1mConsolidate compiler generated dependencies of target gazebo_ros_tricycle_drive[0m
[35m[1mConsolidate compiler generated dependencies of target gazebo_ros_video[0m
[35m[1mConsolidate compiler generated dependencies of target gazebo_ros_joint_pose_trajectory[0m
[35m[1mConsolidate compiler generated dependencies of target gazebo_ros_bumper[0m
[35m[1mConsolidate compiler generated dependencies of target gazebo_ros_vacuum_gripper[0m
[35m[1mConsolidate compiler generated dependencies of target gazebo_ros_harness[0m
[35m[1mConsolidate compiler generated dependencies of target gazebo_ros_elevator[0m
[35m[1mConsolidate compiler generated dependencies of target gazebo_ros_planar_move[0m
[  1%] [32mBuilding CXX object CMakeFiles/multi_camera_plugin.dir/src/multi_camera_plugin.cpp.o[0m
[35m[1mConsolidate compiler generated dependencies of target gtest_main[0m
[35m[1mConsolidate compiler generated dependencies of target gazebo_ros_wheel_slip[0m
[35m[1mConsolidate compiler generated dependencies of target gtest[0m
[  2%] [32mBuilding CXX object CMakeFiles/gazebo_ros_force.dir/src/gazebo_ros_force.cpp.o[0m
[  3%] [32mBuilding CXX object CMakeFiles/gazebo_ros_ackermann_drive.dir/src/gazebo_ros_ackermann_drive.cpp.o[0m
[  4%] [32mBuilding CXX object CMakeFiles/gazebo_ros_ray_sensor.dir/src/gazebo_ros_ray_sensor.cpp.o[0m
[  5%] [32mBuilding CXX object CMakeFiles/gazebo_ros_projector.dir/src/gazebo_ros_projector.cpp.o[0m
[ 10%] Built target gtest
[ 10%] Built target gazebo_ros_joint_state_publisher
[ 12%] Built target gtest_main
[ 19%] Built target gazebo_ros_template
[ 19%] Built target gazebo_ros_diff_drive
[ 19%] Built target gazebo_ros_gps_sensor
[ 22%] Built target gazebo_ros_imu_sensor
[ 24%] Built target gazebo_ros_ft_sensor
[ 26%] Built target gazebo_ros_p3d
[ 30%] Built target gazebo_ros_bumper
[ 31%] Built target gazebo_ros_tricycle_drive
[ 33%] Built target gazebo_ros_elevator
[ 36%] Built target gazebo_ros_hand_of_god
[ 38%] Built target gazebo_ros_harness
[ 41%] Built target gazebo_ros_vacuum_gripper
[ 43%] Built target gazebo_ros_joint_pose_trajectory
[35m[1mConsolidate compiler generated dependencies of target test_gazebo_ros_bumper[0m
[ 45%] Built target gazebo_ros_planar_move
[ 46%] [32mBuilding CXX object test/CMakeFiles/test_gazebo_ros_ackermann_drive.dir/test_gazebo_ros_ackermann_drive.cpp.o[0m
[ 48%] Built target gazebo_ros_video
[ 50%] [32mBuilding CXX object test/CMakeFiles/test_gazebo_ros_diff_drive.dir/test_gazebo_ros_diff_drive.cpp.o[0m
[ 52%] Built target gazebo_ros_wheel_slip
[ 53%] [32mBuilding CXX object test/CMakeFiles/test_gazebo_ros_elevator.dir/test_gazebo_ros_elevator.cpp.o[0m
[ 55%] [32mBuilding CXX object test/CMakeFiles/test_gazebo_ros_ft_sensor.dir/test_gazebo_ros_ft_sensor.cpp.o[0m
[ 55%] [32mBuilding CXX object test/CMakeFiles/test_gazebo_ros_imu_sensor.dir/test_gazebo_ros_imu_sensor.cpp.o[0m
[ 56%] [32mBuilding CXX object test/CMakeFiles/test_gazebo_ros_hand_of_god.dir/test_gazebo_ros_hand_of_god.cpp.o[0m
[ 58%] [32mBuilding CXX object test/CMakeFiles/test_gazebo_ros_gps_sensor.dir/test_gazebo_ros_gps_sensor.cpp.o[0m
[ 59%] [32mBuilding CXX object test/CMakeFiles/test_gazebo_ros_force.dir/test_gazebo_ros_force.cpp.o[0m
[ 60%] [32mBuilding CXX object test/CMakeFiles/test_gazebo_ros_harness.dir/test_gazebo_ros_harness.cpp.o[0m
[ 61%] [32mBuilding CXX object test/CMakeFiles/test_gazebo_ros_joint_state_publisher.dir/test_gazebo_ros_joint_state_publisher.cpp.o[0m
[ 62%] [32mBuilding CXX object test/CMakeFiles/test_gazebo_ros_joint_pose_trajectory.dir/test_gazebo_ros_joint_pose_trajectory.cpp.o[0m
[ 63%] [32mBuilding CXX object test/CMakeFiles/test_gazebo_ros_planar_move.dir/test_gazebo_ros_planar_move.cpp.o[0m
[ 66%] [32mBuilding CXX object test/CMakeFiles/test_gazebo_ros_ray_sensor.dir/test_gazebo_ros_ray_sensor.cpp.o[0m
[ 66%] [32mBuilding CXX object test/CMakeFiles/test_gazebo_ros_p3d.dir/test_gazebo_ros_p3d.cpp.o[0m
[ 67%] [32mBuilding CXX object test/CMakeFiles/test_gazebo_ros_tricycle_drive.dir/test_gazebo_ros_tricycle_drive.cpp.o[0m
[ 68%] [32mBuilding CXX object test/CMakeFiles/test_gazebo_ros_vacuum_gripper.dir/test_gazebo_ros_vacuum_gripper.cpp.o[0m
[ 69%] [32mBuilding CXX object test/CMakeFiles/test_gazebo_ros_wheelslip.dir/test_gazebo_ros_wheelslip.cpp.o[0m
[ 72%] Built target test_gazebo_ros_bumper
[01m[Kc++:[m[K [01;31m[Kfatal error: [m[KKilled signal terminated program cc1plus
compilation terminated.
gmake[2]: *** [CMakeFiles/gazebo_ros_ray_sensor.dir/build.make:76: CMakeFiles/gazebo_ros_ray_sensor.dir/src/gazebo_ros_ray_sensor.cpp.o] Error 1
gmake[1]: *** [CMakeFiles/Makefile2:458: CMakeFiles/gazebo_ros_ray_sensor.dir/all] Error 2
gmake[1]: *** Waiting for unfinished jobs....
[01m[Kc++:[m[K [01;31m[Kfatal error: [m[KKilled signal terminated program cc1plus
compilation terminated.
gmake[2]: *** [CMakeFiles/multi_camera_plugin.dir/build.make:76: CMakeFiles/multi_camera_plugin.dir/src/multi_camera_plugin.cpp.o] Error 1
gmake[1]: *** [CMakeFiles/Makefile2:354: CMakeFiles/multi_camera_plugin.dir/all] Error 2
[01m[Kc++:[m[K [01;31m[Kfatal error: [m[KKilled signal terminated program cc1plus
compilation terminated.
gmake[2]: *** [test/CMakeFiles/test_gazebo_ros_planar_move.dir/build.make:76: test/CMakeFiles/test_gazebo_ros_planar_move.dir/test_gazebo_ros_planar_move.cpp.o] Error 1
gmake[1]: *** [CMakeFiles/Makefile2:1200: test/CMakeFiles/test_gazebo_ros_planar_move.dir/all] Error 2
[01m[Kc++:[m[K [01;31m[Kfatal error: [m[KKilled signal terminated program cc1plus
compilation terminated.
gmake[2]: *** [test/CMakeFiles/test_gazebo_ros_hand_of_god.dir/build.make:76: test/CMakeFiles/test_gazebo_ros_hand_of_god.dir/test_gazebo_ros_hand_of_god.cpp.o] Error 1
gmake[1]: *** [CMakeFiles/Makefile2:1011: test/CMakeFiles/test_gazebo_ros_hand_of_god.dir/all] Error 2
[01m[Kc++:[m[K [01;31m[Kfatal error: [m[KKilled signal terminated program cc1plus
compilation terminated.
gmake[2]: *** [CMakeFiles/gazebo_ros_projector.dir/build.make:76: CMakeFiles/gazebo_ros_projector.dir/src/gazebo_ros_projector.cpp.o] Error 1
gmake[1]: *** [CMakeFiles/Makefile2:796: CMakeFiles/gazebo_ros_projector.dir/all] Error 2
[01m[Kc++:[m[K [01;31m[Kfatal error: [m[KKilled signal terminated program cc1plus
compilation terminated.
gmake[2]: *** [CMakeFiles/gazebo_ros_ackermann_drive.dir/build.make:76: CMakeFiles/gazebo_ros_ackermann_drive.dir/src/gazebo_ros_ackermann_drive.cpp.o] Error 1
gmake[1]: *** [CMakeFiles/Makefile2:666: CMakeFiles/gazebo_ros_ackermann_drive.dir/all] Error 2
[ 73%] [32m[1mLinking CXX shared library libgazebo_ros_force.so[0m
[ 73%] Built target gazebo_ros_force
[01m[Kc++:[m[K [01;31m[Kfatal error: [m[KKilled signal terminated program cc1plus
compilation terminated.
gmake[2]: *** [test/CMakeFiles/test_gazebo_ros_gps_sensor.dir/build.make:76: test/CMakeFiles/test_gazebo_ros_gps_sensor.dir/test_gazebo_ros_gps_sensor.cpp.o] Error 1
gmake[1]: *** [CMakeFiles/Makefile2:1092: test/CMakeFiles/test_gazebo_ros_gps_sensor.dir/all] Error 2
[01m[Kc++:[m[K [01;31m[Kfatal error: [m[KKilled signal terminated program cc1plus
compilation terminated.
gmake[2]: *** [test/CMakeFiles/test_gazebo_ros_harness.dir/build.make:76: test/CMakeFiles/test_gazebo_ros_harness.dir/test_gazebo_ros_harness.cpp.o] Error 1
gmake[1]: *** [CMakeFiles/Makefile2:1038: test/CMakeFiles/test_gazebo_ros_harness.dir/all] Error 2
[01m[Kc++:[m[K [01;31m[Kfatal error: [m[KKilled signal terminated program cc1plus
compilation terminated.
gmake[2]: *** [test/CMakeFiles/test_gazebo_ros_diff_drive.dir/build.make:76: test/CMakeFiles/test_gazebo_ros_diff_drive.dir/test_gazebo_ros_diff_drive.cpp.o] Error 1
gmake[1]: *** [CMakeFiles/Makefile2:903: test/CMakeFiles/test_gazebo_ros_diff_drive.dir/all] Error 2
[01m[Kc++:[m[K [01;31m[Kfatal error: [m[KKilled signal terminated program cc1plus
compilation terminated.
gmake[2]: *** [test/CMakeFiles/test_gazebo_ros_elevator.dir/build.make:76: test/CMakeFiles/test_gazebo_ros_elevator.dir/test_gazebo_ros_elevator.cpp.o] Error 1
gmake[1]: *** [CMakeFiles/Makefile2:930: test/CMakeFiles/test_gazebo_ros_elevator.dir/all] Error 2
[01m[Kc++:[m[K [01;31m[Kfatal error: [m[KKilled signal terminated program cc1plus
compilation terminated.
gmake[2]: *** [test/CMakeFiles/test_gazebo_ros_ray_sensor.dir/build.make:76: test/CMakeFiles/test_gazebo_ros_ray_sensor.dir/test_gazebo_ros_ray_sensor.cpp.o] Error 1
gmake[1]: *** [CMakeFiles/Makefile2:1227: test/CMakeFiles/test_gazebo_ros_ray_sensor.dir/all] Error 2
[ 74%] [32m[1mLinking CXX executable test_gazebo_ros_vacuum_gripper[0m
[ 75%] [32m[1mLinking CXX executable test_gazebo_ros_joint_pose_trajectory[0m
[ 75%] Built target test_gazebo_ros_vacuum_gripper
[ 76%] [32m[1mLinking CXX executable test_gazebo_ros_ft_sensor[0m
[ 76%] Built target test_gazebo_ros_joint_pose_trajectory
[ 77%] [32m[1mLinking CXX executable test_gazebo_ros_force[0m
[ 77%] Built target test_gazebo_ros_ft_sensor
[ 77%] Built target test_gazebo_ros_force
[ 79%] [32m[1mLinking CXX executable test_gazebo_ros_imu_sensor[0m
[ 80%] [32m[1mLinking CXX executable test_gazebo_ros_tricycle_drive[0m
[ 80%] Built target test_gazebo_ros_imu_sensor
[ 80%] Built target test_gazebo_ros_tricycle_drive
[ 81%] [32m[1mLinking CXX executable test_gazebo_ros_p3d[0m
[ 81%] Built target test_gazebo_ros_p3d
[ 82%] [32m[1mLinking CXX executable test_gazebo_ros_joint_state_publisher[0m
[ 82%] Built target test_gazebo_ros_joint_state_publisher
[ 83%] [32m[1mLinking CXX executable test_gazebo_ros_wheelslip[0m
[ 83%] Built target test_gazebo_ros_wheelslip
[ 84%] [32m[1mLinking CXX executable test_gazebo_ros_ackermann_drive[0m
[ 84%] Built target test_gazebo_ros_ackermann_drive
gmake: *** [Makefile:146: all] Error 2
