[0.071s] Invoking command in '/home/fourdds/ws/build/gazebo_plugins': AMENT_PREFIX_PATH=/home/fourdds/ws/install/gazebo_ros:/home/fourdds/ws/install/gazebo_msgs:/home/fourdds/ws/install/gazebo_dev:/home/fourdds/ws/install/cv_bridge:${AMENT_PREFIX_PATH} CMAKE_PREFIX_PATH=/home/fourdds/ws/install/gazebo_ros:/home/fourdds/ws/install/gazebo_msgs:/home/fourdds/ws/install/gazebo_dev:/home/fourdds/ws/install/cv_bridge:/home/fourdds/ros2_ws/install/uuv_boids:/home/fourdds/ros2_ws/install/target_detection:/home/fourdds/ros2_ws/install/stigmergy_map:/home/fourdds/ros2_ws/install/stigmergy:/home/fourdds/ros2_ws/install/px4_ros_com:/home/fourdds/ros2_ws/install/iris-logger:/home/fourdds/ros2_ws/install/boids:/home/fourdds/ros2_ws/install/px4_msgs:/home/fourdds/ros2_ws/install/obstacle_avoidance:/home/fourdds/ros2_ws/install/logging:/home/fourdds/ros2_ws/install/parameters:/home/fourdds/ros2_ws/install/flocking:/home/fourdds/ros2_ws/install/fdds_messages:/home/fourdds/ros2_ws/install/drone:/home/fourdds/ros2_ws/install/base_station:/home/fourdds/ros2_ws/install/analysis:/opt/ros/humble LD_LIBRARY_PATH=/home/fourdds/ws/install/gazebo_ros/lib:/home/fourdds/ws/install/gazebo_msgs/lib:/home/fourdds/ws/install/cv_bridge/lib:${LD_LIBRARY_PATH} PYTHONPATH=/home/fourdds/ws/install/gazebo_ros/local/lib/python3.10/dist-packages:/home/fourdds/ws/install/gazebo_msgs/local/lib/python3.10/dist-packages:/home/fourdds/ws/install/cv_bridge/local/lib/python3.10/dist-packages:${PYTHONPATH} /usr/bin/cmake --build /home/fourdds/ws/build/gazebo_plugins -- -j24 -l24
[0.108s] [35m[1mConsolidate compiler generated dependencies of target gazebo_ros_template[0m
[0.108s] [35m[1mConsolidate compiler generated dependencies of target gazebo_ros_diff_drive[0m
[0.109s] [35m[1mConsolidate compiler generated dependencies of target gazebo_ros_joint_state_publisher[0m
[0.109s] [35m[1mConsolidate compiler generated dependencies of target gazebo_ros_gps_sensor[0m
[0.111s] [35m[1mConsolidate compiler generated dependencies of target gazebo_ros_imu_sensor[0m
[0.111s] [35m[1mConsolidate compiler generated dependencies of target gazebo_ros_p3d[0m
[0.115s] [35m[1mConsolidate compiler generated dependencies of target gazebo_ros_ft_sensor[0m
[0.115s] [35m[1mConsolidate compiler generated dependencies of target gazebo_ros_hand_of_god[0m
[0.115s] [35m[1mConsolidate compiler generated dependencies of target gazebo_ros_tricycle_drive[0m
[0.116s] [35m[1mConsolidate compiler generated dependencies of target gazebo_ros_video[0m
[0.118s] [35m[1mConsolidate compiler generated dependencies of target gazebo_ros_joint_pose_trajectory[0m
[0.118s] [35m[1mConsolidate compiler generated dependencies of target gazebo_ros_bumper[0m
[0.118s] [35m[1mConsolidate compiler generated dependencies of target gazebo_ros_vacuum_gripper[0m
[0.118s] [35m[1mConsolidate compiler generated dependencies of target gazebo_ros_harness[0m
[0.119s] [35m[1mConsolidate compiler generated dependencies of target gazebo_ros_elevator[0m
[0.119s] [35m[1mConsolidate compiler generated dependencies of target gazebo_ros_planar_move[0m
[0.120s] [  1%] [32mBuilding CXX object CMakeFiles/multi_camera_plugin.dir/src/multi_camera_plugin.cpp.o[0m
[0.120s] [35m[1mConsolidate compiler generated dependencies of target gtest_main[0m
[0.121s] [35m[1mConsolidate compiler generated dependencies of target gazebo_ros_wheel_slip[0m
[0.121s] [35m[1mConsolidate compiler generated dependencies of target gtest[0m
[0.121s] [  2%] [32mBuilding CXX object CMakeFiles/gazebo_ros_force.dir/src/gazebo_ros_force.cpp.o[0m
[0.131s] [  3%] [32mBuilding CXX object CMakeFiles/gazebo_ros_ackermann_drive.dir/src/gazebo_ros_ackermann_drive.cpp.o[0m
[0.131s] [  4%] [32mBuilding CXX object CMakeFiles/gazebo_ros_ray_sensor.dir/src/gazebo_ros_ray_sensor.cpp.o[0m
[0.132s] [  5%] [32mBuilding CXX object CMakeFiles/gazebo_ros_projector.dir/src/gazebo_ros_projector.cpp.o[0m
[0.134s] [ 10%] Built target gtest
[0.134s] [ 10%] Built target gazebo_ros_joint_state_publisher
[0.134s] [ 12%] Built target gtest_main
[0.139s] [ 19%] Built target gazebo_ros_template
[0.139s] [ 19%] Built target gazebo_ros_diff_drive
[0.139s] [ 19%] Built target gazebo_ros_gps_sensor
[0.140s] [ 22%] Built target gazebo_ros_imu_sensor
[0.141s] [ 24%] Built target gazebo_ros_ft_sensor
[0.141s] [ 26%] Built target gazebo_ros_p3d
[0.143s] [ 30%] Built target gazebo_ros_bumper
[0.144s] [ 31%] Built target gazebo_ros_tricycle_drive
[0.144s] [ 33%] Built target gazebo_ros_elevator
[0.144s] [ 36%] Built target gazebo_ros_hand_of_god
[0.144s] [ 38%] Built target gazebo_ros_harness
[0.147s] [ 41%] Built target gazebo_ros_vacuum_gripper
[0.148s] [ 43%] Built target gazebo_ros_joint_pose_trajectory
[0.148s] [35m[1mConsolidate compiler generated dependencies of target test_gazebo_ros_bumper[0m
[0.150s] [ 45%] Built target gazebo_ros_planar_move
[0.152s] [ 46%] [32mBuilding CXX object test/CMakeFiles/test_gazebo_ros_ackermann_drive.dir/test_gazebo_ros_ackermann_drive.cpp.o[0m
[0.153s] [ 48%] Built target gazebo_ros_video
[0.153s] [ 50%] [32mBuilding CXX object test/CMakeFiles/test_gazebo_ros_diff_drive.dir/test_gazebo_ros_diff_drive.cpp.o[0m
[0.155s] [ 52%] Built target gazebo_ros_wheel_slip
[0.159s] [ 53%] [32mBuilding CXX object test/CMakeFiles/test_gazebo_ros_elevator.dir/test_gazebo_ros_elevator.cpp.o[0m
[0.160s] [ 55%] [32mBuilding CXX object test/CMakeFiles/test_gazebo_ros_ft_sensor.dir/test_gazebo_ros_ft_sensor.cpp.o[0m
[0.160s] [ 55%] [32mBuilding CXX object test/CMakeFiles/test_gazebo_ros_imu_sensor.dir/test_gazebo_ros_imu_sensor.cpp.o[0m
[0.160s] [ 56%] [32mBuilding CXX object test/CMakeFiles/test_gazebo_ros_hand_of_god.dir/test_gazebo_ros_hand_of_god.cpp.o[0m
[0.160s] [ 58%] [32mBuilding CXX object test/CMakeFiles/test_gazebo_ros_gps_sensor.dir/test_gazebo_ros_gps_sensor.cpp.o[0m
[0.160s] [ 59%] [32mBuilding CXX object test/CMakeFiles/test_gazebo_ros_force.dir/test_gazebo_ros_force.cpp.o[0m
[0.161s] [ 60%] [32mBuilding CXX object test/CMakeFiles/test_gazebo_ros_harness.dir/test_gazebo_ros_harness.cpp.o[0m
[0.162s] [ 61%] [32mBuilding CXX object test/CMakeFiles/test_gazebo_ros_joint_state_publisher.dir/test_gazebo_ros_joint_state_publisher.cpp.o[0m
[0.162s] [ 62%] [32mBuilding CXX object test/CMakeFiles/test_gazebo_ros_joint_pose_trajectory.dir/test_gazebo_ros_joint_pose_trajectory.cpp.o[0m
[0.165s] [ 63%] [32mBuilding CXX object test/CMakeFiles/test_gazebo_ros_planar_move.dir/test_gazebo_ros_planar_move.cpp.o[0m
[0.170s] [ 66%] [32mBuilding CXX object test/CMakeFiles/test_gazebo_ros_ray_sensor.dir/test_gazebo_ros_ray_sensor.cpp.o[0m
[0.170s] [ 66%] [32mBuilding CXX object test/CMakeFiles/test_gazebo_ros_p3d.dir/test_gazebo_ros_p3d.cpp.o[0m
[0.171s] [ 67%] [32mBuilding CXX object test/CMakeFiles/test_gazebo_ros_tricycle_drive.dir/test_gazebo_ros_tricycle_drive.cpp.o[0m
[0.171s] [ 68%] [32mBuilding CXX object test/CMakeFiles/test_gazebo_ros_vacuum_gripper.dir/test_gazebo_ros_vacuum_gripper.cpp.o[0m
[0.178s] [ 69%] [32mBuilding CXX object test/CMakeFiles/test_gazebo_ros_wheelslip.dir/test_gazebo_ros_wheelslip.cpp.o[0m
[0.186s] [ 72%] Built target test_gazebo_ros_bumper
[22.775s] [01m[Kc++:[m[K [01;31m[Kfatal error: [m[KKilled signal terminated program cc1plus
[22.785s] compilation terminated.
[22.786s] gmake[2]: *** [CMakeFiles/gazebo_ros_ray_sensor.dir/build.make:76: CMakeFiles/gazebo_ros_ray_sensor.dir/src/gazebo_ros_ray_sensor.cpp.o] Error 1
[22.786s] gmake[1]: *** [CMakeFiles/Makefile2:458: CMakeFiles/gazebo_ros_ray_sensor.dir/all] Error 2
[22.786s] gmake[1]: *** Waiting for unfinished jobs....
[28.530s] [01m[Kc++:[m[K [01;31m[Kfatal error: [m[KKilled signal terminated program cc1plus
[28.535s] compilation terminated.
[28.540s] gmake[2]: *** [CMakeFiles/multi_camera_plugin.dir/build.make:76: CMakeFiles/multi_camera_plugin.dir/src/multi_camera_plugin.cpp.o] Error 1
[28.545s] gmake[1]: *** [CMakeFiles/Makefile2:354: CMakeFiles/multi_camera_plugin.dir/all] Error 2
[30.014s] [01m[Kc++:[m[K [01;31m[Kfatal error: [m[KKilled signal terminated program cc1plus
[30.016s] compilation terminated.
[30.027s] gmake[2]: *** [test/CMakeFiles/test_gazebo_ros_planar_move.dir/build.make:76: test/CMakeFiles/test_gazebo_ros_planar_move.dir/test_gazebo_ros_planar_move.cpp.o] Error 1
[30.054s] gmake[1]: *** [CMakeFiles/Makefile2:1200: test/CMakeFiles/test_gazebo_ros_planar_move.dir/all] Error 2
[36.144s] [01m[Kc++:[m[K [01;31m[Kfatal error: [m[KKilled signal terminated program cc1plus
[36.145s] compilation terminated.
[36.154s] gmake[2]: *** [test/CMakeFiles/test_gazebo_ros_hand_of_god.dir/build.make:76: test/CMakeFiles/test_gazebo_ros_hand_of_god.dir/test_gazebo_ros_hand_of_god.cpp.o] Error 1
[36.159s] gmake[1]: *** [CMakeFiles/Makefile2:1011: test/CMakeFiles/test_gazebo_ros_hand_of_god.dir/all] Error 2
[51.636s] [01m[Kc++:[m[K [01;31m[Kfatal error: [m[KKilled signal terminated program cc1plus
[51.640s] compilation terminated.
[51.641s] gmake[2]: *** [CMakeFiles/gazebo_ros_projector.dir/build.make:76: CMakeFiles/gazebo_ros_projector.dir/src/gazebo_ros_projector.cpp.o] Error 1
[51.641s] gmake[1]: *** [CMakeFiles/Makefile2:796: CMakeFiles/gazebo_ros_projector.dir/all] Error 2
[64.924s] [01m[Kc++:[m[K [01;31m[Kfatal error: [m[KKilled signal terminated program cc1plus
[64.926s] compilation terminated.
[64.933s] gmake[2]: *** [CMakeFiles/gazebo_ros_ackermann_drive.dir/build.make:76: CMakeFiles/gazebo_ros_ackermann_drive.dir/src/gazebo_ros_ackermann_drive.cpp.o] Error 1
[64.938s] gmake[1]: *** [CMakeFiles/Makefile2:666: CMakeFiles/gazebo_ros_ackermann_drive.dir/all] Error 2
[68.461s] [ 73%] [32m[1mLinking CXX shared library libgazebo_ros_force.so[0m
[70.206s] [ 73%] Built target gazebo_ros_force
[78.217s] [01m[Kc++:[m[K [01;31m[Kfatal error: [m[KKilled signal terminated program cc1plus
[78.223s] compilation terminated.
[78.224s] gmake[2]: *** [test/CMakeFiles/test_gazebo_ros_gps_sensor.dir/build.make:76: test/CMakeFiles/test_gazebo_ros_gps_sensor.dir/test_gazebo_ros_gps_sensor.cpp.o] Error 1
[78.228s] gmake[1]: *** [CMakeFiles/Makefile2:1092: test/CMakeFiles/test_gazebo_ros_gps_sensor.dir/all] Error 2
[86.584s] [01m[Kc++:[m[K [01;31m[Kfatal error: [m[KKilled signal terminated program cc1plus
[86.585s] compilation terminated.
[86.602s] gmake[2]: *** [test/CMakeFiles/test_gazebo_ros_harness.dir/build.make:76: test/CMakeFiles/test_gazebo_ros_harness.dir/test_gazebo_ros_harness.cpp.o] Error 1
[86.610s] gmake[1]: *** [CMakeFiles/Makefile2:1038: test/CMakeFiles/test_gazebo_ros_harness.dir/all] Error 2
[96.374s] [01m[Kc++:[m[K [01;31m[Kfatal error: [m[KKilled signal terminated program cc1plus
[96.379s] compilation terminated.
[96.390s] gmake[2]: *** [test/CMakeFiles/test_gazebo_ros_diff_drive.dir/build.make:76: test/CMakeFiles/test_gazebo_ros_diff_drive.dir/test_gazebo_ros_diff_drive.cpp.o] Error 1
[96.395s] gmake[1]: *** [CMakeFiles/Makefile2:903: test/CMakeFiles/test_gazebo_ros_diff_drive.dir/all] Error 2
[106.308s] [01m[Kc++:[m[K [01;31m[Kfatal error: [m[KKilled signal terminated program cc1plus
[106.310s] compilation terminated.
[106.325s] gmake[2]: *** [test/CMakeFiles/test_gazebo_ros_elevator.dir/build.make:76: test/CMakeFiles/test_gazebo_ros_elevator.dir/test_gazebo_ros_elevator.cpp.o] Error 1
[106.333s] gmake[1]: *** [CMakeFiles/Makefile2:930: test/CMakeFiles/test_gazebo_ros_elevator.dir/all] Error 2
[112.984s] [01m[Kc++:[m[K [01;31m[Kfatal error: [m[KKilled signal terminated program cc1plus
[112.985s] compilation terminated.
[112.993s] gmake[2]: *** [test/CMakeFiles/test_gazebo_ros_ray_sensor.dir/build.make:76: test/CMakeFiles/test_gazebo_ros_ray_sensor.dir/test_gazebo_ros_ray_sensor.cpp.o] Error 1
[112.997s] gmake[1]: *** [CMakeFiles/Makefile2:1227: test/CMakeFiles/test_gazebo_ros_ray_sensor.dir/all] Error 2
[141.823s] [ 74%] [32m[1mLinking CXX executable test_gazebo_ros_vacuum_gripper[0m
[142.971s] [ 75%] [32m[1mLinking CXX executable test_gazebo_ros_joint_pose_trajectory[0m
[143.524s] [ 75%] Built target test_gazebo_ros_vacuum_gripper
[143.528s] [ 76%] [32m[1mLinking CXX executable test_gazebo_ros_ft_sensor[0m
[144.234s] [ 76%] Built target test_gazebo_ros_joint_pose_trajectory
[144.276s] [ 77%] [32m[1mLinking CXX executable test_gazebo_ros_force[0m
[144.906s] [ 77%] Built target test_gazebo_ros_ft_sensor
[145.459s] [ 77%] Built target test_gazebo_ros_force
[145.494s] [ 79%] [32m[1mLinking CXX executable test_gazebo_ros_imu_sensor[0m
[146.148s] [ 80%] [32m[1mLinking CXX executable test_gazebo_ros_tricycle_drive[0m
[146.778s] [ 80%] Built target test_gazebo_ros_imu_sensor
[147.260s] [ 80%] Built target test_gazebo_ros_tricycle_drive
[148.132s] [ 81%] [32m[1mLinking CXX executable test_gazebo_ros_p3d[0m
[149.098s] [ 81%] Built target test_gazebo_ros_p3d
[149.533s] [ 82%] [32m[1mLinking CXX executable test_gazebo_ros_joint_state_publisher[0m
[150.505s] [ 82%] Built target test_gazebo_ros_joint_state_publisher
[150.514s] [ 83%] [32m[1mLinking CXX executable test_gazebo_ros_wheelslip[0m
[151.444s] [ 83%] Built target test_gazebo_ros_wheelslip
[154.606s] [ 84%] [32m[1mLinking CXX executable test_gazebo_ros_ackermann_drive[0m
[155.595s] [ 84%] Built target test_gazebo_ros_ackermann_drive
[155.608s] gmake: *** [Makefile:146: all] Error 2
[155.729s] Invoked command in '/home/fourdds/ws/build/gazebo_plugins' returned '2': AMENT_PREFIX_PATH=/home/fourdds/ws/install/gazebo_ros:/home/fourdds/ws/install/gazebo_msgs:/home/fourdds/ws/install/gazebo_dev:/home/fourdds/ws/install/cv_bridge:${AMENT_PREFIX_PATH} CMAKE_PREFIX_PATH=/home/fourdds/ws/install/gazebo_ros:/home/fourdds/ws/install/gazebo_msgs:/home/fourdds/ws/install/gazebo_dev:/home/fourdds/ws/install/cv_bridge:/home/fourdds/ros2_ws/install/uuv_boids:/home/fourdds/ros2_ws/install/target_detection:/home/fourdds/ros2_ws/install/stigmergy_map:/home/fourdds/ros2_ws/install/stigmergy:/home/fourdds/ros2_ws/install/px4_ros_com:/home/fourdds/ros2_ws/install/iris-logger:/home/fourdds/ros2_ws/install/boids:/home/fourdds/ros2_ws/install/px4_msgs:/home/fourdds/ros2_ws/install/obstacle_avoidance:/home/fourdds/ros2_ws/install/logging:/home/fourdds/ros2_ws/install/parameters:/home/fourdds/ros2_ws/install/flocking:/home/fourdds/ros2_ws/install/fdds_messages:/home/fourdds/ros2_ws/install/drone:/home/fourdds/ros2_ws/install/base_station:/home/fourdds/ros2_ws/install/analysis:/opt/ros/humble LD_LIBRARY_PATH=/home/fourdds/ws/install/gazebo_ros/lib:/home/fourdds/ws/install/gazebo_msgs/lib:/home/fourdds/ws/install/cv_bridge/lib:${LD_LIBRARY_PATH} PYTHONPATH=/home/fourdds/ws/install/gazebo_ros/local/lib/python3.10/dist-packages:/home/fourdds/ws/install/gazebo_msgs/local/lib/python3.10/dist-packages:/home/fourdds/ws/install/cv_bridge/local/lib/python3.10/dist-packages:${PYTHONPATH} /usr/bin/cmake --build /home/fourdds/ws/build/gazebo_plugins -- -j24 -l24
