-- Found ament_cmake: 1.3.8 (/opt/ros/humble/share/ament_cmake/cmake)
-- Found builtin_interfaces: 1.2.1 (/opt/ros/humble/share/builtin_interfaces/cmake)
-- Found rosidl_generator_c: 3.1.5 (/opt/ros/humble/share/rosidl_generator_c/cmake)
-- Found rosidl_adapter: 3.1.5 (/opt/ros/humble/share/rosidl_adapter/cmake)
-- Found rosidl_generator_cpp: 3.1.5 (/opt/ros/humble/share/rosidl_generator_cpp/cmake)
-- Using all available rosidl_typesupport_c: rosidl_typesupport_fastrtps_c;rosidl_typesupport_introspection_c
-- Using all available rosidl_typesupport_cpp: rosidl_typesupport_fastrtps_cpp;rosidl_typesupport_introspection_cpp
-- Found eigen3_cmake_module: 0.1.1 (/opt/ros/humble/share/eigen3_cmake_module/cmake)
-- Found geometry_msgs: 4.2.3 (/opt/ros/humble/share/geometry_msgs/cmake)
-- Found px4_msgs: 2.0.1 (/home/fourdds/ros2_ws/install/px4_msgs/share/px4_msgs/cmake)
-- Found rclcpp: 16.0.8 (/opt/ros/humble/share/rclcpp/cmake)
-- Found rmw_implementation_cmake: 6.1.1 (/opt/ros/humble/share/rmw_implementation_cmake/cmake)
-- Found rmw_fastrtps_cpp: 6.2.6 (/opt/ros/humble/share/rmw_fastrtps_cpp/cmake)
-- Using RMW implementation 'rmw_fastrtps_cpp' as default
-- Found sensor_msgs: 4.2.3 (/opt/ros/humble/share/sensor_msgs/cmake)
-- Found rclpy: 3.3.12 (/opt/ros/humble/share/rclpy/cmake)
-- Found boids: 0.0.0 (/home/fourdds/ros2_ws/install/boids/share/boids/cmake)
-- Found cv_bridge: 3.2.1 (/opt/ros/humble/share/cv_bridge/cmake)
-- Found image_transport: 3.1.8 (/opt/ros/humble/share/image_transport/cmake)
-- Found obstacle_avoidance: 0.0.0 (/home/fourdds/ros2_ws/install/obstacle_avoidance/share/obstacle_avoidance/cmake)
-- Found parameters: 0.0.0 (/home/fourdds/ros2_ws/install/parameters/share/parameters/cmake)
-- Found rosidl_default_generators: 1.2.0 (/opt/ros/humble/share/rosidl_default_generators/cmake)
-- Found ament_cmake_ros: 0.10.0 (/opt/ros/humble/share/ament_cmake_ros/cmake)
-- Using all available rosidl_typesupport_c: rosidl_typesupport_fastrtps_c;rosidl_typesupport_introspection_c
-- Using all available rosidl_typesupport_cpp: rosidl_typesupport_fastrtps_cpp;rosidl_typesupport_introspection_cpp
-- Found python_cmake_module: 0.10.0 (/opt/ros/humble/share/python_cmake_module/cmake)
-- Using PYTHON_EXECUTABLE: /usr/bin/python3
-- Using PYTHON_INCLUDE_DIRS: /usr/include/python3.10
-- Using PYTHON_LIBRARIES: /usr/lib/x86_64-linux-gnu/libpython3.10.so
-- Found ament_lint_auto: 0.12.10 (/opt/ros/humble/share/ament_lint_auto/cmake)
-- Added test 'copyright' to check source files copyright and LICENSE
-- Added test 'cppcheck' to perform static code analysis on C / C++ code
-- Configured cppcheck include dirs: /home/fourdds/ros2_ws/src/boids/include;$<BUILD_INTERFACE:/home/fourdds/ros2_ws/src/boids/include/boids>
-- Configured cppcheck exclude dirs and/or files: 
-- Added test 'cpplint' to check C / C++ code against the Google style
-- Configured cpplint exclude dirs and/or files: 
-- Added test 'flake8' to check Python code syntax and style conventions
-- Added test 'lint_cmake' to check CMake code style
-- Added test 'pep257' to check Python code against some of the docstring style conventions in PEP 257
-- Added test 'uncrustify' to check C / C++ code style
-- Configured uncrustify additional arguments: 
-- Added test 'xmllint' to check XML markup files
-- Configuring done
-- Generating done
-- Build files have been written to: /home/fourdds/ros2_ws/build/boids
[35m[1mConsolidate compiler generated dependencies of target boids__rosidl_generator_c[0m
[35m[1mConsolidate compiler generated dependencies of target frame_transforms[0m
[  8%] Built target boids__rosidl_generator_c
[ 10%] Built target boids__cpp
[35m[1mConsolidate compiler generated dependencies of target swarm_spawner[0m
[ 15%] Built target frame_transforms
[35m[1mConsolidate compiler generated dependencies of target boids__rosidl_typesupport_introspection_c[0m
[ 15%] Built target ament_cmake_python_copy_boids
[35m[1mConsolidate compiler generated dependencies of target boids__rosidl_typesupport_fastrtps_cpp[0m
[35m[1mConsolidate compiler generated dependencies of target boids__rosidl_typesupport_cpp[0m
[35m[1mConsolidate compiler generated dependencies of target boids__rosidl_typesupport_introspection_cpp[0m
[35m[1mConsolidate compiler generated dependencies of target boids__rosidl_typesupport_c[0m
[35m[1mConsolidate compiler generated dependencies of target boids__rosidl_typesupport_fastrtps_c[0m
[ 23%] Built target boids__rosidl_typesupport_introspection_c
[ 41%] Built target boids__rosidl_typesupport_c
[ 43%] [32mBuilding CXX object CMakeFiles/swarm_spawner.dir/src/uav_node.cpp.o[0m
[ 41%] Built target boids__rosidl_typesupport_cpp
[ 52%] Built target boids__rosidl_typesupport_fastrtps_c
[ 54%] [32mBuilding CXX object CMakeFiles/swarm_spawner.dir/src/base_station.cpp.o[0m
[ 65%] [32mBuilding CXX object CMakeFiles/swarm_spawner.dir/src/main.cpp.o[0m
[ 65%] Built target boids__rosidl_typesupport_fastrtps_cpp
[ 73%] Built target boids__rosidl_typesupport_introspection_cpp
[ 76%] [32mBuilding CXX object CMakeFiles/swarm_spawner.dir/src/yaml.cpp.o[0m
[ 76%] Built target boids
[ 78%] Built target boids__py
[35m[1mConsolidate compiler generated dependencies of target boids__rosidl_generator_py[0m
[ 84%] Built target boids__rosidl_generator_py
[35m[1mConsolidate compiler generated dependencies of target boids__rosidl_typesupport_introspection_c__pyext[0m
[35m[1mConsolidate compiler generated dependencies of target boids__rosidl_typesupport_c__pyext[0m
[35m[1mConsolidate compiler generated dependencies of target boids__rosidl_typesupport_fastrtps_c__pyext[0m
[ 89%] Built target boids__rosidl_typesupport_introspection_c__pyext
[ 97%] Built target boids__rosidl_typesupport_fastrtps_c__pyext
[ 97%] Built target boids__rosidl_typesupport_c__pyext
running egg_info
writing boids.egg-info/PKG-INFO
writing dependency_links to boids.egg-info/dependency_links.txt
writing top-level names to boids.egg-info/top_level.txt
reading manifest file 'boids.egg-info/SOURCES.txt'
writing manifest file 'boids.egg-info/SOURCES.txt'
[ 97%] Built target ament_cmake_python_build_boids_egg
In file included from [01m[K/home/fourdds/ros2_ws/src/boids/src/options.hpp:4[m[K,
                 from [01m[K/home/fourdds/ros2_ws/src/boids/src/uav_node.hpp:18[m[K,
                 from [01m[K/home/fourdds/ros2_ws/src/boids/src/uav_node.cpp:1[m[K:
[01m[K/home/fourdds/ros2_ws/src/boids/src/yaml.hpp:68:16:[m[K [01;31m[Kerror: [m[Kredefinition of â€˜[01m[Kstruct Yaml::impl::StringConverter<T>[m[Kâ€™
   68 |         struct [01;31m[KStringConverter[m[K
      |                [01;31m[K^~~~~~~~~~~~~~~[m[K
In file included from [01m[K/home/fourdds/ros2_ws/install/parameters/include/parameters/Parameters.hpp:3[m[K,
                 from [01m[K/home/fourdds/ros2_ws/install/obstacle_avoidance/include/obstacle_avoidance/ObstacleAvoidance.hpp:3[m[K,
                 from [01m[K/home/fourdds/ros2_ws/src/boids/src/uav_node.hpp:15[m[K,
                 from [01m[K/home/fourdds/ros2_ws/src/boids/src/uav_node.cpp:1[m[K:
[01m[K/home/fourdds/ros2_ws/install/parameters/include/parameters/yaml.hpp:68:16:[m[K [01;36m[Knote: [m[Kprevious definition of â€˜[01m[Kstruct Yaml::impl::StringConverter<T>[m[Kâ€™
   68 |         struct [01;36m[KStringConverter[m[K
      |                [01;36m[K^~~~~~~~~~~~~~~[m[K
In file included from [01m[K/home/fourdds/ros2_ws/src/boids/src/options.hpp:4[m[K,
                 from [01m[K/home/fourdds/ros2_ws/src/boids/src/uav_node.hpp:18[m[K,
                 from [01m[K/home/fourdds/ros2_ws/src/boids/src/uav_node.cpp:1[m[K:
[01m[K/home/fourdds/ros2_ws/src/boids/src/yaml.hpp:93:16:[m[K [01;31m[Kerror: [m[Kredefinition of â€˜[01m[Kstruct Yaml::impl::StringConverter<std::__cxx11::basic_string<char> >[m[Kâ€™
   93 |         struct [01;31m[KStringConverter<std::string>[m[K
      |                [01;31m[K^~~~~~~~~~~~~~~~~~~~~~~~~~~~[m[K
In file included from [01m[K/home/fourdds/ros2_ws/install/parameters/include/parameters/Parameters.hpp:3[m[K,
                 from [01m[K/home/fourdds/ros2_ws/install/obstacle_avoidance/include/obstacle_avoidance/ObstacleAvoidance.hpp:3[m[K,
                 from [01m[K/home/fourdds/ros2_ws/src/boids/src/uav_node.hpp:15[m[K,
                 from [01m[K/home/fourdds/ros2_ws/src/boids/src/uav_node.cpp:1[m[K:
[01m[K/home/fourdds/ros2_ws/install/parameters/include/parameters/yaml.hpp:93:16:[m[K [01;36m[Knote: [m[Kprevious definition of â€˜[01m[Kstruct Yaml::impl::StringConverter<std::__cxx11::basic_string<char> >[m[Kâ€™
   93 |         struct [01;36m[KStringConverter<std::string>[m[K
      |                [01;36m[K^~~~~~~~~~~~~~~~~~~~~~~~~~~~[m[K
In file included from [01m[K/home/fourdds/ros2_ws/src/boids/src/options.hpp:4[m[K,
                 from [01m[K/home/fourdds/ros2_ws/src/boids/src/uav_node.hpp:18[m[K,
                 from [01m[K/home/fourdds/ros2_ws/src/boids/src/uav_node.cpp:1[m[K:
[01m[K/home/fourdds/ros2_ws/src/boids/src/yaml.hpp:111:16:[m[K [01;31m[Kerror: [m[Kredefinition of â€˜[01m[Kstruct Yaml::impl::StringConverter<bool>[m[Kâ€™
  111 |         struct [01;31m[KStringConverter<bool>[m[K
      |                [01;31m[K^~~~~~~~~~~~~~~~~~~~~[m[K
In file included from [01m[K/home/fourdds/ros2_ws/install/parameters/include/parameters/Parameters.hpp:3[m[K,
                 from [01m[K/home/fourdds/ros2_ws/install/obstacle_avoidance/include/obstacle_avoidance/ObstacleAvoidance.hpp:3[m[K,
                 from [01m[K/home/fourdds/ros2_ws/src/boids/src/uav_node.hpp:15[m[K,
                 from [01m[K/home/fourdds/ros2_ws/src/boids/src/uav_node.cpp:1[m[K:
[01m[K/home/fourdds/ros2_ws/install/parameters/include/parameters/yaml.hpp:111:16:[m[K [01;36m[Knote: [m[Kprevious definition of â€˜[01m[Kstruct Yaml::impl::StringConverter<bool>[m[Kâ€™
  111 |         struct [01;36m[KStringConverter<bool>[m[K
      |                [01;36m[K^~~~~~~~~~~~~~~~~~~~~[m[K
In file included from [01m[K/home/fourdds/ros2_ws/src/boids/src/options.hpp:4[m[K,
                 from [01m[K/home/fourdds/ros2_ws/src/boids/src/uav_node.hpp:18[m[K,
                 from [01m[K/home/fourdds/ros2_ws/src/boids/src/uav_node.cpp:1[m[K:
[01m[K/home/fourdds/ros2_ws/src/boids/src/yaml.hpp:143:11:[m[K [01;31m[Kerror: [m[Kredefinition of â€˜[01m[Kclass Yaml::Exception[m[Kâ€™
  143 |     class [01;31m[KException[m[K : public std::runtime_error
      |           [01;31m[K^~~~~~~~~[m[K
In file included from [01m[K/home/fourdds/ros2_ws/install/parameters/include/parameters/Parameters.hpp:3[m[K,
                 from [01m[K/home/fourdds/ros2_ws/install/obstacle_avoidance/include/obstacle_avoidance/ObstacleAvoidance.hpp:3[m[K,
                 from [01m[K/home/fourdds/ros2_ws/src/boids/src/uav_node.hpp:15[m[K,
                 from [01m[K/home/fourdds/ros2_ws/src/boids/src/uav_node.cpp:1[m[K:
[01m[K/home/fourdds/ros2_ws/install/parameters/include/parameters/yaml.hpp:143:11:[m[K [01;36m[Knote: [m[Kprevious definition of â€˜[01m[Kclass Yaml::Exception[m[Kâ€™
  143 |     class [01;36m[KException[m[K : public std::runtime_error
      |           [01;36m[K^~~~~~~~~[m[K
In file included from [01m[K/home/fourdds/ros2_ws/src/boids/src/options.hpp:4[m[K,
                 from [01m[K/home/fourdds/ros2_ws/src/boids/src/uav_node.hpp:18[m[K,
                 from [01m[K/home/fourdds/ros2_ws/src/boids/src/uav_node.cpp:1[m[K:
[01m[K/home/fourdds/ros2_ws/src/boids/src/yaml.hpp:193:11:[m[K [01;31m[Kerror: [m[Kredefinition of â€˜[01m[Kclass Yaml::InternalException[m[Kâ€™
  193 |     class [01;31m[KInternalException[m[K : public Exception
      |           [01;31m[K^~~~~~~~~~~~~~~~~[m[K
In file included from [01m[K/home/fourdds/ros2_ws/install/parameters/include/parameters/Parameters.hpp:3[m[K,
                 from [01m[K/home/fourdds/ros2_ws/install/obstacle_avoidance/include/obstacle_avoidance/ObstacleAvoidance.hpp:3[m[K,
                 from [01m[K/home/fourdds/ros2_ws/src/boids/src/uav_node.hpp:15[m[K,
                 from [01m[K/home/fourdds/ros2_ws/src/boids/src/uav_node.cpp:1[m[K:
[01m[K/home/fourdds/ros2_ws/install/parameters/include/parameters/yaml.hpp:193:11:[m[K [01;36m[Knote: [m[Kprevious definition of â€˜[01m[Kclass Yaml::InternalException[m[Kâ€™
  193 |     class [01;36m[KInternalException[m[K : public Exception
      |           [01;36m[K^~~~~~~~~~~~~~~~~[m[K
In file included from [01m[K/home/fourdds/ros2_ws/src/boids/src/options.hpp:4[m[K,
                 from [01m[K/home/fourdds/ros2_ws/src/boids/src/uav_node.hpp:18[m[K,
                 from [01m[K/home/fourdds/ros2_ws/src/boids/src/uav_node.cpp:1[m[K:
[01m[K/home/fourdds/ros2_ws/src/boids/src/yaml.hpp:215:11:[m[K [01;31m[Kerror: [m[Kredefinition of â€˜[01m[Kclass Yaml::ParsingException[m[Kâ€™
  215 |     class [01;31m[KParsingException[m[K : public Exception
      |           [01;31m[K^~~~~~~~~~~~~~~~[m[K
In file included from [01m[K/home/fourdds/ros2_ws/install/parameters/include/parameters/Parameters.hpp:3[m[K,
                 from [01m[K/home/fourdds/ros2_ws/install/obstacle_avoidance/include/obstacle_avoidance/ObstacleAvoidance.hpp:3[m[K,
                 from [01m[K/home/fourdds/ros2_ws/src/boids/src/uav_node.hpp:15[m[K,
                 from [01m[K/home/fourdds/ros2_ws/src/boids/src/uav_node.cpp:1[m[K:
[01m[K/home/fourdds/ros2_ws/install/parameters/include/parameters/yaml.hpp:215:11:[m[K [01;36m[Knote: [m[Kprevious definition of â€˜[01m[Kclass Yaml::ParsingException[m[Kâ€™
  215 |     class [01;36m[KParsingException[m[K : public Exception
      |           [01;36m[K^~~~~~~~~~~~~~~~[m[K
In file included from [01m[K/home/fourdds/ros2_ws/src/boids/src/options.hpp:4[m[K,
                 from [01m[K/home/fourdds/ros2_ws/src/boids/src/uav_node.hpp:18[m[K,
                 from [01m[K/home/fourdds/ros2_ws/src/boids/src/uav_node.cpp:1[m[K:
[01m[K/home/fourdds/ros2_ws/src/boids/src/yaml.hpp:237:11:[m[K [01;31m[Kerror: [m[Kredefinition of â€˜[01m[Kclass Yaml::OperationException[m[Kâ€™
  237 |     class [01;31m[KOperationException[m[K : public Exception
      |           [01;31m[K^~~~~~~~~~~~~~~~~~[m[K
In file included from [01m[K/home/fourdds/ros2_ws/install/parameters/include/parameters/Parameters.hpp:3[m[K,
                 from [01m[K/home/fourdds/ros2_ws/install/obstacle_avoidance/include/obstacle_avoidance/ObstacleAvoidance.hpp:3[m[K,
                 from [01m[K/home/fourdds/ros2_ws/src/boids/src/uav_node.hpp:15[m[K,
                 from [01m[K/home/fourdds/ros2_ws/src/boids/src/uav_node.cpp:1[m[K:
[01m[K/home/fourdds/ros2_ws/install/parameters/include/parameters/yaml.hpp:237:11:[m[K [01;36m[Knote: [m[Kprevious definition of â€˜[01m[Kclass Yaml::OperationException[m[Kâ€™
  237 |     class [01;36m[KOperationException[m[K : public Exception
      |           [01;36m[K^~~~~~~~~~~~~~~~~~[m[K
In file included from [01m[K/home/fourdds/ros2_ws/src/boids/src/options.hpp:4[m[K,
                 from [01m[K/home/fourdds/ros2_ws/src/boids/src/uav_node.hpp:18[m[K,
                 from [01m[K/home/fourdds/ros2_ws/src/boids/src/uav_node.cpp:1[m[K:
[01m[K/home/fourdds/ros2_ws/src/boids/src/yaml.hpp:257:11:[m[K [01;31m[Kerror: [m[Kredefinition of â€˜[01m[Kclass Yaml::Iterator[m[Kâ€™
  257 |     class [01;31m[KIterator[m[K
      |           [01;31m[K^~~~~~~~[m[K
In file included from [01m[K/home/fourdds/ros2_ws/install/parameters/include/parameters/Parameters.hpp:3[m[K,
                 from [01m[K/home/fourdds/ros2_ws/install/obstacle_avoidance/include/obstacle_avoidance/ObstacleAvoidance.hpp:3[m[K,
                 from [01m[K/home/fourdds/ros2_ws/src/boids/src/uav_node.hpp:15[m[K,
                 from [01m[K/home/fourdds/ros2_ws/src/boids/src/uav_node.cpp:1[m[K:
[01m[K/home/fourdds/ros2_ws/install/parameters/include/parameters/yaml.hpp:257:11:[m[K [01;36m[Knote: [m[Kprevious definition of â€˜[01m[Kclass Yaml::Iterator[m[Kâ€™
  257 |     class [01;36m[KIterator[m[K
      |           [01;36m[K^~~~~~~~[m[K
In file included from [01m[K/home/fourdds/ros2_ws/src/boids/src/options.hpp:4[m[K,
                 from [01m[K/home/fourdds/ros2_ws/src/boids/src/uav_node.hpp:18[m[K,
                 from [01m[K/home/fourdds/ros2_ws/src/boids/src/uav_node.cpp:1[m[K:
[01m[K/home/fourdds/ros2_ws/src/boids/src/yaml.hpp:338:11:[m[K [01;31m[Kerror: [m[Kredefinition of â€˜[01m[Kclass Yaml::ConstIterator[m[Kâ€™
  338 |     class [01;31m[KConstIterator[m[K
      |           [01;31m[K^~~~~~~~~~~~~[m[K
In file included from [01m[K/home/fourdds/ros2_ws/install/parameters/include/parameters/Parameters.hpp:3[m[K,
                 from [01m[K/home/fourdds/ros2_ws/install/obstacle_avoidance/include/obstacle_avoidance/ObstacleAvoidance.hpp:3[m[K,
                 from [01m[K/home/fourdds/ros2_ws/src/boids/src/uav_node.hpp:15[m[K,
                 from [01m[K/home/fourdds/ros2_ws/src/boids/src/uav_node.cpp:1[m[K:
[01m[K/home/fourdds/ros2_ws/install/parameters/include/parameters/yaml.hpp:338:11:[m[K [01;36m[Knote: [m[Kprevious definition of â€˜[01m[Kclass Yaml::ConstIterator[m[Kâ€™
  338 |     class [01;36m[KConstIterator[m[K
      |           [01;36m[K^~~~~~~~~~~~~[m[K
In file included from [01m[K/home/fourdds/ros2_ws/src/boids/src/options.hpp:4[m[K,
                 from [01m[K/home/fourdds/ros2_ws/src/boids/src/uav_node.hpp:18[m[K,
                 from [01m[K/home/fourdds/ros2_ws/src/boids/src/uav_node.cpp:1[m[K:
[01m[K/home/fourdds/ros2_ws/src/boids/src/yaml.hpp:419:11:[m[K [01;31m[Kerror: [m[Kredefinition of â€˜[01m[Kclass Yaml::Node[m[Kâ€™
  419 |     class [01;31m[KNode[m[K
      |           [01;31m[K^~~~[m[K
In file included from [01m[K/home/fourdds/ros2_ws/install/parameters/include/parameters/Parameters.hpp:3[m[K,
                 from [01m[K/home/fourdds/ros2_ws/install/obstacle_avoidance/include/obstacle_avoidance/ObstacleAvoidance.hpp:3[m[K,
                 from [01m[K/home/fourdds/ros2_ws/src/boids/src/uav_node.hpp:15[m[K,
                 from [01m[K/home/fourdds/ros2_ws/src/boids/src/uav_node.cpp:1[m[K:
[01m[K/home/fourdds/ros2_ws/install/parameters/include/parameters/yaml.hpp:419:11:[m[K [01;36m[Knote: [m[Kprevious definition of â€˜[01m[Kclass Yaml::Node[m[Kâ€™
  419 |     class [01;36m[KNode[m[K
      |           [01;36m[K^~~~[m[K
In file included from [01m[K/home/fourdds/ros2_ws/src/boids/src/options.hpp:4[m[K,
                 from [01m[K/home/fourdds/ros2_ws/src/boids/src/uav_node.hpp:18[m[K,
                 from [01m[K/home/fourdds/ros2_ws/src/boids/src/uav_node.cpp:1[m[K:
[01m[K/home/fourdds/ros2_ws/src/boids/src/yaml.hpp:613:12:[m[K [01;31m[Kerror: [m[Kredefinition of â€˜[01m[Kstruct Yaml::SerializeConfig[m[Kâ€™
  613 |     struct [01;31m[KSerializeConfig[m[K
      |            [01;31m[K^~~~~~~~~~~~~~~[m[K
In file included from [01m[K/home/fourdds/ros2_ws/install/parameters/include/parameters/Parameters.hpp:3[m[K,
                 from [01m[K/home/fourdds/ros2_ws/install/obstacle_avoidance/include/obstacle_avoidance/ObstacleAvoidance.hpp:3[m[K,
                 from [01m[K/home/fourdds/ros2_ws/src/boids/src/uav_node.hpp:15[m[K,
                 from [01m[K/home/fourdds/ros2_ws/src/boids/src/uav_node.cpp:1[m[K:
[01m[K/home/fourdds/ros2_ws/install/parameters/include/parameters/yaml.hpp:613:12:[m[K [01;36m[Knote: [m[Kprevious definition of â€˜[01m[Kstruct Yaml::SerializeConfig[m[Kâ€™
  613 |     struct [01;36m[KSerializeConfig[m[K
      |            [01;36m[K^~~~~~~~~~~~~~~[m[K
In file included from [01m[K/home/fourdds/ros2_ws/src/boids/src/options.hpp:4[m[K,
                 from [01m[K/home/fourdds/ros2_ws/src/boids/src/uav_node.hpp:18[m[K,
                 from [01m[K/home/fourdds/ros2_ws/src/boids/src/uav_node.cpp:1[m[K:
[01m[K/home/fourdds/ros2_ws/src/boids/src/yaml.hpp:652:10:[m[K [01;31m[Kerror: [m[Kdefault argument given for parameter 3 of â€˜[01m[Kvoid Yaml::Serialize(const Yaml::Node&, const char*, const Yaml::SerializeConfig&)[m[Kâ€™
  652 |     void [01;31m[KSerialize[m[K(const Node & root, const char * filename, const SerializeConfig & config = {2, 64, false, false});
      |          [01;31m[K^~~~~~~~~[m[K
In file included from [01m[K/home/fourdds/ros2_ws/install/parameters/include/parameters/Parameters.hpp:3[m[K,
                 from [01m[K/home/fourdds/ros2_ws/install/obstacle_avoidance/include/obstacle_avoidance/ObstacleAvoidance.hpp:3[m[K,
                 from [01m[K/home/fourdds/ros2_ws/src/boids/src/uav_node.hpp:15[m[K,
                 from [01m[K/home/fourdds/ros2_ws/src/boids/src/uav_node.cpp:1[m[K:
[01m[K/home/fourdds/ros2_ws/install/parameters/include/parameters/yaml.hpp:652:10:[m[K [01;36m[Knote: [m[Kprevious specification in â€˜[01m[Kvoid Yaml::Serialize(const Yaml::Node&, const char*, const Yaml::SerializeConfig&)[m[Kâ€™ here
  652 |     void [01;36m[KSerialize[m[K(const Node & root, const char * filename, const SerializeConfig & config = {2, 64, false, false});
      |          [01;36m[K^~~~~~~~~[m[K
In file included from [01m[K/home/fourdds/ros2_ws/src/boids/src/options.hpp:4[m[K,
                 from [01m[K/home/fourdds/ros2_ws/src/boids/src/uav_node.hpp:18[m[K,
                 from [01m[K/home/fourdds/ros2_ws/src/boids/src/uav_node.cpp:1[m[K:
[01m[K/home/fourdds/ros2_ws/src/boids/src/yaml.hpp:653:10:[m[K [01;31m[Kerror: [m[Kdefault argument given for parameter 3 of â€˜[01m[Kvoid Yaml::Serialize(const Yaml::Node&, std::iostream&, const Yaml::SerializeConfig&)[m[Kâ€™
  653 |     void [01;31m[KSerialize[m[K(const Node & root, std::iostream & stream, const SerializeConfig & config = {2, 64, false, false});
      |          [01;31m[K^~~~~~~~~[m[K
In file included from [01m[K/home/fourdds/ros2_ws/install/parameters/include/parameters/Parameters.hpp:3[m[K,
                 from [01m[K/home/fourdds/ros2_ws/install/obstacle_avoidance/include/obstacle_avoidance/ObstacleAvoidance.hpp:3[m[K,
                 from [01m[K/home/fourdds/ros2_ws/src/boids/src/uav_node.hpp:15[m[K,
                 from [01m[K/home/fourdds/ros2_ws/src/boids/src/uav_node.cpp:1[m[K:
[01m[K/home/fourdds/ros2_ws/install/parameters/include/parameters/yaml.hpp:653:10:[m[K [01;36m[Knote: [m[Kprevious specification in â€˜[01m[Kvoid Yaml::Serialize(const Yaml::Node&, std::iostream&, const Yaml::SerializeConfig&)[m[Kâ€™ here
  653 |     void [01;36m[KSerialize[m[K(const Node & root, std::iostream & stream, const SerializeConfig & config = {2, 64, false, false});
      |          [01;36m[K^~~~~~~~~[m[K
In file included from [01m[K/home/fourdds/ros2_ws/src/boids/src/options.hpp:4[m[K,
                 from [01m[K/home/fourdds/ros2_ws/src/boids/src/uav_node.hpp:18[m[K,
                 from [01m[K/home/fourdds/ros2_ws/src/boids/src/uav_node.cpp:1[m[K:
[01m[K/home/fourdds/ros2_ws/src/boids/src/yaml.hpp:654:10:[m[K [01;31m[Kerror: [m[Kdefault argument given for parameter 3 of â€˜[01m[Kvoid Yaml::Serialize(const Yaml::Node&, std::string&, const Yaml::SerializeConfig&)[m[Kâ€™
  654 |     void [01;31m[KSerialize[m[K(const Node & root, std::string & string, const SerializeConfig & config = {2, 64, false, false});
      |          [01;31m[K^~~~~~~~~[m[K
In file included from [01m[K/home/fourdds/ros2_ws/install/parameters/include/parameters/Parameters.hpp:3[m[K,
                 from [01m[K/home/fourdds/ros2_ws/install/obstacle_avoidance/include/obstacle_avoidance/ObstacleAvoidance.hpp:3[m[K,
                 from [01m[K/home/fourdds/ros2_ws/src/boids/src/uav_node.hpp:15[m[K,
                 from [01m[K/home/fourdds/ros2_ws/src/boids/src/uav_node.cpp:1[m[K:
[01m[K/home/fourdds/ros2_ws/install/parameters/include/parameters/yaml.hpp:654:10:[m[K [01;36m[Knote: [m[Kprevious specification in â€˜[01m[Kvoid Yaml::Serialize(const Yaml::Node&, std::string&, const Yaml::SerializeConfig&)[m[Kâ€™ here
  654 |     void [01;36m[KSerialize[m[K(const Node & root, std::string & string, const SerializeConfig & config = {2, 64, false, false});
      |          [01;36m[K^~~~~~~~~[m[K
In file included from [01m[K/home/fourdds/ros2_ws/src/boids/src/options.hpp:4[m[K,
                 from [01m[K/home/fourdds/ros2_ws/src/boids/src/uav_node.hpp:18[m[K,
                 from [01m[K/home/fourdds/ros2_ws/src/boids/src/main.cpp:1[m[K:
[01m[K/home/fourdds/ros2_ws/src/boids/src/yaml.hpp:68:16:[m[K [01;31m[Kerror: [m[Kredefinition of â€˜[01m[Kstruct Yaml::impl::StringConverter<T>[m[Kâ€™
   68 |         struct [01;31m[KStringConverter[m[K
      |                [01;31m[K^~~~~~~~~~~~~~~[m[K
In file included from [01m[K/home/fourdds/ros2_ws/install/parameters/include/parameters/Parameters.hpp:3[m[K,
                 from [01m[K/home/fourdds/ros2_ws/install/obstacle_avoidance/include/obstacle_avoidance/ObstacleAvoidance.hpp:3[m[K,
                 from [01m[K/home/fourdds/ros2_ws/src/boids/src/uav_node.hpp:15[m[K,
                 from [01m[K/home/fourdds/ros2_ws/src/boids/src/main.cpp:1[m[K:
[01m[K/home/fourdds/ros2_ws/install/parameters/include/parameters/yaml.hpp:68:16:[m[K [01;36m[Knote: [m[Kprevious definition of â€˜[01m[Kstruct Yaml::impl::StringConverter<T>[m[Kâ€™
   68 |         struct [01;36m[KStringConverter[m[K
      |                [01;36m[K^~~~~~~~~~~~~~~[m[K
In file included from [01m[K/home/fourdds/ros2_ws/src/boids/src/options.hpp:4[m[K,
                 from [01m[K/home/fourdds/ros2_ws/src/boids/src/uav_node.hpp:18[m[K,
                 from [01m[K/home/fourdds/ros2_ws/src/boids/src/main.cpp:1[m[K:
[01m[K/home/fourdds/ros2_ws/src/boids/src/yaml.hpp:93:16:[m[K [01;31m[Kerror: [m[Kredefinition of â€˜[01m[Kstruct Yaml::impl::StringConverter<std::__cxx11::basic_string<char> >[m[Kâ€™
   93 |         struct [01;31m[KStringConverter<std::string>[m[K
      |                [01;31m[K^~~~~~~~~~~~~~~~~~~~~~~~~~~~[m[K
In file included from [01m[K/home/fourdds/ros2_ws/install/parameters/include/parameters/Parameters.hpp:3[m[K,
                 from [01m[K/home/fourdds/ros2_ws/install/obstacle_avoidance/include/obstacle_avoidance/ObstacleAvoidance.hpp:3[m[K,
                 from [01m[K/home/fourdds/ros2_ws/src/boids/src/uav_node.hpp:15[m[K,
                 from [01m[K/home/fourdds/ros2_ws/src/boids/src/main.cpp:1[m[K:
[01m[K/home/fourdds/ros2_ws/install/parameters/include/parameters/yaml.hpp:93:16:[m[K [01;36m[Knote: [m[Kprevious definition of â€˜[01m[Kstruct Yaml::impl::StringConverter<std::__cxx11::basic_string<char> >[m[Kâ€™
   93 |         struct [01;36m[KStringConverter<std::string>[m[K
      |                [01;36m[K^~~~~~~~~~~~~~~~~~~~~~~~~~~~[m[K
In file included from [01m[K/home/fourdds/ros2_ws/src/boids/src/options.hpp:4[m[K,
                 from [01m[K/home/fourdds/ros2_ws/src/boids/src/uav_node.hpp:18[m[K,
                 from [01m[K/home/fourdds/ros2_ws/src/boids/src/main.cpp:1[m[K:
[01m[K/home/fourdds/ros2_ws/src/boids/src/yaml.hpp:111:16:[m[K [01;31m[Kerror: [m[Kredefinition of â€˜[01m[Kstruct Yaml::impl::StringConverter<bool>[m[Kâ€™
  111 |         struct [01;31m[KStringConverter<bool>[m[K
      |                [01;31m[K^~~~~~~~~~~~~~~~~~~~~[m[K
In file included from [01m[K/home/fourdds/ros2_ws/install/parameters/include/parameters/Parameters.hpp:3[m[K,
                 from [01m[K/home/fourdds/ros2_ws/install/obstacle_avoidance/include/obstacle_avoidance/ObstacleAvoidance.hpp:3[m[K,
                 from [01m[K/home/fourdds/ros2_ws/src/boids/src/uav_node.hpp:15[m[K,
                 from [01m[K/home/fourdds/ros2_ws/src/boids/src/main.cpp:1[m[K:
[01m[K/home/fourdds/ros2_ws/install/parameters/include/parameters/yaml.hpp:111:16:[m[K [01;36m[Knote: [m[Kprevious definition of â€˜[01m[Kstruct Yaml::impl::StringConverter<bool>[m[Kâ€™
  111 |         struct [01;36m[KStringConverter<bool>[m[K
      |                [01;36m[K^~~~~~~~~~~~~~~~~~~~~[m[K
In file included from [01m[K/home/fourdds/ros2_ws/src/boids/src/options.hpp:4[m[K,
                 from [01m[K/home/fourdds/ros2_ws/src/boids/src/uav_node.hpp:18[m[K,
                 from [01m[K/home/fourdds/ros2_ws/src/boids/src/main.cpp:1[m[K:
[01m[K/home/fourdds/ros2_ws/src/boids/src/yaml.hpp:143:11:[m[K [01;31m[Kerror: [m[Kredefinition of â€˜[01m[Kclass Yaml::Exception[m[Kâ€™
  143 |     class [01;31m[KException[m[K : public std::runtime_error
      |           [01;31m[K^~~~~~~~~[m[K
In file included from [01m[K/home/fourdds/ros2_ws/install/parameters/include/parameters/Parameters.hpp:3[m[K,
                 from [01m[K/home/fourdds/ros2_ws/install/obstacle_avoidance/include/obstacle_avoidance/ObstacleAvoidance.hpp:3[m[K,
                 from [01m[K/home/fourdds/ros2_ws/src/boids/src/uav_node.hpp:15[m[K,
                 from [01m[K/home/fourdds/ros2_ws/src/boids/src/main.cpp:1[m[K:
[01m[K/home/fourdds/ros2_ws/install/parameters/include/parameters/yaml.hpp:143:11:[m[K [01;36m[Knote: [m[Kprevious definition of â€˜[01m[Kclass Yaml::Exception[m[Kâ€™
  143 |     class [01;36m[KException[m[K : public std::runtime_error
      |           [01;36m[K^~~~~~~~~[m[K
In file included from [01m[K/home/fourdds/ros2_ws/src/boids/src/options.hpp:4[m[K,
                 from [01m[K/home/fourdds/ros2_ws/src/boids/src/uav_node.hpp:18[m[K,
                 from [01m[K/home/fourdds/ros2_ws/src/boids/src/main.cpp:1[m[K:
[01m[K/home/fourdds/ros2_ws/src/boids/src/yaml.hpp:193:11:[m[K [01;31m[Kerror: [m[Kredefinition of â€˜[01m[Kclass Yaml::InternalException[m[Kâ€™
  193 |     class [01;31m[KInternalException[m[K : public Exception
      |           [01;31m[K^~~~~~~~~~~~~~~~~[m[K
In file included from [01m[K/home/fourdds/ros2_ws/install/parameters/include/parameters/Parameters.hpp:3[m[K,
                 from [01m[K/home/fourdds/ros2_ws/install/obstacle_avoidance/include/obstacle_avoidance/ObstacleAvoidance.hpp:3[m[K,
                 from [01m[K/home/fourdds/ros2_ws/src/boids/src/uav_node.hpp:15[m[K,
                 from [01m[K/home/fourdds/ros2_ws/src/boids/src/main.cpp:1[m[K:
[01m[K/home/fourdds/ros2_ws/install/parameters/include/parameters/yaml.hpp:193:11:[m[K [01;36m[Knote: [m[Kprevious definition of â€˜[01m[Kclass Yaml::InternalException[m[Kâ€™
  193 |     class [01;36m[KInternalException[m[K : public Exception
      |           [01;36m[K^~~~~~~~~~~~~~~~~[m[K
In file included from [01m[K/home/fourdds/ros2_ws/src/boids/src/options.hpp:4[m[K,
                 from [01m[K/home/fourdds/ros2_ws/src/boids/src/uav_node.hpp:18[m[K,
                 from [01m[K/home/fourdds/ros2_ws/src/boids/src/main.cpp:1[m[K:
[01m[K/home/fourdds/ros2_ws/src/boids/src/yaml.hpp:215:11:[m[K [01;31m[Kerror: [m[Kredefinition of â€˜[01m[Kclass Yaml::ParsingException[m[Kâ€™
  215 |     class [01;31m[KParsingException[m[K : public Exception
      |           [01;31m[K^~~~~~~~~~~~~~~~[m[K
In file included from [01m[K/home/fourdds/ros2_ws/install/parameters/include/parameters/Parameters.hpp:3[m[K,
                 from [01m[K/home/fourdds/ros2_ws/install/obstacle_avoidance/include/obstacle_avoidance/ObstacleAvoidance.hpp:3[m[K,
                 from [01m[K/home/fourdds/ros2_ws/src/boids/src/uav_node.hpp:15[m[K,
                 from [01m[K/home/fourdds/ros2_ws/src/boids/src/main.cpp:1[m[K:
[01m[K/home/fourdds/ros2_ws/install/parameters/include/parameters/yaml.hpp:215:11:[m[K [01;36m[Knote: [m[Kprevious definition of â€˜[01m[Kclass Yaml::ParsingException[m[Kâ€™
  215 |     class [01;36m[KParsingException[m[K : public Exception
      |           [01;36m[K^~~~~~~~~~~~~~~~[m[K
In file included from [01m[K/home/fourdds/ros2_ws/src/boids/src/options.hpp:4[m[K,
                 from [01m[K/home/fourdds/ros2_ws/src/boids/src/uav_node.hpp:18[m[K,
                 from [01m[K/home/fourdds/ros2_ws/src/boids/src/main.cpp:1[m[K:
[01m[K/home/fourdds/ros2_ws/src/boids/src/yaml.hpp:237:11:[m[K [01;31m[Kerror: [m[Kredefinition of â€˜[01m[Kclass Yaml::OperationException[m[Kâ€™
  237 |     class [01;31m[KOperationException[m[K : public Exception
      |           [01;31m[K^~~~~~~~~~~~~~~~~~[m[K
In file included from [01m[K/home/fourdds/ros2_ws/install/parameters/include/parameters/Parameters.hpp:3[m[K,
                 from [01m[K/home/fourdds/ros2_ws/install/obstacle_avoidance/include/obstacle_avoidance/ObstacleAvoidance.hpp:3[m[K,
                 from [01m[K/home/fourdds/ros2_ws/src/boids/src/uav_node.hpp:15[m[K,
                 from [01m[K/home/fourdds/ros2_ws/src/boids/src/main.cpp:1[m[K:
[01m[K/home/fourdds/ros2_ws/install/parameters/include/parameters/yaml.hpp:237:11:[m[K [01;36m[Knote: [m[Kprevious definition of â€˜[01m[Kclass Yaml::OperationException[m[Kâ€™
  237 |     class [01;36m[KOperationException[m[K : public Exception
      |           [01;36m[K^~~~~~~~~~~~~~~~~~[m[K
In file included from [01m[K/home/fourdds/ros2_ws/src/boids/src/options.hpp:4[m[K,
                 from [01m[K/home/fourdds/ros2_ws/src/boids/src/uav_node.hpp:18[m[K,
                 from [01m[K/home/fourdds/ros2_ws/src/boids/src/main.cpp:1[m[K:
[01m[K/home/fourdds/ros2_ws/src/boids/src/yaml.hpp:257:11:[m[K [01;31m[Kerror: [m[Kredefinition of â€˜[01m[Kclass Yaml::Iterator[m[Kâ€™
  257 |     class [01;31m[KIterator[m[K
      |           [01;31m[K^~~~~~~~[m[K
In file included from [01m[K/home/fourdds/ros2_ws/install/parameters/include/parameters/Parameters.hpp:3[m[K,
                 from [01m[K/home/fourdds/ros2_ws/install/obstacle_avoidance/include/obstacle_avoidance/ObstacleAvoidance.hpp:3[m[K,
                 from [01m[K/home/fourdds/ros2_ws/src/boids/src/uav_node.hpp:15[m[K,
                 from [01m[K/home/fourdds/ros2_ws/src/boids/src/main.cpp:1[m[K:
[01m[K/home/fourdds/ros2_ws/install/parameters/include/parameters/yaml.hpp:257:11:[m[K [01;36m[Knote: [m[Kprevious definition of â€˜[01m[Kclass Yaml::Iterator[m[Kâ€™
  257 |     class [01;36m[KIterator[m[K
      |           [01;36m[K^~~~~~~~[m[K
In file included from [01m[K/home/fourdds/ros2_ws/src/boids/src/options.hpp:4[m[K,
                 from [01m[K/home/fourdds/ros2_ws/src/boids/src/uav_node.hpp:18[m[K,
                 from [01m[K/home/fourdds/ros2_ws/src/boids/src/main.cpp:1[m[K:
[01m[K/home/fourdds/ros2_ws/src/boids/src/yaml.hpp:338:11:[m[K [01;31m[Kerror: [m[Kredefinition of â€˜[01m[Kclass Yaml::ConstIterator[m[Kâ€™
  338 |     class [01;31m[KConstIterator[m[K
      |           [01;31m[K^~~~~~~~~~~~~[m[K
In file included from [01m[K/home/fourdds/ros2_ws/install/parameters/include/parameters/Parameters.hpp:3[m[K,
                 from [01m[K/home/fourdds/ros2_ws/install/obstacle_avoidance/include/obstacle_avoidance/ObstacleAvoidance.hpp:3[m[K,
                 from [01m[K/home/fourdds/ros2_ws/src/boids/src/uav_node.hpp:15[m[K,
                 from [01m[K/home/fourdds/ros2_ws/src/boids/src/main.cpp:1[m[K:
[01m[K/home/fourdds/ros2_ws/install/parameters/include/parameters/yaml.hpp:338:11:[m[K [01;36m[Knote: [m[Kprevious definition of â€˜[01m[Kclass Yaml::ConstIterator[m[Kâ€™
  338 |     class [01;36m[KConstIterator[m[K
      |           [01;36m[K^~~~~~~~~~~~~[m[K
In file included from [01m[K/home/fourdds/ros2_ws/src/boids/src/options.hpp:4[m[K,
                 from [01m[K/home/fourdds/ros2_ws/src/boids/src/uav_node.hpp:18[m[K,
                 from [01m[K/home/fourdds/ros2_ws/src/boids/src/main.cpp:1[m[K:
[01m[K/home/fourdds/ros2_ws/src/boids/src/yaml.hpp:419:11:[m[K [01;31m[Kerror: [m[Kredefinition of â€˜[01m[Kclass Yaml::Node[m[Kâ€™
  419 |     class [01;31m[KNode[m[K
      |           [01;31m[K^~~~[m[K
In file included from [01m[K/home/fourdds/ros2_ws/install/parameters/include/parameters/Parameters.hpp:3[m[K,
                 from [01m[K/home/fourdds/ros2_ws/install/obstacle_avoidance/include/obstacle_avoidance/ObstacleAvoidance.hpp:3[m[K,
                 from [01m[K/home/fourdds/ros2_ws/src/boids/src/uav_node.hpp:15[m[K,
                 from [01m[K/home/fourdds/ros2_ws/src/boids/src/main.cpp:1[m[K:
[01m[K/home/fourdds/ros2_ws/install/parameters/include/parameters/yaml.hpp:419:11:[m[K [01;36m[Knote: [m[Kprevious definition of â€˜[01m[Kclass Yaml::Node[m[Kâ€™
  419 |     class [01;36m[KNode[m[K
      |           [01;36m[K^~~~[m[K
In file included from [01m[K/home/fourdds/ros2_ws/src/boids/src/options.hpp:4[m[K,
                 from [01m[K/home/fourdds/ros2_ws/src/boids/src/uav_node.hpp:18[m[K,
                 from [01m[K/home/fourdds/ros2_ws/src/boids/src/main.cpp:1[m[K:
[01m[K/home/fourdds/ros2_ws/src/boids/src/yaml.hpp:613:12:[m[K [01;31m[Kerror: [m[Kredefinition of â€˜[01m[Kstruct Yaml::SerializeConfig[m[Kâ€™
  613 |     struct [01;31m[KSerializeConfig[m[K
      |            [01;31m[K^~~~~~~~~~~~~~~[m[K
In file included from [01m[K/home/fourdds/ros2_ws/install/parameters/include/parameters/Parameters.hpp:3[m[K,
                 from [01m[K/home/fourdds/ros2_ws/install/obstacle_avoidance/include/obstacle_avoidance/ObstacleAvoidance.hpp:3[m[K,
                 from [01m[K/home/fourdds/ros2_ws/src/boids/src/uav_node.hpp:15[m[K,
                 from [01m[K/home/fourdds/ros2_ws/src/boids/src/main.cpp:1[m[K:
[01m[K/home/fourdds/ros2_ws/install/parameters/include/parameters/yaml.hpp:613:12:[m[K [01;36m[Knote: [m[Kprevious definition of â€˜[01m[Kstruct Yaml::SerializeConfig[m[Kâ€™
  613 |     struct [01;36m[KSerializeConfig[m[K
      |            [01;36m[K^~~~~~~~~~~~~~~[m[K
In file included from [01m[K/home/fourdds/ros2_ws/src/boids/src/options.hpp:4[m[K,
                 from [01m[K/home/fourdds/ros2_ws/src/boids/src/uav_node.hpp:18[m[K,
                 from [01m[K/home/fourdds/ros2_ws/src/boids/src/main.cpp:1[m[K:
[01m[K/home/fourdds/ros2_ws/src/boids/src/yaml.hpp:652:10:[m[K [01;31m[Kerror: [m[Kdefault argument given for parameter 3 of â€˜[01m[Kvoid Yaml::Serialize(const Yaml::Node&, const char*, const Yaml::SerializeConfig&)[m[Kâ€™
  652 |     void [01;31m[KSerialize[m[K(const Node & root, const char * filename, const SerializeConfig & config = {2, 64, false, false});
      |          [01;31m[K^~~~~~~~~[m[K
In file included from [01m[K/home/fourdds/ros2_ws/install/parameters/include/parameters/Parameters.hpp:3[m[K,
                 from [01m[K/home/fourdds/ros2_ws/install/obstacle_avoidance/include/obstacle_avoidance/ObstacleAvoidance.hpp:3[m[K,
                 from [01m[K/home/fourdds/ros2_ws/src/boids/src/uav_node.hpp:15[m[K,
                 from [01m[K/home/fourdds/ros2_ws/src/boids/src/main.cpp:1[m[K:
[01m[K/home/fourdds/ros2_ws/install/parameters/include/parameters/yaml.hpp:652:10:[m[K [01;36m[Knote: [m[Kprevious specification in â€˜[01m[Kvoid Yaml::Serialize(const Yaml::Node&, const char*, const Yaml::SerializeConfig&)[m[Kâ€™ here
  652 |     void [01;36m[KSerialize[m[K(const Node & root, const char * filename, const SerializeConfig & config = {2, 64, false, false});
      |          [01;36m[K^~~~~~~~~[m[K
In file included from [01m[K/home/fourdds/ros2_ws/src/boids/src/options.hpp:4[m[K,
                 from [01m[K/home/fourdds/ros2_ws/src/boids/src/uav_node.hpp:18[m[K,
                 from [01m[K/home/fourdds/ros2_ws/src/boids/src/main.cpp:1[m[K:
[01m[K/home/fourdds/ros2_ws/src/boids/src/yaml.hpp:653:10:[m[K [01;31m[Kerror: [m[Kdefault argument given for parameter 3 of â€˜[01m[Kvoid Yaml::Serialize(const Yaml::Node&, std::iostream&, const Yaml::SerializeConfig&)[m[Kâ€™
  653 |     void [01;31m[KSerialize[m[K(const Node & root, std::iostream & stream, const SerializeConfig & config = {2, 64, false, false});
      |          [01;31m[K^~~~~~~~~[m[K
In file included from [01m[K/home/fourdds/ros2_ws/install/parameters/include/parameters/Parameters.hpp:3[m[K,
                 from [01m[K/home/fourdds/ros2_ws/install/obstacle_avoidance/include/obstacle_avoidance/ObstacleAvoidance.hpp:3[m[K,
                 from [01m[K/home/fourdds/ros2_ws/src/boids/src/uav_node.hpp:15[m[K,
                 from [01m[K/home/fourdds/ros2_ws/src/boids/src/main.cpp:1[m[K:
[01m[K/home/fourdds/ros2_ws/install/parameters/include/parameters/yaml.hpp:653:10:[m[K [01;36m[Knote: [m[Kprevious specification in â€˜[01m[Kvoid Yaml::Serialize(const Yaml::Node&, std::iostream&, const Yaml::SerializeConfig&)[m[Kâ€™ here
  653 |     void [01;36m[KSerialize[m[K(const Node & root, std::iostream & stream, const SerializeConfig & config = {2, 64, false, false});
      |          [01;36m[K^~~~~~~~~[m[K
In file included from [01m[K/home/fourdds/ros2_ws/src/boids/src/options.hpp:4[m[K,
                 from [01m[K/home/fourdds/ros2_ws/src/boids/src/uav_node.hpp:18[m[K,
                 from [01m[K/home/fourdds/ros2_ws/src/boids/src/main.cpp:1[m[K:
[01m[K/home/fourdds/ros2_ws/src/boids/src/yaml.hpp:654:10:[m[K [01;31m[Kerror: [m[Kdefault argument given for parameter 3 of â€˜[01m[Kvoid Yaml::Serialize(const Yaml::Node&, std::string&, const Yaml::SerializeConfig&)[m[Kâ€™
  654 |     void [01;31m[KSerialize[m[K(const Node & root, std::string & string, const SerializeConfig & config = {2, 64, false, false});
      |          [01;31m[K^~~~~~~~~[m[K
In file included from [01m[K/home/fourdds/ros2_ws/install/parameters/include/parameters/Parameters.hpp:3[m[K,
                 from [01m[K/home/fourdds/ros2_ws/install/obstacle_avoidance/include/obstacle_avoidance/ObstacleAvoidance.hpp:3[m[K,
                 from [01m[K/home/fourdds/ros2_ws/src/boids/src/uav_node.hpp:15[m[K,
                 from [01m[K/home/fourdds/ros2_ws/src/boids/src/main.cpp:1[m[K:
[01m[K/home/fourdds/ros2_ws/install/parameters/include/parameters/yaml.hpp:654:10:[m[K [01;36m[Knote: [m[Kprevious specification in â€˜[01m[Kvoid Yaml::Serialize(const Yaml::Node&, std::string&, const Yaml::SerializeConfig&)[m[Kâ€™ here
  654 |     void [01;36m[KSerialize[m[K(const Node & root, std::string & string, const SerializeConfig & config = {2, 64, false, false});
      |          [01;36m[K^~~~~~~~~[m[K
gmake[2]: *** [CMakeFiles/swarm_spawner.dir/build.make:104: CMakeFiles/swarm_spawner.dir/src/main.cpp.o] Error 1
gmake[2]: *** Waiting for unfinished jobs....
gmake[2]: *** [CMakeFiles/swarm_spawner.dir/build.make:76: CMakeFiles/swarm_spawner.dir/src/uav_node.cpp.o] Error 1
gmake[1]: *** [CMakeFiles/Makefile2:620: CMakeFiles/swarm_spawner.dir/all] Error 2
gmake: *** [Makefile:146: all] Error 2
