[0.008s] Invoking command in '/home/fourdds/ros2_ws/build/boids': CMAKE_PREFIX_PATH=/home/fourdds/ros2_ws/install/px4_msgs:/home/fourdds/ros2_ws/install/obstacle_avoidance:/home/fourdds/ros2_ws/install/uuv_boids:/home/fourdds/ros2_ws/install/stigmergy:/home/fourdds/ros2_ws/install/px4_ros_com:/home/fourdds/ros2_ws/install/iris-logger:/home/fourdds/ros2_ws/install/boids:/home/fourdds/ros2_ws/install/logging:/home/fourdds/ros2_ws/install/parameters:/opt/ros/humble LD_LIBRARY_PATH=/home/fourdds/ros2_ws/install/px4_msgs/lib:/home/fourdds/ros2_ws/install/obstacle_avoidance/lib:/home/fourdds/ros2_ws/install/uuv_boids/lib:/home/fourdds/ros2_ws/install/stigmergy/lib:/home/fourdds/ros2_ws/install/px4_ros_com/lib:/home/fourdds/ros2_ws/install/boids/lib:/home/fourdds/ros2_ws/install/parameters/lib:/usr/lib/x86_64-linux-gnu/gazebo-11/plugins:/opt/ros/humble/opt/rviz_ogre_vendor/lib:/opt/ros/humble/lib/x86_64-linux-gnu:/opt/ros/humble/lib /usr/bin/cmake --build /home/fourdds/ros2_ws/build/boids -- -j24 -l24
[0.020s] -- Found ament_cmake: 1.3.8 (/opt/ros/humble/share/ament_cmake/cmake)
[0.085s] -- Found builtin_interfaces: 1.2.1 (/opt/ros/humble/share/builtin_interfaces/cmake)
[0.097s] -- Found rosidl_generator_c: 3.1.5 (/opt/ros/humble/share/rosidl_generator_c/cmake)
[0.098s] -- Found rosidl_adapter: 3.1.5 (/opt/ros/humble/share/rosidl_adapter/cmake)
[0.101s] -- Found rosidl_generator_cpp: 3.1.5 (/opt/ros/humble/share/rosidl_generator_cpp/cmake)
[0.107s] -- Using all available rosidl_typesupport_c: rosidl_typesupport_fastrtps_c;rosidl_typesupport_introspection_c
[0.115s] -- Using all available rosidl_typesupport_cpp: rosidl_typesupport_fastrtps_cpp;rosidl_typesupport_introspection_cpp
[0.123s] -- Found eigen3_cmake_module: 0.1.1 (/opt/ros/humble/share/eigen3_cmake_module/cmake)
[0.123s] -- Found geometry_msgs: 4.2.3 (/opt/ros/humble/share/geometry_msgs/cmake)
[0.171s] -- Found px4_msgs: 2.0.1 (/home/fourdds/ros2_ws/install/px4_msgs/share/px4_msgs/cmake)
[0.187s] -- Found rclcpp: 16.0.8 (/opt/ros/humble/share/rclcpp/cmake)
[0.215s] -- Found rmw_implementation_cmake: 6.1.1 (/opt/ros/humble/share/rmw_implementation_cmake/cmake)
[0.216s] -- Found rmw_fastrtps_cpp: 6.2.6 (/opt/ros/humble/share/rmw_fastrtps_cpp/cmake)
[0.273s] -- Using RMW implementation 'rmw_fastrtps_cpp' as default
[0.337s] -- Found sensor_msgs: 4.2.3 (/opt/ros/humble/share/sensor_msgs/cmake)
[0.381s] -- Found rclpy: 3.3.12 (/opt/ros/humble/share/rclpy/cmake)
[0.381s] -- Found boids: 0.0.0 (/home/fourdds/ros2_ws/install/boids/share/boids/cmake)
[0.407s] -- Found cv_bridge: 3.2.1 (/opt/ros/humble/share/cv_bridge/cmake)
[0.414s] -- Found image_transport: 3.1.8 (/opt/ros/humble/share/image_transport/cmake)
[0.433s] -- Found obstacle_avoidance: 0.0.0 (/home/fourdds/ros2_ws/install/obstacle_avoidance/share/obstacle_avoidance/cmake)
[0.434s] -- Found parameters: 0.0.0 (/home/fourdds/ros2_ws/install/parameters/share/parameters/cmake)
[0.434s] -- Found rosidl_default_generators: 1.2.0 (/opt/ros/humble/share/rosidl_default_generators/cmake)
[0.569s] -- Found ament_cmake_ros: 0.10.0 (/opt/ros/humble/share/ament_cmake_ros/cmake)
[0.725s] -- Using all available rosidl_typesupport_c: rosidl_typesupport_fastrtps_c;rosidl_typesupport_introspection_c
[0.785s] -- Using all available rosidl_typesupport_cpp: rosidl_typesupport_fastrtps_cpp;rosidl_typesupport_introspection_cpp
[0.796s] -- Found python_cmake_module: 0.10.0 (/opt/ros/humble/share/python_cmake_module/cmake)
[0.808s] -- Using PYTHON_EXECUTABLE: /usr/bin/python3
[0.808s] -- Using PYTHON_INCLUDE_DIRS: /usr/include/python3.10
[0.808s] -- Using PYTHON_LIBRARIES: /usr/lib/x86_64-linux-gnu/libpython3.10.so
[0.821s] -- Found ament_lint_auto: 0.12.10 (/opt/ros/humble/share/ament_lint_auto/cmake)
[0.825s] -- Added test 'copyright' to check source files copyright and LICENSE
[0.826s] -- Added test 'cppcheck' to perform static code analysis on C / C++ code
[0.826s] -- Configured cppcheck include dirs: /home/fourdds/ros2_ws/src/boids/include;$<BUILD_INTERFACE:/home/fourdds/ros2_ws/src/boids/include/boids>
[0.826s] -- Configured cppcheck exclude dirs and/or files: 
[0.827s] -- Added test 'cpplint' to check C / C++ code against the Google style
[0.827s] -- Configured cpplint exclude dirs and/or files: 
[0.827s] -- Added test 'flake8' to check Python code syntax and style conventions
[0.827s] -- Added test 'lint_cmake' to check CMake code style
[0.827s] -- Added test 'pep257' to check Python code against some of the docstring style conventions in PEP 257
[0.828s] -- Added test 'uncrustify' to check C / C++ code style
[0.828s] -- Configured uncrustify additional arguments: 
[0.828s] -- Added test 'xmllint' to check XML markup files
[0.829s] -- Configuring done
[0.849s] -- Generating done
[0.850s] -- Build files have been written to: /home/fourdds/ros2_ws/build/boids
[0.867s] [35m[1mConsolidate compiler generated dependencies of target boids__rosidl_generator_c[0m
[0.867s] [35m[1mConsolidate compiler generated dependencies of target frame_transforms[0m
[0.871s] [  8%] Built target boids__rosidl_generator_c
[0.871s] [ 10%] Built target boids__cpp
[0.871s] [35m[1mConsolidate compiler generated dependencies of target swarm_spawner[0m
[0.874s] [ 15%] Built target frame_transforms
[0.876s] [35m[1mConsolidate compiler generated dependencies of target boids__rosidl_typesupport_introspection_c[0m
[0.876s] [ 15%] Built target ament_cmake_python_copy_boids
[0.876s] [35m[1mConsolidate compiler generated dependencies of target boids__rosidl_typesupport_fastrtps_cpp[0m
[0.876s] [35m[1mConsolidate compiler generated dependencies of target boids__rosidl_typesupport_cpp[0m
[0.877s] [35m[1mConsolidate compiler generated dependencies of target boids__rosidl_typesupport_introspection_cpp[0m
[0.877s] [35m[1mConsolidate compiler generated dependencies of target boids__rosidl_typesupport_c[0m
[0.878s] [35m[1mConsolidate compiler generated dependencies of target boids__rosidl_typesupport_fastrtps_c[0m
[0.882s] [ 23%] Built target boids__rosidl_typesupport_introspection_c
[0.883s] [ 41%] Built target boids__rosidl_typesupport_c
[0.884s] [ 43%] [32mBuilding CXX object CMakeFiles/swarm_spawner.dir/src/uav_node.cpp.o[0m
[0.884s] [ 41%] Built target boids__rosidl_typesupport_cpp
[0.884s] [ 52%] Built target boids__rosidl_typesupport_fastrtps_c
[0.884s] [ 54%] [32mBuilding CXX object CMakeFiles/swarm_spawner.dir/src/base_station.cpp.o[0m
[0.884s] [ 65%] [32mBuilding CXX object CMakeFiles/swarm_spawner.dir/src/main.cpp.o[0m
[0.885s] [ 65%] Built target boids__rosidl_typesupport_fastrtps_cpp
[0.885s] [ 73%] Built target boids__rosidl_typesupport_introspection_cpp
[0.886s] [ 76%] [32mBuilding CXX object CMakeFiles/swarm_spawner.dir/src/yaml.cpp.o[0m
[0.896s] [ 76%] Built target boids
[0.906s] [ 78%] Built target boids__py
[0.912s] [35m[1mConsolidate compiler generated dependencies of target boids__rosidl_generator_py[0m
[0.921s] [ 84%] Built target boids__rosidl_generator_py
[0.927s] [35m[1mConsolidate compiler generated dependencies of target boids__rosidl_typesupport_introspection_c__pyext[0m
[0.927s] [35m[1mConsolidate compiler generated dependencies of target boids__rosidl_typesupport_c__pyext[0m
[0.928s] [35m[1mConsolidate compiler generated dependencies of target boids__rosidl_typesupport_fastrtps_c__pyext[0m
[0.934s] [ 89%] Built target boids__rosidl_typesupport_introspection_c__pyext
[0.935s] [ 97%] Built target boids__rosidl_typesupport_fastrtps_c__pyext
[0.935s] [ 97%] Built target boids__rosidl_typesupport_c__pyext
[0.984s] running egg_info
[0.990s] writing boids.egg-info/PKG-INFO
[0.991s] writing dependency_links to boids.egg-info/dependency_links.txt
[0.991s] writing top-level names to boids.egg-info/top_level.txt
[1.014s] reading manifest file 'boids.egg-info/SOURCES.txt'
[1.014s] writing manifest file 'boids.egg-info/SOURCES.txt'
[1.031s] [ 97%] Built target ament_cmake_python_build_boids_egg
[3.025s] In file included from [01m[K/home/fourdds/ros2_ws/src/boids/src/options.hpp:4[m[K,
[3.025s]                  from [01m[K/home/fourdds/ros2_ws/src/boids/src/uav_node.hpp:18[m[K,
[3.025s]                  from [01m[K/home/fourdds/ros2_ws/src/boids/src/uav_node.cpp:1[m[K:
[3.025s] [01m[K/home/fourdds/ros2_ws/src/boids/src/yaml.hpp:68:16:[m[K [01;31m[Kerror: [m[Kredefinition of â€˜[01m[Kstruct Yaml::impl::StringConverter<T>[m[Kâ€™
[3.025s]    68 |         struct [01;31m[KStringConverter[m[K
[3.025s]       |                [01;31m[K^~~~~~~~~~~~~~~[m[K
[3.025s] In file included from [01m[K/home/fourdds/ros2_ws/install/parameters/include/parameters/Parameters.hpp:3[m[K,
[3.025s]                  from [01m[K/home/fourdds/ros2_ws/install/obstacle_avoidance/include/obstacle_avoidance/ObstacleAvoidance.hpp:3[m[K,
[3.025s]                  from [01m[K/home/fourdds/ros2_ws/src/boids/src/uav_node.hpp:15[m[K,
[3.026s]                  from [01m[K/home/fourdds/ros2_ws/src/boids/src/uav_node.cpp:1[m[K:
[3.026s] [01m[K/home/fourdds/ros2_ws/install/parameters/include/parameters/yaml.hpp:68:16:[m[K [01;36m[Knote: [m[Kprevious definition of â€˜[01m[Kstruct Yaml::impl::StringConverter<T>[m[Kâ€™
[3.026s]    68 |         struct [01;36m[KStringConverter[m[K
[3.026s]       |                [01;36m[K^~~~~~~~~~~~~~~[m[K
[3.026s] In file included from [01m[K/home/fourdds/ros2_ws/src/boids/src/options.hpp:4[m[K,
[3.026s]                  from [01m[K/home/fourdds/ros2_ws/src/boids/src/uav_node.hpp:18[m[K,
[3.026s]                  from [01m[K/home/fourdds/ros2_ws/src/boids/src/uav_node.cpp:1[m[K:
[3.026s] [01m[K/home/fourdds/ros2_ws/src/boids/src/yaml.hpp:93:16:[m[K [01;31m[Kerror: [m[Kredefinition of â€˜[01m[Kstruct Yaml::impl::StringConverter<std::__cxx11::basic_string<char> >[m[Kâ€™
[3.026s]    93 |         struct [01;31m[KStringConverter<std::string>[m[K
[3.026s]       |                [01;31m[K^~~~~~~~~~~~~~~~~~~~~~~~~~~~[m[K
[3.026s] In file included from [01m[K/home/fourdds/ros2_ws/install/parameters/include/parameters/Parameters.hpp:3[m[K,
[3.026s]                  from [01m[K/home/fourdds/ros2_ws/install/obstacle_avoidance/include/obstacle_avoidance/ObstacleAvoidance.hpp:3[m[K,
[3.026s]                  from [01m[K/home/fourdds/ros2_ws/src/boids/src/uav_node.hpp:15[m[K,
[3.026s]                  from [01m[K/home/fourdds/ros2_ws/src/boids/src/uav_node.cpp:1[m[K:
[3.026s] [01m[K/home/fourdds/ros2_ws/install/parameters/include/parameters/yaml.hpp:93:16:[m[K [01;36m[Knote: [m[Kprevious definition of â€˜[01m[Kstruct Yaml::impl::StringConverter<std::__cxx11::basic_string<char> >[m[Kâ€™
[3.026s]    93 |         struct [01;36m[KStringConverter<std::string>[m[K
[3.026s]       |                [01;36m[K^~~~~~~~~~~~~~~~~~~~~~~~~~~~[m[K
[3.026s] In file included from [01m[K/home/fourdds/ros2_ws/src/boids/src/options.hpp:4[m[K,
[3.026s]                  from [01m[K/home/fourdds/ros2_ws/src/boids/src/uav_node.hpp:18[m[K,
[3.026s]                  from [01m[K/home/fourdds/ros2_ws/src/boids/src/uav_node.cpp:1[m[K:
[3.026s] [01m[K/home/fourdds/ros2_ws/src/boids/src/yaml.hpp:111:16:[m[K [01;31m[Kerror: [m[Kredefinition of â€˜[01m[Kstruct Yaml::impl::StringConverter<bool>[m[Kâ€™
[3.026s]   111 |         struct [01;31m[KStringConverter<bool>[m[K
[3.026s]       |                [01;31m[K^~~~~~~~~~~~~~~~~~~~~[m[K
[3.026s] In file included from [01m[K/home/fourdds/ros2_ws/install/parameters/include/parameters/Parameters.hpp:3[m[K,
[3.026s]                  from [01m[K/home/fourdds/ros2_ws/install/obstacle_avoidance/include/obstacle_avoidance/ObstacleAvoidance.hpp:3[m[K,
[3.026s]                  from [01m[K/home/fourdds/ros2_ws/src/boids/src/uav_node.hpp:15[m[K,
[3.026s]                  from [01m[K/home/fourdds/ros2_ws/src/boids/src/uav_node.cpp:1[m[K:
[3.026s] [01m[K/home/fourdds/ros2_ws/install/parameters/include/parameters/yaml.hpp:111:16:[m[K [01;36m[Knote: [m[Kprevious definition of â€˜[01m[Kstruct Yaml::impl::StringConverter<bool>[m[Kâ€™
[3.026s]   111 |         struct [01;36m[KStringConverter<bool>[m[K
[3.026s]       |                [01;36m[K^~~~~~~~~~~~~~~~~~~~~[m[K
[3.026s] In file included from [01m[K/home/fourdds/ros2_ws/src/boids/src/options.hpp:4[m[K,
[3.026s]                  from [01m[K/home/fourdds/ros2_ws/src/boids/src/uav_node.hpp:18[m[K,
[3.026s]                  from [01m[K/home/fourdds/ros2_ws/src/boids/src/uav_node.cpp:1[m[K:
[3.026s] [01m[K/home/fourdds/ros2_ws/src/boids/src/yaml.hpp:143:11:[m[K [01;31m[Kerror: [m[Kredefinition of â€˜[01m[Kclass Yaml::Exception[m[Kâ€™
[3.026s]   143 |     class [01;31m[KException[m[K : public std::runtime_error
[3.026s]       |           [01;31m[K^~~~~~~~~[m[K
[3.026s] In file included from [01m[K/home/fourdds/ros2_ws/install/parameters/include/parameters/Parameters.hpp:3[m[K,
[3.026s]                  from [01m[K/home/fourdds/ros2_ws/install/obstacle_avoidance/include/obstacle_avoidance/ObstacleAvoidance.hpp:3[m[K,
[3.026s]                  from [01m[K/home/fourdds/ros2_ws/src/boids/src/uav_node.hpp:15[m[K,
[3.026s]                  from [01m[K/home/fourdds/ros2_ws/src/boids/src/uav_node.cpp:1[m[K:
[3.026s] [01m[K/home/fourdds/ros2_ws/install/parameters/include/parameters/yaml.hpp:143:11:[m[K [01;36m[Knote: [m[Kprevious definition of â€˜[01m[Kclass Yaml::Exception[m[Kâ€™
[3.027s]   143 |     class [01;36m[KException[m[K : public std::runtime_error
[3.027s]       |           [01;36m[K^~~~~~~~~[m[K
[3.027s] In file included from [01m[K/home/fourdds/ros2_ws/src/boids/src/options.hpp:4[m[K,
[3.027s]                  from [01m[K/home/fourdds/ros2_ws/src/boids/src/uav_node.hpp:18[m[K,
[3.027s]                  from [01m[K/home/fourdds/ros2_ws/src/boids/src/uav_node.cpp:1[m[K:
[3.027s] [01m[K/home/fourdds/ros2_ws/src/boids/src/yaml.hpp:193:11:[m[K [01;31m[Kerror: [m[Kredefinition of â€˜[01m[Kclass Yaml::InternalException[m[Kâ€™
[3.027s]   193 |     class [01;31m[KInternalException[m[K : public Exception
[3.027s]       |           [01;31m[K^~~~~~~~~~~~~~~~~[m[K
[3.027s] In file included from [01m[K/home/fourdds/ros2_ws/install/parameters/include/parameters/Parameters.hpp:3[m[K,
[3.027s]                  from [01m[K/home/fourdds/ros2_ws/install/obstacle_avoidance/include/obstacle_avoidance/ObstacleAvoidance.hpp:3[m[K,
[3.027s]                  from [01m[K/home/fourdds/ros2_ws/src/boids/src/uav_node.hpp:15[m[K,
[3.027s]                  from [01m[K/home/fourdds/ros2_ws/src/boids/src/uav_node.cpp:1[m[K:
[3.027s] [01m[K/home/fourdds/ros2_ws/install/parameters/include/parameters/yaml.hpp:193:11:[m[K [01;36m[Knote: [m[Kprevious definition of â€˜[01m[Kclass Yaml::InternalException[m[Kâ€™
[3.027s]   193 |     class [01;36m[KInternalException[m[K : public Exception
[3.027s]       |           [01;36m[K^~~~~~~~~~~~~~~~~[m[K
[3.027s] In file included from [01m[K/home/fourdds/ros2_ws/src/boids/src/options.hpp:4[m[K,
[3.027s]                  from [01m[K/home/fourdds/ros2_ws/src/boids/src/uav_node.hpp:18[m[K,
[3.027s]                  from [01m[K/home/fourdds/ros2_ws/src/boids/src/uav_node.cpp:1[m[K:
[3.027s] [01m[K/home/fourdds/ros2_ws/src/boids/src/yaml.hpp:215:11:[m[K [01;31m[Kerror: [m[Kredefinition of â€˜[01m[Kclass Yaml::ParsingException[m[Kâ€™
[3.027s]   215 |     class [01;31m[KParsingException[m[K : public Exception
[3.027s]       |           [01;31m[K^~~~~~~~~~~~~~~~[m[K
[3.027s] In file included from [01m[K/home/fourdds/ros2_ws/install/parameters/include/parameters/Parameters.hpp:3[m[K,
[3.027s]                  from [01m[K/home/fourdds/ros2_ws/install/obstacle_avoidance/include/obstacle_avoidance/ObstacleAvoidance.hpp:3[m[K,
[3.027s]                  from [01m[K/home/fourdds/ros2_ws/src/boids/src/uav_node.hpp:15[m[K,
[3.027s]                  from [01m[K/home/fourdds/ros2_ws/src/boids/src/uav_node.cpp:1[m[K:
[3.028s] [01m[K/home/fourdds/ros2_ws/install/parameters/include/parameters/yaml.hpp:215:11:[m[K [01;36m[Knote: [m[Kprevious definition of â€˜[01m[Kclass Yaml::ParsingException[m[Kâ€™
[3.028s]   215 |     class [01;36m[KParsingException[m[K : public Exception
[3.028s]       |           [01;36m[K^~~~~~~~~~~~~~~~[m[K
[3.028s] In file included from [01m[K/home/fourdds/ros2_ws/src/boids/src/options.hpp:4[m[K,
[3.028s]                  from [01m[K/home/fourdds/ros2_ws/src/boids/src/uav_node.hpp:18[m[K,
[3.028s]                  from [01m[K/home/fourdds/ros2_ws/src/boids/src/uav_node.cpp:1[m[K:
[3.028s] [01m[K/home/fourdds/ros2_ws/src/boids/src/yaml.hpp:237:11:[m[K [01;31m[Kerror: [m[Kredefinition of â€˜[01m[Kclass Yaml::OperationException[m[Kâ€™
[3.028s]   237 |     class [01;31m[KOperationException[m[K : public Exception
[3.028s]       |           [01;31m[K^~~~~~~~~~~~~~~~~~[m[K
[3.028s] In file included from [01m[K/home/fourdds/ros2_ws/install/parameters/include/parameters/Parameters.hpp:3[m[K,
[3.028s]                  from [01m[K/home/fourdds/ros2_ws/install/obstacle_avoidance/include/obstacle_avoidance/ObstacleAvoidance.hpp:3[m[K,
[3.028s]                  from [01m[K/home/fourdds/ros2_ws/src/boids/src/uav_node.hpp:15[m[K,
[3.028s]                  from [01m[K/home/fourdds/ros2_ws/src/boids/src/uav_node.cpp:1[m[K:
[3.028s] [01m[K/home/fourdds/ros2_ws/install/parameters/include/parameters/yaml.hpp:237:11:[m[K [01;36m[Knote: [m[Kprevious definition of â€˜[01m[Kclass Yaml::OperationException[m[Kâ€™
[3.029s]   237 |     class [01;36m[KOperationException[m[K : public Exception
[3.029s]       |           [01;36m[K^~~~~~~~~~~~~~~~~~[m[K
[3.029s] In file included from [01m[K/home/fourdds/ros2_ws/src/boids/src/options.hpp:4[m[K,
[3.029s]                  from [01m[K/home/fourdds/ros2_ws/src/boids/src/uav_node.hpp:18[m[K,
[3.029s]                  from [01m[K/home/fourdds/ros2_ws/src/boids/src/uav_node.cpp:1[m[K:
[3.029s] [01m[K/home/fourdds/ros2_ws/src/boids/src/yaml.hpp:257:11:[m[K [01;31m[Kerror: [m[Kredefinition of â€˜[01m[Kclass Yaml::Iterator[m[Kâ€™
[3.029s]   257 |     class [01;31m[KIterator[m[K
[3.029s]       |           [01;31m[K^~~~~~~~[m[K
[3.029s] In file included from [01m[K/home/fourdds/ros2_ws/install/parameters/include/parameters/Parameters.hpp:3[m[K,
[3.029s]                  from [01m[K/home/fourdds/ros2_ws/install/obstacle_avoidance/include/obstacle_avoidance/ObstacleAvoidance.hpp:3[m[K,
[3.029s]                  from [01m[K/home/fourdds/ros2_ws/src/boids/src/uav_node.hpp:15[m[K,
[3.029s]                  from [01m[K/home/fourdds/ros2_ws/src/boids/src/uav_node.cpp:1[m[K:
[3.029s] [01m[K/home/fourdds/ros2_ws/install/parameters/include/parameters/yaml.hpp:257:11:[m[K [01;36m[Knote: [m[Kprevious definition of â€˜[01m[Kclass Yaml::Iterator[m[Kâ€™
[3.029s]   257 |     class [01;36m[KIterator[m[K
[3.029s]       |           [01;36m[K^~~~~~~~[m[K
[3.029s] In file included from [01m[K/home/fourdds/ros2_ws/src/boids/src/options.hpp:4[m[K,
[3.029s]                  from [01m[K/home/fourdds/ros2_ws/src/boids/src/uav_node.hpp:18[m[K,
[3.029s]                  from [01m[K/home/fourdds/ros2_ws/src/boids/src/uav_node.cpp:1[m[K:
[3.029s] [01m[K/home/fourdds/ros2_ws/src/boids/src/yaml.hpp:338:11:[m[K [01;31m[Kerror: [m[Kredefinition of â€˜[01m[Kclass Yaml::ConstIterator[m[Kâ€™
[3.029s]   338 |     class [01;31m[KConstIterator[m[K
[3.029s]       |           [01;31m[K^~~~~~~~~~~~~[m[K
[3.029s] In file included from [01m[K/home/fourdds/ros2_ws/install/parameters/include/parameters/Parameters.hpp:3[m[K,
[3.030s]                  from [01m[K/home/fourdds/ros2_ws/install/obstacle_avoidance/include/obstacle_avoidance/ObstacleAvoidance.hpp:3[m[K,
[3.030s]                  from [01m[K/home/fourdds/ros2_ws/src/boids/src/uav_node.hpp:15[m[K,
[3.030s]                  from [01m[K/home/fourdds/ros2_ws/src/boids/src/uav_node.cpp:1[m[K:
[3.030s] [01m[K/home/fourdds/ros2_ws/install/parameters/include/parameters/yaml.hpp:338:11:[m[K [01;36m[Knote: [m[Kprevious definition of â€˜[01m[Kclass Yaml::ConstIterator[m[Kâ€™
[3.030s]   338 |     class [01;36m[KConstIterator[m[K
[3.030s]       |           [01;36m[K^~~~~~~~~~~~~[m[K
[3.030s] In file included from [01m[K/home/fourdds/ros2_ws/src/boids/src/options.hpp:4[m[K,
[3.030s]                  from [01m[K/home/fourdds/ros2_ws/src/boids/src/uav_node.hpp:18[m[K,
[3.030s]                  from [01m[K/home/fourdds/ros2_ws/src/boids/src/uav_node.cpp:1[m[K:
[3.030s] [01m[K/home/fourdds/ros2_ws/src/boids/src/yaml.hpp:419:11:[m[K [01;31m[Kerror: [m[Kredefinition of â€˜[01m[Kclass Yaml::Node[m[Kâ€™
[3.030s]   419 |     class [01;31m[KNode[m[K
[3.030s]       |           [01;31m[K^~~~[m[K
[3.030s] In file included from [01m[K/home/fourdds/ros2_ws/install/parameters/include/parameters/Parameters.hpp:3[m[K,
[3.030s]                  from [01m[K/home/fourdds/ros2_ws/install/obstacle_avoidance/include/obstacle_avoidance/ObstacleAvoidance.hpp:3[m[K,
[3.030s]                  from [01m[K/home/fourdds/ros2_ws/src/boids/src/uav_node.hpp:15[m[K,
[3.030s]                  from [01m[K/home/fourdds/ros2_ws/src/boids/src/uav_node.cpp:1[m[K:
[3.030s] [01m[K/home/fourdds/ros2_ws/install/parameters/include/parameters/yaml.hpp:419:11:[m[K [01;36m[Knote: [m[Kprevious definition of â€˜[01m[Kclass Yaml::Node[m[Kâ€™
[3.030s]   419 |     class [01;36m[KNode[m[K
[3.030s]       |           [01;36m[K^~~~[m[K
[3.030s] In file included from [01m[K/home/fourdds/ros2_ws/src/boids/src/options.hpp:4[m[K,
[3.030s]                  from [01m[K/home/fourdds/ros2_ws/src/boids/src/uav_node.hpp:18[m[K,
[3.030s]                  from [01m[K/home/fourdds/ros2_ws/src/boids/src/uav_node.cpp:1[m[K:
[3.030s] [01m[K/home/fourdds/ros2_ws/src/boids/src/yaml.hpp:613:12:[m[K [01;31m[Kerror: [m[Kredefinition of â€˜[01m[Kstruct Yaml::SerializeConfig[m[Kâ€™
[3.030s]   613 |     struct [01;31m[KSerializeConfig[m[K
[3.030s]       |            [01;31m[K^~~~~~~~~~~~~~~[m[K
[3.030s] In file included from [01m[K/home/fourdds/ros2_ws/install/parameters/include/parameters/Parameters.hpp:3[m[K,
[3.030s]                  from [01m[K/home/fourdds/ros2_ws/install/obstacle_avoidance/include/obstacle_avoidance/ObstacleAvoidance.hpp:3[m[K,
[3.030s]                  from [01m[K/home/fourdds/ros2_ws/src/boids/src/uav_node.hpp:15[m[K,
[3.030s]                  from [01m[K/home/fourdds/ros2_ws/src/boids/src/uav_node.cpp:1[m[K:
[3.030s] [01m[K/home/fourdds/ros2_ws/install/parameters/include/parameters/yaml.hpp:613:12:[m[K [01;36m[Knote: [m[Kprevious definition of â€˜[01m[Kstruct Yaml::SerializeConfig[m[Kâ€™
[3.030s]   613 |     struct [01;36m[KSerializeConfig[m[K
[3.030s]       |            [01;36m[K^~~~~~~~~~~~~~~[m[K
[3.030s] In file included from [01m[K/home/fourdds/ros2_ws/src/boids/src/options.hpp:4[m[K,
[3.030s]                  from [01m[K/home/fourdds/ros2_ws/src/boids/src/uav_node.hpp:18[m[K,
[3.030s]                  from [01m[K/home/fourdds/ros2_ws/src/boids/src/uav_node.cpp:1[m[K:
[3.030s] [01m[K/home/fourdds/ros2_ws/src/boids/src/yaml.hpp:652:10:[m[K [01;31m[Kerror: [m[Kdefault argument given for parameter 3 of â€˜[01m[Kvoid Yaml::Serialize(const Yaml::Node&, const char*, const Yaml::SerializeConfig&)[m[Kâ€™
[3.030s]   652 |     void [01;31m[KSerialize[m[K(const Node & root, const char * filename, const SerializeConfig & config = {2, 64, false, false});
[3.030s]       |          [01;31m[K^~~~~~~~~[m[K
[3.030s] In file included from [01m[K/home/fourdds/ros2_ws/install/parameters/include/parameters/Parameters.hpp:3[m[K,
[3.030s]                  from [01m[K/home/fourdds/ros2_ws/install/obstacle_avoidance/include/obstacle_avoidance/ObstacleAvoidance.hpp:3[m[K,
[3.030s]                  from [01m[K/home/fourdds/ros2_ws/src/boids/src/uav_node.hpp:15[m[K,
[3.031s]                  from [01m[K/home/fourdds/ros2_ws/src/boids/src/uav_node.cpp:1[m[K:
[3.031s] [01m[K/home/fourdds/ros2_ws/install/parameters/include/parameters/yaml.hpp:652:10:[m[K [01;36m[Knote: [m[Kprevious specification in â€˜[01m[Kvoid Yaml::Serialize(const Yaml::Node&, const char*, const Yaml::SerializeConfig&)[m[Kâ€™ here
[3.031s]   652 |     void [01;36m[KSerialize[m[K(const Node & root, const char * filename, const SerializeConfig & config = {2, 64, false, false});
[3.031s]       |          [01;36m[K^~~~~~~~~[m[K
[3.031s] In file included from [01m[K/home/fourdds/ros2_ws/src/boids/src/options.hpp:4[m[K,
[3.031s]                  from [01m[K/home/fourdds/ros2_ws/src/boids/src/uav_node.hpp:18[m[K,
[3.031s]                  from [01m[K/home/fourdds/ros2_ws/src/boids/src/uav_node.cpp:1[m[K:
[3.031s] [01m[K/home/fourdds/ros2_ws/src/boids/src/yaml.hpp:653:10:[m[K [01;31m[Kerror: [m[Kdefault argument given for parameter 3 of â€˜[01m[Kvoid Yaml::Serialize(const Yaml::Node&, std::iostream&, const Yaml::SerializeConfig&)[m[Kâ€™
[3.031s]   653 |     void [01;31m[KSerialize[m[K(const Node & root, std::iostream & stream, const SerializeConfig & config = {2, 64, false, false});
[3.031s]       |          [01;31m[K^~~~~~~~~[m[K
[3.031s] In file included from [01m[K/home/fourdds/ros2_ws/install/parameters/include/parameters/Parameters.hpp:3[m[K,
[3.031s]                  from [01m[K/home/fourdds/ros2_ws/install/obstacle_avoidance/include/obstacle_avoidance/ObstacleAvoidance.hpp:3[m[K,
[3.031s]                  from [01m[K/home/fourdds/ros2_ws/src/boids/src/uav_node.hpp:15[m[K,
[3.031s]                  from [01m[K/home/fourdds/ros2_ws/src/boids/src/uav_node.cpp:1[m[K:
[3.031s] [01m[K/home/fourdds/ros2_ws/install/parameters/include/parameters/yaml.hpp:653:10:[m[K [01;36m[Knote: [m[Kprevious specification in â€˜[01m[Kvoid Yaml::Serialize(const Yaml::Node&, std::iostream&, const Yaml::SerializeConfig&)[m[Kâ€™ here
[3.031s]   653 |     void [01;36m[KSerialize[m[K(const Node & root, std::iostream & stream, const SerializeConfig & config = {2, 64, false, false});
[3.031s]       |          [01;36m[K^~~~~~~~~[m[K
[3.031s] In file included from [01m[K/home/fourdds/ros2_ws/src/boids/src/options.hpp:4[m[K,
[3.031s]                  from [01m[K/home/fourdds/ros2_ws/src/boids/src/uav_node.hpp:18[m[K,
[3.031s]                  from [01m[K/home/fourdds/ros2_ws/src/boids/src/uav_node.cpp:1[m[K:
[3.031s] [01m[K/home/fourdds/ros2_ws/src/boids/src/yaml.hpp:654:10:[m[K [01;31m[Kerror: [m[Kdefault argument given for parameter 3 of â€˜[01m[Kvoid Yaml::Serialize(const Yaml::Node&, std::string&, const Yaml::SerializeConfig&)[m[Kâ€™
[3.031s]   654 |     void [01;31m[KSerialize[m[K(const Node & root, std::string & string, const SerializeConfig & config = {2, 64, false, false});
[3.031s]       |          [01;31m[K^~~~~~~~~[m[K
[3.031s] In file included from [01m[K/home/fourdds/ros2_ws/install/parameters/include/parameters/Parameters.hpp:3[m[K,
[3.031s]                  from [01m[K/home/fourdds/ros2_ws/install/obstacle_avoidance/include/obstacle_avoidance/ObstacleAvoidance.hpp:3[m[K,
[3.031s]                  from [01m[K/home/fourdds/ros2_ws/src/boids/src/uav_node.hpp:15[m[K,
[3.031s]                  from [01m[K/home/fourdds/ros2_ws/src/boids/src/uav_node.cpp:1[m[K:
[3.031s] [01m[K/home/fourdds/ros2_ws/install/parameters/include/parameters/yaml.hpp:654:10:[m[K [01;36m[Knote: [m[Kprevious specification in â€˜[01m[Kvoid Yaml::Serialize(const Yaml::Node&, std::string&, const Yaml::SerializeConfig&)[m[Kâ€™ here
[3.031s]   654 |     void [01;36m[KSerialize[m[K(const Node & root, std::string & string, const SerializeConfig & config = {2, 64, false, false});
[3.031s]       |          [01;36m[K^~~~~~~~~[m[K
[3.031s] In file included from [01m[K/home/fourdds/ros2_ws/src/boids/src/options.hpp:4[m[K,
[3.031s]                  from [01m[K/home/fourdds/ros2_ws/src/boids/src/uav_node.hpp:18[m[K,
[3.031s]                  from [01m[K/home/fourdds/ros2_ws/src/boids/src/main.cpp:1[m[K:
[3.031s] [01m[K/home/fourdds/ros2_ws/src/boids/src/yaml.hpp:68:16:[m[K [01;31m[Kerror: [m[Kredefinition of â€˜[01m[Kstruct Yaml::impl::StringConverter<T>[m[Kâ€™
[3.031s]    68 |         struct [01;31m[KStringConverter[m[K
[3.031s]       |                [01;31m[K^~~~~~~~~~~~~~~[m[K
[3.031s] In file included from [01m[K/home/fourdds/ros2_ws/install/parameters/include/parameters/Parameters.hpp:3[m[K,
[3.031s]                  from [01m[K/home/fourdds/ros2_ws/install/obstacle_avoidance/include/obstacle_avoidance/ObstacleAvoidance.hpp:3[m[K,
[3.031s]                  from [01m[K/home/fourdds/ros2_ws/src/boids/src/uav_node.hpp:15[m[K,
[3.031s]                  from [01m[K/home/fourdds/ros2_ws/src/boids/src/main.cpp:1[m[K:
[3.031s] [01m[K/home/fourdds/ros2_ws/install/parameters/include/parameters/yaml.hpp:68:16:[m[K [01;36m[Knote: [m[Kprevious definition of â€˜[01m[Kstruct Yaml::impl::StringConverter<T>[m[Kâ€™
[3.031s]    68 |         struct [01;36m[KStringConverter[m[K
[3.031s]       |                [01;36m[K^~~~~~~~~~~~~~~[m[K
[3.031s] In file included from [01m[K/home/fourdds/ros2_ws/src/boids/src/options.hpp:4[m[K,
[3.032s]                  from [01m[K/home/fourdds/ros2_ws/src/boids/src/uav_node.hpp:18[m[K,
[3.032s]                  from [01m[K/home/fourdds/ros2_ws/src/boids/src/main.cpp:1[m[K:
[3.032s] [01m[K/home/fourdds/ros2_ws/src/boids/src/yaml.hpp:93:16:[m[K [01;31m[Kerror: [m[Kredefinition of â€˜[01m[Kstruct Yaml::impl::StringConverter<std::__cxx11::basic_string<char> >[m[Kâ€™
[3.032s]    93 |         struct [01;31m[KStringConverter<std::string>[m[K
[3.032s]       |                [01;31m[K^~~~~~~~~~~~~~~~~~~~~~~~~~~~[m[K
[3.032s] In file included from [01m[K/home/fourdds/ros2_ws/install/parameters/include/parameters/Parameters.hpp:3[m[K,
[3.032s]                  from [01m[K/home/fourdds/ros2_ws/install/obstacle_avoidance/include/obstacle_avoidance/ObstacleAvoidance.hpp:3[m[K,
[3.032s]                  from [01m[K/home/fourdds/ros2_ws/src/boids/src/uav_node.hpp:15[m[K,
[3.032s]                  from [01m[K/home/fourdds/ros2_ws/src/boids/src/main.cpp:1[m[K:
[3.032s] [01m[K/home/fourdds/ros2_ws/install/parameters/include/parameters/yaml.hpp:93:16:[m[K [01;36m[Knote: [m[Kprevious definition of â€˜[01m[Kstruct Yaml::impl::StringConverter<std::__cxx11::basic_string<char> >[m[Kâ€™
[3.032s]    93 |         struct [01;36m[KStringConverter<std::string>[m[K
[3.032s]       |                [01;36m[K^~~~~~~~~~~~~~~~~~~~~~~~~~~~[m[K
[3.032s] In file included from [01m[K/home/fourdds/ros2_ws/src/boids/src/options.hpp:4[m[K,
[3.032s]                  from [01m[K/home/fourdds/ros2_ws/src/boids/src/uav_node.hpp:18[m[K,
[3.032s]                  from [01m[K/home/fourdds/ros2_ws/src/boids/src/main.cpp:1[m[K:
[3.032s] [01m[K/home/fourdds/ros2_ws/src/boids/src/yaml.hpp:111:16:[m[K [01;31m[Kerror: [m[Kredefinition of â€˜[01m[Kstruct Yaml::impl::StringConverter<bool>[m[Kâ€™
[3.032s]   111 |         struct [01;31m[KStringConverter<bool>[m[K
[3.032s]       |                [01;31m[K^~~~~~~~~~~~~~~~~~~~~[m[K
[3.032s] In file included from [01m[K/home/fourdds/ros2_ws/install/parameters/include/parameters/Parameters.hpp:3[m[K,
[3.032s]                  from [01m[K/home/fourdds/ros2_ws/install/obstacle_avoidance/include/obstacle_avoidance/ObstacleAvoidance.hpp:3[m[K,
[3.032s]                  from [01m[K/home/fourdds/ros2_ws/src/boids/src/uav_node.hpp:15[m[K,
[3.032s]                  from [01m[K/home/fourdds/ros2_ws/src/boids/src/main.cpp:1[m[K:
[3.032s] [01m[K/home/fourdds/ros2_ws/install/parameters/include/parameters/yaml.hpp:111:16:[m[K [01;36m[Knote: [m[Kprevious definition of â€˜[01m[Kstruct Yaml::impl::StringConverter<bool>[m[Kâ€™
[3.032s]   111 |         struct [01;36m[KStringConverter<bool>[m[K
[3.032s]       |                [01;36m[K^~~~~~~~~~~~~~~~~~~~~[m[K
[3.032s] In file included from [01m[K/home/fourdds/ros2_ws/src/boids/src/options.hpp:4[m[K,
[3.032s]                  from [01m[K/home/fourdds/ros2_ws/src/boids/src/uav_node.hpp:18[m[K,
[3.032s]                  from [01m[K/home/fourdds/ros2_ws/src/boids/src/main.cpp:1[m[K:
[3.032s] [01m[K/home/fourdds/ros2_ws/src/boids/src/yaml.hpp:143:11:[m[K [01;31m[Kerror: [m[Kredefinition of â€˜[01m[Kclass Yaml::Exception[m[Kâ€™
[3.032s]   143 |     class [01;31m[KException[m[K : public std::runtime_error
[3.032s]       |           [01;31m[K^~~~~~~~~[m[K
[3.033s] In file included from [01m[K/home/fourdds/ros2_ws/install/parameters/include/parameters/Parameters.hpp:3[m[K,
[3.033s]                  from [01m[K/home/fourdds/ros2_ws/install/obstacle_avoidance/include/obstacle_avoidance/ObstacleAvoidance.hpp:3[m[K,
[3.033s]                  from [01m[K/home/fourdds/ros2_ws/src/boids/src/uav_node.hpp:15[m[K,
[3.033s]                  from [01m[K/home/fourdds/ros2_ws/src/boids/src/main.cpp:1[m[K:
[3.033s] [01m[K/home/fourdds/ros2_ws/install/parameters/include/parameters/yaml.hpp:143:11:[m[K [01;36m[Knote: [m[Kprevious definition of â€˜[01m[Kclass Yaml::Exception[m[Kâ€™
[3.033s]   143 |     class [01;36m[KException[m[K : public std::runtime_error
[3.033s]       |           [01;36m[K^~~~~~~~~[m[K
[3.033s] In file included from [01m[K/home/fourdds/ros2_ws/src/boids/src/options.hpp:4[m[K,
[3.033s]                  from [01m[K/home/fourdds/ros2_ws/src/boids/src/uav_node.hpp:18[m[K,
[3.033s]                  from [01m[K/home/fourdds/ros2_ws/src/boids/src/main.cpp:1[m[K:
[3.033s] [01m[K/home/fourdds/ros2_ws/src/boids/src/yaml.hpp:193:11:[m[K [01;31m[Kerror: [m[Kredefinition of â€˜[01m[Kclass Yaml::InternalException[m[Kâ€™
[3.033s]   193 |     class [01;31m[KInternalException[m[K : public Exception
[3.033s]       |           [01;31m[K^~~~~~~~~~~~~~~~~[m[K
[3.034s] In file included from [01m[K/home/fourdds/ros2_ws/install/parameters/include/parameters/Parameters.hpp:3[m[K,
[3.034s]                  from [01m[K/home/fourdds/ros2_ws/install/obstacle_avoidance/include/obstacle_avoidance/ObstacleAvoidance.hpp:3[m[K,
[3.034s]                  from [01m[K/home/fourdds/ros2_ws/src/boids/src/uav_node.hpp:15[m[K,
[3.034s]                  from [01m[K/home/fourdds/ros2_ws/src/boids/src/main.cpp:1[m[K:
[3.034s] [01m[K/home/fourdds/ros2_ws/install/parameters/include/parameters/yaml.hpp:193:11:[m[K [01;36m[Knote: [m[Kprevious definition of â€˜[01m[Kclass Yaml::InternalException[m[Kâ€™
[3.034s]   193 |     class [01;36m[KInternalException[m[K : public Exception
[3.034s]       |           [01;36m[K^~~~~~~~~~~~~~~~~[m[K
[3.034s] In file included from [01m[K/home/fourdds/ros2_ws/src/boids/src/options.hpp:4[m[K,
[3.034s]                  from [01m[K/home/fourdds/ros2_ws/src/boids/src/uav_node.hpp:18[m[K,
[3.034s]                  from [01m[K/home/fourdds/ros2_ws/src/boids/src/main.cpp:1[m[K:
[3.034s] [01m[K/home/fourdds/ros2_ws/src/boids/src/yaml.hpp:215:11:[m[K [01;31m[Kerror: [m[Kredefinition of â€˜[01m[Kclass Yaml::ParsingException[m[Kâ€™
[3.034s]   215 |     class [01;31m[KParsingException[m[K : public Exception
[3.034s]       |           [01;31m[K^~~~~~~~~~~~~~~~[m[K
[3.034s] In file included from [01m[K/home/fourdds/ros2_ws/install/parameters/include/parameters/Parameters.hpp:3[m[K,
[3.034s]                  from [01m[K/home/fourdds/ros2_ws/install/obstacle_avoidance/include/obstacle_avoidance/ObstacleAvoidance.hpp:3[m[K,
[3.034s]                  from [01m[K/home/fourdds/ros2_ws/src/boids/src/uav_node.hpp:15[m[K,
[3.034s]                  from [01m[K/home/fourdds/ros2_ws/src/boids/src/main.cpp:1[m[K:
[3.034s] [01m[K/home/fourdds/ros2_ws/install/parameters/include/parameters/yaml.hpp:215:11:[m[K [01;36m[Knote: [m[Kprevious definition of â€˜[01m[Kclass Yaml::ParsingException[m[Kâ€™
[3.034s]   215 |     class [01;36m[KParsingException[m[K : public Exception
[3.034s]       |           [01;36m[K^~~~~~~~~~~~~~~~[m[K
[3.034s] In file included from [01m[K/home/fourdds/ros2_ws/src/boids/src/options.hpp:4[m[K,
[3.034s]                  from [01m[K/home/fourdds/ros2_ws/src/boids/src/uav_node.hpp:18[m[K,
[3.035s]                  from [01m[K/home/fourdds/ros2_ws/src/boids/src/main.cpp:1[m[K:
[3.035s] [01m[K/home/fourdds/ros2_ws/src/boids/src/yaml.hpp:237:11:[m[K [01;31m[Kerror: [m[Kredefinition of â€˜[01m[Kclass Yaml::OperationException[m[Kâ€™
[3.035s]   237 |     class [01;31m[KOperationException[m[K : public Exception
[3.035s]       |           [01;31m[K^~~~~~~~~~~~~~~~~~[m[K
[3.035s] In file included from [01m[K/home/fourdds/ros2_ws/install/parameters/include/parameters/Parameters.hpp:3[m[K,
[3.035s]                  from [01m[K/home/fourdds/ros2_ws/install/obstacle_avoidance/include/obstacle_avoidance/ObstacleAvoidance.hpp:3[m[K,
[3.035s]                  from [01m[K/home/fourdds/ros2_ws/src/boids/src/uav_node.hpp:15[m[K,
[3.035s]                  from [01m[K/home/fourdds/ros2_ws/src/boids/src/main.cpp:1[m[K:
[3.035s] [01m[K/home/fourdds/ros2_ws/install/parameters/include/parameters/yaml.hpp:237:11:[m[K [01;36m[Knote: [m[Kprevious definition of â€˜[01m[Kclass Yaml::OperationException[m[Kâ€™
[3.035s]   237 |     class [01;36m[KOperationException[m[K : public Exception
[3.035s]       |           [01;36m[K^~~~~~~~~~~~~~~~~~[m[K
[3.035s] In file included from [01m[K/home/fourdds/ros2_ws/src/boids/src/options.hpp:4[m[K,
[3.035s]                  from [01m[K/home/fourdds/ros2_ws/src/boids/src/uav_node.hpp:18[m[K,
[3.035s]                  from [01m[K/home/fourdds/ros2_ws/src/boids/src/main.cpp:1[m[K:
[3.035s] [01m[K/home/fourdds/ros2_ws/src/boids/src/yaml.hpp:257:11:[m[K [01;31m[Kerror: [m[Kredefinition of â€˜[01m[Kclass Yaml::Iterator[m[Kâ€™
[3.035s]   257 |     class [01;31m[KIterator[m[K
[3.035s]       |           [01;31m[K^~~~~~~~[m[K
[3.035s] In file included from [01m[K/home/fourdds/ros2_ws/install/parameters/include/parameters/Parameters.hpp:3[m[K,
[3.035s]                  from [01m[K/home/fourdds/ros2_ws/install/obstacle_avoidance/include/obstacle_avoidance/ObstacleAvoidance.hpp:3[m[K,
[3.035s]                  from [01m[K/home/fourdds/ros2_ws/src/boids/src/uav_node.hpp:15[m[K,
[3.035s]                  from [01m[K/home/fourdds/ros2_ws/src/boids/src/main.cpp:1[m[K:
[3.035s] [01m[K/home/fourdds/ros2_ws/install/parameters/include/parameters/yaml.hpp:257:11:[m[K [01;36m[Knote: [m[Kprevious definition of â€˜[01m[Kclass Yaml::Iterator[m[Kâ€™
[3.035s]   257 |     class [01;36m[KIterator[m[K
[3.035s]       |           [01;36m[K^~~~~~~~[m[K
[3.035s] In file included from [01m[K/home/fourdds/ros2_ws/src/boids/src/options.hpp:4[m[K,
[3.036s]                  from [01m[K/home/fourdds/ros2_ws/src/boids/src/uav_node.hpp:18[m[K,
[3.036s]                  from [01m[K/home/fourdds/ros2_ws/src/boids/src/main.cpp:1[m[K:
[3.036s] [01m[K/home/fourdds/ros2_ws/src/boids/src/yaml.hpp:338:11:[m[K [01;31m[Kerror: [m[Kredefinition of â€˜[01m[Kclass Yaml::ConstIterator[m[Kâ€™
[3.036s]   338 |     class [01;31m[KConstIterator[m[K
[3.036s]       |           [01;31m[K^~~~~~~~~~~~~[m[K
[3.036s] In file included from [01m[K/home/fourdds/ros2_ws/install/parameters/include/parameters/Parameters.hpp:3[m[K,
[3.036s]                  from [01m[K/home/fourdds/ros2_ws/install/obstacle_avoidance/include/obstacle_avoidance/ObstacleAvoidance.hpp:3[m[K,
[3.036s]                  from [01m[K/home/fourdds/ros2_ws/src/boids/src/uav_node.hpp:15[m[K,
[3.036s]                  from [01m[K/home/fourdds/ros2_ws/src/boids/src/main.cpp:1[m[K:
[3.036s] [01m[K/home/fourdds/ros2_ws/install/parameters/include/parameters/yaml.hpp:338:11:[m[K [01;36m[Knote: [m[Kprevious definition of â€˜[01m[Kclass Yaml::ConstIterator[m[Kâ€™
[3.036s]   338 |     class [01;36m[KConstIterator[m[K
[3.036s]       |           [01;36m[K^~~~~~~~~~~~~[m[K
[3.036s] In file included from [01m[K/home/fourdds/ros2_ws/src/boids/src/options.hpp:4[m[K,
[3.036s]                  from [01m[K/home/fourdds/ros2_ws/src/boids/src/uav_node.hpp:18[m[K,
[3.036s]                  from [01m[K/home/fourdds/ros2_ws/src/boids/src/main.cpp:1[m[K:
[3.036s] [01m[K/home/fourdds/ros2_ws/src/boids/src/yaml.hpp:419:11:[m[K [01;31m[Kerror: [m[Kredefinition of â€˜[01m[Kclass Yaml::Node[m[Kâ€™
[3.036s]   419 |     class [01;31m[KNode[m[K
[3.036s]       |           [01;31m[K^~~~[m[K
[3.036s] In file included from [01m[K/home/fourdds/ros2_ws/install/parameters/include/parameters/Parameters.hpp:3[m[K,
[3.036s]                  from [01m[K/home/fourdds/ros2_ws/install/obstacle_avoidance/include/obstacle_avoidance/ObstacleAvoidance.hpp:3[m[K,
[3.036s]                  from [01m[K/home/fourdds/ros2_ws/src/boids/src/uav_node.hpp:15[m[K,
[3.036s]                  from [01m[K/home/fourdds/ros2_ws/src/boids/src/main.cpp:1[m[K:
[3.036s] [01m[K/home/fourdds/ros2_ws/install/parameters/include/parameters/yaml.hpp:419:11:[m[K [01;36m[Knote: [m[Kprevious definition of â€˜[01m[Kclass Yaml::Node[m[Kâ€™
[3.036s]   419 |     class [01;36m[KNode[m[K
[3.036s]       |           [01;36m[K^~~~[m[K
[3.036s] In file included from [01m[K/home/fourdds/ros2_ws/src/boids/src/options.hpp:4[m[K,
[3.036s]                  from [01m[K/home/fourdds/ros2_ws/src/boids/src/uav_node.hpp:18[m[K,
[3.036s]                  from [01m[K/home/fourdds/ros2_ws/src/boids/src/main.cpp:1[m[K:
[3.036s] [01m[K/home/fourdds/ros2_ws/src/boids/src/yaml.hpp:613:12:[m[K [01;31m[Kerror: [m[Kredefinition of â€˜[01m[Kstruct Yaml::SerializeConfig[m[Kâ€™
[3.036s]   613 |     struct [01;31m[KSerializeConfig[m[K
[3.036s]       |            [01;31m[K^~~~~~~~~~~~~~~[m[K
[3.036s] In file included from [01m[K/home/fourdds/ros2_ws/install/parameters/include/parameters/Parameters.hpp:3[m[K,
[3.036s]                  from [01m[K/home/fourdds/ros2_ws/install/obstacle_avoidance/include/obstacle_avoidance/ObstacleAvoidance.hpp:3[m[K,
[3.036s]                  from [01m[K/home/fourdds/ros2_ws/src/boids/src/uav_node.hpp:15[m[K,
[3.037s]                  from [01m[K/home/fourdds/ros2_ws/src/boids/src/main.cpp:1[m[K:
[3.037s] [01m[K/home/fourdds/ros2_ws/install/parameters/include/parameters/yaml.hpp:613:12:[m[K [01;36m[Knote: [m[Kprevious definition of â€˜[01m[Kstruct Yaml::SerializeConfig[m[Kâ€™
[3.037s]   613 |     struct [01;36m[KSerializeConfig[m[K
[3.037s]       |            [01;36m[K^~~~~~~~~~~~~~~[m[K
[3.037s] In file included from [01m[K/home/fourdds/ros2_ws/src/boids/src/options.hpp:4[m[K,
[3.037s]                  from [01m[K/home/fourdds/ros2_ws/src/boids/src/uav_node.hpp:18[m[K,
[3.037s]                  from [01m[K/home/fourdds/ros2_ws/src/boids/src/main.cpp:1[m[K:
[3.037s] [01m[K/home/fourdds/ros2_ws/src/boids/src/yaml.hpp:652:10:[m[K [01;31m[Kerror: [m[Kdefault argument given for parameter 3 of â€˜[01m[Kvoid Yaml::Serialize(const Yaml::Node&, const char*, const Yaml::SerializeConfig&)[m[Kâ€™
[3.037s]   652 |     void [01;31m[KSerialize[m[K(const Node & root, const char * filename, const SerializeConfig & config = {2, 64, false, false});
[3.037s]       |          [01;31m[K^~~~~~~~~[m[K
[3.037s] In file included from [01m[K/home/fourdds/ros2_ws/install/parameters/include/parameters/Parameters.hpp:3[m[K,
[3.037s]                  from [01m[K/home/fourdds/ros2_ws/install/obstacle_avoidance/include/obstacle_avoidance/ObstacleAvoidance.hpp:3[m[K,
[3.037s]                  from [01m[K/home/fourdds/ros2_ws/src/boids/src/uav_node.hpp:15[m[K,
[3.037s]                  from [01m[K/home/fourdds/ros2_ws/src/boids/src/main.cpp:1[m[K:
[3.037s] [01m[K/home/fourdds/ros2_ws/install/parameters/include/parameters/yaml.hpp:652:10:[m[K [01;36m[Knote: [m[Kprevious specification in â€˜[01m[Kvoid Yaml::Serialize(const Yaml::Node&, const char*, const Yaml::SerializeConfig&)[m[Kâ€™ here
[3.037s]   652 |     void [01;36m[KSerialize[m[K(const Node & root, const char * filename, const SerializeConfig & config = {2, 64, false, false});
[3.037s]       |          [01;36m[K^~~~~~~~~[m[K
[3.037s] In file included from [01m[K/home/fourdds/ros2_ws/src/boids/src/options.hpp:4[m[K,
[3.037s]                  from [01m[K/home/fourdds/ros2_ws/src/boids/src/uav_node.hpp:18[m[K,
[3.037s]                  from [01m[K/home/fourdds/ros2_ws/src/boids/src/main.cpp:1[m[K:
[3.037s] [01m[K/home/fourdds/ros2_ws/src/boids/src/yaml.hpp:653:10:[m[K [01;31m[Kerror: [m[Kdefault argument given for parameter 3 of â€˜[01m[Kvoid Yaml::Serialize(const Yaml::Node&, std::iostream&, const Yaml::SerializeConfig&)[m[Kâ€™
[3.037s]   653 |     void [01;31m[KSerialize[m[K(const Node & root, std::iostream & stream, const SerializeConfig & config = {2, 64, false, false});
[3.037s]       |          [01;31m[K^~~~~~~~~[m[K
[3.037s] In file included from [01m[K/home/fourdds/ros2_ws/install/parameters/include/parameters/Parameters.hpp:3[m[K,
[3.037s]                  from [01m[K/home/fourdds/ros2_ws/install/obstacle_avoidance/include/obstacle_avoidance/ObstacleAvoidance.hpp:3[m[K,
[3.037s]                  from [01m[K/home/fourdds/ros2_ws/src/boids/src/uav_node.hpp:15[m[K,
[3.037s]                  from [01m[K/home/fourdds/ros2_ws/src/boids/src/main.cpp:1[m[K:
[3.037s] [01m[K/home/fourdds/ros2_ws/install/parameters/include/parameters/yaml.hpp:653:10:[m[K [01;36m[Knote: [m[Kprevious specification in â€˜[01m[Kvoid Yaml::Serialize(const Yaml::Node&, std::iostream&, const Yaml::SerializeConfig&)[m[Kâ€™ here
[3.037s]   653 |     void [01;36m[KSerialize[m[K(const Node & root, std::iostream & stream, const SerializeConfig & config = {2, 64, false, false});
[3.037s]       |          [01;36m[K^~~~~~~~~[m[K
[3.038s] In file included from [01m[K/home/fourdds/ros2_ws/src/boids/src/options.hpp:4[m[K,
[3.038s]                  from [01m[K/home/fourdds/ros2_ws/src/boids/src/uav_node.hpp:18[m[K,
[3.038s]                  from [01m[K/home/fourdds/ros2_ws/src/boids/src/main.cpp:1[m[K:
[3.038s] [01m[K/home/fourdds/ros2_ws/src/boids/src/yaml.hpp:654:10:[m[K [01;31m[Kerror: [m[Kdefault argument given for parameter 3 of â€˜[01m[Kvoid Yaml::Serialize(const Yaml::Node&, std::string&, const Yaml::SerializeConfig&)[m[Kâ€™
[3.038s]   654 |     void [01;31m[KSerialize[m[K(const Node & root, std::string & string, const SerializeConfig & config = {2, 64, false, false});
[3.038s]       |          [01;31m[K^~~~~~~~~[m[K
[3.038s] In file included from [01m[K/home/fourdds/ros2_ws/install/parameters/include/parameters/Parameters.hpp:3[m[K,
[3.038s]                  from [01m[K/home/fourdds/ros2_ws/install/obstacle_avoidance/include/obstacle_avoidance/ObstacleAvoidance.hpp:3[m[K,
[3.038s]                  from [01m[K/home/fourdds/ros2_ws/src/boids/src/uav_node.hpp:15[m[K,
[3.038s]                  from [01m[K/home/fourdds/ros2_ws/src/boids/src/main.cpp:1[m[K:
[3.038s] [01m[K/home/fourdds/ros2_ws/install/parameters/include/parameters/yaml.hpp:654:10:[m[K [01;36m[Knote: [m[Kprevious specification in â€˜[01m[Kvoid Yaml::Serialize(const Yaml::Node&, std::string&, const Yaml::SerializeConfig&)[m[Kâ€™ here
[3.038s]   654 |     void [01;36m[KSerialize[m[K(const Node & root, std::string & string, const SerializeConfig & config = {2, 64, false, false});
[3.038s]       |          [01;36m[K^~~~~~~~~[m[K
[4.881s] gmake[2]: *** [CMakeFiles/swarm_spawner.dir/build.make:104: CMakeFiles/swarm_spawner.dir/src/main.cpp.o] Error 1
[4.881s] gmake[2]: *** Waiting for unfinished jobs....
[7.854s] gmake[2]: *** [CMakeFiles/swarm_spawner.dir/build.make:76: CMakeFiles/swarm_spawner.dir/src/uav_node.cpp.o] Error 1
[7.854s] gmake[1]: *** [CMakeFiles/Makefile2:620: CMakeFiles/swarm_spawner.dir/all] Error 2
[7.854s] gmake: *** [Makefile:146: all] Error 2
[7.855s] Invoked command in '/home/fourdds/ros2_ws/build/boids' returned '2': CMAKE_PREFIX_PATH=/home/fourdds/ros2_ws/install/px4_msgs:/home/fourdds/ros2_ws/install/obstacle_avoidance:/home/fourdds/ros2_ws/install/uuv_boids:/home/fourdds/ros2_ws/install/stigmergy:/home/fourdds/ros2_ws/install/px4_ros_com:/home/fourdds/ros2_ws/install/iris-logger:/home/fourdds/ros2_ws/install/boids:/home/fourdds/ros2_ws/install/logging:/home/fourdds/ros2_ws/install/parameters:/opt/ros/humble LD_LIBRARY_PATH=/home/fourdds/ros2_ws/install/px4_msgs/lib:/home/fourdds/ros2_ws/install/obstacle_avoidance/lib:/home/fourdds/ros2_ws/install/uuv_boids/lib:/home/fourdds/ros2_ws/install/stigmergy/lib:/home/fourdds/ros2_ws/install/px4_ros_com/lib:/home/fourdds/ros2_ws/install/boids/lib:/home/fourdds/ros2_ws/install/parameters/lib:/usr/lib/x86_64-linux-gnu/gazebo-11/plugins:/opt/ros/humble/opt/rviz_ogre_vendor/lib:/opt/ros/humble/lib/x86_64-linux-gnu:/opt/ros/humble/lib /usr/bin/cmake --build /home/fourdds/ros2_ws/build/boids -- -j24 -l24
