In file included from [01m[K/home/fourdds/ros2_ws/src/boids/src/main.cpp:1[m[K:
[01m[K/home/fourdds/ros2_ws/src/boids/src/uav_node.hpp:169:29:[m[K [01;31m[Kerror: [m[Kâ€˜[01m[Kconstexpr[m[Kâ€™ needed for in-class initialization of static data member â€˜[01m[Kstd::atomic<int> Swarm::UavNode::img_id[m[Kâ€™ of non-integral type [[01;31m[K]8;;https://gcc.gnu.org/onlinedocs/gcc/Warning-Options.html#index-fpermissive-fpermissive]8;;[m[K]
  169 |     static std::atomic<int> [01;31m[Kimg_id[m[K{0};
      |                             [01;31m[K^~~~~~[m[K
In file included from [01m[K/home/fourdds/ros2_ws/src/boids/src/uav_node.cpp:1[m[K:
[01m[K/home/fourdds/ros2_ws/src/boids/src/uav_node.hpp:169:29:[m[K [01;31m[Kerror: [m[Kâ€˜[01m[Kconstexpr[m[Kâ€™ needed for in-class initialization of static data member â€˜[01m[Kstd::atomic<int> Swarm::UavNode::img_id[m[Kâ€™ of non-integral type [[01;31m[K]8;;https://gcc.gnu.org/onlinedocs/gcc/Warning-Options.html#index-fpermissive-fpermissive]8;;[m[K]
  169 |     static std::atomic<int> [01;31m[Kimg_id[m[K{0};
      |                             [01;31m[K^~~~~~[m[K
[01m[K/home/fourdds/ros2_ws/src/boids/src/uav_node.cpp:[m[K In member function â€˜[01m[Kvoid Swarm::UavNode::cameraSubscriptionCallback(sensor_msgs::msg::CompressedImage_<std::allocator<void> >::ConstSharedPtr)[m[Kâ€™:
[01m[K/home/fourdds/ros2_ws/src/boids/src/uav_node.cpp:304:14:[m[K [01;35m[Kwarning: [m[Kunused variable â€˜[01m[Ksuccess[m[Kâ€™ [[01;35m[K]8;;https://gcc.gnu.org/onlinedocs/gcc/Warning-Options.html#index-Wunused-variable-Wunused-variable]8;;[m[K]
  304 |         bool [01;35m[Ksuccess[m[K = cv::imwrite(path + std::to_string(id) + ".jpg", cv_image);
      |              [01;35m[K^~~~~~~[m[K
gmake[2]: *** [CMakeFiles/swarm_spawner.dir/build.make:104: CMakeFiles/swarm_spawner.dir/src/main.cpp.o] Error 1
gmake[2]: *** Waiting for unfinished jobs....
gmake[2]: *** [CMakeFiles/swarm_spawner.dir/build.make:76: CMakeFiles/swarm_spawner.dir/src/uav_node.cpp.o] Error 1
gmake[1]: *** [CMakeFiles/Makefile2:620: CMakeFiles/swarm_spawner.dir/all] Error 2
gmake: *** [Makefile:146: all] Error 2
