[35m[1mConsolidate compiler generated dependencies of target swarm_spawner[0m
[  2%] Built target boids__cpp
[ 10%] Built target boids__rosidl_generator_c
[ 15%] Built target frame_transforms
[ 15%] Built target ament_cmake_python_copy_boids
[ 32%] Built target boids__rosidl_typesupport_introspection_c
[ 32%] Built target boids__rosidl_typesupport_c
[ 34%] [32mBuilding CXX object CMakeFiles/swarm_spawner.dir/src/main.cpp.o[0m
[ 43%] Built target boids__rosidl_typesupport_fastrtps_c
[ 45%] [32mBuilding CXX object CMakeFiles/swarm_spawner.dir/src/uav_node.cpp.o[0m
[ 54%] Built target boids__rosidl_typesupport_cpp
[ 63%] Built target boids__rosidl_typesupport_fastrtps_cpp
[ 71%] Built target boids__rosidl_typesupport_introspection_cpp
[ 71%] Built target boids
[ 73%] Built target boids__py
[ 80%] Built target boids__rosidl_generator_py
[ 84%] Built target boids__rosidl_typesupport_introspection_c__pyext
[ 89%] Built target boids__rosidl_typesupport_c__pyext
[ 93%] Built target boids__rosidl_typesupport_fastrtps_c__pyext
running egg_info
writing boids.egg-info/PKG-INFO
writing dependency_links to boids.egg-info/dependency_links.txt
writing top-level names to boids.egg-info/top_level.txt
reading manifest file 'boids.egg-info/SOURCES.txt'
writing manifest file 'boids.egg-info/SOURCES.txt'
[ 93%] Built target ament_cmake_python_build_boids_egg
In file included from [01m[K/home/fourdds/ros2_ws/src/boids/src/main.cpp:1[m[K:
[01m[K/home/fourdds/ros2_ws/src/boids/src/uav_node.hpp:169:29:[m[K [01;31m[Kerror: [m[Kâ€˜[01m[Kconstexpr[m[Kâ€™ needed for in-class initialization of static data member â€˜[01m[Kstd::atomic<int> Swarm::UavNode::img_id[m[Kâ€™ of non-integral type [[01;31m[K]8;;https://gcc.gnu.org/onlinedocs/gcc/Warning-Options.html#index-fpermissive-fpermissive]8;;[m[K]
  169 |     static std::atomic<int> [01;31m[Kimg_id[m[K{0};
      |                             [01;31m[K^~~~~~[m[K
In file included from [01m[K/home/fourdds/ros2_ws/src/boids/src/uav_node.cpp:1[m[K:
[01m[K/home/fourdds/ros2_ws/src/boids/src/uav_node.hpp:169:29:[m[K [01;31m[Kerror: [m[Kâ€˜[01m[Kconstexpr[m[Kâ€™ needed for in-class initialization of static data member â€˜[01m[Kstd::atomic<int> Swarm::UavNode::img_id[m[Kâ€™ of non-integral type [[01;31m[K]8;;https://gcc.gnu.org/onlinedocs/gcc/Warning-Options.html#index-fpermissive-fpermissive]8;;[m[K]
  169 |     static std::atomic<int> [01;31m[Kimg_id[m[K{0};
      |                             [01;31m[K^~~~~~[m[K
[01m[K/home/fourdds/ros2_ws/src/boids/src/uav_node.cpp:[m[K In member function â€˜[01m[Kvoid Swarm::UavNode::cameraSubscriptionCallback(sensor_msgs::msg::CompressedImage_<std::allocator<void> >::ConstSharedPtr)[m[Kâ€™:
[01m[K/home/fourdds/ros2_ws/src/boids/src/uav_node.cpp:304:14:[m[K [01;35m[Kwarning: [m[Kunused variable â€˜[01m[Ksuccess[m[Kâ€™ [[01;35m[K]8;;https://gcc.gnu.org/onlinedocs/gcc/Warning-Options.html#index-Wunused-variable-Wunused-variable]8;;[m[K]
  304 |         bool [01;35m[Ksuccess[m[K = cv::imwrite(path + std::to_string(id) + ".jpg", cv_image);
      |              [01;35m[K^~~~~~~[m[K
gmake[2]: *** [CMakeFiles/swarm_spawner.dir/build.make:104: CMakeFiles/swarm_spawner.dir/src/main.cpp.o] Error 1
gmake[2]: *** Waiting for unfinished jobs....
gmake[2]: *** [CMakeFiles/swarm_spawner.dir/build.make:76: CMakeFiles/swarm_spawner.dir/src/uav_node.cpp.o] Error 1
gmake[1]: *** [CMakeFiles/Makefile2:620: CMakeFiles/swarm_spawner.dir/all] Error 2
gmake: *** [Makefile:146: all] Error 2
