[0.011s] Invoking command in '/home/fourdds/ros2_ws/build/boids': CMAKE_PREFIX_PATH=/home/fourdds/ros2_ws/install/px4_msgs:/home/fourdds/ros2_ws/install/uuv_boids:/home/fourdds/ros2_ws/install/px4_ros_com:/home/fourdds/ros2_ws/install/iris-logger:/home/fourdds/ros2_ws/install/boids:/opt/ros/humble LD_LIBRARY_PATH=/home/fourdds/ros2_ws/install/px4_msgs/lib:/home/fourdds/ros2_ws/install/uuv_boids/lib:/home/fourdds/ros2_ws/install/px4_ros_com/lib:/home/fourdds/ros2_ws/install/boids/lib:/usr/lib/x86_64-linux-gnu/gazebo-11/plugins:/opt/ros/humble/opt/rviz_ogre_vendor/lib:/opt/ros/humble/lib/x86_64-linux-gnu:/opt/ros/humble/lib /usr/bin/cmake --build /home/fourdds/ros2_ws/build/boids -- -j24 -l24
[0.037s] [35m[1mConsolidate compiler generated dependencies of target swarm_spawner[0m
[0.038s] [  2%] Built target boids__cpp
[0.038s] [ 10%] Built target boids__rosidl_generator_c
[0.040s] [ 15%] Built target frame_transforms
[0.046s] [ 15%] Built target ament_cmake_python_copy_boids
[0.054s] [ 32%] Built target boids__rosidl_typesupport_introspection_c
[0.054s] [ 32%] Built target boids__rosidl_typesupport_c
[0.054s] [ 34%] [32mBuilding CXX object CMakeFiles/swarm_spawner.dir/src/main.cpp.o[0m
[0.054s] [ 43%] Built target boids__rosidl_typesupport_fastrtps_c
[0.054s] [ 45%] [32mBuilding CXX object CMakeFiles/swarm_spawner.dir/src/uav_node.cpp.o[0m
[0.054s] [ 54%] Built target boids__rosidl_typesupport_cpp
[0.055s] [ 63%] Built target boids__rosidl_typesupport_fastrtps_cpp
[0.056s] [ 71%] Built target boids__rosidl_typesupport_introspection_cpp
[0.067s] [ 71%] Built target boids
[0.080s] [ 73%] Built target boids__py
[0.094s] [ 80%] Built target boids__rosidl_generator_py
[0.107s] [ 84%] Built target boids__rosidl_typesupport_introspection_c__pyext
[0.107s] [ 89%] Built target boids__rosidl_typesupport_c__pyext
[0.108s] [ 93%] Built target boids__rosidl_typesupport_fastrtps_c__pyext
[0.172s] running egg_info
[0.180s] writing boids.egg-info/PKG-INFO
[0.180s] writing dependency_links to boids.egg-info/dependency_links.txt
[0.181s] writing top-level names to boids.egg-info/top_level.txt
[0.205s] reading manifest file 'boids.egg-info/SOURCES.txt'
[0.205s] writing manifest file 'boids.egg-info/SOURCES.txt'
[0.229s] [ 93%] Built target ament_cmake_python_build_boids_egg
[2.406s] In file included from [01m[K/home/fourdds/ros2_ws/src/boids/src/main.cpp:1[m[K:
[2.407s] [01m[K/home/fourdds/ros2_ws/src/boids/src/uav_node.hpp:169:29:[m[K [01;31m[Kerror: [m[Kâ€˜[01m[Kconstexpr[m[Kâ€™ needed for in-class initialization of static data member â€˜[01m[Kstd::atomic<int> Swarm::UavNode::img_id[m[Kâ€™ of non-integral type [[01;31m[K]8;;https://gcc.gnu.org/onlinedocs/gcc/Warning-Options.html#index-fpermissive-fpermissive]8;;[m[K]
[2.407s]   169 |     static std::atomic<int> [01;31m[Kimg_id[m[K{0};
[2.407s]       |                             [01;31m[K^~~~~~[m[K
[2.446s] In file included from [01m[K/home/fourdds/ros2_ws/src/boids/src/uav_node.cpp:1[m[K:
[2.446s] [01m[K/home/fourdds/ros2_ws/src/boids/src/uav_node.hpp:169:29:[m[K [01;31m[Kerror: [m[Kâ€˜[01m[Kconstexpr[m[Kâ€™ needed for in-class initialization of static data member â€˜[01m[Kstd::atomic<int> Swarm::UavNode::img_id[m[Kâ€™ of non-integral type [[01;31m[K]8;;https://gcc.gnu.org/onlinedocs/gcc/Warning-Options.html#index-fpermissive-fpermissive]8;;[m[K]
[2.446s]   169 |     static std::atomic<int> [01;31m[Kimg_id[m[K{0};
[2.446s]       |                             [01;31m[K^~~~~~[m[K
[2.781s] [01m[K/home/fourdds/ros2_ws/src/boids/src/uav_node.cpp:[m[K In member function â€˜[01m[Kvoid Swarm::UavNode::cameraSubscriptionCallback(sensor_msgs::msg::CompressedImage_<std::allocator<void> >::ConstSharedPtr)[m[Kâ€™:
[2.781s] [01m[K/home/fourdds/ros2_ws/src/boids/src/uav_node.cpp:304:14:[m[K [01;35m[Kwarning: [m[Kunused variable â€˜[01m[Ksuccess[m[Kâ€™ [[01;35m[K]8;;https://gcc.gnu.org/onlinedocs/gcc/Warning-Options.html#index-Wunused-variable-Wunused-variable]8;;[m[K]
[2.781s]   304 |         bool [01;35m[Ksuccess[m[K = cv::imwrite(path + std::to_string(id) + ".jpg", cv_image);
[2.781s]       |              [01;35m[K^~~~~~~[m[K
[3.803s] gmake[2]: *** [CMakeFiles/swarm_spawner.dir/build.make:104: CMakeFiles/swarm_spawner.dir/src/main.cpp.o] Error 1
[3.803s] gmake[2]: *** Waiting for unfinished jobs....
[8.989s] gmake[2]: *** [CMakeFiles/swarm_spawner.dir/build.make:76: CMakeFiles/swarm_spawner.dir/src/uav_node.cpp.o] Error 1
[8.989s] gmake[1]: *** [CMakeFiles/Makefile2:620: CMakeFiles/swarm_spawner.dir/all] Error 2
[8.989s] gmake: *** [Makefile:146: all] Error 2
[8.992s] Invoked command in '/home/fourdds/ros2_ws/build/boids' returned '2': CMAKE_PREFIX_PATH=/home/fourdds/ros2_ws/install/px4_msgs:/home/fourdds/ros2_ws/install/uuv_boids:/home/fourdds/ros2_ws/install/px4_ros_com:/home/fourdds/ros2_ws/install/iris-logger:/home/fourdds/ros2_ws/install/boids:/opt/ros/humble LD_LIBRARY_PATH=/home/fourdds/ros2_ws/install/px4_msgs/lib:/home/fourdds/ros2_ws/install/uuv_boids/lib:/home/fourdds/ros2_ws/install/px4_ros_com/lib:/home/fourdds/ros2_ws/install/boids/lib:/usr/lib/x86_64-linux-gnu/gazebo-11/plugins:/opt/ros/humble/opt/rviz_ogre_vendor/lib:/opt/ros/humble/lib/x86_64-linux-gnu:/opt/ros/humble/lib /usr/bin/cmake --build /home/fourdds/ros2_ws/build/boids -- -j24 -l24
