In file included from [01m[K/home/fourdds/ros2_ws/src/boids/src/uav_node.cpp:1[m[K:
[01m[K/home/fourdds/ros2_ws/src/boids/src/uav_node.hpp:9:10:[m[K [01;31m[Kfatal error: [m[Ksemaphore.hpp: No such file or directory
    9 | #include [01;31m[K<semaphore.hpp>[m[K
      |          [01;31m[K^~~~~~~~~~~~~~~[m[K
compilation terminated.
In file included from [01m[K/home/fourdds/ros2_ws/src/boids/src/main.cpp:1[m[K:
[01m[K/home/fourdds/ros2_ws/src/boids/src/uav_node.hpp:9:10:[m[K [01;31m[Kfatal error: [m[Ksemaphore.hpp: No such file or directory
    9 | #include [01;31m[K<semaphore.hpp>[m[K
      |          [01;31m[K^~~~~~~~~~~~~~~[m[K
compilation terminated.
gmake[2]: *** [CMakeFiles/uavs_spawner.dir/build.make:76: CMakeFiles/uavs_spawner.dir/src/uav_node.cpp.o] Error 1
gmake[2]: *** Waiting for unfinished jobs....
gmake[2]: *** [CMakeFiles/uavs_spawner.dir/build.make:90: CMakeFiles/uavs_spawner.dir/src/main.cpp.o] Error 1
gmake[1]: *** [CMakeFiles/Makefile2:165: CMakeFiles/uavs_spawner.dir/all] Error 2
gmake[1]: *** Waiting for unfinished jobs....
gmake: *** [Makefile:146: all] Error 2
