[0.025s] Invoking command in '/home/fourdds/ws/build/gazebo_ros': AMENT_PREFIX_PATH=/home/fourdds/ws/install/gazebo_msgs:/home/fourdds/ws/install/gazebo_dev:${AMENT_PREFIX_PATH} CMAKE_PREFIX_PATH=/home/fourdds/ws/install/gazebo_msgs:/home/fourdds/ws/install/gazebo_dev:/opt/ros/humble LD_LIBRARY_PATH=/home/fourdds/ws/install/gazebo_msgs/lib:${LD_LIBRARY_PATH} PYTHONPATH=/home/fourdds/ws/install/gazebo_msgs/local/lib/python3.10/dist-packages:${PYTHONPATH} /usr/bin/cmake --build /home/fourdds/ws/build/gazebo_ros -- -j16 -l16
[0.067s] -- Found ament_cmake: 1.3.10 (/opt/ros/humble/share/ament_cmake/cmake)
[0.214s] -- Override CMake install command with custom implementation using symlinks instead of copying resources
[0.224s] -- Found builtin_interfaces: 1.2.1 (/opt/ros/humble/share/builtin_interfaces/cmake)
[0.253s] -- Found rosidl_generator_c: 3.1.5 (/opt/ros/humble/share/rosidl_generator_c/cmake)
[0.256s] -- Found rosidl_adapter: 3.1.5 (/opt/ros/humble/share/rosidl_adapter/cmake)
[0.262s] -- Found rosidl_generator_cpp: 3.1.5 (/opt/ros/humble/share/rosidl_generator_cpp/cmake)
[0.274s] -- Using all available rosidl_typesupport_c: rosidl_typesupport_fastrtps_c;rosidl_typesupport_introspection_c
[0.289s] -- Using all available rosidl_typesupport_cpp: rosidl_typesupport_fastrtps_cpp;rosidl_typesupport_introspection_cpp
[0.302s] -- Found gazebo_dev: 3.7.0 (/home/fourdds/ws/install/gazebo_dev/share/gazebo_dev/cmake)
[0.360s] -- Found DART: /usr/include (Required is at least version "6.6") found components: dart 
[0.424s] -- Found Protobuf: /usr/lib/x86_64-linux-gnu/libprotobuf.so (found version "3.12.4") 
[0.430s] -- Looking for ignition-math6 -- found version 6.15.1
[0.443s] -- Searching for dependencies of ignition-math6
[0.448s] -- Looking for OGRE...
[0.456s] -- Found Ogre Ghadamon (1.9.0)
[0.457s] -- Found OGRE: optimized;/usr/lib/x86_64-linux-gnu/libOgreMain.so;debug;/usr/lib/x86_64-linux-gnu/libOgreMain.so
[0.470s] -- Looking for OGRE_Paging...
[0.470s] -- Found OGRE_Paging: optimized;/usr/lib/x86_64-linux-gnu/libOgrePaging.so;debug;/usr/lib/x86_64-linux-gnu/libOgrePaging.so
[0.470s] -- Looking for OGRE_Terrain...
[0.471s] -- Found OGRE_Terrain: optimized;/usr/lib/x86_64-linux-gnu/libOgreTerrain.so;debug;/usr/lib/x86_64-linux-gnu/libOgreTerrain.so
[0.471s] -- Looking for OGRE_Property...
[0.471s] -- Found OGRE_Property: optimized;/usr/lib/x86_64-linux-gnu/libOgreProperty.so;debug;/usr/lib/x86_64-linux-gnu/libOgreProperty.so
[0.471s] -- Looking for OGRE_RTShaderSystem...
[0.471s] -- Found OGRE_RTShaderSystem: optimized;/usr/lib/x86_64-linux-gnu/libOgreRTShaderSystem.so;debug;/usr/lib/x86_64-linux-gnu/libOgreRTShaderSystem.so
[0.471s] -- Looking for OGRE_Volume...
[0.471s] -- Found OGRE_Volume: optimized;/usr/lib/x86_64-linux-gnu/libOgreVolume.so;debug;/usr/lib/x86_64-linux-gnu/libOgreVolume.so
[0.471s] -- Looking for OGRE_Overlay...
[0.471s] -- Found OGRE_Overlay: optimized;/usr/lib/x86_64-linux-gnu/libOgreOverlay.so;debug;/usr/lib/x86_64-linux-gnu/libOgreOverlay.so
[1.130s] -- Looking for ignition-math6 -- found version 6.15.1
[1.140s] -- Looking for ignition-transport8 -- found version 8.2.1
[1.140s] -- Searching for dependencies of ignition-transport8
[1.179s] -- Found Protobuf: /usr/lib/x86_64-linux-gnu/libprotobuf.so (found suitable version "3.12.4", minimum required is "3") 
[1.207s] -- Config-file not installed for ZeroMQ -- checking for pkg-config
[1.213s] -- Checking for module 'libzmq >= 4'
[1.240s] --   Found libzmq , version 4.3.4
[1.298s] -- Checking for module 'uuid'
[1.316s] --   Found uuid, version 2.37.2
[1.365s] -- Looking for ignition-msgs5 -- found version 5.8.1
[1.365s] -- Searching for dependencies of ignition-msgs5
[1.405s] -- Looking for ignition-math6 -- found version 6.15.1
[1.414s] -- Checking for module 'tinyxml2'
[1.434s] --   Found tinyxml2, version 9.0.0
[1.481s] -- Looking for ignition-msgs5 -- found version 5.8.1
[1.483s] -- Looking for ignition-common3 -- found version 3.14.0
[1.484s] -- Searching for dependencies of ignition-common3
[1.485s] -- Looking for dlfcn.h - found
[1.485s] -- Looking for libdl - found
[1.506s] -- Searching for <ignition-common3> component [graphics]
[1.508s] -- Looking for ignition-common3-graphics -- found version 3.14.0
[1.508s] -- Searching for dependencies of ignition-common3-graphics
[1.509s] -- Looking for ignition-math6 -- found version 6.15.1
[1.513s] -- Looking for ignition-fuel_tools4 -- found version 4.4.0
[1.514s] -- Searching for dependencies of ignition-fuel_tools4
[1.586s] -- Checking for module 'jsoncpp'
[1.605s] --   Found jsoncpp, version 1.9.5
[1.662s] -- Checking for module 'libzip'
[1.682s] --   Found libzip, version 1.7.3
[1.728s] -- Looking for ignition-common3 -- found version 3.14.0
[1.729s] -- Looking for ignition-math6 -- found version 6.15.1
[1.729s] -- Looking for ignition-msgs5 -- found version 5.8.1
[1.735s] -- Gazebo version: 11.10
[1.736s] -- Found gazebo_msgs: 3.7.0 (/home/fourdds/ws/install/gazebo_msgs/share/gazebo_msgs/cmake)
[1.810s] -- Found rcl: 5.3.9 (/opt/ros/humble/share/rcl/cmake)
[1.832s] -- Found rmw_implementation_cmake: 6.1.2 (/opt/ros/humble/share/rmw_implementation_cmake/cmake)
[1.834s] -- Found rmw_fastrtps_cpp: 6.2.7 (/opt/ros/humble/share/rmw_fastrtps_cpp/cmake)
[2.028s] -- Using RMW implementation 'rmw_fastrtps_cpp' as default
[2.038s] -- Found rclcpp: 16.0.10 (/opt/ros/humble/share/rclcpp/cmake)
[2.088s] -- Found std_srvs: 4.2.4 (/opt/ros/humble/share/std_srvs/cmake)
[2.118s] -- Found tinyxml_vendor: 0.8.3 (/opt/ros/humble/share/tinyxml_vendor/cmake)
[2.235s] -- Found ament_cmake_gtest: 1.3.10 (/opt/ros/humble/share/ament_cmake_gtest/cmake)
[2.238s] -- Found launch_testing_ament_cmake: 1.0.6 (/opt/ros/humble/share/launch_testing_ament_cmake/cmake)
[2.240s] -- Found python_cmake_module: 0.10.0 (/opt/ros/humble/share/python_cmake_module/cmake)
[2.271s] -- Using PYTHON_EXECUTABLE: /usr/bin/python3
[2.272s] -- Using PYTHON_INCLUDE_DIRS: /usr/include/python3.10
[2.272s] -- Using PYTHON_LIBRARIES: /usr/lib/x86_64-linux-gnu/libpython3.10.so
[2.274s] -- Found sensor_msgs: 4.2.4 (/opt/ros/humble/share/sensor_msgs/cmake)
[2.319s] -- Found gtest sources under '/opt/ros/humble/src/gtest_vendor': C++ tests using 'Google Test' will be built
[2.447s] -- Found ament_lint_auto: 0.12.11 (/opt/ros/humble/share/ament_lint_auto/cmake)
[2.541s] -- Found python_cmake_module: 0.10.0 (/opt/ros/humble/share/python_cmake_module/cmake)
[2.574s] -- Using PYTHON_EXECUTABLE: /usr/bin/python3
[2.574s] -- Using PYTHON_INCLUDE_DIRS: /usr/include/python3.10
[2.574s] -- Using PYTHON_LIBRARIES: /usr/lib/x86_64-linux-gnu/libpython3.10.so
[2.647s] -- Added test 'copyright' to check source files copyright and LICENSE
[2.657s] -- Added test 'cppcheck' to perform static code analysis on C / C++ code
[2.658s] -- Configured cppcheck include dirs: $<BUILD_INTERFACE:/home/fourdds/ws/src/gazebo_ros_pkgs/gazebo_ros/include>
[2.658s] -- Configured cppcheck exclude dirs and/or files: 
[2.659s] -- Added test 'flake8' to check Python code syntax and style conventions
[2.661s] -- Added test 'lint_cmake' to check CMake code style
[2.663s] -- Added test 'pep257' to check Python code against some of the docstring style conventions in PEP 257
[2.668s] -- Added test 'uncrustify' to check C / C++ code style
[2.668s] -- Configured uncrustify additional arguments: 
[2.669s] -- Added test 'xmllint' to check XML markup files
[2.677s] -- Configuring done
[3.323s] -- Generating done
[3.336s] -- Build files have been written to: /home/fourdds/ws/build/gazebo_ros
[3.397s] [35m[1mConsolidate compiler generated dependencies of target gtest_main[0m
[3.400s] [35m[1mConsolidate compiler generated dependencies of target mock_gazebo_ros_factory[0m
[3.401s] [35m[1mConsolidate compiler generated dependencies of target gtest[0m
[3.403s] [35m[1mConsolidate compiler generated dependencies of target gazebo_ros_utils[0m
[3.411s] [35m[1mConsolidate compiler generated dependencies of target mock_robot_state_publisher[0m
[3.414s] [35m[1mConsolidate compiler generated dependencies of target gazebo_ros_node[0m
[3.428s] [  1%] [32mBuilding CXX object gtest/CMakeFiles/gtest.dir/src/gtest-all.cc.o[0m
[3.434s] [  3%] [32mBuilding CXX object gtest/CMakeFiles/gtest_main.dir/src/gtest_main.cc.o[0m
[3.442s] [  3%] Built target ament_cmake_python_symlink_scripts
[3.443s] [  5%] [32mBuilding CXX object test/CMakeFiles/mock_gazebo_ros_factory.dir/mock_gazebo_ros_factory/gazebo_ros_factory.cpp.o[0m
[3.457s] [  6%] [32mBuilding CXX object test/CMakeFiles/mock_robot_state_publisher.dir/mock_robot_state_publisher/robot_state_publisher.cpp.o[0m
[3.510s] [ 10%] [32mBuilding CXX object CMakeFiles/gazebo_ros_node.dir/src/executor.cpp.o[0m
[3.511s] [ 10%] [32mBuilding CXX object CMakeFiles/gazebo_ros_utils.dir/src/utils.cpp.o[0m
[3.520s] [ 11%] [32mBuilding CXX object CMakeFiles/gazebo_ros_node.dir/src/node.cpp.o[0m
[3.520s] [ 13%] [32mBuilding CXX object CMakeFiles/gazebo_ros_node.dir/src/qos.cpp.o[0m
[3.871s] running egg_info
[3.905s] writing scripts.egg-info/PKG-INFO
[3.906s] writing dependency_links to scripts.egg-info/dependency_links.txt
[3.907s] writing top-level names to scripts.egg-info/top_level.txt
[4.011s] reading manifest file 'scripts.egg-info/SOURCES.txt'
[4.014s] writing manifest file 'scripts.egg-info/SOURCES.txt'
[4.100s] [ 13%] Built target ament_cmake_python_build_scripts_egg
[4.648s] [ 15%] [32m[1mLinking CXX static library libgtest_main.a[0m
[4.710s] [ 15%] Built target gtest_main
[9.252s] [ 16%] [32m[1mLinking CXX static library libgtest.a[0m
[9.355s] [ 16%] Built target gtest
[10.310s] [ 18%] [32m[1mLinking CXX executable mock_gazebo_ros_factory[0m
[10.565s] [ 18%] Built target mock_gazebo_ros_factory
[11.934s] [ 20%] [32m[1mLinking CXX executable mock_robot_state_publisher[0m
[12.279s] [ 20%] Built target mock_robot_state_publisher
[17.049s] [ 21%] [32m[1mLinking CXX shared library libgazebo_ros_node.so[0m
[17.818s] [ 21%] Built target gazebo_ros_node
[17.848s] [35m[1mConsolidate compiler generated dependencies of target gazebo_ros_state[0m
[17.850s] [35m[1mConsolidate compiler generated dependencies of target gazebo_ros_properties[0m
[17.860s] [35m[1mConsolidate compiler generated dependencies of target gazebo_ros_force_system[0m
[17.866s] [35m[1mConsolidate compiler generated dependencies of target args_init[0m
[17.867s] [35m[1mConsolidate compiler generated dependencies of target create_node_without_init[0m
[17.867s] [35m[1mConsolidate compiler generated dependencies of target multiple_nodes[0m
[17.873s] [35m[1mConsolidate compiler generated dependencies of target sdf_node[0m
[17.876s] [35m[1mConsolidate compiler generated dependencies of target ros_world_plugin[0m
[17.929s] [ 23%] [32mBuilding CXX object test/CMakeFiles/create_node_without_init.dir/plugins/create_node_without_init.cpp.o[0m
[17.937s] [ 25%] [32mBuilding CXX object test/CMakeFiles/multiple_nodes.dir/plugins/multiple_nodes.cpp.o[0m
[17.969s] [ 26%] [32mBuilding CXX object test/CMakeFiles/ros_world_plugin.dir/plugins/ros_world_plugin.cpp.o[0m
[17.970s] [ 28%] [32mBuilding CXX object test/CMakeFiles/sdf_node.dir/plugins/sdf_node.cpp.o[0m
[17.971s] [ 30%] [32mBuilding CXX object CMakeFiles/gazebo_ros_force_system.dir/src/gazebo_ros_force_system.cpp.o[0m
[17.979s] [ 31%] [32mBuilding CXX object test/CMakeFiles/args_init.dir/plugins/args_init.cpp.o[0m
[17.989s] [ 33%] [32mBuilding CXX object CMakeFiles/gazebo_ros_state.dir/src/gazebo_ros_state.cpp.o[0m
[18.000s] [ 35%] [32mBuilding CXX object CMakeFiles/gazebo_ros_properties.dir/src/gazebo_ros_properties.cpp.o[0m
[18.797s] [ 36%] [32m[1mLinking CXX shared library libgazebo_ros_utils.so[0m
[19.414s] [ 36%] Built target gazebo_ros_utils
[19.438s] [35m[1mConsolidate compiler generated dependencies of target test_conversions[0m
[19.438s] [35m[1mConsolidate compiler generated dependencies of target gazebo_ros_init[0m
[19.441s] [35m[1mConsolidate compiler generated dependencies of target test_gazebo_ros_properties[0m
[19.448s] [35m[1mConsolidate compiler generated dependencies of target test_gazebo_ros_link_wrench[0m
[19.448s] [35m[1mConsolidate compiler generated dependencies of target test_gazebo_ros_joint_effort[0m
[19.451s] [35m[1mConsolidate compiler generated dependencies of target gazebo_ros_factory[0m
[19.451s] [35m[1mConsolidate compiler generated dependencies of target test_gazebo_ros_factory[0m
[19.453s] [35m[1mConsolidate compiler generated dependencies of target test_gazebo_ros_init[0m
[19.506s] [ 38%] [32mBuilding CXX object test/CMakeFiles/test_conversions.dir/test_conversions.cpp.o[0m
[19.533s] [ 40%] [32mBuilding CXX object CMakeFiles/gazebo_ros_init.dir/src/gazebo_ros_init.cpp.o[0m
[19.566s] [ 43%] [32mBuilding CXX object test/CMakeFiles/test_gazebo_ros_properties.dir/test_gazebo_ros_properties.cpp.o[0m
[19.567s] [ 43%] [32mBuilding CXX object CMakeFiles/gazebo_ros_factory.dir/src/gazebo_ros_factory.cpp.o[0m
[19.570s] [ 45%] [32mBuilding CXX object test/CMakeFiles/test_gazebo_ros_init.dir/test_gazebo_ros_init.cpp.o[0m
[19.584s] [ 46%] [32mBuilding CXX object test/CMakeFiles/test_gazebo_ros_joint_effort.dir/test_gazebo_ros_joint_effort.cpp.o[0m
[19.591s] [ 48%] [32mBuilding CXX object test/CMakeFiles/test_gazebo_ros_link_wrench.dir/test_gazebo_ros_link_wrench.cpp.o[0m
[19.610s] [ 50%] [32mBuilding CXX object test/CMakeFiles/test_gazebo_ros_factory.dir/test_gazebo_ros_factory.cpp.o[0m
[33.383s] [01m[Kc++:[m[K [01;31m[Kfatal error: [m[KKilled signal terminated program cc1plus
[33.401s] compilation terminated.
[33.403s] gmake[2]: *** [CMakeFiles/gazebo_ros_state.dir/build.make:76: CMakeFiles/gazebo_ros_state.dir/src/gazebo_ros_state.cpp.o] Error 1
[33.423s] gmake[1]: *** [CMakeFiles/Makefile2:409: CMakeFiles/gazebo_ros_state.dir/all] Error 2
[33.427s] gmake[1]: *** Waiting for unfinished jobs....
[36.479s] [ 51%] [32m[1mLinking CXX executable test_conversions[0m
[43.717s] [ 51%] Built target test_conversions
[54.180s] [01m[Kc++:[m[K [01;31m[Kfatal error: [m[KKilled signal terminated program cc1plus
[54.182s] compilation terminated.
[54.207s] gmake[2]: *** [test/CMakeFiles/test_gazebo_ros_properties.dir/build.make:76: test/CMakeFiles/test_gazebo_ros_properties.dir/test_gazebo_ros_properties.cpp.o] Error 1
[54.273s] gmake[1]: *** [CMakeFiles/Makefile2:739: test/CMakeFiles/test_gazebo_ros_properties.dir/all] Error 2
[63.363s] [01m[Kc++:[m[K [01;31m[Kfatal error: [m[KKilled signal terminated program cc1plus
[63.365s] compilation terminated.
[63.385s] gmake[2]: *** [test/CMakeFiles/test_gazebo_ros_factory.dir/build.make:76: test/CMakeFiles/test_gazebo_ros_factory.dir/test_gazebo_ros_factory.cpp.o] Error 1
[63.437s] gmake[1]: *** [CMakeFiles/Makefile2:623: test/CMakeFiles/test_gazebo_ros_factory.dir/all] Error 2
[88.431s] [01m[Kc++:[m[K [01;31m[Kfatal error: [m[KKilled signal terminated program cc1plus
[88.433s] compilation terminated.
[88.453s] gmake[2]: *** [test/CMakeFiles/test_gazebo_ros_link_wrench.dir/build.make:76: test/CMakeFiles/test_gazebo_ros_link_wrench.dir/test_gazebo_ros_link_wrench.cpp.o] Error 1
[88.514s] gmake[1]: *** [CMakeFiles/Makefile2:710: test/CMakeFiles/test_gazebo_ros_link_wrench.dir/all] Error 2
[108.140s] [01m[Kc++:[m[K [01;31m[Kfatal error: [m[KKilled signal terminated program cc1plus
[108.141s] compilation terminated.
[108.154s] gmake[2]: *** [CMakeFiles/gazebo_ros_factory.dir/build.make:76: CMakeFiles/gazebo_ros_factory.dir/src/gazebo_ros_factory.cpp.o] Error 1
[108.198s] gmake[1]: *** [CMakeFiles/Makefile2:357: CMakeFiles/gazebo_ros_factory.dir/all] Error 2
[115.709s] [01m[Kc++:[m[K [01;31m[Kfatal error: [m[KKilled signal terminated program cc1plus
[115.713s] compilation terminated.
[115.724s] gmake[2]: *** [CMakeFiles/gazebo_ros_init.dir/build.make:76: CMakeFiles/gazebo_ros_init.dir/src/gazebo_ros_init.cpp.o] Error 1
[115.775s] gmake[1]: *** [CMakeFiles/Makefile2:330: CMakeFiles/gazebo_ros_init.dir/all] Error 2
[129.647s] [ 53%] [32m[1mLinking CXX shared library libargs_init.so[0m
[131.133s] [ 53%] Built target args_init
[131.765s] [ 55%] [32m[1mLinking CXX shared library libsdf_node.so[0m
[132.917s] [ 55%] Built target sdf_node
[135.923s] [ 56%] [32m[1mLinking CXX shared library libros_world_plugin.so[0m
[137.064s] [ 56%] Built target ros_world_plugin
[137.677s] [ 58%] [32m[1mLinking CXX shared library libmultiple_nodes.so[0m
[138.853s] [ 58%] Built target multiple_nodes
[139.020s] [ 60%] [32m[1mLinking CXX shared library libcreate_node_without_init.so[0m
[140.030s] [ 60%] Built target create_node_without_init
[148.200s] [ 61%] [32m[1mLinking CXX shared library libgazebo_ros_force_system.so[0m
[149.814s] [ 61%] Built target gazebo_ros_force_system
[160.231s] [ 63%] [32m[1mLinking CXX shared library libgazebo_ros_properties.so[0m
[162.181s] [ 63%] Built target gazebo_ros_properties
[171.474s] [ 65%] [32m[1mLinking CXX executable test_gazebo_ros_init[0m
[172.379s] [ 66%] [32m[1mLinking CXX executable test_gazebo_ros_joint_effort[0m
[175.283s] [ 66%] Built target test_gazebo_ros_joint_effort
[175.308s] [ 66%] Built target test_gazebo_ros_init
[175.331s] gmake: *** [Makefile:146: all] Error 2
[175.557s] Invoked command in '/home/fourdds/ws/build/gazebo_ros' returned '2': AMENT_PREFIX_PATH=/home/fourdds/ws/install/gazebo_msgs:/home/fourdds/ws/install/gazebo_dev:${AMENT_PREFIX_PATH} CMAKE_PREFIX_PATH=/home/fourdds/ws/install/gazebo_msgs:/home/fourdds/ws/install/gazebo_dev:/opt/ros/humble LD_LIBRARY_PATH=/home/fourdds/ws/install/gazebo_msgs/lib:${LD_LIBRARY_PATH} PYTHONPATH=/home/fourdds/ws/install/gazebo_msgs/local/lib/python3.10/dist-packages:${PYTHONPATH} /usr/bin/cmake --build /home/fourdds/ws/build/gazebo_ros -- -j16 -l16
