[0.008s] Invoking command in '/home/fourdds/ros2_ws/build/boids': CMAKE_PREFIX_PATH=/home/fourdds/ros2_ws/install/px4_msgs:/home/fourdds/ros2_ws/install/uuv_boids:/home/fourdds/ros2_ws/install/px4_ros_com:/home/fourdds/ros2_ws/install/iris-logger:/home/fourdds/ros2_ws/install/boids:/opt/ros/humble LD_LIBRARY_PATH=/home/fourdds/ros2_ws/install/px4_msgs/lib:/home/fourdds/ros2_ws/install/uuv_boids/lib:/home/fourdds/ros2_ws/install/px4_ros_com/lib:/home/fourdds/ros2_ws/install/boids/lib:/usr/lib/x86_64-linux-gnu/gazebo-11/plugins:/opt/ros/humble/opt/rviz_ogre_vendor/lib:/opt/ros/humble/lib/x86_64-linux-gnu:/opt/ros/humble/lib /usr/bin/cmake --build /home/fourdds/ros2_ws/build/boids -- -j24 -l24
[0.030s] [35m[1mConsolidate compiler generated dependencies of target swarm_spawner[0m
[0.030s] [  2%] Built target boids__cpp
[0.032s] [ 10%] Built target boids__rosidl_generator_c
[0.034s] [ 10%] Built target ament_cmake_python_copy_boids
[0.036s] [ 15%] Built target frame_transforms
[0.042s] [ 26%] Built target boids__rosidl_typesupport_fastrtps_cpp
[0.042s] [ 23%] [32mBuilding CXX object CMakeFiles/swarm_spawner.dir/src/uav_node.cpp.o[0m
[0.042s] [ 34%] Built target boids__rosidl_typesupport_cpp
[0.043s] [ 43%] Built target boids__rosidl_typesupport_introspection_cpp
[0.043s] [ 52%] Built target boids__rosidl_typesupport_introspection_c
[0.043s] [ 60%] Built target boids__rosidl_typesupport_fastrtps_c
[0.044s] [ 69%] Built target boids__rosidl_typesupport_c
[0.052s] [ 69%] Built target boids
[0.060s] [ 71%] Built target boids__py
[0.070s] [ 78%] Built target boids__rosidl_generator_py
[0.079s] [ 82%] Built target boids__rosidl_typesupport_fastrtps_c__pyext
[0.080s] [ 91%] Built target boids__rosidl_typesupport_introspection_c__pyext
[0.080s] [ 91%] Built target boids__rosidl_typesupport_c__pyext
[0.131s] running egg_info
[0.138s] writing boids.egg-info/PKG-INFO
[0.138s] writing dependency_links to boids.egg-info/dependency_links.txt
[0.138s] writing top-level names to boids.egg-info/top_level.txt
[0.156s] reading manifest file 'boids.egg-info/SOURCES.txt'
[0.157s] writing manifest file 'boids.egg-info/SOURCES.txt'
[0.171s] [ 91%] Built target ament_cmake_python_build_boids_egg
[1.863s] In file included from [01m[K/opt/ros/humble/include/rclcpp/rclcpp/client.hpp:40[m[K,
[1.863s]                  from [01m[K/opt/ros/humble/include/rclcpp/rclcpp/callback_group.hpp:24[m[K,
[1.864s]                  from [01m[K/opt/ros/humble/include/rclcpp/rclcpp/any_executable.hpp:20[m[K,
[1.864s]                  from [01m[K/opt/ros/humble/include/rclcpp/rclcpp/memory_strategy.hpp:25[m[K,
[1.864s]                  from [01m[K/opt/ros/humble/include/rclcpp/rclcpp/memory_strategies.hpp:18[m[K,
[1.864s]                  from [01m[K/opt/ros/humble/include/rclcpp/rclcpp/executor_options.hpp:20[m[K,
[1.864s]                  from [01m[K/opt/ros/humble/include/rclcpp/rclcpp/executor.hpp:37[m[K,
[1.864s]                  from [01m[K/opt/ros/humble/include/rclcpp/rclcpp/executors/multi_threaded_executor.hpp:25[m[K,
[1.864s]                  from [01m[K/opt/ros/humble/include/rclcpp/rclcpp/executors.hpp:21[m[K,
[1.864s]                  from [01m[K/opt/ros/humble/include/rclcpp/rclcpp/rclcpp.hpp:155[m[K,
[1.864s]                  from [01m[K/home/fourdds/ros2_ws/src/boids/src/uav_node.hpp:3[m[K,
[1.864s]                  from [01m[K/home/fourdds/ros2_ws/src/boids/src/uav_node.cpp:1[m[K:
[1.864s] [01m[K/home/fourdds/ros2_ws/src/boids/src/uav_node.cpp:[m[K In member function â€˜[01m[Kvoid Swarm::UavNode::flockingLogic()[m[Kâ€™:
[1.864s] [01m[K/home/fourdds/ros2_ws/src/boids/src/uav_node.cpp:223:5:[m[K [01;31m[Kerror: [m[Kstatic assertion failed: First argument to logging macros must be an rclcpp::Logger
[1.864s]   223 |     [01;31m[KRCLCPP_INFO[m[K("Sending speed: %f %f", currentSpeed.x_, currentSpeed.y_);
[1.864s]       |     [01;31m[K^~~~~~~~~~~[m[K
[1.864s] In file included from [01m[K/opt/ros/humble/include/rclcpp/rclcpp/logging.hpp:24[m[K,
[1.864s]                  from [01m[K/opt/ros/humble/include/rclcpp/rclcpp/client.hpp:40[m[K,
[1.864s]                  from [01m[K/opt/ros/humble/include/rclcpp/rclcpp/callback_group.hpp:24[m[K,
[1.864s]                  from [01m[K/opt/ros/humble/include/rclcpp/rclcpp/any_executable.hpp:20[m[K,
[1.864s]                  from [01m[K/opt/ros/humble/include/rclcpp/rclcpp/memory_strategy.hpp:25[m[K,
[1.864s]                  from [01m[K/opt/ros/humble/include/rclcpp/rclcpp/memory_strategies.hpp:18[m[K,
[1.864s]                  from [01m[K/opt/ros/humble/include/rclcpp/rclcpp/executor_options.hpp:20[m[K,
[1.864s]                  from [01m[K/opt/ros/humble/include/rclcpp/rclcpp/executor.hpp:37[m[K,
[1.864s]                  from [01m[K/opt/ros/humble/include/rclcpp/rclcpp/executors/multi_threaded_executor.hpp:25[m[K,
[1.864s]                  from [01m[K/opt/ros/humble/include/rclcpp/rclcpp/executors.hpp:21[m[K,
[1.864s]                  from [01m[K/opt/ros/humble/include/rclcpp/rclcpp/rclcpp.hpp:155[m[K,
[1.864s]                  from [01m[K/home/fourdds/ros2_ws/src/boids/src/uav_node.hpp:3[m[K,
[1.864s]                  from [01m[K/home/fourdds/ros2_ws/src/boids/src/uav_node.cpp:1[m[K:
[1.864s] [01m[K/home/fourdds/ros2_ws/src/boids/src/uav_node.cpp:223:5:[m[K [01;31m[Kerror: [m[Krequest for member â€˜[01m[Kget_name[m[Kâ€™ in â€˜[01m[K("Sending speed: %f %f")[m[Kâ€™, which is of non-class type â€˜[01m[Kconst char [21][m[Kâ€™
[1.864s]   223 |     [01;31m[KRCLCPP_INFO[m[K("Sending speed: %f %f", currentSpeed.x_, currentSpeed.y_);
[1.864s]       |     [01;31m[K^~~~~~~~~~~[m[K
[1.864s] [01m[K/home/fourdds/ros2_ws/src/boids/src/uav_node.cpp:223:5:[m[K [01;31m[Kerror: [m[Krequest for member â€˜[01m[Kget_name[m[Kâ€™ in â€˜[01m[K("Sending speed: %f %f")[m[Kâ€™, which is of non-class type â€˜[01m[Kconst char [21][m[Kâ€™
[1.864s]   223 |     [01;31m[KRCLCPP_INFO[m[K("Sending speed: %f %f", currentSpeed.x_, currentSpeed.y_);
[1.864s]       |     [01;31m[K^~~~~~~~~~~[m[K
[6.053s] gmake[2]: *** [CMakeFiles/swarm_spawner.dir/build.make:76: CMakeFiles/swarm_spawner.dir/src/uav_node.cpp.o] Error 1
[6.053s] gmake[1]: *** [CMakeFiles/Makefile2:620: CMakeFiles/swarm_spawner.dir/all] Error 2
[6.053s] gmake: *** [Makefile:146: all] Error 2
[6.055s] Invoked command in '/home/fourdds/ros2_ws/build/boids' returned '2': CMAKE_PREFIX_PATH=/home/fourdds/ros2_ws/install/px4_msgs:/home/fourdds/ros2_ws/install/uuv_boids:/home/fourdds/ros2_ws/install/px4_ros_com:/home/fourdds/ros2_ws/install/iris-logger:/home/fourdds/ros2_ws/install/boids:/opt/ros/humble LD_LIBRARY_PATH=/home/fourdds/ros2_ws/install/px4_msgs/lib:/home/fourdds/ros2_ws/install/uuv_boids/lib:/home/fourdds/ros2_ws/install/px4_ros_com/lib:/home/fourdds/ros2_ws/install/boids/lib:/usr/lib/x86_64-linux-gnu/gazebo-11/plugins:/opt/ros/humble/opt/rviz_ogre_vendor/lib:/opt/ros/humble/lib/x86_64-linux-gnu:/opt/ros/humble/lib /usr/bin/cmake --build /home/fourdds/ros2_ws/build/boids -- -j24 -l24
