[0.009s] Invoking command in '/home/fourdds/ros2_ws/build/boids': CMAKE_PREFIX_PATH=/home/fourdds/ros2_ws/install/px4_msgs:/home/fourdds/ros2_ws/install/px4_ros_com:/home/fourdds/ros2_ws/install/boids:/opt/ros/humble LD_LIBRARY_PATH=/home/fourdds/ros2_ws/install/px4_msgs/lib:/home/fourdds/ros2_ws/install/px4_ros_com/lib:/home/fourdds/ros2_ws/install/boids/lib:/usr/lib/x86_64-linux-gnu/gazebo-11/plugins:/opt/ros/humble/opt/rviz_ogre_vendor/lib:/opt/ros/humble/lib/x86_64-linux-gnu:/opt/ros/humble/lib /usr/bin/cmake --build /home/fourdds/ros2_ws/build/boids -- -j24 -l24
[0.032s] [35m[1mConsolidate compiler generated dependencies of target uavs_spawner[0m
[0.034s] [  2%] Built target boids__cpp
[0.034s] [ 11%] Built target boids__rosidl_generator_c
[0.039s] [ 11%] Built target ament_cmake_python_copy_boids
[0.041s] [ 15%] Built target frame_transforms
[0.047s] [ 24%] Built target boids__rosidl_typesupport_fastrtps_cpp
[0.048s] [ 33%] Built target boids__rosidl_typesupport_introspection_c
[0.048s] [ 42%] Built target boids__rosidl_typesupport_fastrtps_c
[0.048s] [ 51%] Built target boids__rosidl_typesupport_c
[0.049s] [ 53%] [32mBuilding CXX object CMakeFiles/uavs_spawner.dir/src/uav_node.cpp.o[0m
[0.050s] [ 62%] Built target boids__rosidl_typesupport_cpp
[0.051s] [ 71%] [32mBuilding CXX object CMakeFiles/uavs_spawner.dir/src/swarm_master.cpp.o[0m
[0.051s] [ 73%] Built target boids__rosidl_typesupport_introspection_cpp
[0.051s] [ 75%] [32mBuilding CXX object CMakeFiles/uavs_spawner.dir/src/main.cpp.o[0m
[0.062s] [ 75%] Built target boids
[0.075s] [ 77%] Built target boids__py
[0.089s] [ 84%] Built target boids__rosidl_generator_py
[0.102s] [ 88%] Built target boids__rosidl_typesupport_fastrtps_c__pyext
[0.102s] [ 93%] Built target boids__rosidl_typesupport_c__pyext
[0.103s] [ 97%] Built target boids__rosidl_typesupport_introspection_c__pyext
[0.166s] running egg_info
[0.174s] writing boids.egg-info/PKG-INFO
[0.174s] writing dependency_links to boids.egg-info/dependency_links.txt
[0.174s] writing top-level names to boids.egg-info/top_level.txt
[0.198s] reading manifest file 'boids.egg-info/SOURCES.txt'
[0.198s] writing manifest file 'boids.egg-info/SOURCES.txt'
[0.222s] [ 97%] Built target ament_cmake_python_build_boids_egg
[17.376s] [100%] [32m[1mLinking CXX executable uavs_spawner[0m
[17.507s] /usr/bin/ld: CMakeFiles/uavs_spawner.dir/src/swarm_master.cpp.o: in function `geo::lat_to_metres(double)':
[17.516s] swarm_master.cpp:(.text+0x69): multiple definition of `geo::lat_to_metres(double)'; CMakeFiles/uavs_spawner.dir/src/uav_node.cpp.o:uav_node.cpp:(.text+0x69): first defined here
[17.517s] /usr/bin/ld: CMakeFiles/uavs_spawner.dir/src/swarm_master.cpp.o: in function `geo::lon_to_metres(double, double)':
[17.521s] swarm_master.cpp:(.text+0x93): multiple definition of `geo::lon_to_metres(double, double)'; CMakeFiles/uavs_spawner.dir/src/uav_node.cpp.o:uav_node.cpp:(.text+0x93): first defined here
[17.526s] /usr/bin/ld: CMakeFiles/uavs_spawner.dir/src/main.cpp.o: in function `geo::lat_to_metres(double)':
[17.529s] main.cpp:(.text+0x0): multiple definition of `geo::lat_to_metres(double)'; CMakeFiles/uavs_spawner.dir/src/uav_node.cpp.o:uav_node.cpp:(.text+0x69): first defined here
[17.529s] /usr/bin/ld: CMakeFiles/uavs_spawner.dir/src/main.cpp.o: in function `geo::lon_to_metres(double, double)':
[17.532s] main.cpp:(.text+0x2a): multiple definition of `geo::lon_to_metres(double, double)'; CMakeFiles/uavs_spawner.dir/src/uav_node.cpp.o:uav_node.cpp:(.text+0x93): first defined here
[18.570s] collect2: error: ld returned 1 exit status
[18.571s] gmake[2]: *** [CMakeFiles/uavs_spawner.dir/build.make:224: uavs_spawner] Error 1
[18.571s] gmake[1]: *** [CMakeFiles/Makefile2:620: CMakeFiles/uavs_spawner.dir/all] Error 2
[18.571s] gmake: *** [Makefile:146: all] Error 2
[18.573s] Invoked command in '/home/fourdds/ros2_ws/build/boids' returned '2': CMAKE_PREFIX_PATH=/home/fourdds/ros2_ws/install/px4_msgs:/home/fourdds/ros2_ws/install/px4_ros_com:/home/fourdds/ros2_ws/install/boids:/opt/ros/humble LD_LIBRARY_PATH=/home/fourdds/ros2_ws/install/px4_msgs/lib:/home/fourdds/ros2_ws/install/px4_ros_com/lib:/home/fourdds/ros2_ws/install/boids/lib:/usr/lib/x86_64-linux-gnu/gazebo-11/plugins:/opt/ros/humble/opt/rviz_ogre_vendor/lib:/opt/ros/humble/lib/x86_64-linux-gnu:/opt/ros/humble/lib /usr/bin/cmake --build /home/fourdds/ros2_ws/build/boids -- -j24 -l24
